####################
Fg9dj1bRAMLMHWOwQCmD0lbTMVQjW7VDYuPyUxM96GveeNYJ8X8SlXBixblVFH1unilBKQZn71eCr7n4l0panp0aLekKv6O4icsqSyxsd+UjQJV39t/MqmfI8x8mvRUly6FCfR1ZeB/nPvkai1P1WhJTOi0v6e71Uc1aBt59Dw8=
####################
+p819oHT6bcGPUBc7/EZYKXuObCualWtNA0LeXDwe5/UNeU1nGyCCSP80dPJ3WtkgPqTZ8B0Pi1KeqjZFxgHkadZeARAEFusYTkeo5lKhwW1r4gQr/HZqJJewSlk8AGqcgLaWkW+3qXT6Qis/7lhmS+ULSRNdOx/18LrEQtgDULlJ8hUUSploO2XLCNCNywlgH+UcFMeNJ49Y4pGt8C6xQ6n3U2ERRKqEDeEtgCSW/6lKwwGX2g7rIFege01Q7g+SLVo1bXwl+8kQ9JeDIW4oQ==
####################
NQigHr4yWUTpF3ZevnYySYstr8VvZKek1EPJiBTYw9sfeGAojrDsXbg4+oUP0vCtrECB7+yZoJRLxgjNiOqqHaLhISczCA7bXE8IoCFipYtERzuiLlaAYZ/zsYnh0FGfWycveuDQpsQT4XgWPCzo583toE0ccEVVJ3ZF6P4s7WQ=
####################
DkR2kLw/fgVrOYCsqwJrtlNxeTLDbZCOYOUdwMLhJt58L3tm9K9iMMEFZX1Uc3m+P3g5H5wIDbAj+ukvYQ4GNbFQY2sftf0VTSYOIScIsgER8L+ZZ/62Ez11lsN+W03lMx68CZZKnLQpSVRFtpfQa0xS4cR2xaVjMgQdPAKHqNpCjS23n3C+AQSqXw6+OdiCWVIfPKRZLAC2ca5c2Mup0q7xrxh5UraD6pyFRCpwU79qaKcVX8TjAtbZwhpSrvwJxPBrHHc8ccud1R2dZPGXww==
####################
XXPDbA5Naltjnj6GFnkGQmdSW3FgAs9PL+wDI9HhHut9QiPo4mBHwS0MQm20wIWRbWLb0Wgm3/Cxdphk9/EG0dGWekDhpI83XkygElgxzq28Aw/bbfmcipGHtM1x8/cZ73uW2hjdmJlYpVoR0T3mLRjLbfZkM6E3okKI8toyZyM=
####################
5AHy/7OMMb3Wm3PYtRg1FKgiz+vRYHT2gkxW+FMgmwDXHlIjYmcH//841aWF1psziHSe4P1Me45izJhRPh3KPV8DCbb6fDj2hP3wHYcWNOk5PHENELwGFaMdurrHU1ZrUeH1KQARcSHhRLeke+rFu0TA4woSrJUe920GhokZTAp+K5HwqhTLsSB7x1yRA6FRB+gCQhXNOAzaUFXvR0eFEUx/fznB+nY2AR4m+SwPzxRoXVrh9QX9cjOtNcZt9ceCv2tPCcEQYc1+BSwpq4iodA==
####################
qGo+GCYrXl6e+n/T4XIW4tZBUORt156s/qZ5v97vPhj7jI0zwAjusPnX3TFD6QH3R0KInrWe/JapwR3h2hIvgUgag6m5kK+BGlrj88K63V9WtzErSaSWzVbfzlF4rmN5ylNonzcoxhBDMQNNHE/XIJynpg5bfILk5jxgA2unI4U=
####################
ZmFh/9gvIMHep6ozJ6r3Lwmxs5rZxtae0QCWo9e7Dx0RYPFA+vthV0yIHZchrwwE04aHcpZmAbZn7/KkxHzF24tFJ27q01mh8Eu9PE0HJa9aOMHn2adIRLKGtsDApdpUVcmfMBCGbbFY0QKOo6bodc8b993/d9eMnw8uYno/fZ+YbtxzCdMBozkCDtrpUEMiJiEOm01N/pFYNhgazdkJ31vmOXmtxFJoZCWTPGotiwoohkxWY8K1gXQLsYgRd+wpRj+LTz4axFGeGCoQFNL6EQ==
####################
0W+zq6+8VZmglf1B0J/M6x7i4MgNL8+/c7XVgAqukM4i5rQyoXnyGfHSJAHKyA2yzrhxBFy2fpF0BfDhmrn2A5n9JkuRGpkUKQM4FCvhsQx2yJ0oPslXk7S46CP52VraUDpRiktXpUY70KCOpIVW+UO/J08o45pCOfNNfkR0x30=
####################
eusnP2nkZgeIfEPjNj92h6Oi3uP2qsI76806oOnsFdJx1x6qQ8V0KcnEpl4bZB/+DkkqDVub4u0VQ53jO4xRZm2aJpDX9PL2AHElZfKhX2qdsm3ubqWcTOMyda1gIXdNHAcJLKYpuX6e1d+3lWxnMfe6Iyb8d/bYZY+MOW7xDGRyCiKKOcNeac0TcaAl+AmrqhjYdk2GBbz/qBdsUI0+IW7dc2lVbi0h8XKdK6KaUSGDlN0UXzBql3C9c+hbqrAU7ZzyWNz4TR9cMh5lWZtsmQ==
####################
fmltN8GG7Hn5N/0RwbAomrsvFbVOo6lt1r0M1d19yiWJ+aGyXkxc3pUvYrA/bmDogTVmxcrCBdzyS7yG9xY7wugtkZ+AMQUwJE6kZnbXg3rxNBwnhJNQSV1MuWt2vOgLKXk0VlJP92yqZ8LAgxbNM1dupum7G4tP5mHHeOj0GQk=
####################
ZbXn2m61BF5aVK6PijkZtvhTlgYNx/mMgTmZLkn/8ydkkurgUZAM/Ob6ua0X+tQ7M3BLuCxdFnuC0eCmAmwdR17+dq7QKUUksmCKnsn/+zIm0Zlo6dh/QyibvcDwL9Qh3OhXZrNyWs16sQy7hOmZ/XMwrZ0OAGB8QZjo0DI08ZxtjP3SP7ErLJgPxxL6EtCD5Hnb7b1HfiyOfSLZz2gYj8YsI9VqVFAXM4P0Jc87ZK2jUwMoYxQD11fY/yL+2S6eefRjDy6xY1ibp+g3fokKFA==
####################
AgZ450S6ukL7ZVCCD3zDJfsXzItBJ/02QDgRbSiE0993G+529WRlwgcJCkQ0dkaJ/JTPblMGH9eCb/m6U4vP3ELX4wVQOKKxe1rpbSG8+qjHYBViKOIMf/lo3KZvTlvIAArW2Ogt+gbE93KHiZAwAcjBZ+TgDxkLhTTSAZEu7GM=
####################
k0NaxpVXY4Z/a0hzpo9sq79g0iHhxeSC5N05q+gwiaP0dou3INbeDo/EOEhSbIKV52B/QTyNZ5sujAFSa7EyMuOehWNxat8M/LPO6adDLng7fHwzC34ZopXGZVWLDww8GAmRP5BcfJUUegOU+XJFiHNajk40E25bYJQJeqnqCSOF5+dpmxbRZ5yFsNWSjCK7NcocH6mD38rQWI9Zw5OVepbLpsuVnQLX7fN4Cm7Xs2BE5/Cz07UcStPnfcyUGRv/lWnf6gjkdSRZXEOlQcr0oQ==
####################
Y71OWtKR+gFCBo+I8NeGzaFAzt5uXH/lTkYNzNiIWc8+eb4AeNKgn6TER8ubnekESvfXcEjQyo+8m8S/Li0Bm3SXyF1s2e6jdgilR6s/RJ6fHLkfc3T7nYVWkfkvA0dKtdapuHI2Jx68TND6hajXrTGQp8lT4cQG0+pUyJ2Nnrw=
####################
VMveLRJG7fdMxZnyQKsERnXWX06keq5wpQBIDRMgQvei0NbDw7wUOimC/KTWVDDa6ngJFcb8QE49NjSvt9sM36MvqS6AcenZa7Zi9xGA+8ZFrSU/tA6tpq9UFuCWZ5FoTtNo59J0e4SjE4uqoR5VUOqkK6ueXx2mTyyVz0qWelcbWTR+wrNPpditNobsaZNoDKfCJUEpeQA5dhk5yrAzJ/Ym5tcgSJis7x4OWHQFo1IGfLd2Yvp/FPQN+tRnQBgsn2sdg9fcdLJ+zKnlhBLfiw==
####################
mAv9vHtTZ3SrJxQdEA73cCulE9APdaeU5lAStR/1wSAanI+AWn46zgizv+5WR89a+bscq2R6MgTycVTaboUhIYXU427dMSqu3u1vAzQLlCcX8tC34/Ko+HJCZTUSz05d+tm/6YvhHi+84llS7amhwvME9/0kWqP6CZyJAQnKO9Q=
####################
qbK6qFw7Kwt27giEcREYVEsK87+O9Fn2CGikZMrpL/0SJT12lo69a5ySNAkWZZx3RvkjHDticT4QmCDzWRyqaaRUHh0yayE/A93hCRgOwQ911YZ4dLk6atpDb/hYPvFwLVG1liOG/isDMoF/6HgJSzoH9F+ZU9Tt5NHVtqS3lfSLznc5uFZ1yvlAyow6ChTae+5+mAXG5SU3Jewfk8C444qD//xZfeQNXsTlsrUGUuxqCmuMxpjOwRomVJyrShdxmCmSZOg3K3DUdP9mLNmq7g==
####################
ywVi1XIURxBPkdbqRaJbOKdVFXYxB5/WNDJpBJyQVFjDlX5b8zkiCVb7BsgrFSitUIdONLPFxm8KmDGGLxvV/LvrapZ/cYyDLQLCbAZmc6viaAHosVG3S1NhYJUEINz++eHyk2D4Ef7FAf5KaHrbvUDEZASDZ5AyS/lpr/lbt0E=
####################
aABzxTguxMl3T6IGu6g/LBfGlGriMbbhbwHhupkQej8ES5lCShWwwey++pDRUCCC8fPFMO9yqXxcLzMRKS7/wdCJx9Rf/KWqvj2dlDiUxd2uSSB8qfTYTbyNOeTuC2NVOKbcRbpgQnUwHBNRPL8Moa+LCrp4KvENU6E55KKtf4Op17AyrJ1eihUaRY1xutfi74zNJVp0DocP2fhLGAeDBgRtioyT5HsQMoMfvK/d95RW07rQ/QLXyej4257U36vISY5KeNl4bhR3b+K6iUt9KQ==
####################
t0Z4I2i+WUwPx8XX+yPoO1G/33rEKAZmQ8P9NqS+3g3v/T+NoSM0cmm+WrF981llL6EWyzURUBo0RHsTHL+3nCIgR2yExGgN0vW7WPWEKENlUap+eZgU0lzRvKRTp31eW0Ojw2dv81lCXsA7cLmrffkgXe/lhLRwsdtFVUHOwFk=
####################
p+xyXkgQQengS74Tu3x7j7u8ieQlcAx1gY+OMw4kDGGJ2AJ+AUyRxXS7vMEfRcj3B2a0k/crTkJiWFRctsmkA7ZuFxt/I+LpSrfEul5hgMBXKfhK7gtdK8ssYRAtluuacyB0aajgkigynXOAvDr2IRWHqCaYxAJIdFsMToTTOwEuVNcmTkzZLGi3dbXEri//W/nYenPRO1zfL+vZ/RMdhcOZd3h+86Lt/Bk49QD8NzjbS4T7HOqpS0xGebinK7c/xXlC8ebEaqLoH+h9kf/tng==
####################
Oz0qEhX7xiJKdXr40b/HX4+vFIQLbwmHvHCJ/5K14r68vvy1AUBdE5M+4BQSn5CQg4KXelyFWIZ08KuLD/fjh3HlNL8q8skFCUOAD8gp//5Pk1qh+IlZu7bc4/aWRctgZxwEaWMetRmqZowr4Mmr7B3PDOkXFUFPfNfbUUINuGQ=
####################
RTFCPrkwcH1bjJJQrPkh4I7UA4GtfnceotwPOjc52Hu4tOLdSmCUU3mCCfrNI7k/2I1Nyhm7+jhPFKk9QsHaTjYcORLhLdOyibzrMsrsB7D2tJ/B9obIOBZ5qckrMsWuL0U6jvLXMrN+97pHTxHmt0xvQuTilyiYv1IyiVjEPHgRDQ4Bwm1MkmGVezaXb08ogQVyXG1lW/XROkooLT8tNakQHPazehCoPlC00diGvOCQ6BELz/wtVmbhHUejDiUMXUxPisz/ozcr3CN+92+BAg==
####################
WHsIqJ8Y+VegXCohzfxkb/8xgWXZjPS16CE/StdQM9WFH0tOO8vb9qYmJMVGtO5+1HL1QDvhY6jJfOr2EI18eEyJkVgZyvir4sQSd4MFZH3EG1QHCBCUcjQJ9GFJwU7bjiUU5a6CK+OdrEht/DeZH9JAALgDEDOTNO7DGgqxqgE=
####################
xKjOjK0fTpoENN5nadx+Zym9UnoRBI4TUFhiFQpUqhXH+nhY091ZCa6ubs7qd4tklX6MNY1MWLfy4oPXJ+JtJsG7/DPSGDqkR7Gk20906A6bbVfcwrSAxIWOrM54PaRg12ol/1gPexeYf3cwI3CCrZ4t8nDGfJdG39h8C0li9qp32BiKKJTPxJg5TK4Ttj+V6M3sBSJBKTcsxRcBg0Vi+vEtlPcFBDY3MLL8qioGUMPdIv29YL0gUSrjKed5WnypIK9sd1qXzZEOg9UzmMeyAg==
####################
herleyUxTOUMYYobodRv9s+3ADJJ7hYsme3QdFzAGAjyMgL7qCXWcTnvMS4sLv3PluZnc8d9V85PSG6n53HXA9lJaTeF0czd1fRLdN0QhxV+N53mdfvWfe1pqfz66McJTL0Kz/UJYF4OCAQ5QgCN02hFmLGIVR11AryDQGyr11o=
####################
ro7QpDaN/tbh1hIiVfMelNGxB3bKL7Hxwpg53cUQFk1g4PYEhNsxRfZ3rpQXHpUTE67R9BW+QmZmDZP8qVoV4IAiU3+h71fZXwO+qs0pgOVfywYAqNLU1tnr/cfjRcFOKcB98von83sZpHINMaSdA9I9NeCbW3bqfasliHxlQq4UdTMmd25yQEDBbeT7dkT2wEXERohoucZAaiYtI/toZspGjM05CGCCKAT1+vv2dpYXEwtGafMjI7+HeH+M6jKwM19GRDE4z28rZSzQ2S4B1Q==
####################
pvKavjetnl+8FuPFOosxXH1EdcSO/0N8YMDsgPyGzjpOdQ55kaFc5S/HHpd3AQdCEiJOVdx2Zu1Z7CZ94kgVIBg3HckYbk/GtXNzn5egNa9hfYFP1VtI/qU/CFQm+8dhCuEvvWG5tvxy4/d8cu11W5iYhVfi1SZfilk59c+wOc8=
####################
qYh0TnEyOtVImcami7Ah6nu2SqQKbKMr9YpXAzAy0OKafYQscfslsChq9Y9mWn1OH+lIVPb7bemqMTccQE48M6kDrfnO/3zAF7G2RlW9LsEP2m+cFG/BFNdILfRZyg0BH2hL5X7I35U/bK30UEttE6O1zL1/0XFLOx84jbfLLY4uE6lgY8uYYK980rCIlq/aTXFjGWmMDJPw9db9w5yO3Kc5eFLJSVnpc3Iu3V0nEulXr0YGgdwFEQRSPByZMdNiycXF5fZ55evN4PMOYn+BhA==
####################
iq6jU2qMnQbdMu+Yz47iuMT9nQE/IHPfSU9L3kZafdVzqX6GLCIBtkrVcjcCCAzRtdyE/yeuyrwgze/deN9/rqHEAJy7ArQO4b6TkYwS4ayvJT1QHFBx56mQHZq8YX/JM7kxWzKjvxmeT3RsTCLtFLtSDAbYwMLUHGmoxsbSx2k=
####################
3PTHyW+VnJu72tlN+bFNbOyE8EzCuM+5cK8IDUde8W8Uex6jcmCKsuvg+CHI+eRLKyQJvrKSJJH6ogoWU+wO4QQxp9w1NSwp27HV4eY9arUql9rmOAxmGnI78rKYrg8gcqm6ycuYS8ImHLWc3kb51o89OUEKsLXzP7KLRbYAIywGqVFJCHSBikco2PFcSBsDFmzs50nKvwT13+javbudLtFYFPijkCL8WA41HksswGuZcsq0tLiDjGswAa5XDD7X0EnRcjFG+WhLtuSoyILuWg==
####################
fxgonW5JNgQFMqpIvVBNg3+NlY2pI1p1fkwsRxtzZ7peCTBcN0+QaIjU3BHOlqK+8FoUGGqq71X3xH3FV240RmSK2aaSWHAv5cnCXMkIE37ZVjoquqtq/l89qRM8gC+3gIpvDkdMrSIbTA9vslrXgyWNBuFr2symNZjavZkKwMI=
####################
xnjbnsOrRE+p0wjs2lgMhKNxZdEVA7gbHe8ZgqEGHeVJ0UJn04rX0H4SEmsoYenmUIXEqEsGIa/p1jRsA3hy/T2njnOcnuPbYQJJm4RoRGAhdB5ORE0rOe22ngps3wZlCeJHsXXE6/YTSOj8jOA0/ARsOTsNoq71/pTLQZF5e+zNv+/BRagaQA35dfT+KoXpMdg9QqPZBw1s/VVdCP5KpIW6tnZRSPbWLNM5WC0EwRrZOXsZ75JtF9z4Z265KKkTneFbMEFmbmi0jajHMD6Eqg==
####################
wCAmWlybe5fT17ahBQMVQd3F2ZREtQnRX5bfWt59r+zpEgZ38euLaB5IRVcfgAEWMpS4+ftdCKqOdiwIqOlMVfKb6sOXVLcM4qlZPEWtAyjX3Wb2KOqSj1+tJJT5pjRbo5d2oUbPD1rC/icAhYcxRpGPLPRvzyiG/LRH1La52lw=
####################
/LXpliDwlOM7zJMSUwSBNXj9975Boz+TQ+So1Rg2w9+F9BURud5oc0WPOk4wDm9X1+xmTVtmi7sHOxdkhG4nzIygjZ7UGDgMzoN2NdSqLdBObICOwq2c6rj6rZi9QOXBzNXeWgpJN/PaeUcmrJzbrzeZqmr25qbZI2Mzs6tWHHRpQ+JTCymtWNf24OuoSJJiWpOlh1JkUiclSO/QbXcbGKMTBdHa8AoxksTC3xKg+UkV5/xDFz0123OVIoedwFIEnbpeepqVwbyxWlYnLIxRXg==
