2019/02/19 18:57:58 [Server] Starting 
2019/02/19 18:57:58 [Initial] Version: 470.1548307665, HttpServerPort: 2324, TcpServerPort: 2323, DeveloperTrace: Single, DebugMode: True, TracePrint: True, ClientTrace: False, EnableStackView: True, SessionTimeOut: 1800, NetworkTimeOut: 30, MirrorPatternMaxVerifyTimes: 3, FormStackMaxCount: 10, RelativeScreen: True, TextFontScaling: True, SysTrace: False
        BasePath: C:\Users\Administrator\Desktop\DevNew\proFineUI\smbApp\bin\Debug\
        DefaultImagePath: C:\Users\Administrator\Desktop\DevNew\proFineUI\smbApp\bin\Debug\Resources\Image
        DefaultAudioPath: C:\Users\Administrator\Desktop\DevNew\proFineUI\smbApp\bin\Debug\Resources\Audio
        DefaultDocumentPath: C:\Users\Administrator\Desktop\DevNew\proFineUI\smbApp\bin\Debug\Resources\Document
        DefaultUploadPath: C:\Users\Administrator\Desktop\DevNew\proFineUI\smbApp\bin\Debug\Resources\Upload
        DefaultMediaPath: C:\Users\Administrator\Desktop\DevNew\proFineUI\smbApp\bin\Debug\Resources\Media
        DefaultWebPath: C:\Users\Administrator\Desktop\DevNew\proFineUI\smbApp\bin\Debug\Resources\Web
 
2019/02/19 18:57:58 [Server] Started 
2019/02/19 18:57:58 [AutoSet] Start 
2019/02/19 18:58:10 [TcpAccept] 192.168.100.103:2323 
2019/02/19 18:58:10 [866654035278602-192.168.100.100] {"deviceOS":"Android","deviceOSVersion":"8.0.0","deviceModel":"MI 6","screenSize":{"width":1080,"height":1920},"density":3.0,"version":"4.7.1","coreVersion":"4.7.0","autoBuild":false,"isCompany":true,"extraInfo":{"package_name":"com.smobiler.app","display_name":"Smobiler"}} 
2019/02/19 18:58:29 [Server] Stoping 
2019/02/19 18:58:29 [866654035278602] Stop-StopServer-True-- 
2019/02/19 18:58:29 [TcpAccept-EX] 无法访问已释放的对象。
对象名:“System.Net.Sockets.Socket”。 
2019/02/19 18:58:30 [Server] Stoped 
2019/02/19 18:58:30 [AutoSet] Stop 
2019/02/19 18:59:09 [Server] Starting 
2019/02/19 18:59:09 [Initial] Version: 470.1548307665, HttpServerPort: 2324, TcpServerPort: 2323, DeveloperTrace: Single, DebugMode: True, TracePrint: True, ClientTrace: False, EnableStackView: True, SessionTimeOut: 1800, NetworkTimeOut: 30, MirrorPatternMaxVerifyTimes: 3, FormStackMaxCount: 10, RelativeScreen: True, TextFontScaling: True, SysTrace: False
        BasePath: C:\Users\Administrator\Desktop\DevNew\proFineUI\smbApp\bin\Debug\
        DefaultImagePath: C:\Users\Administrator\Desktop\DevNew\proFineUI\smbApp\bin\Debug\Resources\Image
        DefaultAudioPath: C:\Users\Administrator\Desktop\DevNew\proFineUI\smbApp\bin\Debug\Resources\Audio
        DefaultDocumentPath: C:\Users\Administrator\Desktop\DevNew\proFineUI\smbApp\bin\Debug\Resources\Document
        DefaultUploadPath: C:\Users\Administrator\Desktop\DevNew\proFineUI\smbApp\bin\Debug\Resources\Upload
        DefaultMediaPath: C:\Users\Administrator\Desktop\DevNew\proFineUI\smbApp\bin\Debug\Resources\Media
        DefaultWebPath: C:\Users\Administrator\Desktop\DevNew\proFineUI\smbApp\bin\Debug\Resources\Web
 
2019/02/19 18:59:09 [Server] Started 
2019/02/19 18:59:09 [AutoSet] Start 
2019/02/19 18:59:11 [TcpAccept] 192.168.100.103:2323 
2019/02/19 19:00:29 [Server] Starting 
2019/02/19 19:00:29 [Initial] Version: 470.1548307665, HttpServerPort: 2324, TcpServerPort: 2323, DeveloperTrace: Single, DebugMode: True, TracePrint: True, ClientTrace: False, EnableStackView: True, SessionTimeOut: 1800, NetworkTimeOut: 30, MirrorPatternMaxVerifyTimes: 3, FormStackMaxCount: 10, RelativeScreen: True, TextFontScaling: True, SysTrace: False
        BasePath: C:\Users\Administrator\Desktop\DevNew\proFineUI\smbApp\bin\Debug\
        DefaultImagePath: C:\Users\Administrator\Desktop\DevNew\proFineUI\smbApp\bin\Debug\Resources\Image
        DefaultAudioPath: C:\Users\Administrator\Desktop\DevNew\proFineUI\smbApp\bin\Debug\Resources\Audio
        DefaultDocumentPath: C:\Users\Administrator\Desktop\DevNew\proFineUI\smbApp\bin\Debug\Resources\Document
        DefaultUploadPath: C:\Users\Administrator\Desktop\DevNew\proFineUI\smbApp\bin\Debug\Resources\Upload
        DefaultMediaPath: C:\Users\Administrator\Desktop\DevNew\proFineUI\smbApp\bin\Debug\Resources\Media
        DefaultWebPath: C:\Users\Administrator\Desktop\DevNew\proFineUI\smbApp\bin\Debug\Resources\Web
 
2019/02/19 19:00:29 [AutoSet] Start 
2019/02/19 19:00:29 [Server] Started 
2019/02/19 19:00:31 [TcpAccept] 192.168.100.103:2323 
2019/02/19 19:01:24 [Server] Stoping 
2019/02/19 19:01:24 [866654035278602] Stop-StopServer-True-- 
2019/02/19 19:01:24 [Server] Stoped 
2019/02/19 19:01:24 [TcpAccept-EX] 无法访问已释放的对象。
对象名:“System.Net.Sockets.Socket”。 
2019/02/19 19:01:24 [AutoSet] Stop 
2019/02/19 19:11:13 [Server] Starting 
2019/02/19 19:11:13 [Initial] Version: 470.1548307665, HttpServerPort: 2324, TcpServerPort: 2323, DeveloperTrace: Single, DebugMode: True, TracePrint: True, ClientTrace: False, EnableStackView: True, SessionTimeOut: 1800, NetworkTimeOut: 30, MirrorPatternMaxVerifyTimes: 3, FormStackMaxCount: 10, RelativeScreen: True, TextFontScaling: True, SysTrace: False
        BasePath: C:\Users\Administrator\Desktop\DevNew\proFineUI\smbApp\bin\Debug\
        DefaultImagePath: C:\Users\Administrator\Desktop\DevNew\proFineUI\smbApp\bin\Debug\Resources\Image
        DefaultAudioPath: C:\Users\Administrator\Desktop\DevNew\proFineUI\smbApp\bin\Debug\Resources\Audio
        DefaultDocumentPath: C:\Users\Administrator\Desktop\DevNew\proFineUI\smbApp\bin\Debug\Resources\Document
        DefaultUploadPath: C:\Users\Administrator\Desktop\DevNew\proFineUI\smbApp\bin\Debug\Resources\Upload
        DefaultMediaPath: C:\Users\Administrator\Desktop\DevNew\proFineUI\smbApp\bin\Debug\Resources\Media
        DefaultWebPath: C:\Users\Administrator\Desktop\DevNew\proFineUI\smbApp\bin\Debug\Resources\Web
 
2019/02/19 19:11:13 [Server] Started 
2019/02/19 19:11:13 [AutoSet] Start 
2019/02/19 19:11:55 [TcpAccept] 192.168.100.103:2323 
2019/02/19 19:14:02 [Server] Starting 
2019/02/19 19:14:02 [Initial] Version: 470.1548307665, HttpServerPort: 2324, TcpServerPort: 2323, DeveloperTrace: Single, DebugMode: True, TracePrint: True, ClientTrace: False, EnableStackView: True, SessionTimeOut: 1800, NetworkTimeOut: 30, MirrorPatternMaxVerifyTimes: 3, FormStackMaxCount: 10, RelativeScreen: True, TextFontScaling: True, SysTrace: False
        BasePath: C:\Users\Administrator\Desktop\DevNew\proFineUI\smbApp\bin\Debug\
        DefaultImagePath: C:\Users\Administrator\Desktop\DevNew\proFineUI\smbApp\bin\Debug\Resources\Image
        DefaultAudioPath: C:\Users\Administrator\Desktop\DevNew\proFineUI\smbApp\bin\Debug\Resources\Audio
        DefaultDocumentPath: C:\Users\Administrator\Desktop\DevNew\proFineUI\smbApp\bin\Debug\Resources\Document
        DefaultUploadPath: C:\Users\Administrator\Desktop\DevNew\proFineUI\smbApp\bin\Debug\Resources\Upload
        DefaultMediaPath: C:\Users\Administrator\Desktop\DevNew\proFineUI\smbApp\bin\Debug\Resources\Media
        DefaultWebPath: C:\Users\Administrator\Desktop\DevNew\proFineUI\smbApp\bin\Debug\Resources\Web
 
2019/02/19 19:14:02 [Server] Started 
2019/02/19 19:14:02 [AutoSet] Start 
2019/02/19 19:14:04 [TcpAccept] 192.168.100.103:2323 
2019/02/19 19:18:49 [Server] Starting 
2019/02/19 19:18:49 [Initial] Version: 470.1548307665, HttpServerPort: 2324, TcpServerPort: 2323, DeveloperTrace: Single, DebugMode: True, TracePrint: True, ClientTrace: False, EnableStackView: True, SessionTimeOut: 1800, NetworkTimeOut: 30, MirrorPatternMaxVerifyTimes: 3, FormStackMaxCount: 10, RelativeScreen: True, TextFontScaling: True, SysTrace: False
        BasePath: C:\Users\Administrator\Desktop\DevNew\proFineUI\smbApp\bin\Debug\
        DefaultImagePath: C:\Users\Administrator\Desktop\DevNew\proFineUI\smbApp\bin\Debug\Resources\Image
        DefaultAudioPath: C:\Users\Administrator\Desktop\DevNew\proFineUI\smbApp\bin\Debug\Resources\Audio
        DefaultDocumentPath: C:\Users\Administrator\Desktop\DevNew\proFineUI\smbApp\bin\Debug\Resources\Document
        DefaultUploadPath: C:\Users\Administrator\Desktop\DevNew\proFineUI\smbApp\bin\Debug\Resources\Upload
        DefaultMediaPath: C:\Users\Administrator\Desktop\DevNew\proFineUI\smbApp\bin\Debug\Resources\Media
        DefaultWebPath: C:\Users\Administrator\Desktop\DevNew\proFineUI\smbApp\bin\Debug\Resources\Web
 
2019/02/19 19:18:49 [Server] Started 
2019/02/19 19:18:49 [AutoSet] Start 
2019/02/19 19:18:58 [TcpAccept] 192.168.100.103:2323 
2019/02/19 19:23:03 [Server] Starting 
2019/02/19 19:23:03 [Initial] Version: 470.1548307665, HttpServerPort: 2324, TcpServerPort: 2323, DeveloperTrace: Single, DebugMode: True, TracePrint: True, ClientTrace: False, EnableStackView: True, SessionTimeOut: 1800, NetworkTimeOut: 30, MirrorPatternMaxVerifyTimes: 3, FormStackMaxCount: 10, RelativeScreen: True, TextFontScaling: True, SysTrace: False
        BasePath: C:\Users\Administrator\Desktop\DevNew\proFineUI\smbApp\bin\Debug\
        DefaultImagePath: C:\Users\Administrator\Desktop\DevNew\proFineUI\smbApp\bin\Debug\Resources\Image
        DefaultAudioPath: C:\Users\Administrator\Desktop\DevNew\proFineUI\smbApp\bin\Debug\Resources\Audio
        DefaultDocumentPath: C:\Users\Administrator\Desktop\DevNew\proFineUI\smbApp\bin\Debug\Resources\Document
        DefaultUploadPath: C:\Users\Administrator\Desktop\DevNew\proFineUI\smbApp\bin\Debug\Resources\Upload
        DefaultMediaPath: C:\Users\Administrator\Desktop\DevNew\proFineUI\smbApp\bin\Debug\Resources\Media
        DefaultWebPath: C:\Users\Administrator\Desktop\DevNew\proFineUI\smbApp\bin\Debug\Resources\Web
 
2019/02/19 19:23:03 [AutoSet] Start 
2019/02/19 19:23:03 [Server] Started 
2019/02/19 19:23:13 [TcpAccept] 192.168.100.103:2323 
2019/02/19 19:23:13 [866654035278602-192.168.100.100] {"deviceOS":"Android","deviceOSVersion":"8.0.0","deviceModel":"MI 6","screenSize":{"width":1080,"height":1920},"density":3.0,"version":"4.7.1","coreVersion":"4.7.0","autoBuild":false,"isCompany":true,"extraInfo":{"package_name":"com.smobiler.app","display_name":"Smobiler"}} 
2019/02/19 19:25:01 [Server] Starting 
2019/02/19 19:25:01 [Initial] Version: 470.1548307665, HttpServerPort: 2324, TcpServerPort: 2323, DeveloperTrace: Single, DebugMode: True, TracePrint: True, ClientTrace: False, EnableStackView: True, SessionTimeOut: 1800, NetworkTimeOut: 30, MirrorPatternMaxVerifyTimes: 3, FormStackMaxCount: 10, RelativeScreen: True, TextFontScaling: True, SysTrace: False
        BasePath: C:\Users\Administrator\Desktop\DevNew\proFineUI\smbApp\bin\Debug\
        DefaultImagePath: C:\Users\Administrator\Desktop\DevNew\proFineUI\smbApp\bin\Debug\Resources\Image
        DefaultAudioPath: C:\Users\Administrator\Desktop\DevNew\proFineUI\smbApp\bin\Debug\Resources\Audio
        DefaultDocumentPath: C:\Users\Administrator\Desktop\DevNew\proFineUI\smbApp\bin\Debug\Resources\Document
        DefaultUploadPath: C:\Users\Administrator\Desktop\DevNew\proFineUI\smbApp\bin\Debug\Resources\Upload
        DefaultMediaPath: C:\Users\Administrator\Desktop\DevNew\proFineUI\smbApp\bin\Debug\Resources\Media
        DefaultWebPath: C:\Users\Administrator\Desktop\DevNew\proFineUI\smbApp\bin\Debug\Resources\Web
 
2019/02/19 19:25:01 [Server] Started 
2019/02/19 19:25:01 [AutoSet] Start 
2019/02/19 19:25:05 [TcpAccept] 192.168.100.103:2323 
2019/02/19 19:26:25 [Server] Starting 
2019/02/19 19:26:25 [Initial] Version: 470.1548307665, HttpServerPort: 2324, TcpServerPort: 2323, DeveloperTrace: Single, DebugMode: True, TracePrint: True, ClientTrace: False, EnableStackView: True, SessionTimeOut: 1800, NetworkTimeOut: 30, MirrorPatternMaxVerifyTimes: 3, FormStackMaxCount: 10, RelativeScreen: True, TextFontScaling: True, SysTrace: False
        BasePath: C:\Users\Administrator\Desktop\DevNew\proFineUI\smbApp\bin\Debug\
        DefaultImagePath: C:\Users\Administrator\Desktop\DevNew\proFineUI\smbApp\bin\Debug\Resources\Image
        DefaultAudioPath: C:\Users\Administrator\Desktop\DevNew\proFineUI\smbApp\bin\Debug\Resources\Audio
        DefaultDocumentPath: C:\Users\Administrator\Desktop\DevNew\proFineUI\smbApp\bin\Debug\Resources\Document
        DefaultUploadPath: C:\Users\Administrator\Desktop\DevNew\proFineUI\smbApp\bin\Debug\Resources\Upload
        DefaultMediaPath: C:\Users\Administrator\Desktop\DevNew\proFineUI\smbApp\bin\Debug\Resources\Media
        DefaultWebPath: C:\Users\Administrator\Desktop\DevNew\proFineUI\smbApp\bin\Debug\Resources\Web
 
2019/02/19 19:26:25 [AutoSet] Start 
2019/02/19 19:26:25 [Server] Started 
2019/02/19 19:28:05 [TcpAccept] 192.168.100.103:2323 
2019/02/19 19:28:14 [TcpAccept] 192.168.100.103:2323 
2019/02/19 19:28:14 [866654035278602-192.168.100.100] {"deviceOS":"Android","deviceOSVersion":"8.0.0","deviceModel":"MI 6","screenSize":{"width":1080,"height":1920},"density":3.0,"version":"4.7.1","coreVersion":"4.7.0","autoBuild":false,"isCompany":true,"extraInfo":{"package_name":"com.smobiler.app","display_name":"Smobiler"}} 
2019/02/19 19:28:51 [Server] Stoping 
2019/02/19 19:28:51 [866654035278602] Stop-StopServer-True-- 
2019/02/19 19:28:51 [Server] Stoped 
2019/02/19 19:28:51 [AutoSet] Stop 
2019/02/19 19:28:51 [TcpAccept-EX] 无法访问已释放的对象。
对象名:“System.Net.Sockets.Socket”。 
2019/02/19 19:32:56 [Server] Starting 
2019/02/19 19:32:56 [Initial] Version: 470.1548307665, HttpServerPort: 2324, TcpServerPort: 2323, DeveloperTrace: Single, DebugMode: True, TracePrint: True, ClientTrace: False, EnableStackView: True, SessionTimeOut: 1800, NetworkTimeOut: 30, MirrorPatternMaxVerifyTimes: 3, FormStackMaxCount: 10, RelativeScreen: True, TextFontScaling: True, SysTrace: False
        BasePath: C:\Users\Administrator\Desktop\DevNew\proFineUI\smbApp\bin\Debug\
        DefaultImagePath: C:\Users\Administrator\Desktop\DevNew\proFineUI\smbApp\bin\Debug\Resources\Image
        DefaultAudioPath: C:\Users\Administrator\Desktop\DevNew\proFineUI\smbApp\bin\Debug\Resources\Audio
        DefaultDocumentPath: C:\Users\Administrator\Desktop\DevNew\proFineUI\smbApp\bin\Debug\Resources\Document
        DefaultUploadPath: C:\Users\Administrator\Desktop\DevNew\proFineUI\smbApp\bin\Debug\Resources\Upload
        DefaultMediaPath: C:\Users\Administrator\Desktop\DevNew\proFineUI\smbApp\bin\Debug\Resources\Media
        DefaultWebPath: C:\Users\Administrator\Desktop\DevNew\proFineUI\smbApp\bin\Debug\Resources\Web
 
2019/02/19 19:32:57 [Server] Started 
2019/02/19 19:32:57 [AutoSet] Start 
2019/02/19 19:32:59 [TcpAccept] 192.168.100.103:2323 
2019/02/19 19:33:54 [Server] Stoping 
2019/02/19 19:33:54 [866654035278602] Stop-StopServer-True-- 
2019/02/19 19:33:55 [TcpAccept-EX] 无法访问已释放的对象。
对象名:“System.Net.Sockets.Socket”。 
2019/02/19 19:33:55 [Server] Stoped 
2019/02/19 19:33:55 [AutoSet] Stop 
2019/02/19 19:35:25 [Server] Starting 
2019/02/19 19:35:25 [Initial] Version: 470.1548307665, HttpServerPort: 2324, TcpServerPort: 2323, DeveloperTrace: Single, DebugMode: True, TracePrint: True, ClientTrace: False, EnableStackView: True, SessionTimeOut: 1800, NetworkTimeOut: 30, MirrorPatternMaxVerifyTimes: 3, FormStackMaxCount: 10, RelativeScreen: True, TextFontScaling: True, SysTrace: False
        BasePath: C:\Users\Administrator\Desktop\DevNew\proFineUI\smbApp\bin\Debug\
        DefaultImagePath: C:\Users\Administrator\Desktop\DevNew\proFineUI\smbApp\bin\Debug\Resources\Image
        DefaultAudioPath: C:\Users\Administrator\Desktop\DevNew\proFineUI\smbApp\bin\Debug\Resources\Audio
        DefaultDocumentPath: C:\Users\Administrator\Desktop\DevNew\proFineUI\smbApp\bin\Debug\Resources\Document
        DefaultUploadPath: C:\Users\Administrator\Desktop\DevNew\proFineUI\smbApp\bin\Debug\Resources\Upload
        DefaultMediaPath: C:\Users\Administrator\Desktop\DevNew\proFineUI\smbApp\bin\Debug\Resources\Media
        DefaultWebPath: C:\Users\Administrator\Desktop\DevNew\proFineUI\smbApp\bin\Debug\Resources\Web
 
2019/02/19 19:35:26 [Server] Started 
2019/02/19 19:35:26 [AutoSet] Start 
2019/02/19 19:35:37 [TcpAccept] 192.168.100.103:2323 
2019/02/19 19:35:37 [866654035278602-192.168.100.100] {"deviceOS":"Android","deviceOSVersion":"8.0.0","deviceModel":"MI 6","screenSize":{"width":1080,"height":1920},"density":3.0,"version":"4.7.1","coreVersion":"4.7.0","autoBuild":false,"isCompany":true,"extraInfo":{"package_name":"com.smobiler.app","display_name":"Smobiler"}} 
2019/02/19 19:36:26 [Server] Stoping 
2019/02/19 19:36:26 [866654035278602] Stop-StopServer-True-- 
2019/02/19 19:36:26 [Server] Stoped 
2019/02/19 19:36:26 [AutoSet] Stop 
2019/02/19 19:36:26 [TcpAccept-EX] 无法访问已释放的对象。
对象名:“System.Net.Sockets.Socket”。 
2019/02/19 19:38:37 [Server] Starting 
2019/02/19 19:38:38 [Initial] Version: 470.1548307665, HttpServerPort: 2324, TcpServerPort: 2323, DeveloperTrace: Single, DebugMode: True, TracePrint: True, ClientTrace: False, EnableStackView: True, SessionTimeOut: 1800, NetworkTimeOut: 30, MirrorPatternMaxVerifyTimes: 3, FormStackMaxCount: 10, RelativeScreen: True, TextFontScaling: True, SysTrace: False
        BasePath: C:\Users\Administrator\Desktop\DevNew\proFineUI\smbApp\bin\Debug\
        DefaultImagePath: C:\Users\Administrator\Desktop\DevNew\proFineUI\smbApp\bin\Debug\Resources\Image
        DefaultAudioPath: C:\Users\Administrator\Desktop\DevNew\proFineUI\smbApp\bin\Debug\Resources\Audio
        DefaultDocumentPath: C:\Users\Administrator\Desktop\DevNew\proFineUI\smbApp\bin\Debug\Resources\Document
        DefaultUploadPath: C:\Users\Administrator\Desktop\DevNew\proFineUI\smbApp\bin\Debug\Resources\Upload
        DefaultMediaPath: C:\Users\Administrator\Desktop\DevNew\proFineUI\smbApp\bin\Debug\Resources\Media
        DefaultWebPath: C:\Users\Administrator\Desktop\DevNew\proFineUI\smbApp\bin\Debug\Resources\Web
 
2019/02/19 19:38:38 [Server] Started 
2019/02/19 19:38:38 [AutoSet] Start 
2019/02/19 19:38:41 [TcpAccept] 192.168.100.103:2323 
2019/02/19 19:39:35 [Server] Stoping 
2019/02/19 19:39:35 [866654035278602] Stop-StopServer-True-- 
2019/02/19 19:39:35 [Server] Stoped 
2019/02/19 19:39:35 [AutoSet] Stop 
2019/02/19 19:39:35 [TcpAccept-EX] 无法访问已释放的对象。
对象名:“System.Net.Sockets.Socket”。 
2019/02/19 19:39:58 [Server] Starting 
2019/02/19 19:39:58 [Initial] Version: 470.1548307665, HttpServerPort: 2324, TcpServerPort: 2323, DeveloperTrace: Single, DebugMode: True, TracePrint: True, ClientTrace: False, EnableStackView: True, SessionTimeOut: 1800, NetworkTimeOut: 30, MirrorPatternMaxVerifyTimes: 3, FormStackMaxCount: 10, RelativeScreen: True, TextFontScaling: True, SysTrace: False
        BasePath: C:\Users\Administrator\Desktop\DevNew\proFineUI\smbApp\bin\Debug\
        DefaultImagePath: C:\Users\Administrator\Desktop\DevNew\proFineUI\smbApp\bin\Debug\Resources\Image
        DefaultAudioPath: C:\Users\Administrator\Desktop\DevNew\proFineUI\smbApp\bin\Debug\Resources\Audio
        DefaultDocumentPath: C:\Users\Administrator\Desktop\DevNew\proFineUI\smbApp\bin\Debug\Resources\Document
        DefaultUploadPath: C:\Users\Administrator\Desktop\DevNew\proFineUI\smbApp\bin\Debug\Resources\Upload
        DefaultMediaPath: C:\Users\Administrator\Desktop\DevNew\proFineUI\smbApp\bin\Debug\Resources\Media
        DefaultWebPath: C:\Users\Administrator\Desktop\DevNew\proFineUI\smbApp\bin\Debug\Resources\Web
 
2019/02/19 19:39:58 [Server] Started 
2019/02/19 19:39:58 [AutoSet] Start 
2019/02/19 19:39:59 [TcpAccept] 192.168.100.103:2323 
2019/02/19 19:40:15 [Server] Stoping 
2019/02/19 19:40:15 [866654035278602] Stop-StopServer-True-- 
2019/02/19 19:40:15 [Server] Stoped 
2019/02/19 19:40:15 [AutoSet] Stop 
2019/02/19 19:40:15 [TcpAccept-EX] 无法访问已释放的对象。
对象名:“System.Net.Sockets.Socket”。 
2019/02/19 19:40:34 [Server] Starting 
2019/02/19 19:40:35 [Initial] Version: 470.1548307665, HttpServerPort: 2324, TcpServerPort: 2323, DeveloperTrace: Single, DebugMode: True, TracePrint: True, ClientTrace: False, EnableStackView: True, SessionTimeOut: 1800, NetworkTimeOut: 30, MirrorPatternMaxVerifyTimes: 3, FormStackMaxCount: 10, RelativeScreen: True, TextFontScaling: True, SysTrace: False
        BasePath: C:\Users\Administrator\Desktop\DevNew\proFineUI\smbApp\bin\Debug\
        DefaultImagePath: C:\Users\Administrator\Desktop\DevNew\proFineUI\smbApp\bin\Debug\Resources\Image
        DefaultAudioPath: C:\Users\Administrator\Desktop\DevNew\proFineUI\smbApp\bin\Debug\Resources\Audio
        DefaultDocumentPath: C:\Users\Administrator\Desktop\DevNew\proFineUI\smbApp\bin\Debug\Resources\Document
        DefaultUploadPath: C:\Users\Administrator\Desktop\DevNew\proFineUI\smbApp\bin\Debug\Resources\Upload
        DefaultMediaPath: C:\Users\Administrator\Desktop\DevNew\proFineUI\smbApp\bin\Debug\Resources\Media
        DefaultWebPath: C:\Users\Administrator\Desktop\DevNew\proFineUI\smbApp\bin\Debug\Resources\Web
 
2019/02/19 19:40:35 [Server] Started 
2019/02/19 19:40:36 [TcpAccept] 192.168.100.103:2323 
2019/02/19 19:40:49 [Server] Stoping 
2019/02/19 19:40:49 [TcpAccept-EX] 无法访问已释放的对象。
对象名:“System.Net.Sockets.Socket”。 
2019/02/19 19:40:49 [866654035278602] Stop-StopServer-True-- 
2019/02/19 19:40:49 [Server] Stoped 
2019/02/19 19:40:49 [AutoSet] Stop 
2019/02/19 19:41:53 [Server] Starting 
2019/02/19 19:41:54 [Initial] Version: 470.1548307665, HttpServerPort: 2324, TcpServerPort: 2323, DeveloperTrace: Single, DebugMode: True, TracePrint: True, ClientTrace: False, EnableStackView: True, SessionTimeOut: 1800, NetworkTimeOut: 30, MirrorPatternMaxVerifyTimes: 3, FormStackMaxCount: 10, RelativeScreen: True, TextFontScaling: True, SysTrace: False
        BasePath: C:\Users\Administrator\Desktop\DevNew\proFineUI\smbApp\bin\Debug\
        DefaultImagePath: C:\Users\Administrator\Desktop\DevNew\proFineUI\smbApp\bin\Debug\Resources\Image
        DefaultAudioPath: C:\Users\Administrator\Desktop\DevNew\proFineUI\smbApp\bin\Debug\Resources\Audio
        DefaultDocumentPath: C:\Users\Administrator\Desktop\DevNew\proFineUI\smbApp\bin\Debug\Resources\Document
        DefaultUploadPath: C:\Users\Administrator\Desktop\DevNew\proFineUI\smbApp\bin\Debug\Resources\Upload
        DefaultMediaPath: C:\Users\Administrator\Desktop\DevNew\proFineUI\smbApp\bin\Debug\Resources\Media
        DefaultWebPath: C:\Users\Administrator\Desktop\DevNew\proFineUI\smbApp\bin\Debug\Resources\Web
 
2019/02/19 19:41:54 [AutoSet] Start 
2019/02/19 19:41:54 [Server] Started 
2019/02/19 19:41:54 [TcpAccept] 192.168.100.103:2323 
2019/02/19 19:42:38 [Server] Stoping 
2019/02/19 19:42:38 [866654035278602] Stop-StopServer-True-- 
2019/02/19 19:42:38 [Server] Stoped 
2019/02/19 19:42:38 [AutoSet] Stop 
2019/02/19 19:42:38 [TcpAccept-EX] 无法访问已释放的对象。
对象名:“System.Net.Sockets.Socket”。 
2019/02/19 20:00:52 [Server] Starting 
2019/02/19 20:00:52 [Initial] Version: 470.1548307665, HttpServerPort: 2324, TcpServerPort: 2323, DeveloperTrace: Single, DebugMode: True, TracePrint: True, ClientTrace: False, EnableStackView: True, SessionTimeOut: 1800, NetworkTimeOut: 30, MirrorPatternMaxVerifyTimes: 3, FormStackMaxCount: 10, RelativeScreen: True, TextFontScaling: True, SysTrace: False
        BasePath: C:\Users\Administrator\Desktop\DevNew\proFineUI\smbApp\bin\Debug\
        DefaultImagePath: C:\Users\Administrator\Desktop\DevNew\proFineUI\smbApp\bin\Debug\Resources\Image
        DefaultAudioPath: C:\Users\Administrator\Desktop\DevNew\proFineUI\smbApp\bin\Debug\Resources\Audio
        DefaultDocumentPath: C:\Users\Administrator\Desktop\DevNew\proFineUI\smbApp\bin\Debug\Resources\Document
        DefaultUploadPath: C:\Users\Administrator\Desktop\DevNew\proFineUI\smbApp\bin\Debug\Resources\Upload
        DefaultMediaPath: C:\Users\Administrator\Desktop\DevNew\proFineUI\smbApp\bin\Debug\Resources\Media
        DefaultWebPath: C:\Users\Administrator\Desktop\DevNew\proFineUI\smbApp\bin\Debug\Resources\Web
 
2019/02/19 20:00:52 [AutoSet] Start 
2019/02/19 20:00:52 [Server] Started 
2019/02/19 20:00:53 [TcpAccept] 192.168.100.103:2323 
2019/02/19 20:01:14 [Server] Stoping 
2019/02/19 20:01:14 [866654035278602] Stop-StopServer-True-- 
2019/02/19 20:01:14 [Server] Stoped 
2019/02/19 20:01:14 [AutoSet] Stop 
2019/02/19 20:01:14 [TcpAccept-EX] 无法访问已释放的对象。
对象名:“System.Net.Sockets.Socket”。 
2019/02/19 20:56:20 [Server] Starting 
2019/02/19 20:56:20 [Initial] Version: 470.1548307665, HttpServerPort: 2324, TcpServerPort: 2323, DeveloperTrace: Single, DebugMode: True, TracePrint: True, ClientTrace: False, EnableStackView: True, SessionTimeOut: 1800, NetworkTimeOut: 30, MirrorPatternMaxVerifyTimes: 3, FormStackMaxCount: 10, RelativeScreen: True, TextFontScaling: True, SysTrace: False
        BasePath: C:\Users\Administrator\Desktop\DevNew\proFineUI\smbApp\bin\Debug\
        DefaultImagePath: C:\Users\Administrator\Desktop\DevNew\proFineUI\smbApp\bin\Debug\Resources\Image
        DefaultAudioPath: C:\Users\Administrator\Desktop\DevNew\proFineUI\smbApp\bin\Debug\Resources\Audio
        DefaultDocumentPath: C:\Users\Administrator\Desktop\DevNew\proFineUI\smbApp\bin\Debug\Resources\Document
        DefaultUploadPath: C:\Users\Administrator\Desktop\DevNew\proFineUI\smbApp\bin\Debug\Resources\Upload
        DefaultMediaPath: C:\Users\Administrator\Desktop\DevNew\proFineUI\smbApp\bin\Debug\Resources\Media
        DefaultWebPath: C:\Users\Administrator\Desktop\DevNew\proFineUI\smbApp\bin\Debug\Resources\Web
 
2019/02/19 20:56:20 [Server] Started 
2019/02/19 20:56:20 [AutoSet] Start 
2019/02/19 20:56:34 [TcpAccept] 192.168.100.103:2323 
2019/02/19 20:56:34 [866654035278602-192.168.100.100] {"deviceOS":"Android","deviceOSVersion":"8.0.0","deviceModel":"MI 6","screenSize":{"width":1080,"height":1920},"density":3.0,"version":"4.7.1","coreVersion":"4.7.0","autoBuild":false,"isCompany":true,"extraInfo":{"package_name":"com.smobiler.app","display_name":"Smobiler"}} 
2019/02/19 20:58:17 [TcpAccept] 192.168.100.103:2323 
2019/02/19 20:58:17 [866654035278602-192.168.100.100] {"deviceOS":"Android","deviceOSVersion":"8.0.0","deviceModel":"MI 6","screenSize":{"width":1080,"height":1920},"density":3.0,"version":"4.7.1","coreVersion":"4.7.0","autoBuild":false,"isCompany":true,"extraInfo":{"package_name":"com.smobiler.app","display_name":"Smobiler"}} 
2019/02/19 21:08:30 [Server] Starting 
2019/02/19 21:08:30 [Initial] Version: 470.1548307665, HttpServerPort: 2324, TcpServerPort: 2323, DeveloperTrace: Single, DebugMode: True, TracePrint: True, ClientTrace: False, EnableStackView: True, SessionTimeOut: 1800, NetworkTimeOut: 30, MirrorPatternMaxVerifyTimes: 3, FormStackMaxCount: 10, RelativeScreen: True, TextFontScaling: True, SysTrace: False
        BasePath: C:\Users\Administrator\Desktop\DevNew\proFineUI\smbApp\bin\Debug\
        DefaultImagePath: C:\Users\Administrator\Desktop\DevNew\proFineUI\smbApp\bin\Debug\Resources\Image
        DefaultAudioPath: C:\Users\Administrator\Desktop\DevNew\proFineUI\smbApp\bin\Debug\Resources\Audio
        DefaultDocumentPath: C:\Users\Administrator\Desktop\DevNew\proFineUI\smbApp\bin\Debug\Resources\Document
        DefaultUploadPath: C:\Users\Administrator\Desktop\DevNew\proFineUI\smbApp\bin\Debug\Resources\Upload
        DefaultMediaPath: C:\Users\Administrator\Desktop\DevNew\proFineUI\smbApp\bin\Debug\Resources\Media
        DefaultWebPath: C:\Users\Administrator\Desktop\DevNew\proFineUI\smbApp\bin\Debug\Resources\Web
 
2019/02/19 21:08:30 [AutoSet] Start 
2019/02/19 21:08:30 [Server] Started 
2019/02/19 21:08:36 [TcpAccept] 192.168.100.103:2323 
2019/02/19 21:08:37 [866654035278602-192.168.100.100] {"deviceOS":"Android","deviceOSVersion":"8.0.0","deviceModel":"MI 6","screenSize":{"width":1080,"height":1920},"density":3.0,"version":"4.7.1","coreVersion":"4.7.0","autoBuild":false,"isCompany":true,"extraInfo":{"package_name":"com.smobiler.app","display_name":"Smobiler"}} 
2019/02/19 21:09:34 [Server] Stoping 
2019/02/19 21:09:34 [866654035278602] Stop-StopServer-True-- 
2019/02/19 21:09:34 [TcpAccept-EX] 无法访问已释放的对象。
对象名:“System.Net.Sockets.Socket”。 
2019/02/19 21:09:35 [Server] Stoped 
2019/02/19 21:09:35 [AutoSet] Stop 
