####################
L0Fa6DEiICqymqETF441LpZwBzIZbPL7vgJTk9InVAGMrk0GHExHJhInV5BuNDNkPFxUAjPbSoyKPe+XrJ4aI4pR6OgRAcxnyfcTjJfDlbtDB6KVLfneQvuJRGY9t+6DZOoxswdFbVuW8q319m4JsEKn6Et8q1H1NjQ65hTB9z4=
####################
kyjb8/CNZFe/d4SijbPt1OKExyoCNu0D98dk0crPm726CHelEXbtq2c3M9b2F1KKSIqqaPKQ9VDl5PAwVANHXOMKr7yYh/SC4HBFP+WVggjdr5On4WIjMLq76tQwmAHzm+ey0InoYXF7VQm/SlmfGgMftR/juCJ0oCge7DdJTB8t2r7/JT0+lBOrARB0ACZJdAvOuPGCbsRPV6G4S5nFYfkh7ExGXXrJllwVQ6MOAgB8uNucf2lOhs5qQatPNSMEeizQWSSpx4RPxTgkHa3zRg==
####################
JYzRrNrGhB+NE5AcPZdbSKUsLutgQ6VV7bhsqGjNs+BdDEjxgLjkFPYznsppM6/5tHMXY9Og6YAyKhyKJ2SWdMep9CPjPo/8lq59rJColxMsw1PUgK/cNai7UkVTX41OEllb+wQLM2v3WfX7WJXPP+zJf4nuCWTAsJ3rDI/dxOQ=
####################
szgsod7nAoE9g4gzKE81HFSA9qo4BlAdFhFUBQyLJPo3S+1VYRNdGUciqTBI3YFaT+/poxDwZhM98QYdAPnqfRdYK/Uek7HeWE/7NQhxyx2ivaguPr5jUsOrkchhfgrsE5NHj7oBC0yab4o5tjGwrl++Rgz5i35oVcGeOHfIcM9qVruuAycpg08PBtVzzEKbl3dQatsfBzOVsANGvZKnInfJ8chTdDR+IINsxYDthjtL00uJMi3Vb7PwAF1b85ILcSwS7A+Gr63lMjcCc6M4dg==
####################
wyDe/3STIZKBpE8x0hjyIsYafT5C8FirFJPWb93XTdt0g4S4VqW8C8Kx9zFD+0It7wggePJiPfpSVRTke7Q0XCcJDhJaS9oEmbUkzBcEp2ZK3wwjDcub6ovJwWcVY/Puo19sIMOLYri/uHV27welqYQSXDEjWirygbBur4ZLRJM=
####################
13w5fOcvQMPACUwJemkC6M4GOmw5+q8q8LYKPj8CVAABi6OQiWeBH5ife289ZAJjb24NvqY+iHuroIpR944KobmIuwVSS5HdnbOofMN2dW1CgJx7GQIztS/NXLIYmK6iJ4bIRTtZxf2FxRX2KFPWaxU0uGCkwC4a/Opv5rOM9fJMdqKZbw6DPYFYvrLaaJOYfYH1qdyHWaBKd+ZT476bNdQWLqZ3D3WlyOEYCTZF0N7y9u7NdcoRfsESixPaswxMwEHi66VEw6v7tsF95t4W1w==
####################
mM5rranQ/HKYiZu71wfy9qHtgTcJXLdWKMOkCv8AYBUF6SaSKaCMXrfd3NS61sd3SRMTM8w/LfvbrI4GOcCDljvB8lBs6NcF/x7OQFSbZ2h319tQrCcYSULWxWiAbvl83A7nBJ8K94V0pokvohyNtsla1amIv9V6udi3IrR/A+4=
####################
2cfvPKPbqDPF0oWZxLMwZMlmehNewFXPEMhjLNTi+Rf2nanq1AqRnaOUC4nbYsXw3R41WNxpEGrdnfT8Mlrg0yiIFpAVOhv7pp9NaRXTz572uMSghr2hJBG/gw18fXK5Jj/r48iNNJe2tBbpOM+WrkmpmorM1BKp2Gk5FuOqnQ+nPiss9ZpT9ZUHMyOBoZ46rAKtjKnHNG2klVjOM90pPU8WDbmBvuMEP++s1zM+ncDoDjuqji20M0RRzi2HfEYYgW37UBHZv6nLVuTG2y1lng==
####################
DbL9i+eZqCVrUDpaJc2bwN0QPeBoogxb6mUqZnpqzaody26BNKIqHlHC5vnBz/RNT7R3VEorr+7GHhBRcPaYtb7NPo4mAFtgscre3Fx8p+CUMR2g+nQTrzprmziMPi4tCbt5TGqg9TcODUxyPZkf+bkk3vnB//+x6OoWQivZNDo=
####################
rZ3z0KuVm6LOnd/0TGMe/mnlMQn9OZhsuiqqULnoxFFfzsgH9Sje1j7m/7dw7kZT1dAXz/CwSSpxwCWbK/cqGBxXvop5IwG9ZCgDUjOmh/EphTvqApwhbR7bFR7aj6KnnmAmjmxUNXHb5b9iqz8p81Dvx6/WkVhJKQcQoGOrxvuNFkriGkvlxoObjx3pRGk2lpF9KZIA94yGRm4xp1ROK5hXAgFSoetSsBATJUW5DDqiRzy6ricWaiqox041k9bi3ZkEHPwuijVzN4qxgrqvAA==
####################
Kd9TygBbNPTr05doJwLpDeFixotOEX1B+mjxHpB0TAL3aVqPHchTcIJN9ywA45stUxrBnIRjfPGwpfwPaJYlc8mt2eSBK6IPInbAzLUD7F81sVEa7HPjdO93G8dJF7c58PvNoioL5b3sCKOJDR7nlm63Cpi+DaQ1TlUa0FvG2r8=
####################
L+q5DHEWr2H56rcGijfw6xFLDjOZKw0FsQwK92anITn8ECsA+3qkoyRihapMKSZiKQm3gWj1UC3HeSi1T3bhyRn1Dlccj/RNou60d/0SNQ3qnGweZRY2dQwPCiBIjn5/g19+nZNZyJdpXUjBC03zZOo0NRwOte9YPgsN49tCCq+anLDli5Qsywk7E0Z90orlcV5S8u12S85UL2jagjik4J8Z9u8lUQ6i9kReoqivHrkuz7O0AawQaQJavBOeBpLISr5cqW0Yqu77PgAzWVFHZw==
####################
YFchU0eykN5cm5iPH984UDjXhrgnAU3ME+qSd+fcy90mtXKKlixemx1+4jCKrxWSi8EHzbbFVrYwev8l9yTZNfjxm4MqR50OceVmvbr0wfGCA/at5U9pnXWNzM8/kVuv4ReUq5l5IXKtB2jr1t03S5ZjaHkFt5YSNj9TIyZ3aaw=
####################
c+6LQHN0E/IS6szLl+1NbsfghlvSHjnYVr/Lk3OCKJLg9pYCLhyxoTx+cTAkmvGDjPOd2PsAsXVV2woa9+PBnIaL+Z7g/ax8ER5DAMCTbRSZAdxS1biO60TtS5kbYwksU7BhJDqEZLwGz8X45vR+2WP0g1XtMLtqeQijFRN03qqXH2Glt1Avn3DqmLqAeX23KeQuNZRlNkZ2ROWl8+ScszSFaBjfF+Xz5+fJBqH77YA0jgJBOWStKtH+EoPB4DQduc1JLeOWh4lx1rVN2y2i3A==
####################
G/Ys1YDt9LIGhSIk6igBzHQO/QHsVZQEa308a7lvI0OaC2g8qYO+F7RbZGstrtgqQNa/j1c4J6CFq1cy5WxErPtipmYm08xCUlmYim595SOI1I0y6NWGCamrk7edNDZsDHZ3Whr+OHjkMBjXFlW3XxjeUMp3Pbypxsk5WBCiSNo=
####################
iIfXpwBPDZvcvwMuK14vLNmg1/+g4nIVQ7d4jonWYFqCweQYLueiiJEqFkNbaDmSI8ObCnEDRoNJ0UvUx4HqfFjVtFdO0sSZMkWDRxZfILqn+6q2PEm+HqH2LULu7XZMaO5p6wr5cIeDLSYSSM1h+xaSf7xKRFE3KsH12y24m3TOnFy3dSB+BmGjv5E69yGEOdyk7x/m/Ys9BzLZxxbp6bclRh+HQuEG24XJRRaXG6qkYRkPPwGORug3wjY2+sJK15e/mXIKC2wTJXCiX+YJng==
####################
K0DUYNEzE2CytJ+7hhZZ0Bp8LgS/OASy4cg6sKbt0GcvX7dxh43FVQNwTPv7sBUbqUVrwWNpN/7LWK1G0talzP+epXOg1g2vzWAQYyvNJX542blf2NsUPOmiK/kBPaKDV9M+Yz7/kEB8mH1obEQs/f+V4qXV4uwzPDSZgFCQhgc=
####################
0Lmv8D/4VHVsilZm8DqOBRcfxCHLOkNbfDDZzjZW49dtN0kMUKA78mA4dhUgCPRHT8J79VYW7q9Nf6rlip6Nxcw+O0GgcQHLJpNtMI+fqYlbL4N6rndYSyHmDDvM+7fEruJMYbBWLqilNAtO2PQVaxJyiSgZJlASXTpW/gMYpLY7BUSvf8W49bDAAEENeLDVP0x998L1rFo/vSFsivCoVojPDA8KBhfp9vDo18zqyUNUXVHV+mGPBH0VQO2hl8BVLvyKM6vPaEVvOl9RQnWfzQ==
####################
sazmZLs9CruUQO90n3gaLj8H2SIN5xOFYdb4yM3YbPAi/6OwNjXoUqFIcvC2qO5R1fh3vo7yFYREwphmUpmpW6JCvYM6dfjZ3PDXh6xPmqpwGMWNA355HdHjMnbw7nbU45RuAtxKhiQ2OmZ+dIuAtk3CDdXCW3yQTAPGBTYCGR8=
####################
/aQ4+aTncJQjrd3+YugnhW72p+0ocmw3mqAjtXWOqy1yfS1w5h69t/9mfPD5zKl5XqqhhPGl4tWuFv+XaxvyCr7SKSnUT/9xPWwMI4PN1Zd2eWBmB0Pc/uEJu5VksQlgETud3YNesOYUpetDkq+uepPXjOxaIQ8MYvsGS5E4UxZjP6nwU9Q/QWNyvLIzYlmyJV4Os+I5KUHJIbPXtsD5lc6V9Wa/msFuTOseuREf89DkdFjtEFA7Izq/n9ymLXWd2yWXHmIXbriRAOB1vFnfQw==
####################
tqsqoIO6BLI/dF7+dhZOpWLiHLbT2ugfBj4jD/LyTp7SUDNtZujP/szTC0DrA+ENYpFfV1+mrkRebtm9oRcTXVPrV+r8FqLtm+ZH3YOUS75qMPjJEhkXfUsASmwbcrAHGgbmJSgjToLfiKBlibXHc5fbFWX+Z7CvJLyCUFy9Qew=
####################
SqwvmXEMPc3B5bzhVyrAbcEX0Fmo0rR1nL/kjO+mwMX///A8E5Mwhql378PyA0NkYXwBvrNRi+BxUQ7c3g/YEAaSSTKWvPJf2ycMWg2GdX/ZwSrl4CyY9p6TIPJPZuFbJfqCBa35Lvr6Xbv65UGPCc5KyB2bjcRJ6+8d2rF3KCiYLt0XA91vJMTawamLYmGhFLNCItrE8ANtvXVIQyt+I0ZCTyTjrJz8Gk8ZuontnXBHJyE3ZmeGP8V7YpeG+UF6wALRQik82bJGMFK9Fhj3lQ==
####################
cYfHJkIY3TVOPuzrRRhsDve48S8l68KViMz5FyZBGn8EQgWBYXZ66ypDJxsko0jMX0rsXPRwU8JJJXUe6mbjxkfBKk4yL3vD1mGG/LqB5Z+KAGLgLi7kXVm1nWzyQMiOjNB1QZ8NDdAddM6A5kRtGLjCyddK6kYbw0WU1W4C0oY=
####################
Kgq1RP31GHw7arw2BwXSGndPPjsn+e9xXHeb2EMz/tiqeMcxPE76+QQbP3Tk+1FAzcZKqgMgtryfYp2SSNy+AukglqOpuYYdQtcxiMijVV4S8XRkYuTWMyt2hrhh82Hp2Z+pFl2Jyj80oRXz45jFJPifcPxIuILLEgSUBKzj+rHxm0FfoQgHQ+nRjFPgEvHuKUO0C5VgKHo3oBX71d+jp4x8OGJfU0PW8URI7TAWZHB5/7+FC8LUbh0b9b50sNbzHoKMkIQMUr1FsV0MqKuLRA==
####################
hNO/aQwYZ/w37m6lq8DCXHBAz85XTNwo36AAoy/hurCiRaDBjpT36y9Z5mrZcNNDf51YphRnP9q7wXvR0Z/WHF0Qg2+b+Ae7QsHNOvxKEFhNMnkETIOSFQPjancpx7F06nKTguEmNUIlq33YMOJUoDqpexHSikvH8hqP7DBGGoQ=
####################
pPj8z+1J1Ve9J2yyuoqX4KW6ext7EyRbbY8uI6z3739ECJKixkCnRCS/3lrDDRwGizzd2FF0GjpkrhOL5zZA6d+XcDoEmNtzVZ/fuXY8N/J928cY+eHaQaNWcaDDow7ehed9ykDhI2GNiU2sQj6NfgiH0oxP+Mved7ftmNpApDPm7KEpQQW518PgtRV1R9o9oUcqL7Q2rv1riGkgqh8w6u3AoypT6hYzJTH+H6/WJF+ZceXyu+S7gEbep9hGxNhTwtXGoq1nrCGoA+0FQSGaOQ==
####################
JxDR5TSaY7qP/2p0mdmNOdD3Ik1xMIVgFvtRTW1TsJwd46Flbulf1GeA1JZKq6iWDgkSjTsguDQG9rYoF2nsvjSxHi4CGzNiCmiq6RxcB/yxY+KcgCjodCHlS0Cr3qmgFJDImd9LLXPHYtOtw48b+AYCyTEFKTVsZyMraG9S62A=
####################
oPVvsu3D0Em+x8sOUvtA0fjr9coA858ITMw6w84TRRv3lqLpEkTl5Mp/WpjolDFOKQ+0Lizb1ls3ag8cN7gKCeBQxIm4Jr9d2gYsx+Fakz3jBcUavGSkA29SqaTWGYfSdd0tsv45gMlUVYc8rkSEtxKBAgUXVAJ7yadLV75pVRWSZMjXMw8lUNZm9hMuGqirzQrAbh7+dO6XSex2QFTihnQF7pFyAbHqz5KOqIX7U4M+I8gKinlD6l2iapc9K/w/I/EXrPg655ptebz9biYGlg==
####################
D4xxf0W/4l7vRDYAMVdXMjAGGQkVuJrK+6kXj9GLWHYTfODn+FrZHDzvJwHbWEYUrGyAq0Hs5UpropXfL3R0yybP7By95b+ziBGMvEmj0S1hSiotqA50HbvrvhSex65qtQspRU5uJVqS+VXnVTSTdgFdlG/LWND2VhgXcrur2n0=
####################
u9o4/SlcHzWfff0FkKxo/GahuUgpfceRFilcL1KVyXtnTQRmgcnvAo0/804E4I+sY6Bi8YbKT4ArhVUJnN61tCDM7zlNPxqG9zSZBR2h2wW8xxb3AKH5QVNE6hBLAVwAk/4cwFViE6vIZoZXLZIB6HzdM4k7P6Nej8H5qFgikITKCYkRYgFddWuBwOFhHpLwk+TcR9YZ6soDT0kB+iXYnqxYCDOSwLwy1E998br39Xb5MK63nolHqstoPQ8AbByItssFdsYbLNZOqXtWa4ALhw==
####################
X1YqETGHbEiqWDHaFECo6n597iJJAvAoqdVymjlGrGNRIkXUNyc/25mUC/HXKMz6bOLd1DNZeWDEp313N56cGckz1h4pLMCt7fJKgau7qQN6qQWNsRP6rrUDV10yxMUjgH3avSp8B/qKsfpuSDtvVL3Am1FmcREMGyL3eX6GGSs=
####################
6/kQCZMCfEgInxjTv9TfnnGpG989ODeJUiA1+0Y5jIjEtDZIfGusbiofZu8HfdjYjUvUF6ofPQErmKTrAXcmUgumcdr1wyt5/n/W7tRanW7r6HRRnhpLrNzRT8ikA1Jk9S3A7G8YHO+vztfP9Md1f4hu9XrAXuCX0wQc8gEVyYIxKCo6ai9qmO0wMpYpA3npD/wsvqYqTu+Irmz5kEGqd/wz0zAHvE4ow99zzk5bMOgJoETAhWeqQeVk3lv44YvxzfJ8qH58O5YdsrLt/X1OtA==
####################
KhR9vJ6Zv2Xoz3/XJnqt6F68FAJZoNGy75acQ+AujUsQDzBu9qgEc09ogkENqv89Uc70blb9tJ76gq9ucNMmGQqdbAcR86N2nfqBNoGWzGjt0ByxEqzJ0kCuOMKb2RPTxmpp0b3s9dlk2nNQHgJkac7rigu7E1SRJBDDHeXFvK0=
####################
Hi8EYxJtqDbryxkel7HUfJBd8+5EaOQYS1ZpfJi5a9kYfByUX4On5xWvQ4RvJGF8g1T/D4r9T5QQdpD/4CrBjHcYO/lvACc9bMpuzkEP5R23J5uXpj1hETT+rsyfUd/zeVIslhgcegiXtI7/jcXCWg5CSNLEpd2QNcCr4EvW7u3Oa5xYVq/hhkoPb0+/QwvHCgh62pYvsScrLg66+jNvfCv8C/Fd6NlYUXzNzpR5LQUdX7jPX96XH55TutXw7Rjg/RtEiOO2yn+D3Zj2QF/naw==
####################
uIZbWo8rOaHYEcW276pYDhbaBLP54hcUddAOnexk01E+35zU+369sSbgIMX3/01U0v16shaEJ9bbkbJyIdm5lO8BInISYOOtvfjQf2JFcqAidJZAbdgUwH20CHD3QVKDki8OeIGYPX27p1hdCxzNA1CrLO8NgchS2KHfiu2+HLk=
####################
YWRJcnbJLgSEwwF5jnLx+hXdIr2QBg3nRo6kEo4L/5bgBbkTkWwXk4uE+8GAv2q65zm8d+sUQSe9nG3GhHCzNykRama+tdEXZQpARV/BNshOu0DVSZvkQ3kDqUwUOR9zkjzQ8qvCUhcFCi+6z79NSvzDBO9d0iKxc8zRpUTmLO332iEXn+QxgRduO0HSyk8Q0P/sjZ/OjUP3wjR8B9TgRvMrzW51OiXaGZu5JJPXLXjrZehi9FpnV2IruTPc6WNykiT7Hbg2IoIxWYDqCBwidA==
####################
ZUj4lwBk7LGg1osB2kMIJZ6FzSOvvqipd0pqFaROrEp+eJrOs7uxAUnLXKZYbrSZ75wAjznL/1sNzg9HzbzhlgHefuAhB0aLkelfVSy5x59cwlnTaZMxlzKyOso0jS3Z0wZOM6xJIv4ypqhFMsddLic4nCuZA4qLMbdg7zKMcb4=
####################
xq5Syb3drnKkeDDN/Fs5jd3wG/nq1LvFeToTEembdS5xZQuSD/Xl2K9+szzzDbINv6+9yo3fybWTQnPyDHJUjw3EB3qO5ULkiXIPAJsLwrv8JjB3Jc7GYU97CrXHI0i8o1EKUaqa4YlfrFINXHh+OXixcTBx2PLVSJYtv4d20PHjL2n/3HaIymR+jZzhCLWoMHujtzY0juKAf13upTbzniah45638ivwQ9kz+zGNzlkl9QW2hEu8G7fNrYLTP0HCkhGevqpJq57TENm3VMdAfA==
####################
H+SVAbEVw3d7EGDFZgSRXCLlmLJq/Ik/PVeVaUFTO2tBHx8l9C7Ew5SIh/GvDg8h11VmPIGAQrVKandEoiKMH/YWI6lxdVhUCE64lRKiSlgICGDupHz47vvtJK+duDmL6QLdSdo5Gx61Uwa//XyFwSL12qtZ3XTGlYKe86ZvKBU=
####################
9XpjR//MoAXzTrfPYbHCJ3wNnl6ELUumPziADCy5+/jObmdjmLsoSMGMZfmVp9V4fnyWiKooBTUMnZypYYZMGXjaP1rEC0y9pz5liJgyadnvNu7XCUD+4xiGqlh987R7y2C4MFUh8Z1QXWWe4hFPN498GANID+y78nZXquWLRspyTGpDkVqakdxon1nBIJnT7u1WUBGKILNAxSfN35bmISSGg3sHDPSDN+tJEww9VbJUo3jgMmv+D1/c28Xr9yT9ZXhMWQCehIjEwpnM71MmAw==
####################
yNVln2znGgoNjBmkz5YUMS7QmT/Y/UfkuTGoBO9ibICGnOAMDNFrq/BFJXWHYSjnMscw5ZX9VzYAxilDT2mHtwbRj1bj9dA3WWB1IFYF4nVK+9J2NNcJLmKnQRXTbydgNyn6+rQmvd9cQ1W83NbqKtoJTd6Ya7R5hr5Ga8pMQAo=
####################
hy9D+eVtSiiJB9jG7WHgBj2mvN30jAIJ8C8OmS1eLjWFMd7uE+gZbQym/vPeDj/N+XAzcQeEXTZ4m5Of5Uu0x2z0Zl3Wd/Hf8zi0pv7hFShDT5DxAR6fP2UPhaGFRdRRrRK5yfbVT7ISEIdf9dPY7gpJ4JCoUjxFLOVEOwOPUR5vU0Wzp5D++QPBo7nKmt/n3JAWTeuULWWNB1v/zdw8aH5b0rgWZf19FMZ1V4uDg8Bf8eQM9cvHTlNk/F3e0wS92IP/Y94rW5OIfzSTYfZXmw==
####################
ru/sUljyHGdxjHnKGE5w6HtOxH0qjIIxPDZBk50ok+kVZGmbBr0of7LVxLpgIq0ObM91n+WTOs0sCy4Uv42B42UfdFnrwqcd+MylrAaqzRWlppGBwDqFxf8CvYj6lDKrv3xZ3i5Y7tbvlFzHuCLVfLAZdylBS5M1KIZtMzbQMmQ=
####################
xjjagapz3neiLGGdeG5NI/WHHt+NwYHViWfxr9NdOcRfn3ameKxVKI9++3ZXbMcQUEgmHkVa2FqTfPMiJ0AxPEviZ0IVrhtVRiVHAe0A1TQSz2XgiSoXCs13IIyXkAXM3WsrbNPhNLkpIgWg9IvHDN7YHsMmyTdTWUJaSW4+7ihi93eRyPcHmvBo7X1wf2JVoo0YxI7UHSwr4RYdvte8IX6A8BrGKX3u502I4f4xZjoVvyWLDrHjs2Syy6GJRLfXcSfNgO2Wre1YptVdST9f5Q==
####################
kUCMFPW84IdxQWHIvD7dOWqZiGMTr916HhpQTW61DppXXnegkFYuBIVV5Bn9HCNX3mCkfyM/Fj8eUa0qPvcVf27FZmRphISJ0r+cFvXo+tA3muCWXP8ohrQimPc94KmO8NWYmGcaKTCCtqhlLSy44ZZ0oL8ZUFUG7sJCEGeCqUA=
####################
Nf+YUCi7H9EQveq4TEPWaHI1jLoV3kL1IKADp3QC9JcW9CZG3Zz22jZ2VAOpx8zxqgAWEc2E+x2UdQzM9HUAxoiEe3ehKEtlbYhPR3TMCemKKjy+YMPaue+YXI0cMuW2Vc+3sH3OztxIKc98aw0779UVXwXX38tn2wRDf2acBlzIpropZkAlCu6nxdn7pku+ZoQ0/wMHf4r8uHO9oAdve9rr6psCGaLpOFuK+09qyJNndQCoFt+biWh1aRIY3g4fU5EsGLzP2JNhL9QBjP5OMg==
####################
qcfbvh1SMPafhnJ7p9if3zknAPP2oY8ibERIlduJrgU5tpsunQoRq2wC6rzgfkpFw/IMrMnuQEfD2DEbnz6ZQhqK5KIrt8x/uxAJsrSSeeKcwKFEhzd/VjU96+QNgy+efQSVZDK9fYj75LzJmEfJTkdNAkLO1pBZav1yiKScWvA=
####################
1s19Ig8ejNAErMlKH7iWiVxjnZlHrHSXRsQdYam6zXLVzLWXRue/2QZ+W5hXy6UhQB+p/fGaVO55rOUdJ0dZTSHsgxe1i7sQaFsPXiN+Ynj5RgfHVUp1/WZ6QUNU/orP5eQAs52GIBu6XcoxE64ND4BLKFYfSvPXOwA7Mt2raT58JmGmMpVFFH7IOFKqgTLi7PaS7DcR8ZBMJbew4y3V1JQML6//Qetb/e4VIiVKFAGzHAN8mTk2LTkjiC7+wtRDKzh4soGtAPF2up0VOQNwWg==
####################
oh4ggBayrduotFdShubuMlBCsjt6zvBWlEwWxPxnbbNp0WyCw7UnOLpEpWxitikhbg0mNH4NJUXh5sAwq0qrA9OoaSFjt8++VVYJ/0MCi1Z9RJDXUdlXDKAAfSvWPr1LHDONxCwm1EkMNLxgNjuB1vqZQVmZeL0a8dtiz+Djyu8=
####################
24a8DLQ+TPMJKb4DBcRkADvKWOdS/2iXIqsGifZ3pLDyJ+B9MXu1mQdWJ7wFqlGUopUiRd24Qt5CbNluVZ69ui/CUldCO2kVWD42StqDXTv1nkduVzRHpHDuE68CxzhY5Sr5uJe2h7U4GCdmaHwrs1m5PuODAqwktqWN/v9wzgrKbDtjsr50x1OKU7UF051HXnM6DRp4G9PMHtrDKTaRQAwTU7cloTBw2Q0x6T5KQP/BLQTH6FAX7dWMIiLkEbpfsOW5Okt1FBQI49JTNuCWrQ==
####################
EdMWaoYm0oFwpjdph0VvSN3BKjHZgigM8YV8Euczcn6Cql+KxubZxr6CAhCRFqy1VmoPZt0D4N9NpLribk2B7gdfGmU3ChyNDCufZh1nqwBIxVZt1Qc8LUuo+6CfErggSkhqqxRdsfTBbPJutjicSIo58bSTpi77H1N0eiizkWw=
####################
xd5uFoxyUrg1xJywafDrTSpNn+9I0q5L02H4cDvREQQvUA3m4OvYegIFXXvqRZEtOPh/BN0MpZ7iCawBzBXgkTrD698THYbhCgN3Q85VvjRJCd3SRot5hsw99G0OiO2/9c++a2YnTmAEMYVULp03v1Y6IRSqRdUEJIAjZNlq+6JDN8kV4yoQ4kuyJ5GKKVENpZVFs0OnNtgijyGzJn9MJXfvyR2mKvisEmio8EuAeKw+I3veUmeJWP0+BGrcQzCW6vlNTAY9NIJ2fqIzBHLFBQ==
####################
EmctPy0HMi83cKtBjMRSBpG40p7NNS+BIyzfIMzzWBahfoGjidxRC21xQOGl1/HGTBBFVyGEBTD/gXGQulSti9DL5AWzY4rJQ+17ec7sMnsCUrqHo9gxI9v87hAXIViDgAFlA+EQJcKrZOCTtFJ/wy+NtcIfbDw43dn/y4tiV6Q=
####################
ciiCGav4YNHuHCT6p5/6bYRDRWZhLn0A+5pvoOlKORrHZ7yKIZqUvH7N+SfJCPD31l6ATFPa7XCzBJ9trHkxC7w/UgMIAI3iuTBdcLW6sKMZdXGCFHT+ElhvgKIIRuGF/s9mD93lPWVsX6QnFGiaknmAeM3ZKr+gHf1hkd4Nh5X6kRZnf3q+SMjIbJTCmnQGmkHd7DI5Lo09cYm0UHsOGBUB0Du75aFoxVHe+vij/10NyYIPH2yr3bvG976pUsCDntoEq25EFclCCwihn/sOKA==
####################
h2c5BRNZRQAggMLdYF6D5I6GRWdPnxPBOqp0kyvH85TdCAsjmQ5XAbycJZlkFdCN4M5NP+dV2nD0CH2HzdsUEdU7wGcBq7vMk7eHIutwYpcEwfFZoR46WluQK3L3ZVAE9T4WcGt0/eVks0gOx6sc3cZyyVPKnLchOMfuqtEw3ZQ=
####################
SRKgI3qOVTyRmfDPTfw/yl6wTSJtwcqvuOh54Ogm6LiY82+vWFk5xDNr/uG7BlYtGA1Vzfhjz8kmLlGUSnf+lNlMlhpLMmiRNomeAF8C9SEmCQSrrjLJ72O7CsZHpH8xH/8Mt1K6+xpdjEXKHezNdbk3RSuN8oepZXhvZagR9SD0N3tjfUoJ1wBeTDG3qs7ic6Mh+8FM7avICyP+048DgV1wARceep91E9Ohp+2ww1Bh9sRC41FM9V7EeMGhd+fxJNmS7fw0MTEMfQ86xmwYDw==
####################
mmiANQ0T9bXnqzLo3WtzTuan+3BA4glneNwth2t5tfMzByNnuIJF2709lz55JbmpWMqAdfR+uYAUMaEC+ZvkjeCrtdVRmmh3IoEBme0dpEXNZ02Bxzm3AaZ8JerYgrxMrCdzKuigMwoAeFU9dO+SeU8cXTfc4f8DF3g3Eyglkug=
####################
XVtgEVDucAAf/cpIYUzAxIp/VqfN0xd5Brj5H4GcILJpkMW4mvV0FCksaYZdBFtLJmbzce5ckKyJWfN9kWVR89fuJfMWlydPwYqW9ldvRmy0nCyJW5+VpZLAOuzDAjGk/KnfLIroiNKqWRnC/MAKalPk77j+D4X+s3X8kSm3bSUPDyd+YsRku8PZU0NIxi7eBIQx4C6rct/vjafFpXHbk1KvgQLUU70Ht1vNoaQA1IqJrEv12zzwB/IgRdPA3fKT4bawc5z9/+cLbnxgg0PKIA==
####################
VPG04sobj/VP6U2l/nnbsBsikZicMfHk9upjshTWzqkMI4vsvLmb8TONZuJhc4NvuWjdKr8GKWXUikR1liyVc6rzcbYHgXXhK5u+Igxy0sSeFeIEc2njzU85TBkO7gcApJbPjnwfYSCY8RZRbVP+GoEve3lfiGkdTd7E4oZWLlU=
####################
kwHqs9GM5hpmxnu4FZwzwjQK1Om8bx10+1RUZRj0XItI2Sv7kzPTlYkkPt4CSP/obegxBlpzrLfsWYNlHESW0y5w0SoTCRjlQVnshSX/iPVT4Y3gafdfifmDtNdEzdDkB5oFuKvDoep+kjhgGOdkWKniR20TGIyyvjCoO5nucnr8WDBgLJfkIOOosB4s6p9nDi3l4MKJvR0h2QgSJ+/diWACq076lUexBLPf4/0eoi9QpxWuXent2nhm8j7BcnHBnXrDlQHwPSJYj2Cuwz6XjA==
####################
ZPdik8Mhg+ligLc46fVd2DwR92fylrOlwmI8g/1Fmw492HAhk7tXGp0vG9rJiu+4mUuJ6RSW+qJmlgmBRpmEPZCPoskW6Q5/WvmjJW06GXiXG0zvs3Q/R7gNsUtYlX83K9nq2uIxWPzuMJuHwxt4+e2jSw/s9U72mID7r97Xbuc=
####################
DFmIx+jLgRf53M/7B7Rmz6u62N8wD74fs1m+UukNBDdieknBHEyNloldiXgfqa74aJUoMzeqat4OemOWKxO4k0JyPk/Nd1XW2A1E6WF8wqxxzfH4eApzbNPPX1Lxe2IIjuywiavRVsO68UxMBjU5Ce98ju+rBpAZhDe+npiF6UZAwdxdtya+GosuckoqdtijOCSyoMhyTNur7fbKDZLZuFRDueujaGgwqM/P9Y7/4myh4gKGnziqP06wV4ObtCIcnZ8bZELJuI8SkLrKcMO27g==
####################
WAvUECVqg7RANbsU/HcXyiWaLUJQ3g+u5GgjXQMAuHyb3OB3ib3QrBkyMBTBcpf0cQ3mlJSm6va4r+MtiJqutl/jMdL2X9buZbtEXpqOcmLLSCkQ6L2teVxbEzxqrGr2rj80EcvaZpvBH35pyYoaQag0Dna1keza7pttNo8OCz8=
####################
sJ5Gdg+/oYkSpJZP9rtAt3rOBh1t5CBWxsj+4eDNjczuguVn0QNJw8WYGSclkHcPgoYh5DiDevHPoEZJpZuS+Kr7UiBiKWpyCjOL9przRsacq+EEFpK38EqB4MHEz4YmLODWsMTCRB09F0/2jyu7Y1Mvmyvsni/f1x+Nbxh3iBmh5uz9gPrIDOdYHhFOl6yKRXPMMwNkxreGOks0cGlaNjWXz2WlYCU6aBwH2EpBZSQnvLOQdVlJkpAnMs3eGORwC8U3CCAYynDKY1LcSYHMKw==
####################
nf8xZoPEfOur8cnS825FqPVZdOXmUbVKTuwgOODVrnX/JXwPPF07sw5i/VSE4bKE3faHffzZKsIUPfFZVJ4cu/7RN+1u/5zKeQAqM8f2axt7omhdsIZ+7XV38vtuaJxmL++/OtzqseEtGA2gcS7jrJB2zOuHJsiDafV28crWePg=
####################
s+hxC/9HGmocdmzeeKm1/p8OZXq7gUGzFoOvCooY/QjnOxtGEgDZQnbYhCjV8da9Y2s0xymRk69wa7sXfkECQAgeoBCc4DKFRea/8gtRhyudziX3U9rQeey1cf5H3q+uPkDDVyjZ0CBftX0WoMLcQeFrOZXOqA2JRoPoNs6ln84D3kx/euWV3Q7TLEcIIWO8+Sb/ZDPy2qjKcKQR6l0WtRzSsGNA+p+HYcIsMoX1GO7S+d0qTZw+GOVOGDTupqmlVmzOCHvt/ScPPWihZIAl8A==
####################
KeyJHQjyHpc9X7dHh4JRNy8AELW54py481Pt/rDsd7lCl8z+YG9FVfUgGZ++2Zvfu+03TclLVwJpD1mvq+J4U7AMfYF6A9aJbPefgCS+71PK3ISgbBSmQNt1W77BGkzNGZSn56v9b0NbwqNe53FjFxKV4tzc4JpXoAyJ/7hPenA=
####################
8ojDtXfDGnJlPKq7S4QFogIsItKbwGxMEN9ClGW334yf3IMvQmqQ0VglJz/K6i4OmGXs/1BTWnwx/gdNt9CztpjdoH6HD5/pkRjfIyH6cSVg8bPzzfmZUBI4Gj3dKJv74YIZB+4d7a04Xrj0CAzVhpW2woXyTgT1rR+yeMgXdVafqgxVmhsBXJZPF+VIVyC1Evob8S5YSIeKT+C2QP6zGg+9naX2AxjWG+1f6pZyZhdYcWvSVxDBgiUZ+zQgBcO6KofrPbsNGG4CtwlFndfUJg==
