2019/02/16 13:12:37 [Server] Starting 
2019/02/16 13:12:38 [Initial] Version: 470.1548307665, HttpServerPort: 2324, TcpServerPort: 2323, DeveloperTrace: Single, DebugMode: True, TracePrint: True, ClientTrace: False, EnableStackView: True, SessionTimeOut: 1800, NetworkTimeOut: 30, MirrorPatternMaxVerifyTimes: 3, FormStackMaxCount: 10, RelativeScreen: True, TextFontScaling: True, SysTrace: False
        BasePath: C:\Users\Administrator\Desktop\DevNew\proFineUI\smbApp\bin\Debug\
        DefaultImagePath: C:\Users\Administrator\Desktop\DevNew\proFineUI\smbApp\bin\Debug\Resources\Image
        DefaultAudioPath: C:\Users\Administrator\Desktop\DevNew\proFineUI\smbApp\bin\Debug\Resources\Audio
        DefaultDocumentPath: C:\Users\Administrator\Desktop\DevNew\proFineUI\smbApp\bin\Debug\Resources\Document
        DefaultUploadPath: C:\Users\Administrator\Desktop\DevNew\proFineUI\smbApp\bin\Debug\Resources\Upload
        DefaultMediaPath: C:\Users\Administrator\Desktop\DevNew\proFineUI\smbApp\bin\Debug\Resources\Media
        DefaultWebPath: C:\Users\Administrator\Desktop\DevNew\proFineUI\smbApp\bin\Debug\Resources\Web
 
2019/02/16 13:12:38 [AutoSet] Start 
2019/02/16 13:12:38 [Server] Started 
2019/02/16 13:12:55 [TcpAccept] 192.168.100.102:2323 
2019/02/16 13:12:55 [866654035278602-192.168.100.100] {"deviceOS":"Android","deviceOSVersion":"8.0.0","deviceModel":"MI 6","screenSize":{"width":1080,"height":1920},"density":3.0,"version":"4.7.1","coreVersion":"4.7.0","autoBuild":false,"isCompany":true,"extraInfo":{"package_name":"com.smobiler.app","display_name":"Smobiler"}} 
2019/02/16 13:26:26 [Server] Starting 
2019/02/16 13:26:26 [Initial] Version: 470.1548307665, HttpServerPort: 2324, TcpServerPort: 2323, DeveloperTrace: Single, DebugMode: True, TracePrint: True, ClientTrace: False, EnableStackView: True, SessionTimeOut: 1800, NetworkTimeOut: 30, MirrorPatternMaxVerifyTimes: 3, FormStackMaxCount: 10, RelativeScreen: True, TextFontScaling: True, SysTrace: False
        BasePath: C:\Users\Administrator\Desktop\DevNew\proFineUI\smbApp\bin\Debug\
        DefaultImagePath: C:\Users\Administrator\Desktop\DevNew\proFineUI\smbApp\bin\Debug\Resources\Image
        DefaultAudioPath: C:\Users\Administrator\Desktop\DevNew\proFineUI\smbApp\bin\Debug\Resources\Audio
        DefaultDocumentPath: C:\Users\Administrator\Desktop\DevNew\proFineUI\smbApp\bin\Debug\Resources\Document
        DefaultUploadPath: C:\Users\Administrator\Desktop\DevNew\proFineUI\smbApp\bin\Debug\Resources\Upload
        DefaultMediaPath: C:\Users\Administrator\Desktop\DevNew\proFineUI\smbApp\bin\Debug\Resources\Media
        DefaultWebPath: C:\Users\Administrator\Desktop\DevNew\proFineUI\smbApp\bin\Debug\Resources\Web
 
2019/02/16 13:26:26 [Server] Started 
2019/02/16 13:26:26 [AutoSet] Start 
2019/02/16 13:26:27 [TcpAccept] 192.168.100.102:2323 
2019/02/16 13:27:57 [Server] Stoping 
2019/02/16 13:27:57 [TcpAccept-EX] 无法访问已释放的对象。
对象名:“System.Net.Sockets.Socket”。 
2019/02/16 13:27:57 [866654035278602] Stop-StopServer-True-- 
2019/02/16 13:27:57 [Server] Stoped 
2019/02/16 13:27:57 [AutoSet] Stop 
2019/02/16 13:36:12 [Server] Starting 
2019/02/16 13:36:13 [Initial] Version: 470.1548307665, HttpServerPort: 2324, TcpServerPort: 2323, DeveloperTrace: Single, DebugMode: True, TracePrint: True, ClientTrace: False, EnableStackView: True, SessionTimeOut: 1800, NetworkTimeOut: 30, MirrorPatternMaxVerifyTimes: 3, FormStackMaxCount: 10, RelativeScreen: True, TextFontScaling: True, SysTrace: False
        BasePath: C:\Users\Administrator\Desktop\DevNew\proFineUI\smbApp\bin\Debug\
        DefaultImagePath: C:\Users\Administrator\Desktop\DevNew\proFineUI\smbApp\bin\Debug\Resources\Image
        DefaultAudioPath: C:\Users\Administrator\Desktop\DevNew\proFineUI\smbApp\bin\Debug\Resources\Audio
        DefaultDocumentPath: C:\Users\Administrator\Desktop\DevNew\proFineUI\smbApp\bin\Debug\Resources\Document
        DefaultUploadPath: C:\Users\Administrator\Desktop\DevNew\proFineUI\smbApp\bin\Debug\Resources\Upload
        DefaultMediaPath: C:\Users\Administrator\Desktop\DevNew\proFineUI\smbApp\bin\Debug\Resources\Media
        DefaultWebPath: C:\Users\Administrator\Desktop\DevNew\proFineUI\smbApp\bin\Debug\Resources\Web
 
2019/02/16 13:36:13 [Server] Started 
2019/02/16 13:36:13 [AutoSet] Start 
2019/02/16 13:36:15 [TcpAccept] 192.168.100.102:2323 
2019/02/16 13:36:55 [Server] Stoping 
2019/02/16 13:36:55 [866654035278602] Stop-StopServer-True-- 
2019/02/16 13:36:55 [Server] Stoped 
2019/02/16 13:36:55 [AutoSet] Stop 
2019/02/16 13:36:55 [TcpAccept-EX] 无法访问已释放的对象。
对象名:“System.Net.Sockets.Socket”。 
2019/02/16 13:55:56 [Server] Starting 
2019/02/16 13:55:57 [Initial] Version: 470.1548307665, HttpServerPort: 2324, TcpServerPort: 2323, DeveloperTrace: Single, DebugMode: True, TracePrint: True, ClientTrace: False, EnableStackView: True, SessionTimeOut: 1800, NetworkTimeOut: 30, MirrorPatternMaxVerifyTimes: 3, FormStackMaxCount: 10, RelativeScreen: True, TextFontScaling: True, SysTrace: False
        BasePath: C:\Users\Administrator\Desktop\DevNew\proFineUI\smbApp\bin\Debug\
        DefaultImagePath: C:\Users\Administrator\Desktop\DevNew\proFineUI\smbApp\bin\Debug\Resources\Image
        DefaultAudioPath: C:\Users\Administrator\Desktop\DevNew\proFineUI\smbApp\bin\Debug\Resources\Audio
        DefaultDocumentPath: C:\Users\Administrator\Desktop\DevNew\proFineUI\smbApp\bin\Debug\Resources\Document
        DefaultUploadPath: C:\Users\Administrator\Desktop\DevNew\proFineUI\smbApp\bin\Debug\Resources\Upload
        DefaultMediaPath: C:\Users\Administrator\Desktop\DevNew\proFineUI\smbApp\bin\Debug\Resources\Media
        DefaultWebPath: C:\Users\Administrator\Desktop\DevNew\proFineUI\smbApp\bin\Debug\Resources\Web
 
2019/02/16 13:55:57 [Server] Started 
2019/02/16 13:55:57 [AutoSet] Start 
2019/02/16 13:56:06 [TcpAccept] 192.168.100.102:2323 
2019/02/16 13:59:23 [Server] Starting 
2019/02/16 13:59:23 [Initial] Version: 470.1548307665, HttpServerPort: 2324, TcpServerPort: 2323, DeveloperTrace: Single, DebugMode: True, TracePrint: True, ClientTrace: False, EnableStackView: True, SessionTimeOut: 1800, NetworkTimeOut: 30, MirrorPatternMaxVerifyTimes: 3, FormStackMaxCount: 10, RelativeScreen: True, TextFontScaling: True, SysTrace: False
        BasePath: C:\Users\Administrator\Desktop\DevNew\proFineUI\smbApp\bin\Debug\
        DefaultImagePath: C:\Users\Administrator\Desktop\DevNew\proFineUI\smbApp\bin\Debug\Resources\Image
        DefaultAudioPath: C:\Users\Administrator\Desktop\DevNew\proFineUI\smbApp\bin\Debug\Resources\Audio
        DefaultDocumentPath: C:\Users\Administrator\Desktop\DevNew\proFineUI\smbApp\bin\Debug\Resources\Document
        DefaultUploadPath: C:\Users\Administrator\Desktop\DevNew\proFineUI\smbApp\bin\Debug\Resources\Upload
        DefaultMediaPath: C:\Users\Administrator\Desktop\DevNew\proFineUI\smbApp\bin\Debug\Resources\Media
        DefaultWebPath: C:\Users\Administrator\Desktop\DevNew\proFineUI\smbApp\bin\Debug\Resources\Web
 
2019/02/16 13:59:23 [AutoSet] Start 
2019/02/16 13:59:23 [Server] Started 
2019/02/16 13:59:24 [TcpAccept] 192.168.100.102:2323 
2019/02/16 14:00:33 [Server] Stoping 
2019/02/16 14:00:33 [TcpAccept-EX] 无法访问已释放的对象。
对象名:“System.Net.Sockets.Socket”。 
2019/02/16 14:00:33 [866654035278602] Stop-StopServer-True-- 
2019/02/16 14:00:33 [Server] Stoped 
2019/02/16 14:00:33 [AutoSet] Stop 
2019/02/16 14:03:50 [Server] Starting 
2019/02/16 14:03:50 [Initial] Version: 470.1548307665, HttpServerPort: 2324, TcpServerPort: 2323, DeveloperTrace: Single, DebugMode: True, TracePrint: True, ClientTrace: False, EnableStackView: True, SessionTimeOut: 1800, NetworkTimeOut: 30, MirrorPatternMaxVerifyTimes: 3, FormStackMaxCount: 10, RelativeScreen: True, TextFontScaling: True, SysTrace: False
        BasePath: C:\Users\Administrator\Desktop\DevNew\proFineUI\smbApp\bin\Debug\
        DefaultImagePath: C:\Users\Administrator\Desktop\DevNew\proFineUI\smbApp\bin\Debug\Resources\Image
        DefaultAudioPath: C:\Users\Administrator\Desktop\DevNew\proFineUI\smbApp\bin\Debug\Resources\Audio
        DefaultDocumentPath: C:\Users\Administrator\Desktop\DevNew\proFineUI\smbApp\bin\Debug\Resources\Document
        DefaultUploadPath: C:\Users\Administrator\Desktop\DevNew\proFineUI\smbApp\bin\Debug\Resources\Upload
        DefaultMediaPath: C:\Users\Administrator\Desktop\DevNew\proFineUI\smbApp\bin\Debug\Resources\Media
        DefaultWebPath: C:\Users\Administrator\Desktop\DevNew\proFineUI\smbApp\bin\Debug\Resources\Web
 
2019/02/16 14:03:50 [Server] Started 
2019/02/16 14:03:50 [AutoSet] Start 
2019/02/16 14:03:54 [TcpAccept] 192.168.100.102:2323 
2019/02/16 14:03:55 [866654035278602-192.168.100.100] {"deviceOS":"Android","deviceOSVersion":"8.0.0","deviceModel":"MI 6","screenSize":{"width":1080,"height":1920},"density":3.0,"version":"4.7.1","coreVersion":"4.7.0","autoBuild":false,"isCompany":true,"extraInfo":{"package_name":"com.smobiler.app","display_name":"Smobiler"}} 
2019/02/16 14:04:53 [Server] Stoping 
2019/02/16 14:04:53 [TcpAccept-EX] 无法访问已释放的对象。
对象名:“System.Net.Sockets.Socket”。 
2019/02/16 14:04:53 [866654035278602] Stop-StopServer-True-- 
2019/02/16 14:04:53 [Server] Stoped 
2019/02/16 14:04:53 [AutoSet] Stop 
2019/02/16 14:11:57 [Server] Starting 
2019/02/16 14:11:57 [Initial] Version: 470.1548307665, HttpServerPort: 2324, TcpServerPort: 2323, DeveloperTrace: Single, DebugMode: True, TracePrint: True, ClientTrace: False, EnableStackView: True, SessionTimeOut: 1800, NetworkTimeOut: 30, MirrorPatternMaxVerifyTimes: 3, FormStackMaxCount: 10, RelativeScreen: True, TextFontScaling: True, SysTrace: False
        BasePath: C:\Users\Administrator\Desktop\DevNew\proFineUI\smbApp\bin\Debug\
        DefaultImagePath: C:\Users\Administrator\Desktop\DevNew\proFineUI\smbApp\bin\Debug\Resources\Image
        DefaultAudioPath: C:\Users\Administrator\Desktop\DevNew\proFineUI\smbApp\bin\Debug\Resources\Audio
        DefaultDocumentPath: C:\Users\Administrator\Desktop\DevNew\proFineUI\smbApp\bin\Debug\Resources\Document
        DefaultUploadPath: C:\Users\Administrator\Desktop\DevNew\proFineUI\smbApp\bin\Debug\Resources\Upload
        DefaultMediaPath: C:\Users\Administrator\Desktop\DevNew\proFineUI\smbApp\bin\Debug\Resources\Media
        DefaultWebPath: C:\Users\Administrator\Desktop\DevNew\proFineUI\smbApp\bin\Debug\Resources\Web
 
2019/02/16 14:11:57 [Server] Started 
2019/02/16 14:11:57 [AutoSet] Start 
2019/02/16 14:12:02 [TcpAccept] 192.168.100.102:2323 
2019/02/16 14:12:02 [866654035278602-192.168.100.100] {"deviceOS":"Android","deviceOSVersion":"8.0.0","deviceModel":"MI 6","screenSize":{"width":1080,"height":1920},"density":3.0,"version":"4.7.1","coreVersion":"4.7.0","autoBuild":false,"isCompany":true,"extraInfo":{"package_name":"com.smobiler.app","display_name":"Smobiler"}} 
2019/02/16 14:12:19 [Server] Stoping 
2019/02/16 14:12:19 [866654035278602] Stop-StopServer-True-- 
2019/02/16 14:12:19 [TcpAccept-EX] 无法访问已释放的对象。
对象名:“System.Net.Sockets.Socket”。 
2019/02/16 14:12:20 [Server] Stoped 
2019/02/16 14:12:20 [AutoSet] Stop 
2019/02/16 14:16:46 [Server] Starting 
2019/02/16 14:16:46 [Initial] Version: 470.1548307665, HttpServerPort: 2324, TcpServerPort: 2323, DeveloperTrace: Single, DebugMode: True, TracePrint: True, ClientTrace: False, EnableStackView: True, SessionTimeOut: 1800, NetworkTimeOut: 30, MirrorPatternMaxVerifyTimes: 3, FormStackMaxCount: 10, RelativeScreen: True, TextFontScaling: True, SysTrace: False
        BasePath: C:\Users\Administrator\Desktop\DevNew\proFineUI\smbApp\bin\Debug\
        DefaultImagePath: C:\Users\Administrator\Desktop\DevNew\proFineUI\smbApp\bin\Debug\Resources\Image
        DefaultAudioPath: C:\Users\Administrator\Desktop\DevNew\proFineUI\smbApp\bin\Debug\Resources\Audio
        DefaultDocumentPath: C:\Users\Administrator\Desktop\DevNew\proFineUI\smbApp\bin\Debug\Resources\Document
        DefaultUploadPath: C:\Users\Administrator\Desktop\DevNew\proFineUI\smbApp\bin\Debug\Resources\Upload
        DefaultMediaPath: C:\Users\Administrator\Desktop\DevNew\proFineUI\smbApp\bin\Debug\Resources\Media
        DefaultWebPath: C:\Users\Administrator\Desktop\DevNew\proFineUI\smbApp\bin\Debug\Resources\Web
 
2019/02/16 14:16:46 [Server] Started 
2019/02/16 14:16:46 [AutoSet] Start 
2019/02/16 14:16:51 [TcpAccept] 192.168.100.102:2323 
2019/02/16 14:16:52 [866654035278602-192.168.100.100] {"deviceOS":"Android","deviceOSVersion":"8.0.0","deviceModel":"MI 6","screenSize":{"width":1080,"height":1920},"density":3.0,"version":"4.7.1","coreVersion":"4.7.0","autoBuild":false,"isCompany":true,"extraInfo":{"package_name":"com.smobiler.app","display_name":"Smobiler"}} 
2019/02/16 14:17:28 [Server] Stoping 
2019/02/16 14:17:28 [866654035278602] Stop-StopServer-True-- 
2019/02/16 14:17:28 [Server] Stoped 
2019/02/16 14:17:28 [AutoSet] Stop 
2019/02/16 14:17:28 [TcpAccept-EX] 无法访问已释放的对象。
对象名:“System.Net.Sockets.Socket”。 
2019/02/16 14:22:09 [Server] Starting 
2019/02/16 14:22:09 [Initial] Version: 470.1548307665, HttpServerPort: 2324, TcpServerPort: 2323, DeveloperTrace: Single, DebugMode: True, TracePrint: True, ClientTrace: False, EnableStackView: True, SessionTimeOut: 1800, NetworkTimeOut: 30, MirrorPatternMaxVerifyTimes: 3, FormStackMaxCount: 10, RelativeScreen: True, TextFontScaling: True, SysTrace: False
        BasePath: C:\Users\Administrator\Desktop\DevNew\proFineUI\smbApp\bin\Debug\
        DefaultImagePath: C:\Users\Administrator\Desktop\DevNew\proFineUI\smbApp\bin\Debug\Resources\Image
        DefaultAudioPath: C:\Users\Administrator\Desktop\DevNew\proFineUI\smbApp\bin\Debug\Resources\Audio
        DefaultDocumentPath: C:\Users\Administrator\Desktop\DevNew\proFineUI\smbApp\bin\Debug\Resources\Document
        DefaultUploadPath: C:\Users\Administrator\Desktop\DevNew\proFineUI\smbApp\bin\Debug\Resources\Upload
        DefaultMediaPath: C:\Users\Administrator\Desktop\DevNew\proFineUI\smbApp\bin\Debug\Resources\Media
        DefaultWebPath: C:\Users\Administrator\Desktop\DevNew\proFineUI\smbApp\bin\Debug\Resources\Web
 
2019/02/16 14:22:09 [AutoSet] Start 
2019/02/16 14:22:09 [Server] Started 
2019/02/16 14:22:15 [TcpAccept] 192.168.100.102:2323 
2019/02/16 14:22:29 [TcpAccept] 192.168.100.102:2323 
2019/02/16 14:22:29 [866654035278602-192.168.100.100] {"deviceOS":"Android","deviceOSVersion":"8.0.0","deviceModel":"MI 6","screenSize":{"width":1080,"height":1920},"density":3.0,"version":"4.7.1","coreVersion":"4.7.0","autoBuild":false,"isCompany":true,"extraInfo":{"package_name":"com.smobiler.app","display_name":"Smobiler"}} 
2019/02/16 14:22:37 [Server] Stoping 
2019/02/16 14:22:37 [866654035278602] Stop-StopServer-True-- 
2019/02/16 14:22:37 [Server] Stoped 
2019/02/16 14:22:37 [AutoSet] Stop 
2019/02/16 14:22:37 [TcpAccept-EX] 无法访问已释放的对象。
对象名:“System.Net.Sockets.Socket”。 
2019/02/16 14:23:46 [Server] Starting 
2019/02/16 14:23:46 [Initial] Version: 470.1548307665, HttpServerPort: 2324, TcpServerPort: 2323, DeveloperTrace: Single, DebugMode: True, TracePrint: True, ClientTrace: False, EnableStackView: True, SessionTimeOut: 1800, NetworkTimeOut: 30, MirrorPatternMaxVerifyTimes: 3, FormStackMaxCount: 10, RelativeScreen: True, TextFontScaling: True, SysTrace: False
        BasePath: C:\Users\Administrator\Desktop\DevNew\proFineUI\smbApp\bin\Debug\
        DefaultImagePath: C:\Users\Administrator\Desktop\DevNew\proFineUI\smbApp\bin\Debug\Resources\Image
        DefaultAudioPath: C:\Users\Administrator\Desktop\DevNew\proFineUI\smbApp\bin\Debug\Resources\Audio
        DefaultDocumentPath: C:\Users\Administrator\Desktop\DevNew\proFineUI\smbApp\bin\Debug\Resources\Document
        DefaultUploadPath: C:\Users\Administrator\Desktop\DevNew\proFineUI\smbApp\bin\Debug\Resources\Upload
        DefaultMediaPath: C:\Users\Administrator\Desktop\DevNew\proFineUI\smbApp\bin\Debug\Resources\Media
        DefaultWebPath: C:\Users\Administrator\Desktop\DevNew\proFineUI\smbApp\bin\Debug\Resources\Web
 
2019/02/16 14:23:46 [Server] Started 
2019/02/16 14:23:48 [TcpAccept] 192.168.100.102:2323 
2019/02/16 14:24:10 [Server] Stoping 
2019/02/16 14:24:10 [TcpAccept-EX] 无法访问已释放的对象。
对象名:“System.Net.Sockets.Socket”。 
2019/02/16 14:24:10 [866654035278602] Stop-StopServer-True-- 
2019/02/16 14:24:10 [Server] Stoped 
2019/02/16 14:24:10 [AutoSet] Stop 
2019/02/16 14:25:41 [Server] Starting 
2019/02/16 14:25:41 [Initial] Version: 470.1548307665, HttpServerPort: 2324, TcpServerPort: 2323, DeveloperTrace: Single, DebugMode: True, TracePrint: True, ClientTrace: False, EnableStackView: True, SessionTimeOut: 1800, NetworkTimeOut: 30, MirrorPatternMaxVerifyTimes: 3, FormStackMaxCount: 10, RelativeScreen: True, TextFontScaling: True, SysTrace: False
        BasePath: C:\Users\Administrator\Desktop\DevNew\proFineUI\smbApp\bin\Debug\
        DefaultImagePath: C:\Users\Administrator\Desktop\DevNew\proFineUI\smbApp\bin\Debug\Resources\Image
        DefaultAudioPath: C:\Users\Administrator\Desktop\DevNew\proFineUI\smbApp\bin\Debug\Resources\Audio
        DefaultDocumentPath: C:\Users\Administrator\Desktop\DevNew\proFineUI\smbApp\bin\Debug\Resources\Document
        DefaultUploadPath: C:\Users\Administrator\Desktop\DevNew\proFineUI\smbApp\bin\Debug\Resources\Upload
        DefaultMediaPath: C:\Users\Administrator\Desktop\DevNew\proFineUI\smbApp\bin\Debug\Resources\Media
        DefaultWebPath: C:\Users\Administrator\Desktop\DevNew\proFineUI\smbApp\bin\Debug\Resources\Web
 
2019/02/16 14:25:41 [Server] Started 
2019/02/16 14:25:41 [AutoSet] Start 
2019/02/16 14:25:44 [TcpAccept] 192.168.100.102:2323 
2019/02/16 14:26:24 [TcpAccept] 192.168.100.102:2323 
2019/02/16 14:26:24 [866654035278602-192.168.100.100] {"deviceOS":"Android","deviceOSVersion":"8.0.0","deviceModel":"MI 6","screenSize":{"width":1080,"height":1920},"density":3.0,"version":"4.7.1","coreVersion":"4.7.0","autoBuild":false,"isCompany":true,"extraInfo":{"package_name":"com.smobiler.app","display_name":"Smobiler"}} 
2019/02/16 14:27:16 [Server] Starting 
2019/02/16 14:27:16 [Initial] Version: 470.1548307665, HttpServerPort: 2324, TcpServerPort: 2323, DeveloperTrace: Single, DebugMode: True, TracePrint: True, ClientTrace: False, EnableStackView: True, SessionTimeOut: 1800, NetworkTimeOut: 30, MirrorPatternMaxVerifyTimes: 3, FormStackMaxCount: 10, RelativeScreen: True, TextFontScaling: True, SysTrace: False
        BasePath: C:\Users\Administrator\Desktop\DevNew\proFineUI\smbApp\bin\Debug\
        DefaultImagePath: C:\Users\Administrator\Desktop\DevNew\proFineUI\smbApp\bin\Debug\Resources\Image
        DefaultAudioPath: C:\Users\Administrator\Desktop\DevNew\proFineUI\smbApp\bin\Debug\Resources\Audio
        DefaultDocumentPath: C:\Users\Administrator\Desktop\DevNew\proFineUI\smbApp\bin\Debug\Resources\Document
        DefaultUploadPath: C:\Users\Administrator\Desktop\DevNew\proFineUI\smbApp\bin\Debug\Resources\Upload
        DefaultMediaPath: C:\Users\Administrator\Desktop\DevNew\proFineUI\smbApp\bin\Debug\Resources\Media
        DefaultWebPath: C:\Users\Administrator\Desktop\DevNew\proFineUI\smbApp\bin\Debug\Resources\Web
 
2019/02/16 14:27:16 [Server] Started 
2019/02/16 14:27:16 [AutoSet] Start 
2019/02/16 14:27:17 [TcpAccept] 192.168.100.102:2323 
2019/02/16 14:27:42 [Server] Stoping 
2019/02/16 14:27:42 [866654035278602] Stop-StopServer-True-- 
2019/02/16 14:27:42 [Server] Stoped 
2019/02/16 14:27:42 [AutoSet] Stop 
2019/02/16 14:27:42 [TcpAccept-EX] 无法访问已释放的对象。
对象名:“System.Net.Sockets.Socket”。 
2019/02/16 14:27:59 [Server] Starting 
2019/02/16 14:27:59 [Initial] Version: 470.1548307665, HttpServerPort: 2324, TcpServerPort: 2323, DeveloperTrace: Single, DebugMode: True, TracePrint: True, ClientTrace: False, EnableStackView: True, SessionTimeOut: 1800, NetworkTimeOut: 30, MirrorPatternMaxVerifyTimes: 3, FormStackMaxCount: 10, RelativeScreen: True, TextFontScaling: True, SysTrace: False
        BasePath: C:\Users\Administrator\Desktop\DevNew\proFineUI\smbApp\bin\Debug\
        DefaultImagePath: C:\Users\Administrator\Desktop\DevNew\proFineUI\smbApp\bin\Debug\Resources\Image
        DefaultAudioPath: C:\Users\Administrator\Desktop\DevNew\proFineUI\smbApp\bin\Debug\Resources\Audio
        DefaultDocumentPath: C:\Users\Administrator\Desktop\DevNew\proFineUI\smbApp\bin\Debug\Resources\Document
        DefaultUploadPath: C:\Users\Administrator\Desktop\DevNew\proFineUI\smbApp\bin\Debug\Resources\Upload
        DefaultMediaPath: C:\Users\Administrator\Desktop\DevNew\proFineUI\smbApp\bin\Debug\Resources\Media
        DefaultWebPath: C:\Users\Administrator\Desktop\DevNew\proFineUI\smbApp\bin\Debug\Resources\Web
 
2019/02/16 14:27:59 [AutoSet] Start 
2019/02/16 14:27:59 [Server] Started 
2019/02/16 14:27:59 [TcpAccept] 192.168.100.102:2323 
2019/02/16 14:28:08 [Server] Stoping 
2019/02/16 14:28:08 [866654035278602] Stop-StopServer-True-- 
2019/02/16 14:28:08 [TcpAccept-EX] 无法访问已释放的对象。
对象名:“System.Net.Sockets.Socket”。 
2019/02/16 14:28:09 [Server] Stoped 
2019/02/16 14:28:09 [AutoSet] Stop 
2019/02/16 14:28:44 [Server] Starting 
2019/02/16 14:28:45 [Initial] Version: 470.1548307665, HttpServerPort: 2324, TcpServerPort: 2323, DeveloperTrace: Single, DebugMode: True, TracePrint: True, ClientTrace: False, EnableStackView: True, SessionTimeOut: 1800, NetworkTimeOut: 30, MirrorPatternMaxVerifyTimes: 3, FormStackMaxCount: 10, RelativeScreen: True, TextFontScaling: True, SysTrace: False
        BasePath: C:\Users\Administrator\Desktop\DevNew\proFineUI\smbApp\bin\Debug\
        DefaultImagePath: C:\Users\Administrator\Desktop\DevNew\proFineUI\smbApp\bin\Debug\Resources\Image
        DefaultAudioPath: C:\Users\Administrator\Desktop\DevNew\proFineUI\smbApp\bin\Debug\Resources\Audio
        DefaultDocumentPath: C:\Users\Administrator\Desktop\DevNew\proFineUI\smbApp\bin\Debug\Resources\Document
        DefaultUploadPath: C:\Users\Administrator\Desktop\DevNew\proFineUI\smbApp\bin\Debug\Resources\Upload
        DefaultMediaPath: C:\Users\Administrator\Desktop\DevNew\proFineUI\smbApp\bin\Debug\Resources\Media
        DefaultWebPath: C:\Users\Administrator\Desktop\DevNew\proFineUI\smbApp\bin\Debug\Resources\Web
 
2019/02/16 14:28:45 [AutoSet] Start 
2019/02/16 14:28:45 [Server] Started 
2019/02/16 14:28:49 [TcpAccept] 192.168.100.102:2323 
2019/02/16 14:29:14 [Server] Stoping 
2019/02/16 14:29:14 [866654035278602] Stop-StopServer-True-- 
2019/02/16 14:29:14 [Server] Stoped 
2019/02/16 14:29:14 [AutoSet] Stop 
2019/02/16 14:29:14 [TcpAccept-EX] 无法访问已释放的对象。
对象名:“System.Net.Sockets.Socket”。 
2019/02/16 14:31:20 [Server] Starting 
2019/02/16 14:31:20 [Initial] Version: 470.1548307665, HttpServerPort: 2324, TcpServerPort: 2323, DeveloperTrace: Single, DebugMode: True, TracePrint: True, ClientTrace: False, EnableStackView: True, SessionTimeOut: 1800, NetworkTimeOut: 30, MirrorPatternMaxVerifyTimes: 3, FormStackMaxCount: 10, RelativeScreen: True, TextFontScaling: True, SysTrace: False
        BasePath: C:\Users\Administrator\Desktop\DevNew\proFineUI\smbApp\bin\Debug\
        DefaultImagePath: C:\Users\Administrator\Desktop\DevNew\proFineUI\smbApp\bin\Debug\Resources\Image
        DefaultAudioPath: C:\Users\Administrator\Desktop\DevNew\proFineUI\smbApp\bin\Debug\Resources\Audio
        DefaultDocumentPath: C:\Users\Administrator\Desktop\DevNew\proFineUI\smbApp\bin\Debug\Resources\Document
        DefaultUploadPath: C:\Users\Administrator\Desktop\DevNew\proFineUI\smbApp\bin\Debug\Resources\Upload
        DefaultMediaPath: C:\Users\Administrator\Desktop\DevNew\proFineUI\smbApp\bin\Debug\Resources\Media
        DefaultWebPath: C:\Users\Administrator\Desktop\DevNew\proFineUI\smbApp\bin\Debug\Resources\Web
 
2019/02/16 14:31:21 [AutoSet] Start 
2019/02/16 14:31:21 [Server] Started 
2019/02/16 14:31:25 [TcpAccept] 192.168.100.102:2323 
2019/02/16 14:31:41 [Server] Stoping 
2019/02/16 14:31:41 [866654035278602] Stop-StopServer-True-- 
2019/02/16 14:31:41 [Server] Stoped 
2019/02/16 14:31:41 [AutoSet] Stop 
2019/02/16 14:31:41 [TcpAccept-EX] 无法访问已释放的对象。
对象名:“System.Net.Sockets.Socket”。 
2019/02/16 14:32:00 [Server] Starting 
2019/02/16 14:32:00 [Initial] Version: 470.1548307665, HttpServerPort: 2324, TcpServerPort: 2323, DeveloperTrace: Single, DebugMode: True, TracePrint: True, ClientTrace: False, EnableStackView: True, SessionTimeOut: 1800, NetworkTimeOut: 30, MirrorPatternMaxVerifyTimes: 3, FormStackMaxCount: 10, RelativeScreen: True, TextFontScaling: True, SysTrace: False
        BasePath: C:\Users\Administrator\Desktop\DevNew\proFineUI\smbApp\bin\Debug\
        DefaultImagePath: C:\Users\Administrator\Desktop\DevNew\proFineUI\smbApp\bin\Debug\Resources\Image
        DefaultAudioPath: C:\Users\Administrator\Desktop\DevNew\proFineUI\smbApp\bin\Debug\Resources\Audio
        DefaultDocumentPath: C:\Users\Administrator\Desktop\DevNew\proFineUI\smbApp\bin\Debug\Resources\Document
        DefaultUploadPath: C:\Users\Administrator\Desktop\DevNew\proFineUI\smbApp\bin\Debug\Resources\Upload
        DefaultMediaPath: C:\Users\Administrator\Desktop\DevNew\proFineUI\smbApp\bin\Debug\Resources\Media
        DefaultWebPath: C:\Users\Administrator\Desktop\DevNew\proFineUI\smbApp\bin\Debug\Resources\Web
 
2019/02/16 14:32:00 [Server] Started 
2019/02/16 14:32:00 [AutoSet] Start 
2019/02/16 14:32:03 [TcpAccept] 192.168.100.102:2323 
2019/02/16 14:32:23 [Server] Stoping 
2019/02/16 14:32:23 [866654035278602] Stop-StopServer-True-- 
2019/02/16 14:32:23 [Server] Stoped 
2019/02/16 14:32:23 [AutoSet] Stop 
2019/02/16 14:32:23 [TcpAccept-EX] 无法访问已释放的对象。
对象名:“System.Net.Sockets.Socket”。 
2019/02/16 14:32:55 [Server] Starting 
2019/02/16 14:32:55 [Initial] Version: 470.1548307665, HttpServerPort: 2324, TcpServerPort: 2323, DeveloperTrace: Single, DebugMode: True, TracePrint: True, ClientTrace: False, EnableStackView: True, SessionTimeOut: 1800, NetworkTimeOut: 30, MirrorPatternMaxVerifyTimes: 3, FormStackMaxCount: 10, RelativeScreen: True, TextFontScaling: True, SysTrace: False
        BasePath: C:\Users\Administrator\Desktop\DevNew\proFineUI\smbApp\bin\Debug\
        DefaultImagePath: C:\Users\Administrator\Desktop\DevNew\proFineUI\smbApp\bin\Debug\Resources\Image
        DefaultAudioPath: C:\Users\Administrator\Desktop\DevNew\proFineUI\smbApp\bin\Debug\Resources\Audio
        DefaultDocumentPath: C:\Users\Administrator\Desktop\DevNew\proFineUI\smbApp\bin\Debug\Resources\Document
        DefaultUploadPath: C:\Users\Administrator\Desktop\DevNew\proFineUI\smbApp\bin\Debug\Resources\Upload
        DefaultMediaPath: C:\Users\Administrator\Desktop\DevNew\proFineUI\smbApp\bin\Debug\Resources\Media
        DefaultWebPath: C:\Users\Administrator\Desktop\DevNew\proFineUI\smbApp\bin\Debug\Resources\Web
 
2019/02/16 14:32:55 [Server] Started 
2019/02/16 14:32:55 [AutoSet] Start 
2019/02/16 14:32:56 [TcpAccept] 192.168.100.102:2323 
2019/02/16 14:33:10 [Server] Stoping 
2019/02/16 14:33:10 [866654035278602] Stop-StopServer-True-- 
2019/02/16 14:33:10 [Server] Stoped 
2019/02/16 14:33:10 [AutoSet] Stop 
2019/02/16 14:33:10 [TcpAccept-EX] 无法访问已释放的对象。
对象名:“System.Net.Sockets.Socket”。 
2019/02/16 14:34:03 [Server] Starting 
2019/02/16 14:34:04 [Initial] Version: 470.1548307665, HttpServerPort: 2324, TcpServerPort: 2323, DeveloperTrace: Single, DebugMode: True, TracePrint: True, ClientTrace: False, EnableStackView: True, SessionTimeOut: 1800, NetworkTimeOut: 30, MirrorPatternMaxVerifyTimes: 3, FormStackMaxCount: 10, RelativeScreen: True, TextFontScaling: True, SysTrace: False
        BasePath: C:\Users\Administrator\Desktop\DevNew\proFineUI\smbApp\bin\Debug\
        DefaultImagePath: C:\Users\Administrator\Desktop\DevNew\proFineUI\smbApp\bin\Debug\Resources\Image
        DefaultAudioPath: C:\Users\Administrator\Desktop\DevNew\proFineUI\smbApp\bin\Debug\Resources\Audio
        DefaultDocumentPath: C:\Users\Administrator\Desktop\DevNew\proFineUI\smbApp\bin\Debug\Resources\Document
        DefaultUploadPath: C:\Users\Administrator\Desktop\DevNew\proFineUI\smbApp\bin\Debug\Resources\Upload
        DefaultMediaPath: C:\Users\Administrator\Desktop\DevNew\proFineUI\smbApp\bin\Debug\Resources\Media
        DefaultWebPath: C:\Users\Administrator\Desktop\DevNew\proFineUI\smbApp\bin\Debug\Resources\Web
 
2019/02/16 14:34:04 [Server] Started 
2019/02/16 14:34:04 [AutoSet] Start 
2019/02/16 14:34:09 [TcpAccept] 192.168.100.102:2323 
2019/02/16 14:34:26 [Server] Stoping 
2019/02/16 14:34:26 [866654035278602] Stop-StopServer-True-- 
2019/02/16 14:34:26 [Server] Stoped 
2019/02/16 14:34:26 [AutoSet] Stop 
2019/02/16 14:34:26 [TcpAccept-EX] 无法访问已释放的对象。
对象名:“System.Net.Sockets.Socket”。 
2019/02/16 14:35:42 [Server] Starting 
2019/02/16 14:35:42 [Initial] Version: 470.1548307665, HttpServerPort: 2324, TcpServerPort: 2323, DeveloperTrace: Single, DebugMode: True, TracePrint: True, ClientTrace: False, EnableStackView: True, SessionTimeOut: 1800, NetworkTimeOut: 30, MirrorPatternMaxVerifyTimes: 3, FormStackMaxCount: 10, RelativeScreen: True, TextFontScaling: True, SysTrace: False
        BasePath: C:\Users\Administrator\Desktop\DevNew\proFineUI\smbApp\bin\Debug\
        DefaultImagePath: C:\Users\Administrator\Desktop\DevNew\proFineUI\smbApp\bin\Debug\Resources\Image
        DefaultAudioPath: C:\Users\Administrator\Desktop\DevNew\proFineUI\smbApp\bin\Debug\Resources\Audio
        DefaultDocumentPath: C:\Users\Administrator\Desktop\DevNew\proFineUI\smbApp\bin\Debug\Resources\Document
        DefaultUploadPath: C:\Users\Administrator\Desktop\DevNew\proFineUI\smbApp\bin\Debug\Resources\Upload
        DefaultMediaPath: C:\Users\Administrator\Desktop\DevNew\proFineUI\smbApp\bin\Debug\Resources\Media
        DefaultWebPath: C:\Users\Administrator\Desktop\DevNew\proFineUI\smbApp\bin\Debug\Resources\Web
 
2019/02/16 14:35:42 [AutoSet] Start 
2019/02/16 14:35:42 [Server] Started 
2019/02/16 14:35:45 [TcpAccept] 192.168.100.102:2323 
2019/02/16 14:36:10 [Server] Stoping 
2019/02/16 14:36:10 [866654035278602] Stop-StopServer-True-- 
2019/02/16 14:36:10 [Server] Stoped 
2019/02/16 14:36:10 [AutoSet] Stop 
2019/02/16 14:36:10 [TcpAccept-EX] 无法访问已释放的对象。
对象名:“System.Net.Sockets.Socket”。 
2019/02/16 14:41:13 [Server] Starting 
2019/02/16 14:41:13 [Initial] Version: 470.1548307665, HttpServerPort: 2324, TcpServerPort: 2323, DeveloperTrace: Single, DebugMode: True, TracePrint: True, ClientTrace: False, EnableStackView: True, SessionTimeOut: 1800, NetworkTimeOut: 30, MirrorPatternMaxVerifyTimes: 3, FormStackMaxCount: 10, RelativeScreen: True, TextFontScaling: True, SysTrace: False
        BasePath: C:\Users\Administrator\Desktop\DevNew\proFineUI\smbApp\bin\Debug\
        DefaultImagePath: C:\Users\Administrator\Desktop\DevNew\proFineUI\smbApp\bin\Debug\Resources\Image
        DefaultAudioPath: C:\Users\Administrator\Desktop\DevNew\proFineUI\smbApp\bin\Debug\Resources\Audio
        DefaultDocumentPath: C:\Users\Administrator\Desktop\DevNew\proFineUI\smbApp\bin\Debug\Resources\Document
        DefaultUploadPath: C:\Users\Administrator\Desktop\DevNew\proFineUI\smbApp\bin\Debug\Resources\Upload
        DefaultMediaPath: C:\Users\Administrator\Desktop\DevNew\proFineUI\smbApp\bin\Debug\Resources\Media
        DefaultWebPath: C:\Users\Administrator\Desktop\DevNew\proFineUI\smbApp\bin\Debug\Resources\Web
 
2019/02/16 14:41:13 [Server] Started 
2019/02/16 14:41:13 [AutoSet] Start 
2019/02/16 14:41:16 [TcpAccept] 192.168.100.102:2323 
2019/02/16 14:41:43 [Server] Stoping 
2019/02/16 14:41:43 [866654035278602] Stop-StopServer-True-- 
2019/02/16 14:41:43 [TcpAccept-EX] 无法访问已释放的对象。
对象名:“System.Net.Sockets.Socket”。 
2019/02/16 14:41:44 [Server] Stoped 
2019/02/16 14:41:44 [AutoSet] Stop 
2019/02/16 14:42:32 [Server] Starting 
2019/02/16 14:42:32 [Initial] Version: 470.1548307665, HttpServerPort: 2324, TcpServerPort: 2323, DeveloperTrace: Single, DebugMode: True, TracePrint: True, ClientTrace: False, EnableStackView: True, SessionTimeOut: 1800, NetworkTimeOut: 30, MirrorPatternMaxVerifyTimes: 3, FormStackMaxCount: 10, RelativeScreen: True, TextFontScaling: True, SysTrace: False
        BasePath: C:\Users\Administrator\Desktop\DevNew\proFineUI\smbApp\bin\Debug\
        DefaultImagePath: C:\Users\Administrator\Desktop\DevNew\proFineUI\smbApp\bin\Debug\Resources\Image
        DefaultAudioPath: C:\Users\Administrator\Desktop\DevNew\proFineUI\smbApp\bin\Debug\Resources\Audio
        DefaultDocumentPath: C:\Users\Administrator\Desktop\DevNew\proFineUI\smbApp\bin\Debug\Resources\Document
        DefaultUploadPath: C:\Users\Administrator\Desktop\DevNew\proFineUI\smbApp\bin\Debug\Resources\Upload
        DefaultMediaPath: C:\Users\Administrator\Desktop\DevNew\proFineUI\smbApp\bin\Debug\Resources\Media
        DefaultWebPath: C:\Users\Administrator\Desktop\DevNew\proFineUI\smbApp\bin\Debug\Resources\Web
 
2019/02/16 14:42:32 [Server] Started 
2019/02/16 14:42:35 [TcpAccept] 192.168.100.102:2323 
2019/02/16 14:43:19 [Server] Starting 
2019/02/16 14:43:19 [Initial] Version: 470.1548307665, HttpServerPort: 2324, TcpServerPort: 2323, DeveloperTrace: Single, DebugMode: True, TracePrint: True, ClientTrace: False, EnableStackView: True, SessionTimeOut: 1800, NetworkTimeOut: 30, MirrorPatternMaxVerifyTimes: 3, FormStackMaxCount: 10, RelativeScreen: True, TextFontScaling: True, SysTrace: False
        BasePath: C:\Users\Administrator\Desktop\DevNew\proFineUI\smbApp\bin\Debug\
        DefaultImagePath: C:\Users\Administrator\Desktop\DevNew\proFineUI\smbApp\bin\Debug\Resources\Image
        DefaultAudioPath: C:\Users\Administrator\Desktop\DevNew\proFineUI\smbApp\bin\Debug\Resources\Audio
        DefaultDocumentPath: C:\Users\Administrator\Desktop\DevNew\proFineUI\smbApp\bin\Debug\Resources\Document
        DefaultUploadPath: C:\Users\Administrator\Desktop\DevNew\proFineUI\smbApp\bin\Debug\Resources\Upload
        DefaultMediaPath: C:\Users\Administrator\Desktop\DevNew\proFineUI\smbApp\bin\Debug\Resources\Media
        DefaultWebPath: C:\Users\Administrator\Desktop\DevNew\proFineUI\smbApp\bin\Debug\Resources\Web
 
2019/02/16 14:43:19 [Server] Started 
2019/02/16 14:43:19 [AutoSet] Start 
2019/02/16 14:43:20 [TcpAccept] 192.168.100.102:2323 
2019/02/16 14:44:37 [Server] Starting 
2019/02/16 14:44:38 [Initial] Version: 470.1548307665, HttpServerPort: 2324, TcpServerPort: 2323, DeveloperTrace: Single, DebugMode: True, TracePrint: True, ClientTrace: False, EnableStackView: True, SessionTimeOut: 1800, NetworkTimeOut: 30, MirrorPatternMaxVerifyTimes: 3, FormStackMaxCount: 10, RelativeScreen: True, TextFontScaling: True, SysTrace: False
        BasePath: C:\Users\Administrator\Desktop\DevNew\proFineUI\smbApp\bin\Debug\
        DefaultImagePath: C:\Users\Administrator\Desktop\DevNew\proFineUI\smbApp\bin\Debug\Resources\Image
        DefaultAudioPath: C:\Users\Administrator\Desktop\DevNew\proFineUI\smbApp\bin\Debug\Resources\Audio
        DefaultDocumentPath: C:\Users\Administrator\Desktop\DevNew\proFineUI\smbApp\bin\Debug\Resources\Document
        DefaultUploadPath: C:\Users\Administrator\Desktop\DevNew\proFineUI\smbApp\bin\Debug\Resources\Upload
        DefaultMediaPath: C:\Users\Administrator\Desktop\DevNew\proFineUI\smbApp\bin\Debug\Resources\Media
        DefaultWebPath: C:\Users\Administrator\Desktop\DevNew\proFineUI\smbApp\bin\Debug\Resources\Web
 
2019/02/16 14:44:38 [AutoSet] Start 
2019/02/16 14:44:38 [Server] Started 
2019/02/16 14:44:38 [TcpAccept] 192.168.100.102:2323 
2019/02/16 14:45:24 [Server] Stoping 
2019/02/16 14:45:24 [866654035278602] Stop-StopServer-True-- 
2019/02/16 14:45:24 [Server] Stoped 
2019/02/16 14:45:24 [AutoSet] Stop 
2019/02/16 14:45:24 [TcpAccept-EX] 无法访问已释放的对象。
对象名:“System.Net.Sockets.Socket”。 
2019/02/16 14:45:46 [Server] Starting 
2019/02/16 14:45:46 [Initial] Version: 470.1548307665, HttpServerPort: 2324, TcpServerPort: 2323, DeveloperTrace: Single, DebugMode: True, TracePrint: True, ClientTrace: False, EnableStackView: True, SessionTimeOut: 1800, NetworkTimeOut: 30, MirrorPatternMaxVerifyTimes: 3, FormStackMaxCount: 10, RelativeScreen: True, TextFontScaling: True, SysTrace: False
        BasePath: C:\Users\Administrator\Desktop\DevNew\proFineUI\smbApp\bin\Debug\
        DefaultImagePath: C:\Users\Administrator\Desktop\DevNew\proFineUI\smbApp\bin\Debug\Resources\Image
        DefaultAudioPath: C:\Users\Administrator\Desktop\DevNew\proFineUI\smbApp\bin\Debug\Resources\Audio
        DefaultDocumentPath: C:\Users\Administrator\Desktop\DevNew\proFineUI\smbApp\bin\Debug\Resources\Document
        DefaultUploadPath: C:\Users\Administrator\Desktop\DevNew\proFineUI\smbApp\bin\Debug\Resources\Upload
        DefaultMediaPath: C:\Users\Administrator\Desktop\DevNew\proFineUI\smbApp\bin\Debug\Resources\Media
        DefaultWebPath: C:\Users\Administrator\Desktop\DevNew\proFineUI\smbApp\bin\Debug\Resources\Web
 
2019/02/16 14:45:46 [Server] Started 
2019/02/16 14:45:46 [AutoSet] Start 
2019/02/16 14:45:51 [TcpAccept] 192.168.100.102:2323 
2019/02/16 14:46:01 [Server] Stoping 
2019/02/16 14:46:01 [866654035278602] Stop-StopServer-True-- 
2019/02/16 14:46:01 [Server] Stoped 
2019/02/16 14:46:01 [AutoSet] Stop 
2019/02/16 14:49:04 [Server] Starting 
2019/02/16 14:49:04 [Initial] Version: 470.1548307665, HttpServerPort: 2324, TcpServerPort: 2323, DeveloperTrace: Single, DebugMode: True, TracePrint: True, ClientTrace: False, EnableStackView: True, SessionTimeOut: 1800, NetworkTimeOut: 30, MirrorPatternMaxVerifyTimes: 3, FormStackMaxCount: 10, RelativeScreen: True, TextFontScaling: True, SysTrace: False
        BasePath: C:\Users\Administrator\Desktop\DevNew\proFineUI\smbApp\bin\Debug\
        DefaultImagePath: C:\Users\Administrator\Desktop\DevNew\proFineUI\smbApp\bin\Debug\Resources\Image
        DefaultAudioPath: C:\Users\Administrator\Desktop\DevNew\proFineUI\smbApp\bin\Debug\Resources\Audio
        DefaultDocumentPath: C:\Users\Administrator\Desktop\DevNew\proFineUI\smbApp\bin\Debug\Resources\Document
        DefaultUploadPath: C:\Users\Administrator\Desktop\DevNew\proFineUI\smbApp\bin\Debug\Resources\Upload
        DefaultMediaPath: C:\Users\Administrator\Desktop\DevNew\proFineUI\smbApp\bin\Debug\Resources\Media
        DefaultWebPath: C:\Users\Administrator\Desktop\DevNew\proFineUI\smbApp\bin\Debug\Resources\Web
 
2019/02/16 14:49:04 [Server] Started 
2019/02/16 14:49:04 [AutoSet] Start 
2019/02/16 14:49:04 [TcpAccept] 192.168.100.102:2323 
2019/02/16 14:49:40 [Server] Stoping 
2019/02/16 14:49:40 [866654035278602] Stop-StopServer-True-- 
2019/02/16 14:49:40 [TcpAccept-EX] 无法访问已释放的对象。
对象名:“System.Net.Sockets.Socket”。 
2019/02/16 14:49:41 [Server] Stoped 
2019/02/16 14:49:41 [AutoSet] Stop 
2019/02/16 14:51:08 [Server] Starting 
2019/02/16 14:51:08 [Initial] Version: 470.1548307665, HttpServerPort: 2324, TcpServerPort: 2323, DeveloperTrace: Single, DebugMode: True, TracePrint: True, ClientTrace: False, EnableStackView: True, SessionTimeOut: 1800, NetworkTimeOut: 30, MirrorPatternMaxVerifyTimes: 3, FormStackMaxCount: 10, RelativeScreen: True, TextFontScaling: True, SysTrace: False
        BasePath: C:\Users\Administrator\Desktop\DevNew\proFineUI\smbApp\bin\Debug\
        DefaultImagePath: C:\Users\Administrator\Desktop\DevNew\proFineUI\smbApp\bin\Debug\Resources\Image
        DefaultAudioPath: C:\Users\Administrator\Desktop\DevNew\proFineUI\smbApp\bin\Debug\Resources\Audio
        DefaultDocumentPath: C:\Users\Administrator\Desktop\DevNew\proFineUI\smbApp\bin\Debug\Resources\Document
        DefaultUploadPath: C:\Users\Administrator\Desktop\DevNew\proFineUI\smbApp\bin\Debug\Resources\Upload
        DefaultMediaPath: C:\Users\Administrator\Desktop\DevNew\proFineUI\smbApp\bin\Debug\Resources\Media
        DefaultWebPath: C:\Users\Administrator\Desktop\DevNew\proFineUI\smbApp\bin\Debug\Resources\Web
 
2019/02/16 14:51:08 [Server] Started 
2019/02/16 14:51:08 [AutoSet] Start 
2019/02/16 14:51:09 [TcpAccept] 192.168.100.102:2323 
2019/02/16 14:53:25 [Server] Starting 
2019/02/16 14:53:25 [Initial] Version: 470.1548307665, HttpServerPort: 2324, TcpServerPort: 2323, DeveloperTrace: Single, DebugMode: True, TracePrint: True, ClientTrace: False, EnableStackView: True, SessionTimeOut: 1800, NetworkTimeOut: 30, MirrorPatternMaxVerifyTimes: 3, FormStackMaxCount: 10, RelativeScreen: True, TextFontScaling: True, SysTrace: False
        BasePath: C:\Users\Administrator\Desktop\DevNew\proFineUI\smbApp\bin\Debug\
        DefaultImagePath: C:\Users\Administrator\Desktop\DevNew\proFineUI\smbApp\bin\Debug\Resources\Image
        DefaultAudioPath: C:\Users\Administrator\Desktop\DevNew\proFineUI\smbApp\bin\Debug\Resources\Audio
        DefaultDocumentPath: C:\Users\Administrator\Desktop\DevNew\proFineUI\smbApp\bin\Debug\Resources\Document
        DefaultUploadPath: C:\Users\Administrator\Desktop\DevNew\proFineUI\smbApp\bin\Debug\Resources\Upload
        DefaultMediaPath: C:\Users\Administrator\Desktop\DevNew\proFineUI\smbApp\bin\Debug\Resources\Media
        DefaultWebPath: C:\Users\Administrator\Desktop\DevNew\proFineUI\smbApp\bin\Debug\Resources\Web
 
2019/02/16 14:53:25 [Server] Started 
2019/02/16 14:53:25 [AutoSet] Start 
2019/02/16 14:53:37 [TcpAccept] 192.168.100.102:2323 
2019/02/16 14:53:38 [866654035278602-192.168.100.100] {"deviceOS":"Android","deviceOSVersion":"8.0.0","deviceModel":"MI 6","screenSize":{"width":1080,"height":1920},"density":3.0,"version":"4.7.1","coreVersion":"4.7.0","autoBuild":false,"isCompany":true,"extraInfo":{"package_name":"com.smobiler.app","display_name":"Smobiler"}} 
2019/02/16 14:53:46 [Server] Stoping 
2019/02/16 14:53:46 [866654035278602] Stop-StopServer-True-- 
2019/02/16 14:53:46 [Server] Stoped 
2019/02/16 14:53:46 [TcpAccept-EX] 无法访问已释放的对象。
对象名:“System.Net.Sockets.Socket”。 
2019/02/16 14:53:46 [AutoSet] Stop 
2019/02/16 14:55:44 [Server] Starting 
2019/02/16 14:55:44 [Initial] Version: 470.1548307665, HttpServerPort: 2324, TcpServerPort: 2323, DeveloperTrace: Single, DebugMode: True, TracePrint: True, ClientTrace: False, EnableStackView: True, SessionTimeOut: 1800, NetworkTimeOut: 30, MirrorPatternMaxVerifyTimes: 3, FormStackMaxCount: 10, RelativeScreen: True, TextFontScaling: True, SysTrace: False
        BasePath: C:\Users\Administrator\Desktop\DevNew\proFineUI\smbApp\bin\Debug\
        DefaultImagePath: C:\Users\Administrator\Desktop\DevNew\proFineUI\smbApp\bin\Debug\Resources\Image
        DefaultAudioPath: C:\Users\Administrator\Desktop\DevNew\proFineUI\smbApp\bin\Debug\Resources\Audio
        DefaultDocumentPath: C:\Users\Administrator\Desktop\DevNew\proFineUI\smbApp\bin\Debug\Resources\Document
        DefaultUploadPath: C:\Users\Administrator\Desktop\DevNew\proFineUI\smbApp\bin\Debug\Resources\Upload
        DefaultMediaPath: C:\Users\Administrator\Desktop\DevNew\proFineUI\smbApp\bin\Debug\Resources\Media
        DefaultWebPath: C:\Users\Administrator\Desktop\DevNew\proFineUI\smbApp\bin\Debug\Resources\Web
 
2019/02/16 14:55:44 [Server] Started 
2019/02/16 14:55:44 [AutoSet] Start 
2019/02/16 14:55:46 [TcpAccept] 192.168.100.102:2323 
2019/02/16 14:57:05 [Server] Stoping 
2019/02/16 14:57:05 [866654035278602] Stop-StopServer-True-- 
2019/02/16 14:57:05 [TcpAccept-EX] 无法访问已释放的对象。
对象名:“System.Net.Sockets.Socket”。 
2019/02/16 14:57:05 [Server] Stoped 
2019/02/16 14:57:05 [AutoSet] Stop 
