####################
0tUYg+qrjtZT3iN8fyLTFv03g6ipmi2Hhn5R3JtV/9MWLJO4OUeCofTBjWVSGnjMabrD9eQnrIrLvpFJDcja5HiCK6Np2MKYn3wTV+n6xOB73kusWOHRCpKzsQegiQT9vBt6EVw8GUb6UrLHodd0A2hIwxeW+Abg8/rlUNvYyUA=
####################
nUQtxbdhSsHywRV+wHL6XCLJzJZpgGtthnmNmcAbZE17+pR4fjU3Lg0oXwjrPzAPiloUx4r3mZfSjkAdaQkkHlma+7k3fnh5Jl9nPUWHPoBixdsy05sxWU8Gq0MW/lITPmg65rVRWwnTSxzEIxMNG0DzoJhvzFw6RuBv+Xx9Tc/uOnRv53XEyx8pQfVchFxldCpS+AptVcV9pbIO/oXmt0aHlpAYzM+4zoel96vCVXT+dUrcXiwOHR4VRHF/dDQeGzjhgahCFFGhsNPWAqHqGA==
####################
WwoD6Kyf/ugLl4AK6apWyOU1XUot8tVtcXmC77AKn4tNHOre2XsVkQvjdDwYigHDpcAhaiNdtjJYsUrzzc7kOtR+B4tPpGqcTQtGe2wXxng+bh2Azra4Iv8R9GN8M8B2POwHcIc518uAuXPCHMiZKuRiXrzNHWMqS6vhDZUJXy8=
####################
Tzwcx4XFOiE0Kgm3Ats+QkeYa8Yetj7eGCwSvvas7E9ejs/Fg8t9EIwpdqGwyRLmW+OVruQPMMLcbyto0oFi4gAwyVLBZpGQAcpl0M+ufwYo/Daq4rl0DEjeplg/Hq0tkuUNkPEOgoohShAom40i1p2GxYsSE0XY+PthalyPipjT/77hBb7IF3N6ohx66mQT2JM00ZInr/FmNfMwUoeQaamepTX52mKFFYSj1GVg0mYRqjGws6+DywB8MkoZ8RVW5LOXeJ//S+lsuZLvWPRNIQ==
####################
GmRG9ygDOYniDl8f8nGNqoEj+dcyloa88yI+djrGqPbsC6zMGWKJxWeAfvjomvF764aHYz6dxk2+ZBr5Je2Qt230XMRAqWyB8NjNW6l515RDQZaY7dr1Hv8jclWEmBltad+qKimVtKGzbL5DpmFF6nzyNVNFNJfl73DKkYPUrw4=
####################
Oo6OBvL2vJ8m3tvmZX3Nrb6XmLjRzbAHbFv/AW53C6C2TugNIU1o3xP7jaCJa47Q5M0L4UrAXJCKufoZ+hHR8or8H6bJCDKZsiD5n3NZCUEYLfz1W4L3lhcKob5CSiIqd4wYUxCfA3pa3JqJB1Lur9RUhDm5o+1d/CTCKPQ86oXVoUlpcuX4Q8ApQbRr78g8FTwFYCTCiu3NuwByLUb2E9IpgI81d+3i6PvHzSZgbqow/GNI8NIGFP9MNRQYtg37elWvQZif0qCfTBoC+czijA==
####################
iI7YvNI0W8raAxXRlr53FQW2oznbq8jxd9AetbDfUsIogOpzFQ+g/cNnqNACYoXAxDNyZ5Qs0xemKCzgqp6N6di24N9p4PiybQnbB9GqtFzJ3rGMgxT8D+trLT9mEIoRQ6A4E6NIOaP8asFfhqpuLQZ+pYbXWjQngcKQzf9UmUQ=
####################
ac+jNIzRuhdxo0/5FCfVSObDgHxH6/ZDpyb1N23eFLJTTtUzQzaNvAeGduzUz4E/1EnBC1a858QJJNrblDZhwgSEbsA2TYpOczoBkGelk1LYrZeuVtvPq1KLZC3zOhf7YWOQZu3gLI5YBSIOrQdk6XWhfomj/iB5acUjQ/ki+XE8Ib21BUB9j/601u68hwoph/Slk3c7BdE2Gt3vGZ8eNuknK3lJ6+qb8gR7+0bu7jA/XlcmyF29HPk+Al4R7q02mddcuIOwSEosxJUeihD4eg==
####################
pvsXkQQDK4yYzYOwEiToimhId0ouKbNG3LAlN+J4X2NchpX+cJc/J/EjuSozYz/tHklLape4aUi2AUOlgG9WX3ZmpkMulLs51GqFJlOVH0u0e6Gxssg2KsSnSj4ypRH//HixvN+Zb3hx18BAtnrHoP+5DKqvpdYimMN9qv+5clU=
####################
ukr4uAH7/XxvXDSttDlq74fSkEKBnMg5pHayAK9iASmLN9C/xHRJuiRjfGyLZDh5u/uuCBixZpGOlZr5gtiUEVPJpgTHioLugo2FfSLgsG0H+160/ghQgy9L4h5FVU1s8lQqdLgREf3PMqLkAFCUWwnhPps1GkyLkT3r16uE0XNg9g/P+Nk6Gg8ijbE8jgj/bnFuCpWWH1zT1atz5fMmTRWNpEMoguAHqtO1+PXP0k8uMh5ISAuocSZCQB6j3GyEkIaXnZNz0g56HTRVfDZ1mw==
####################
vXvLoX5YLHAZZJaMu9hxNp9q94hVm/ZKa8LzPhPgcUqJ93JRth058FS5JFKzt/8/92nMF9Zk+Ao0iDhRdwXheZ/Uau6NXCOBbElXdzrf1oHqKxB8Elq/AVpCLVv1JUVXZW1oqnsari1ptysG5AyCnYJzSlVVJUWEGLecov6Xpx0=
####################
dZ8AeZvGeHPGtmU9TZJ/DdkhuuDD0gRw2ktYg5nGUTKe5hVoZKQWYZP75Po2v55nu7PkdcvWDnNwx/0SzMuL7BuVGSeJIJdNmZDQmcdQSGUu4jGq4JxfJymrxsQvcBwv3Uh7VVG8GVZqxl+ih4kl9QAMDz35blClyfoYKLNWMDtAjVwUbWVXCtW4RV3pAPpIFXqfGeVWQjojgWx+jr/ir3SkTRrow1GL8/pOlW89iZ3yM4hKgb1RNM7R8pdUsk45MsVmqajslNRShL37qcT6Bw==
####################
q/GFXWKG/9d4stMnyoXhfeeqVKyJvicw0NF1aRzX5ipNKEaHfyrwBKFLyZufwrCWXm6Jg2V5K6fIM973Hm6QBttPGvvjzHDX60Yu1UpjlrH5o+Yo2NPkXMWpx/c0WTI8z9ew2un32mGlooTw26H8CgPADKRmYIVRYEEJn9In5kA=
####################
XcJGZPD1QYqtonnchJI/xp7Fce0IpRRhtsCS3YO0NjUKY68X95M2+HE8Ze+IXr0VRkar6F/Is/g0LY8HhhLpkwjSrv0sAoPZr6pFjGZr+lFvCP6jGrUj/d+iZtOoSpX3l0ctY1lMI2QFRjNUD/AeXH+4uVM987U0xjspPeIFClTaaZ/0ju1u6cxFAExGYhBBZXFhkKdEnyaRt+qO0z9XuKRWyHuLDXH/t9hc5zdzzIxWvrPLaOQ5BpQGjw7s3re9l6U+Omj1MytYULiRnkkLLQ==
####################
niluD1jaSj15O88EvxFvZTItGDUJNqQ2pfzxiOaHtGy5NppqztZUmy4/FaySoi1+hovF2fJqiA4MAOzUVz5w7ZsFgI4kvH+WkB9Z7oJQd6eEctzRL4shGI2BIx/pzhx4pSRTMuUbvFhk4y22UZ1irODDJeH8xnUtxdQ3rtzhrQw=
####################
PqUv1WL5u50U7idBj14Uev8p5E09e3ogxzGkzFCSjq2vo84V5k0H6Wnudt+9phqZq6avyjQTBHdZQg4ohpk1OjSjOUFzrX+Q8LFcEVbz1HHSHYJNqAzE/yYtKKZicSCPkvlHa6NVssxzahuOdauVnlOvK24BWBj440zE44nRdY+MuBSMDy5tfi5964Yn8J5CXbk5v8BEcZBdYqBNMsBHqi5KabNC+VJzROMOlcLIHNo5jRThF3hCrhu9eEQjdJ4bOChai5c/k4wfr4X24adTFw==
####################
AO/+SPYTo4WjJRDn0W0T+tvtuEDd5KYaEJVJD8lYFP9OvSqQ2a3o5zabY9aFRhYnITZOmSkphI7aMu8e5f70Eo5+Csr1PVgXL8d+PaPZa4ob7c7sRt2NOt0frv7bsPOYMkVLWrLKNFHDpNTl/wFlANNUiuEuGip75nacUHAe5RE=
####################
NKIUNJ6fXRX00jBu/1OWoDdTDbzJHPSSa+8vV07tbF8GPyveTGtphLRDoip01GDmPMkCOArAxIHeKubxmRJllwKz6C3aNbKLruHedxtRbDSkoTOsk92CNwWW5XvzHiHjSnM1OllKAqaVheiGlM7X42CuJPakleAsSPKC5NI8apKcQo6T/7mfbbqm1tv8xcbp98XzlxVMQTwBLZh646vPNHne/4nSFMHLkpVNf6CFluMrNXgL7pq/ZMbeRbev/rFAGiWpNfTZ8ISeToFpx/dHbQ==
####################
K8LNWoqqxwwCuNm7vMJAQgLqGvevZ1eWtwmngjLOy3i2plkW2pPylbkG4QNMDK83tBQavaHb1sPmVbSfB7GJSdRYrIbuvoGqwf8MovdoNgHPRHbUIRBQCI1QnQoiAEWJvjBjuHMe3KkpxvACtDDSqitR9xbwe86WURNS5/lVFsQ=
####################
/2FzPy13UMzwZG8Uk6nhG57zZroO2k2AM6Ft7ZfMQugebTU9eNqKB7q6tN14p/52KIqirGouRXaXmpsNWF4lN8kyNUmTI0HPyiNdq9uW52i6Dk+OqxIqw7sMTo+Rkke8A88uSaw92e4HL3xGN0eiO9GJG31BHGnxEwFwA+l9CWP+osijOGERN3QhC1lVHCtKXQOnTakFXdWV9QR0PNGARz+zKD1uy5vO8qTSogBW+YUsv0sS7woEYfwxvtgKf/INfbG5+EoLkdZohoTgxjdwBQ==
####################
lSJK4fNlKQzt4Wfic1a24inxWqha40E1uGZT1a7/9HKtiQ+nUJLDEfxvyF6rNQQGIcFOaVV+EA8updPTDM4cTwdOQGoR5t6iaJme/izE2+IN439Qh/h/ygCnAM+gCvW0PJG8LUPxGqmeUkjmmbMMehcvz0SOc8vMuRPvX13H9XM=
####################
pNj5zAiiC54b09v9g/OvUrLwpKeprtd9ZhnjBKq8nCejmaX3WZJRidWSSD/syvag0wpd58hyxs7IFHE8mkJg+CtaL6CKm1E5hgiV03Nqu575cMFhBsaQCYuahQu/+okmy9h4kcqE/+zvI0Gn1+z3gsyZHRl662wjGrl7tyBiZjgeQMroKRR5DluRYZ1YkMVTEPbvmFS4aovmuGk/RUVx1oWC9XNpWYGkCHSDAaKdgk9gav9d/TN0cmTaXEkqlRGbOiaVomXQS5pY1bOlCpwIBw==
####################
ACXuNO1paAFjiHBHuR6ASJbKClawQNK8TxjcLy+sNq+09nYzVVE8HEuH2nFyFzgyoVGrNIEg25bkZjA4og8CsvORyATXZK0ESBMASRVp1/aiNJ70aHq4pGv2KsKICcOuQzmnbIuAdzLMKganN+fKkBp2kV7afCWw1/w71C0cDus=
####################
oZ5DAFmKWCqyIaHuVWvP2ghZyddWZq7t4jiHDM5P11HKbJiyzIEHjxCuX95dXKmnxAViIWOeMVi5d/5FX/iOTcos5qyMxxRYfDfPNNZUVUWJCqzTCqM6EimdhwcejCVGXvl16IvTJEX2e8fL+FyQZMBnQ8CKwuRi0+qnQWC2kh6RKt1EJdJlDh/MZ6gZZnwNM+WRsQkWNplIwk7d/jFfTt9A6AQUBc+mHqW6RldOj18QFxExl3kTjVySj9s+gfkNKzf1kvfJCmeYr6Y1Fd+x+w==
####################
K5Ji+VLZjstUqbTpwROLZgfNlyau8EnYgJfd/xUPQMGofcYSwJGJE6wIE15AwmR+1ZaeJcZ25uNDJJ8UQMhUhmsMkJQYyIkq8e/sfnpBouSrP4YwKVqK76c4o9IMsujtRxzkpmUSiXqu7j0NtLG/tfWR0hZvTDIi/uya2qiK6/Q=
####################
aaK32L8luaT4YFdLrG8tzMfLcHPEMeLMvNzyLDtytNBLQ90tvPro/f4V2cdEq6VpWlbyZ+iYbLAGMtKPDtGd2eHVZC6/dbLVqdJzHSwOWJukL1UXT9veIAIfxePhRk4GTYqGNEwIYSvLIIESf4coVAleQ3/1QLWRATnPBWk3hx764vCtArCfQeJKL7s1ESlSAciJnB78Y4lTllGaa+L/U3V9PQxKQeNKG4AKYLUwk3ePBlAgI/kODb5yMyPK3k7VRA1x2s3f9+Skh60Q7yajBA==
####################
jrA1YAvkKXqBRZwWy4oiXncLN4q56J7Q5w5Nk58BHjbD5d6R8ZUQk7lp+zv8baj8VglMaXbpfHbUDTO+6BEFsdvE/CFbwctOKOT9BpxF9QgDilec20I0MN5ZdM/JU0GoYAvFWMk0NPfGN26Q8z0UjYsrOMHZIAnBn+nUs13AKdk=
####################
/Z+/Codrx3rc5oadqUVWd14wJMADi3fsRNLuGQDkTQIkZxUfngRUkQV9KfjiYI+0wQugXi5h8R8zqIltFS0UcVrKIuHgmXaRerT6QTULpLtyBEPMH4gV5MKm7PtU/ThWl1Lcv8dDorevt6J7Uc39e8R8MI0saPOxdJ3SZU9aI93Wl4mZcIt08IlDC2+C0wli2Gz/VoEookSr5WgterG1FQMaT+NgiwXO5iyJwxPzEUULBL2l5JweaeMOKa4tFY2vtJj/ssh7zx2ViG4uoOgeog==
####################
PEZ8lRsoKUtuCEC+JWVSYOh/7bXsI1cj7eqhV5yMPLOPT4fZcKPG/wshG/TfcisVsDYTna2SPtyWqnh7ZQEhRELL9Rrw0Y4M7y+fe2AvrIDKINqIrGkvNV72kzMbSaPSzJVIuJGctS3pb0A9HFVM6tdFolG/K7Ksp6J0r2Cmu78=
####################
tJiqHgm5CaQFfpMuwubwRRlWufEVuVoUSH44fYwqx2jwUgvGPHnBxIpbaJOBaynYa6z3+a2lfti/hts7N/B7KziorczL+geD+ogNQr4M5LgbWEOWKRkCpyAuSRHlFVerQhwwD/oX9p1O3AevFile5qj93RQDB73ZH7mvq/FS+/7H/+OhuJXg/Bd6YHDJQG0RFahHtndqHPN/gNrSmSW70GQYgEpgOFYTpvseXJ3sQHT4EqEWcsba/qdfNOJr6c09bd8uW58PS9Nsq/xdh9INjA==
####################
bNctX1o2ToVxdB/v04kT2YqudBlqMyeTTzwqePLvnE4NsoZ9c5+r8sLMJXKG4CotASxVYSqtG8EoVFrQhqMGrlHQQT1XTwzurNyuvbc1Uf+0HXA8/P6U6TV1SvQYC5wBVJV26YL+BxiSbGGdDNI0fLCwBkL3/vSwVSAp9aPQ0xU=
####################
NlrxQUtlP/ZtK+EKCBSRPSBuIiOWIGVJ8cq2We7b5hl4H3vlm0NmFj9EtGXmZ+RoeylBNbpDIPlslgqn4NodnUHRcHBqIVhrowG6FbM9JI4Fk9w30uP6IYBKw4nknxkd26uvu4y5DaUDktmPTyqXbKqMAoBU2Eoi/3U9I/115auntNQjbbGT7zR2L6ufowfdSMzeCSoD1VsQs43RF1WjY7vusQi2IwF0fyDKg3PmpEuxoWqgB9TbsqvWL+X8Wjy5PgjqdLati5Lak0AplEl6+g==
####################
xlT3Wt58gk9TOGZ1+cEMb05CDf4zHSKOYsG2Tn3sHLmvWC7fYJS2sYihhmgnaXOWyx+uyXr/nmcZpFbeYLYssJ/fDCWxoQD54etalxRRd6gMWcWhf6u9F/FPQ2qVxMZni2ivnLimnT/NNoitU4SjQHau83kQ87JNC6MJcWtqH6k=
####################
R0emWxQeubAXlIlsypjFJ+o83kCjyAudF/gj8TBo1kxTl4GkdcqiAUFLlYWzjSXykj9U5c9LIlFHyU9QcbGB7CQmVoVQnau4bdyK4mfb9X1Ox0dJ3ZiR66CF2HKKTM8Ufzft2lDSfB0GF7qFau9wzoPjmg+ojq94i95gM91Wijgi1twJAaPeklZu0FcCjpOMlwUYcoddkSJgHms5WIi8xDnaQPHMKLxvQQH/pxL1q1OwVz0LNqIf3OaQrusMAJEg+iO4rlmQd5cITfBCG/zsVg==
####################
kw3qJw8Fr603Npt4NEyzpwBDruzVf2wujpl40J3TARjpuS5G/1YMgcilcO7Nn+L0A97lS8ztfnVgiC0Oyvb4+mfKcvsF4KwdcVPAl6+Z7T7SQZVJlMhQCMvph56J9kSohO3XxBFaRuV35dQTSf/1PfTzSsQpiT2zq2AdgqQ7vxA=
####################
3Rm3sYhFJPDnuNQl8dqKhufmFaAFut0rcfHPiFt1wEgjB5xQfLUJ9syB+h3hOzru+qrDNYLUB+yRZSj+B5JuRp2P4yV5upXuzBjxZYty1rkhFtTpxmKaGvRP7fNKyQOtkh5a+8AnvRSo8vob8Wn81rTwv9nOwkV1CSrWJOR2p/1uSY6HB3C3GCRT+pnffe0g5T2ilQ7dzB/W9o/Qr6SqBX0vHDDTGzyNIJG//LWpkG5WzNa87Vp+svl1nuT6Qa+tKY6eGkOSJFSKreHlTYyOag==
####################
cbrcEBAzhHZ65ubS0RU9J8O/L3zoBzwWsPLfl03JyQg6p6g3CWGup1bw8IJATFQJ+vAfh4VFmPf7dZtM2yqbpnXq1pZsFvjHirPCx3Vlo8tYEdH7Kgxbl38MOHfRav8Y4AWOauEJWaOE01fEOOJQ59fJZr5itIHZpjlK4kcDSn8=
####################
86MrAZ4n9VronB1fU8Ak4tS8Bp/mSLIKu1YtCk0/0dJhTUP+MEyvg2R0WxUOR1spBfGn9gl776zPeu0U4LUQLCi/MdpPypzUfqABS+3avfwg6cGEQqUhPsOvdpXGwUjVclGva2FyqFB2nd1M0ahSSRSsOuN0BCukVRM3TNjBjIvbbRuhnNzIyST5M4STDTY/hmjZsqjuNeRhfveAJmfxiTGWREFSJtC+ZHsbQikzexv2cvUD3/obzA/gwMB+stsEczOS+upga8EBuoEqCh/1JQ==
####################
zo6ubSAo2qBipzXGKci8NhSKOIIYJI6sAB3dTNpmxyE7Tx5+vlowvw/DvlDcm7Am9EOUf5aqGaFG7x3tduGbq7sfEEsExewt7qi63aOxYa88Dp+RA/PJeiqkpfSaG+yg6SwW8bN2HI4lpgbRXhpBSBi+aGlTL76OjqcK/HGJycg=
####################
397HNHD11kHnaeNKwVbwMXiWXGjEHWxSBJpWAfooLwGpqefWpxvIrVxLmxYfqetn3SaMbIfw5HxfAV8GJZLhGiQRjXiwX6HL4W/Y5q8gBbv+gjkS4LD2KZKAfTl/ofXcm4ZMNfrhc/dkKtfYNEX7nYibC9UgXopqhfjipvfYBGhB6dx7e0gP8Tcs+RxP/spdRd5Gxyj2Er1l35/Pl99r8VvPHqSvf0x21DtxLhVCzexpKvCep2IqdcP8gcuUL05NKdt4wkVT/N91p/jSDl4fcw==
####################
mgfexuhPTIF5NAEmdzQ6mhwajmAFee0g+QR8iTftGNATg5VVHTu4yHCwcr8jC0GIAOwOW7hnfn60EP7OmJ9DRR7WUEBPKkc40rFLlj4r7d/LqEaxl4eo2pMTbtVa2jf2a7eOUZLhUhSuUaTRt6rHb8QCrcM6Pk06Yn52asyq0Ik=
####################
6OPf3feib0UBAagUw6lxNhhOL50DGTlxjorMCzwUAzmA2x0tfSlyukcK3HC1wtWJ0JadQr98smHwBebcImrLy/lHC6Wjr4zFFiJ0Wu4OUsB8zAgVVV1wgs9mgrB9pifsyx0B5qUncHcB9ohz9qJwfCt/VyekGPANCn4vcTzAa2tjtu72XuLDsiawJUeCLXOqnyO3NYXZChkdxKe5+peZzbG0DGO1vI/z5R897am0q/YbEcu++euaT3vY9FBV23c5YUo62VVQyf8Ek2DspKGF5w==
####################
SJToh0W1cpPrkksvfNLHfDZNI07RDd9nz/CGfBTWfFXOD/+Q2LooYZzKpTnkAeyRHHNE/aWLJPtE5dCMPTklvwHz4970rGGO5mKskoWmn3Y2TjDbPqSpqiyIKzakLkj/QeMZJcJImkueYKksCTxhoRqDFeLT418aPbj1ejwkB1k=
####################
7nylHuZwwkH+a/m4TlWOAPBho3xTp8JpLQrLM7kY7K53jXsklF/6ULHi3fta3YKWRTisDuQfmgQfd8KV95Kum6YZF1HRKojAZ2gERBak9YucC13LAjLQqYipKjtfgVLUI9FxE5jn5ph9CskMvEMcgXRIuSLtbTk5eV0TsBDrzRLggKTU7Fqq43b7kbknKpyuKDEB+R4FSp0c+B/vnVSNw1okXViDniVNtxHS1VIhhR3snJFCmOUL4k7BPVRD3/woDOvtfZLwHwbnMHSAy6gbxQ==
