####################
IQTq9nJXsdgPUBy89e88gMMNm4BU/+AcYr4mwTyT0NNDRs2Au1HfE0SvVp84aOU9rMCNPPuiRZ9tfN5ZbKdoW0ylM6ZzgV4iYuDl9DOQoCfoNI7v1RRbIGF8jOdU9bwDgu7fjs7Tqx1ugaSYI39zOqxFk2GuJpcOalvwWtpXgzo=
####################
k3J/gFJ9JQNqK+PP7UHcGarhezry9lDwWuY8TZvi17vQZHGOnDqd2Nf+BmXCu04PLchdyx8smOZIjd1vM7thhCUsHB68r+qv+v+ccsdpB7Bw9haME3GJDx3sm6pdRfOCd4s/cqHjt/oQeLY9woMuBKH/Ervtcxagxk3+KXErM5oYk1VoDRHv7wA2EQKRfsfOFwzEq/1HgcTvGegjsb7SyBflh1CPXJAAmsTBFtn/ZqKw//VSILXagJp1ycFhjnossovNQJBgLB0BNa0GrN0Tyw==
####################
qanvbZULDDlLOhEzmLVF7cognV7kOghMG/FqggI0JNKo9UCQzHtCE6sowAh2CkKXDTo5QFBRF7JE+4xALfBcgxbhW8pAWZnLOd+7sDgFM/jqeLW3iMKdXFTl391iaXpgdaAUlrK9tOd4EqqK9e+6UWXjh5g03zgROFw4uyp7yew=
####################
lhj/m19x+F6f2GPU22Y1/t9XJAbVJ7UMAymE+kmdrDo4emtYE5kbC/czIm718TnFJqckcCKBrWV3UtywZKs1VksThQI9Vsix2j+0ybIkvX42NKbQmUchrI8Mjubi0lBJuVk1xZTFdHZJ97KvIauY4HKUvU+g8y+munI9cUzxvqmhuOouF/eFo2xvphkZByHlfkZbXiFa2ZGbzETAEMP1ete36hrB7S1l+V6uL89dM3AVSstznHDMge4/EJ28QxMC5R9vPcxjmir8gHfMGmZ+GQ==
####################
vWvOZiRuYVbaJqvncvpD6aG0JgIYYsTO0ZI+lMxzcfC2pPHniuPqVbtlXikjHAoV+oqqbPXibn5msaRJDeAgIl0l9iO+/eIrzDF7VNls2XylohGzYJ2AY1vU6FJPN65mKp9iA+DFiGQIZgNvrhWtaFLHxXJ7XoHvykM179pRO48=
####################
Lr54fhSpAdy2MKKC9IAH8kHKa1x8buy6YtWopVOKyHT28fy2oEsAgQLPDtkS/k216JvH18OFGVip/PWZsLkqTv3eBb4rSSlapBH44wXSbL3+zYBw5fGxhWYu7GKS7XoBKQ+ymaaq+CFUS4My/0LNNWlq0BR8spoQLHK6njVZ6w5PhLHjY7TcoN70A00O4hVj5RmrVWc81eppPByK5kfQzpSNLFE1axvsrxAmC7cplUg+FAtYZlmVvxtZyPahYkIRLfw9MtlDTGFIlzIvg3WreA==
####################
aCe2RRTAyCgFddNk+qxi36h3OYL+Kq/gPbwVTng5RPH5vm5lHHPwIEYJEFMB6zeGKNeqm7IH37uIsUlEZ52RjfupPYm23ko8sYgqR3L5kP2KEd4y6QN2QfJMU7adm0jKNmkV8bqPRKEpcAZ6IZKkK4QZloS0vXQjWyL431Py8YQ=
####################
SJpaFWY+aAp8UlSl0A1OnE1D48tcw6U5TxXqXDTINuDdgv7Z/UeFnjy2vxI4bw2sIzyeNlc4jOa2pMcQDByLkMaD1LtRW0iiDh772L8RIZXNM9IVNKwwyAbHG5So+fQFICSNVXaPg1SdRgJjkUucUBHe9XwmsR+yp5oB144/w72j4bH04cDMVyl4ggi9M+aOaKTPw0TBcACwuz/6sz9mxZ9pdcVWyj07EyYtBpksi2KnxeSPtgORy6QBJ4f1SIuTL/tOdV5NMJRa5vnnN/+z1Q==
####################
L95xRth/BqA3hA1xzogeg6wCNy97WkVxyOsxtKMfRjP5Q8uIrCZiTwupUZnKInnXxmYF19zEsUxlUh5AXxTX83AumoLs8kHTkOE2H2LhTWETdB18s8/fpwnUticGrR6BBhVKccnhaylKSz9KiJeL9ppxSAB2fCvQIFAYHbsR+6I=
####################
i1th5h1hTldftEnrMQSc4OJmiTLVWCAYvdPYnRQHzqmGO7DbfNjOQKSS0LJbrdYefgKgHUHPLXV9pWyBTo5DO2wukCDd2x8JUuGycpUEQ0aYD2iDKQLkxqnUmQaZDuXV1cQip+WpP8WoGQaEfU48BqnbTHUUO03jNbpUJgh487Ig9rob0hx3fknfJryXaYwm/ltIaFdGxJ4oPfsa0bs32OtH+9gaBnE+GgrtJ9AnzVIbqJhLyErTywGxrQ+TPBrwDP+qLWnMyjSHnAnMErtFOQ==
####################
1ApZ2yaOMJdhaXtKHAYiA9cmRT2733vR91Seyl7PP2D4EtreNtWrZPWoQ/m1XD4SSeEarNbC7TrdFd5rPN8EW+LK6sRWYqbGgN+PyOtIplBvO6i76PLfzI5pQDw36IPS9o0S0KY8g+djReKuDqZ8rWoob4h5IQU+H/zTSs9Ud/E=
####################
lBnlCHdo9E3kHvrkwPSEw6ARg/Iiz8LKj/X0zdrVPq61esnNiP9FEAQwXtuG7YiNvT8ErBhJ/02PxfaQMG781Oxex5kjjTrMThSa2YHJ740kDDRrf0kOACZqAPMgqwuLCJgy8b0PxDXDZfwqx2Al1n2IOF7KJzORdnbPv55yQW2YtjxkZWDockS9LbXNmb0wQv+na+PqBk96NaAvFVVRehyjUbAEThVmWEp0UnB3H0Z9gNkgSYZvXh0ZR1mJvjwvVyjgoNeHJqr9RdoDm/CBlg==
####################
uVlmAYFdH/dndG5WDhMledwL6UjXKYsWKVgi559343DyhimAtXqZ5pGY734oFKe5F96+q4qZxJ5x+bgfBjsnOCwpRpLtmIRSyAwNCygwAybxNpGe11JqsIlup+TtH+uc04+uDXYGwxozANAadS9U7VrVNlN9Isde9hC2soJXKzU=
####################
aC64KVw/q6Yb2+gYn4Fi4VNR/RHpdGDlvpD8LVo2sUjYVYJJgSXeBtkoKhN4AINSw2vpRwQTh/v88aRL+eB/h2DpwTsDiiKfXGF2mIj6PNG+p5AlvkLnVv2J/rx6mmPcq2sZ6naEPq+iBrO2t8G7ofoaHojb/kjSv1KBjHR6HmEuRZrxtAFyp4HlKs3DSltHR14uCX3HJc275IjxO0ssOCMM+FVywxvfGwPt5J3WbTL+UzRoOgxOV9IO04J73+LWzCX0BaIvehBe5Pw4Y3tw6Q==
####################
iSdH2MQKfe90NobrULCdXdhiBuo1brRpG/W6T48qj6HF1BcumjSJb79fuouPWxmcQu8D4Klyw0S/DH7KBsDid4Qn2wqSi+np48bk/6SWUpliT/fP7iiOunhKTKOVIN3YgtPP0M5SRu/lZBUvDKOFhBOAbfUw45ZC9QESW3RTClk=
####################
mz2XjNGw9nswny6i33S3Ot9cX6pcSLeHPYG0yHVgbDwRDMjz0SusiezcOZWzpUjm5mgPggsq7xaM4D4o9XdKDr/pe8a9znAiSrTgnulFw1QAUI9fYBKsdnbci2VG75etcEU7AiKFxVuBi+0B+an3tu4vzON5rr0abtcU6XORYWtcW1UYjayxXGl+PMwrJAgwwF8yGzLumz8ODCyplK7OnW88fvAf//zaoCP+bSkVmDzKuo4KodFWnSqWPby5jzWQWOcD2VlCHpQQgzFDgiKuEQ==
####################
rASfgYlHMGkHAgCOJ4HyziQGKci3FAjY8U9l8Gr/vgzahsvwQ7KntmPjH2WrgwtgVfztQoliIXe7ARhgT7EqixBSb3sxBz7fgRhmUwc2ByYhvXretaYPSWXzHec/TxD2pkEau6m9PQu+jcJ9lNzblqRfuHE9UtHMDOXZeMMqMCM=
####################
fnvcpCt838QKi3teSOqrgqwMIFjemJdN3diI9TmdlzPRUzDIu4dqpIcyxuYswhuSNaZaxE2ZTKrHb/TseS5nfspGPZlHhtH88UrM5xIM4LCOKd9DqIpE6mwpWLut4iaZftS5/pfOimHz9RwJ/FpygA4km6jeL+muuXNvYbdv+P0gWdeDwH5XsNnOQ+7E0IMokLjXW1rKox+GQfUZ0Q97d49NpodIreYuzMSThG3KPF64jJsaj0QpIKXy9Dkmop+GG/AKpeId8dXgnw0u8/Wpnw==
####################
xg9Lu/7IUOklenEWdsJgNoFj2jLq1xDspBG5xuhpQsjt+rCUZzMBguL33jWL0Jsr9dlrqQPHD5EmNw4aSLA6KHtxoIw4sz1dGy+EGXLZ3dkzjjazSOfDHJmtHut2nRZHxksQoIfsB0aRWrtVFnAhDygeH59gpknEyvoBQcbSiKo=
####################
CqUVxo8eqvKBXTnZLDBorXRULTedsKsGPb1BF0qT6uYUfYjvg2plWkLIM8c6hpG1ArpBobOI15KIFgRSzJoXUoYh5wkLTNNOi1NGX3VMX4xYfzg5s7TXnbFzDPT9nrdwXp0ZiAmpM90kWGK2/a9ybOimWlJHbXM8TdrCsGpFTCd9MM2FDZ7Y9SvyCEsUfTNQauBsdBfUFU+1P0riywhnItufVgpI56dRVVJxuepfsVFeoB8TryYwAe+bwMNSO8XQ7kG+0vUiEG3xV/6s+d2YFw==
####################
Vm0hbhc2WcRMNGj1FtUB0l5/z72bwKzWYmwPzSuZA2ldGnROmijIrto0RFT0qGpRg7O4hg4uuWuzKTDuRY8uNrxzPTSleaqLkC6Nh1BQ8tPWhy0AoycgWhScYu58oTrhM1d8hcOO+0OTuNdT2mTnSDwwt8d7LMv5+4QC14nXeSU=
####################
XUBq44PqR75Bn1qx5ipe1Hu9ps29mxs1R4kym+eoqW+DE3U5FnoKUFzX24SSiKa7m2/5mFcAWVeFoTT4IPUQ5Iw9WVwS0ykB7MZTNkLoi2p3KcqSYwt5EW4PaTGS0tBfR/dlLUvEExxCriXcv07Lw7161KqeV456N39eQIRLxVXno0cC7WDa9Ml4Z+y0TT6lapa+0G5HP6K6TCRtTTuhcAGNlm7cixSCQsWUHmKbzODjQdwf/FPRaOgf4eM4Pgm3v72YnTxU+kn9oxGIGtALRw==
####################
S8mYoZpNuycblXNEmczD8ZPWujTLwgqUL873yeAS621F3h6RAq0TxB0ijk1sKObLhRbTNApSfvNSMKUYsFP2YOULVd0jhvoSkfDm3yB/j78hfyRoxv6UH7AplQ79x2Vqhm00rRZiYkdz8Zc3PaWpaviqy9c15FBaFRXbKiAMNt4=
####################
R3qVrCBMTHuymDd+F2Ir7ciZ1vm4reNnUccGySlnEFQSj9jVDrjyWo6dTGqblWRI4JbUr04ekcuUdRgz0valaEMiAOumri4yiPIho8FJkpCL0Jigquh9S4rzu3eA5Q7Z/UXEDMQYMvRVdPcROZ9zKyZwTi6+gmu0R4Ak35S+tTH8xD2/Idj9H9nh3Nv+pvjbAoqZpgvzULoOuB8liqXE5XqVkDvWGchnnrefJ6r6zdGcnb67+8yns/y4oTkTOsibU36RwhRQ6dyfjXDmuPLCjg==
####################
vKN37AmA74FG2cxRPOzGldgvJCN+lcGU9nlbaXF+VORrWxcZpzRQjA1oY/HXqO8a50JqojuwIw35o8Xh0CRMnJ6/jugWQ4uwwJO9dfNeVvh0MlZom51tDG13DbVf61onhzua9/L3LNJSJq8XTYC43h12oTkcdGBSAJJxzoKIvFw=
####################
gwtszAvDc+TDQ93TpC2u9Rp+IuvPksSwmsJrQqXbb81+kwEJ1Op4HUhBadrQVXjbnWww1n6k5Ra2iUV8jvwBCYGlsHKa+9xQxRwPUFOmi7nNrAigaPwMx2Zo6QQoTXez3mNpl5Z+O+UIaUnBETk5qdoctb6xUcZgRNlq0AbsYiqbdve7XCy3uZpJxKpJ40nUHO+VPlwDHTwfn1/V5X7lnxzRlJOpI1dew+aF+sFcp6EnphnVFPlXdtGBkzuCY7Rj/WbdoEDr92DhXNXFOJC3ZQ==
####################
x07qnV9BWNIp21CxzS9HexKBWipZtVBgjjluFQT478u0o0xklgnmKn5zbrHtv60HVDXqpRMvQJfIdT4/2XSLtJcemUZn2H9oKtW3OwhIxUinV9nwsRFUvbyL1EM1z9Znm0t9eQiTisxA+Eudd2gv+U1Wt+ZLD3y3HGovnYn6hqs=
####################
zzKIBBJIjis/6ohEMIGUrOEDe/dYptajxmDyEZ2DwFs0pd6R2HR41XeXNOE5zn2qz9ZVvwrAI+vlzbM/qvG7qw4P6PfMp0NouXEQZ5IftKZFqfOJWkRjuXO+RlgBnJGqmCRqpOX7le3RXeOs7A0HGqnFXSX2ioGMNs/VKoMC/AytkT0WIjeJpRO9PdUtEPe6jFePi/emJ2Jm9FoKDzZc+iadal7bqYiiqeAgow8LB1nrdpQ9gzM/2isN3s9A6Y5om5xyKzi7ZmE1Qqzz22zJyQ==
####################
MmmYs83P+ifkgWyTfGhD9cepyEdu0aZdSR9rV0GYiMLu1kS67wTb0n6tnMHLJm849dP9CoRyR3Gz3wXAmzmw1ROw4Zp7w9o4TC6DDKSXh9g13x41yDIrZRRZ7OznFptEo4ISHzWAQZKhVetieQ91wrcfDhxPOzEKEjYTtzCXbXU=
####################
zryK8uHzDlZzLLpmDhFI6HPhjCgFIoNtmKN/sP+LvlBSnLQvPlvWzFuxeK8QJrI8to2XQc9plzhwHIQfXARFYLO0dAwKIWgETymZhT7uG/GgJhqYkz9MkP/Dkm77qz0JJBKuj7SUdWU4HswM1qQuVOTOgfvEzAWyXO597Bn/rnroki2xTdoYa5J8SjFk7pZOD8Z7mLWCTr27vrnhfZxFdwtN4ntsXdSU5hxjUawPyfCU/TN7JNKBjMvUq25yXSkrIHdezH5VowlVgWFMmP++eA==
####################
PGy+wCPFaeMxP7NE/lXs+8vK4Y8J18t5Z95ryU27BGFBH3k+feT6ChVh16y1iJF7b9orGP4YQvhhj2oFV7T2QWhJKNHaypAv+FN3bFYRsAKbHji37uLAITOklSM7xLSsfceVvWNKmVSY5LazYkKUrULSsPEywQz/NAJ0m1zFu4E=
####################
1OPC5ACHALE8VRWTIoD6gQ7B6Mg97xulcJy3Y59BQrMfURuiUHtvYkWCPeNrD76DBzWhd0e4E+V9iMvfAmCGn+KBugSoJuqpiap3575HSA0UknHGR3sIm2ik73GeI9lkAx68Fmi4+3e63gMEdGRnJqQoAglcFgm8Ky0cvtDyeK8HZD3NQoT9bYE5npj5+/JzgzkHb6xA2RHbFEpUVxYn9zZacpSgqFJer63mpuPdXIzt/oksastWlyy1wR+ZSDTODGcAG+J06jdmxUuud3PMyw==
