2019/02/12 21:05:12 [Server] Starting 
2019/02/12 21:05:12 [Initial] Version: 470.1548307665, HttpServerPort: 2324, TcpServerPort: 2323, DeveloperTrace: Single, DebugMode: True, TracePrint: True, ClientTrace: False, EnableStackView: True, SessionTimeOut: 1800, NetworkTimeOut: 30, MirrorPatternMaxVerifyTimes: 3, FormStackMaxCount: 10, RelativeScreen: True, TextFontScaling: True, SysTrace: False
        BasePath: C:\Users\Administrator\Desktop\DevNew\proFineUI\smbApp\bin\Debug\
        DefaultImagePath: C:\Users\Administrator\Desktop\DevNew\proFineUI\smbApp\bin\Debug\Resources\Image
        DefaultAudioPath: C:\Users\Administrator\Desktop\DevNew\proFineUI\smbApp\bin\Debug\Resources\Audio
        DefaultDocumentPath: C:\Users\Administrator\Desktop\DevNew\proFineUI\smbApp\bin\Debug\Resources\Document
        DefaultUploadPath: C:\Users\Administrator\Desktop\DevNew\proFineUI\smbApp\bin\Debug\Resources\Upload
        DefaultMediaPath: C:\Users\Administrator\Desktop\DevNew\proFineUI\smbApp\bin\Debug\Resources\Media
        DefaultWebPath: C:\Users\Administrator\Desktop\DevNew\proFineUI\smbApp\bin\Debug\Resources\Web
 
2019/02/12 21:05:12 [Server] Started 
2019/02/12 21:05:12 [AutoSet] Start 
2019/02/12 21:05:52 [TcpAccept] 192.168.100.102:2323 
2019/02/12 21:05:53 [866654035278602-192.168.100.100] {"deviceOS":"Android","deviceOSVersion":"8.0.0","deviceModel":"MI 6","screenSize":{"width":1080,"height":1920},"density":3.0,"version":"4.7.1","coreVersion":"4.7.0","autoBuild":false,"isCompany":true,"extraInfo":{"package_name":"com.smobiler.app","display_name":"Smobiler"}} 
2019/02/12 21:06:30 [TcpAccept] 192.168.100.102:2323 
2019/02/12 21:06:31 [866654035278602-192.168.100.100] {"deviceOS":"Android","deviceOSVersion":"8.0.0","deviceModel":"MI 6","screenSize":{"width":1080,"height":1920},"density":3.0,"version":"4.7.1","coreVersion":"4.7.0","autoBuild":false,"isCompany":true,"extraInfo":{"package_name":"com.smobiler.app","display_name":"Smobiler"}} 
2019/02/12 21:06:35 [Server] Stoping 
2019/02/12 21:06:35 [TcpAccept-EX] 无法访问已释放的对象。
对象名:“System.Net.Sockets.Socket”。 
2019/02/12 21:06:35 [866654035278602] Stop-StopServer-True-- 
2019/02/12 21:06:35 [Server] Stoped 
2019/02/12 21:06:35 [AutoSet] Stop 
2019/02/12 21:06:57 [Server] Starting 
2019/02/12 21:06:57 [Initial] Version: 470.1548307665, HttpServerPort: 2324, TcpServerPort: 2323, DeveloperTrace: Single, DebugMode: True, TracePrint: True, ClientTrace: False, EnableStackView: True, SessionTimeOut: 1800, NetworkTimeOut: 30, MirrorPatternMaxVerifyTimes: 3, FormStackMaxCount: 10, RelativeScreen: True, TextFontScaling: True, SysTrace: False
        BasePath: C:\Users\Administrator\Desktop\DevNew\proFineUI\smbApp\bin\Debug\
        DefaultImagePath: C:\Users\Administrator\Desktop\DevNew\proFineUI\smbApp\bin\Debug\Resources\Image
        DefaultAudioPath: C:\Users\Administrator\Desktop\DevNew\proFineUI\smbApp\bin\Debug\Resources\Audio
        DefaultDocumentPath: C:\Users\Administrator\Desktop\DevNew\proFineUI\smbApp\bin\Debug\Resources\Document
        DefaultUploadPath: C:\Users\Administrator\Desktop\DevNew\proFineUI\smbApp\bin\Debug\Resources\Upload
        DefaultMediaPath: C:\Users\Administrator\Desktop\DevNew\proFineUI\smbApp\bin\Debug\Resources\Media
        DefaultWebPath: C:\Users\Administrator\Desktop\DevNew\proFineUI\smbApp\bin\Debug\Resources\Web
 
2019/02/12 21:06:57 [Server] Started 
2019/02/12 21:06:57 [AutoSet] Start 
2019/02/12 21:07:12 [TcpAccept] 192.168.100.102:2323 
2019/02/12 21:07:59 [Server] Stoping 
2019/02/12 21:07:59 [866654035278602] Stop-StopServer-True-- 
2019/02/12 21:07:59 [TcpAccept-EX] 无法访问已释放的对象。
对象名:“System.Net.Sockets.Socket”。 
2019/02/12 21:08:00 [Server] Stoped 
2019/02/12 21:08:00 [AutoSet] Stop 
2019/02/12 21:10:25 [Server] Starting 
2019/02/12 21:10:25 [Initial] Version: 470.1548307665, HttpServerPort: 2324, TcpServerPort: 2323, DeveloperTrace: Single, DebugMode: True, TracePrint: True, ClientTrace: False, EnableStackView: True, SessionTimeOut: 1800, NetworkTimeOut: 30, MirrorPatternMaxVerifyTimes: 3, FormStackMaxCount: 10, RelativeScreen: True, TextFontScaling: True, SysTrace: False
        BasePath: C:\Users\Administrator\Desktop\DevNew\proFineUI\smbApp\bin\Debug\
        DefaultImagePath: C:\Users\Administrator\Desktop\DevNew\proFineUI\smbApp\bin\Debug\Resources\Image
        DefaultAudioPath: C:\Users\Administrator\Desktop\DevNew\proFineUI\smbApp\bin\Debug\Resources\Audio
        DefaultDocumentPath: C:\Users\Administrator\Desktop\DevNew\proFineUI\smbApp\bin\Debug\Resources\Document
        DefaultUploadPath: C:\Users\Administrator\Desktop\DevNew\proFineUI\smbApp\bin\Debug\Resources\Upload
        DefaultMediaPath: C:\Users\Administrator\Desktop\DevNew\proFineUI\smbApp\bin\Debug\Resources\Media
        DefaultWebPath: C:\Users\Administrator\Desktop\DevNew\proFineUI\smbApp\bin\Debug\Resources\Web
 
2019/02/12 21:10:25 [AutoSet] Start 
2019/02/12 21:10:25 [Server] Started 
2019/02/12 21:10:46 [TcpAccept] 192.168.100.102:2323 
2019/02/12 21:10:47 [866654035278602-192.168.100.100] {"deviceOS":"Android","deviceOSVersion":"8.0.0","deviceModel":"MI 6","screenSize":{"width":1080,"height":1920},"density":3.0,"version":"4.7.1","coreVersion":"4.7.0","autoBuild":false,"isCompany":true,"extraInfo":{"package_name":"com.smobiler.app","display_name":"Smobiler"}} 
2019/02/12 21:11:50 [Server] Stoping 
2019/02/12 21:11:50 [866654035278602] Stop-StopServer-True-- 
2019/02/12 21:11:50 [Server] Stoped 
2019/02/12 21:11:50 [AutoSet] Stop 
2019/02/12 21:11:50 [TcpAccept-EX] 无法访问已释放的对象。
对象名:“System.Net.Sockets.Socket”。 
