####################
kVTGR6obdjISV+mvxMkf1tUZJP94rCJej6xZ0RpTExuE88IGXmmox5ao6zrpA6PZBACPY78H+STHzb2oE35ZqFVaYg90eTKQAx3RdcKyZIkdmXncE0LjXVsWFvuIl0qecwGc/58UFC5uowLuCFUAlmYjtnQLIyml8va4mdD/qVk=
####################
l++tXZ1Og7WDDnhrbysdiw449jMipeenxrfxkpITixfOzLapScbHq9rCnqkhFnDVDz3cxGm0LukAGkgLH+I4AhC0Eu0B6v6su5pYNELdn1kC1NuxpTIYAiUVxY2Jpg8SFZm5oUbkWfRfZ+E0UwASEaQzbhbddKbMD6rdeCJsg5MCXSxQp4/toq3X3A5S9QGiJQvx8VfdqIMzitc5kjOTR1B61mBzZNYsJqEsKVmL1/vjTEJWgbLykrZ/eIpBj7CBz7lfrxDvSOAKaqKFhZ6J3g==
####################
vYAifoSBjJc72sOR/OEmq1GT0suULct5G1Soa+7J5Xz/AYNdnECSEBDsh2ZVs+hxIOpv674QGq4Owghx+9XpCtna0MDfF67hE/XIV6cVvz+9IFI5KwppqxhcizApL3hz7/iqptyj6WFvF2ClZCf+cgT7qJUEqj2gib5vt43xcrg=
####################
wVE1SJgUvo9WNiRhHxxtEeiGSZP1RyjrwjoOl+Tc4OemaXBzETp3MGEQOGhWPvubr2sI8LpSkM8jUMLpIIJ4eTwnWQjKb8HbbPkvDpj/o0CDmvS8o5LZP8CuM8O0mbsUwZu81YuAfrArFTs59f/73+maDNUtONmmZjfdPzcDuIHG98+rAs1/vgbV69rNf+/OSRIgzB9bNHbNr5EHnWfgOxJkpEtGfnhCEnEAOeTr695AZRTaSraVjq71KWItAzdq3J8nfcp6k62e5Lha2OfxaA==
####################
t6eCwMRMAVemtTHbOA9qokQwIfhG5GuO4sqRYzy1/rL+1FVHXKUju6BMKPZNXYAEPZs4kN6mTsmO4wh2ZFqweiIkXGHiq+jgs1+qEz98tBPv5pVK4wSXYx1Cv5/NO9VszgzQsq2juGARswqTAx+0P2kAqeFSG+k9sRuNypky0Lw=
####################
njBki94To/hCBmgvXbC/Te2HKvWN9/PWk8AOnc2eNbDB1fpb4jtgzpryLpT7fkCJEX3ZrRrwajL8TMMUCL97H0YqRkpyhnSxbKT5U1qbecphXKfFXnQnUQkfsIlB3wwLbqezY7D+5K7jwxwKZfsFxxGMv/g0ORPZr/cQECV9qQTmV+foaKXndpcIGWBmasl3FCts+5KXARTzxiMyMjzSdW04hwlShNyDy9+InefNgkFwIcCxrdw3lUEVrQ43faBATw/VMLaMrryI/fuXD54rkA==
####################
vfqGCxADnP04As7etOnyeL6H7xxtixQzRWrS20LyPs3RMw2qJBFqTxqAb9cn0yKk52svkEsp/8ztU82Y2sqCPdap9az8ixZB5+WxjnNGSWEWVOPNuF7hpjtZa9+8bLtfOERXs6ZWuk4uVSoFaSJmN+WnEbJVGcr4DIO9hJLm/Eo=
####################
0Fw7g3FqmcEVqQjOaBNYmXDLXMoiw0ghezr2tHnl+tFLs6+JAnpH9mtwtaODyfuXVWB23sRhlh5owO67x6InP/WKfwF/KU5YNFZ3wM+LfQeqnY+eSke1wZrdCZMacXCAeddzPisCvXQDLblUvFhSjvc2UkKAj5H+mOLw3Mgi0aogFf4W6f3Dw0uAif4Q9Q5euD+wzpoIss6o7o+4XtF1tjPTdez3JMkdVDyYeuRwb/T7Rgyt0VaBhBa4qZdzl8WRYD4rbnzvVDR7LryV3q2hkA==
####################
TpAg9PmEBTZDf0qtVbm/JDXxjgvGVrlSjr5JSZ6ELvx+86TC3y/0TDoKnkmd2rWSY5Wt+fGTUSDT3vuxvgSpk3vlN0fy4NsqJrHy2tO6gAilK1+TpwJQ3ahgn2F6aLWhOo0oTvVmxVIxT0S8nyqgV7D7gKFebCfXa7rvz33sKyg=
####################
i6FMK0lGOSRTib1Q704AKNbh0iF/5Z44ldu2T6RrlWkeyei1uuxLit9FS9OQA3+8rL/ddJy3tlUKolFntEdlytNVl5vmfI4t6TXTtmLIhC6B0H7w034n9riA8qAL7+sJSa9vHX6uw8eofUSA03HrIyS9L+vkJzWKNfE/907rJcPEfKKfIMBUWY64KG3fvsDHHyBpyHJ/kdEZtMJNJE3XE4+nVYR1/OfKhso/80FLNElHG5wmhSAsTgw1mY2B2Hx6Nv1aB2FPHR5Lwq0ocVJK8Q==
####################
chPpLLZTcqjBmWNO+E2jf2bNFnl5twMq/cbkGAQxc11YECj2o6dzOnukhNIqm5TFR0t6RtXf6SxIKtQeKlRyhM2k0XXdJtZcbJ+Sqdk7xnJeRJ94XyB0++l7VOOL0IswYREJsTfHJTXkrXiSAEIutm3X5Ya80OCRbhzdLRvgZ+w=
####################
W6NFZmBSoxwjSCMZ7dNwbG+qEZg+7F+7PpoVBnEsY0pAJLsllVTB2LE0a0jjFhjFrnFkuBZCZg6n1o1QCcGYlcCKZ0TUN+QOLARy7yvnRaI5k5YS0UiNuz13OUS/QLihAy3JXqeJ78WLHQz1D6C+VNyxnBsSsvgOjRasgL4jU6jrAg358wUqXRLNBDhfn6LoX/Mp3MX9DkTH3KL4zgQSc6eaKE4Y66HcqgJToJdtjTmH1KH04Wbjqt+W2UQzNdZsEgzKTjvkxtGs4Q0CwG7jRw==
####################
NAAimgRgx6HsTRxzwDOhVoaHCFotBWznNQkeF/wf0ThBK9wCgB/EeV1vtRbiYeR7gXrSSlJqcJBJm6puPXgne4pFxjySTjb19OIvo2bayxg9CQ+JSwfqbC4wzqcxJlzxOpeJJEV6EJq8B937OY15fOTZOv3X09HP3GRw2Njbyko=
####################
DDsBEy4Rc5VDAWZy6+xxV6mMN6gzsA67qgzJwXD6yo/tcrL7N+RjNw/eIe6amvl5CNWnqUqJnY1W/SlUA/22hR4irX3mTv3scDC1J+nbndC0sRH/noMLEbc/6Qc91Btz3tOjcHpaFeWTZUdIksXi161AkCmNb8mvFF7lsVUCyOSdyK1c95E+v97NqkZZLUjEf+/yfpqYFWsmruAkOXveoU+tmeGwXDWlQhlBXMQcaOc/Pzq3qYFw8IiQfgfD+4zpsRV8TdFYl7DdTGJqr9QGLw==
####################
ri1AZMJTC3pPpaG3CC7xf20mkOBeS0YPC0gFHnL6nRsOoIcOlMTEOlYBqeGmc6smaj+tIuu/wWcUjVutosBZmRiLT13UD5InRjlq/AHdYZYJoVcUV2UWidqG+xHkzltxvl53mD9eMm9g0SiOjmoGK5fozbB0WVlwnVYbi7Y9HpQ=
####################
WE9f3aOZeudjjeLMJ0552qT2NuJPsR4LJbgLaQXK97wHbD8eMRQq2YFvzuulzUfgK9bmpNzWq/HKlv7SbWAXtdAUHjA6hruBZXnFEiARd4evao42Tk4RyKg0TTw3SLl+llQwo3zT7NJL8xBkJW8WwR1qmx1bt8ALPQrcZfut3lJh+Hcy2GEDNIuKCw3d7F/EINdTEt0ZmR+JtA6MqCV+t+ExM/bBBthp0DOy2Rh8g9i8CbR8Nves6A2HgbC2wQIOwHAAjtKHbBx/kfHP1CqJUw==
####################
ddWO0A5s+lImbCH4UeE+dfNnkSPxos6cm91LDjzSjc1cYHMJMAXgkjYOueMUN183RVpMcDRaSRsUTt0IKljZ6Ne6pEDqvQESN6zXua1Q8bbgn5yoCqfROFTtfoeQwflYCgQd5DKkozq+RXRHsqq0vVr5yPnR30nL4ZcaUqVD/Oc=
####################
/dBRdJq3WkNPpg6IiPPxGNchVCRnWbRQy6KoYoo1HyXg/+YzTVYrovygmgUVk1uk4gsRqS3AQqP9w6KKHBDxMIyBzvyW05ZyH/FLmgxtBGcFz/oUrFkkGQT1KRhhorpgEu2Pdnjv9vHvdBF1K/zXDMtSXYkXvh1KQi0zj5fEuqE8XKLXYOPsUs/oY4aqIythHWesQ2A4WopGwpI96ssiyoqsQ2AqBdJJbXQfzeTXqu8TD+IFrK+LG4AOwfthqIfyj3hf37MFoos4NTgddQeNkA==
