####################
ZzGsIn6GMXRI/9BfvI01gGwRZEcCfoDplrOr5gdUD1MlXdPvpuYcoYu2mDqKruWhIKhF8yOUTmuL5JHqV9b7YV/5lSsyrNf7uot6hHaOEup0AtbTI3sC0O9g09Gp8Lv8bhCepBeGr1JSwSeJrgZ5yP9mg4ejJfQ8r5a2o8HmRro=
####################
CViGxj+mnltMQ1GnX0Ytm2vmAfK3M8GJ1BQ1RLREyscoKDCo9s8AD/0ETF3t2MBMuUh+G2bmZAyYFKhH7eZNnEdzsEGB+BrKd4oqG4wHIQsvgrafHDfzI2kSaOE/BTQuZy5VGIc2R/YWUvWoClI4mmGlMVNsyG5bcoRlHOmXJZ+S1wTk5Kf6gLnJoDkVmY1UD/P3xGRpPiuhBfPqDk30H+7zdXFz+0yYPCUc3GHLmCZJjsHw81TttpppRUwhKEtPV6SYk8dSfdsDyDGb9irXvw==
####################
GvX3J/xfEyDhmrQubwECgWCQCfGeFjZhicPf26IaF/Eg/D2n+oaWvpkXnQ2DeCf9OqYkLhs1qqw9xW39lljSXBv6WHLuTqh6DjS5o/+kyG1KII/ENrEvqAvFGA7Uv/jDr3QJym7J/fBOxLTV56svCrUNuxu/OZnzr+s2d1ibgI4=
####################
xfr6QgePbDWmR0F8cfnfGzMyAOhuelNGVjYkViaXmm9uyjvAxSBbIL/sG+QrjQHMSGdzBCaqpmL5bnUSk2ypnQSfQsqsO9QePt/gnMfQV5huk90mKad+21AlTutxW83fAOSlsa/5183Ipt0UUN8nCrhcLHdmiVjOo9RbB/iHuMeeg3g19Rb0NWgHaCtcjJHTgrxecRUZTHy97//OhGPzNfamRc3WojdV2cOhhN/eNjdH9vg1en/UI78WPy7CDVct9HkNFnF4/TisJnlwoqigCA==
####################
fgqYIhkHNxz2QGFl66F8WdebD0tcxyme0sZHAH5ZW8rRvsq5evP43pTwmf99q+GRi90I6JTSkA2FeC2EMW3fkuOqs2Dvxpo+Bpn2MCcqsBc6A3PMkPnSq4PgdvWfeAbwH5Nw9W5xWOqZAsvGyUimY2p/+Md9utfl8EMC49GgZ1Q=
####################
iopXgyibLKfEF+3n+EXDRpRyvvOZdtW0RGCPuU+EqQoSFhMbTBMKHeiNhC03sz/nzEtMgQGKdYgI3WZKr06ODYN60UjG2kb1oG+fiisFFpMwb2EyJZDJvvafW3oKA7HPi412TQX4S+d5ys60Twp+W2+Wn2iq3f0i99Wr648K06AkIwkZkyh7WjpFbTEBixJbndthfVLiWnemDwXmmaQvJm009TgYfoKCHCXtQnY9HErui5lfdMJr2HspwOiECGamFoWLq8VYDxzBCdfGEvZp0w==
####################
PtfrhH6vFJjoSdz/EehMp95ixMfno1QBWBky7ArDgXWdIb9RS3poZT+gLcaoKFb3pW4vnhuXyk5sk+Zo/XwVZKlM9Y4LkZdLyf6g1uty8N699pENxgVTZU4EvXaCfAcdCpU+t5/GWymZ9pXcfyvO0s3PvFENqykbTgkN8ww3eUA=
####################
/ljcwpaF6pjJ/r/OfTaeIHIWRus5t4j806ep+m6lF8feoWNQgQgCpfsJh6xGzzwRd5DcpEwh/jmUED33qMu+agefpuP/SxLtRyThBB+1b8f6TCQd/oN3MsVbIQPgAjs/TtAflhqK2srehQsRIZKaAmp16ujbWE3B+jHsO2hPhToCfeZf9o3qJnw/beLAEynT7EuQdIe6BQ7rjebgLH9yned/ISnyPekmS94zxO1cdiEy0dzl5zTpILOZRw6TSpsaXGFPdmQtVAr+J4a7+bkQbg==
####################
z8wyHk7cce/xYbVwg0ykPsE0djSp3kTLEiUqEVgzdbgqEBXIfb/xyvgvjOxj8x7xjqGkmyu9d7rhmUztRZXIIqSjfVhZk4+lPKUS/guPw2mdRxzs4egiJZmf0ufCguRN7gpa7ISiR2qwXnEmhbE2jpY38CTbAQ0HPxTVZUfo45g=
####################
RelC7xoSM0EHQ6af6sQe8NoQfQ3Exsb33SVOaSyJx0FnZAC2jTDgerVXMhEFiT4AuuL7qvds5QfczKk0c0qyj+JtygyJYs6FvwX77tL+MO4XKzUk8uFMpD3YZuTp/WA0I3zRds6LL8r37ux7Etk8UQX7SIQsso3BmsYmVveVmAubJLyGZRzweak7A0oQBWZagZfPgL+NdlQFwZ4KJqqLPQzPrbxohuhxgv/Pl8lKhaOCV2533eLSSslGrzVaMaWV77yZo43VE+pkNrzGbbthdw==
####################
t0mAfUqH371naE814xKEbrkQwAQcdJZvayv+unTw1wyTfBR+QCRoUu9xerE2iISgiuLSMAmN11fhBxlb1wS0w4UBmoKxjWHaE5P1E+pdiUZFieW4PnkfxbMeYN4gVkidhiFX4J1bh0t7HMQktxagfeFXKlkXAHeC4BI3xmYrjXQ=
####################
dycpFNU61r2MXe7KIijTG4TZiKFKX2i6aDAnLG/kwbbtGkHciTOTQk4+VSDfJOR2VYoMnJlXr7RmFSMrL4OdZI+GBTWMjaBpDSnxqDPP6BKU4Wxb8Rdvg2Cf35su3dDEVifsmQ3fJx1uoc9XIbiD19jMC9yqzCyIk+g0Jgf0jTN5X4vY49yGdGUThcp6QIYPoerJBJSYmYaFvaFM9WjA0X2oRskdVackYOYFzD9ooCuomEAlvU0JNb0LIudNJk/1f027OJzzfk4X5XW7wKfGfg==
####################
rYRoiPiS0o/b4Iz0r59BgtbGDll32Wbp+M80Aqf5eWZ2dn07DLhAyyC6CCdMC+X5n/6tTkVLmNpjumfgy/o2+ObR8utK3CG3TtvX6RqGkbMugCY6aCAM+BNyGqy3IcYcragxpESUY+jMSAnp83c3wdFCRknXEdpRKk/eapUKKTo=
####################
7+hAh/JyUPYNUtFwYeT6rm3Nn6lOY3OsTa9Z5Opm24eZbzyc3uED1OuEwDoHBW3ry7fDW067us1x6Jkne38+314pWSG3FtIVSgCtFVqsEGFGgp4MJ1piPznwco+l/fXw9CN1WTDmeUqqLrjOoUvquybZa1ep6nu151FIBryeQVsRxjJ6MgSHbjlwseasWOh4Drbb8ieRb6ZVPIbylYMWn/1kdWSMUA9M0R8guITHcJysvnTnR8QGegZvXur2EIf5T68FWwCECt/EL0zQc/MejQ==
####################
bnZf3RgwNHowNkQmC3PhRuYi/EhV13h5f78nufJM635u5NPJIVGgynbagQHI4ktbOqYxTbZw7NRgllMhR4Oek8V8F7u73tXVx5ym57HhhbCrvdHTg8caMjfn7z4kKs+Z+tXwCrd9HG4njAC5vWO5XqUphsn6e5do04Uh4OXRZjw=
####################
FEKypX+RspFM92YCG2AqujG6O7Uj8PtxQzHUHvUOusjIzDmZtA6FJI1nskHk/dQBaRZ7BfoMDmoaYbLSuFWcK2bCAwwiIXAD1Q1dW0ByUkfA3yKZzXsjn8tDTRHWZxOzyzP2JchiSa9yZvdrz6tL3KJax777Jw3BK8TDoE6R52oRql807yiDP0/3oKwTr4KcYH66tc97ntebwwzV8eRVnOtbWN36OCs1zqXh3Nzlro1Md0esJC4dA6sF8ghXMiCH0X3ySzM+VV1kxfgbuHTB9w==
####################
CBJanFyAt5cZXqt7Q1FgNMe3h2HA+MTa6l51fW00oCWle3yqe+/Eu5JNoqot3FHWFl1HzcPTOqf30i8NAiaP7YCo1BSIiqi5FZjDd7e2tsa1hVkYYq5KsGM73mQYvlmdZBMMT5pRVIFTW3cTdsM1cP2hNIWS3RwWSnqGO4+Vmm0=
####################
Xzl0y+JhxEK36URv5Y99O7FX+TVktnWISwvnlriTDu4PsceaeEyCB57PsbZFnWpUpRTZV0qga6yOvBddQOHqDZdRIIgE3x44Yq7jvlC19IxgtI3qL8zCnPcptEGSIS5NIZ2gu47j6W/xmB6hb/d1UHD0a4kHbwZ51KmSJhNTJftmLNOhNrfsxPe2IuE2Mk2ISMGqxApQ3a2BS/74NnwapxkDpVd8JjLHE1zUBtiBuBadYqG9/hnHHO8tS69fIJYWpcuChaiz3yXq+2tHCF/9PA==
####################
cQS/9qGkNkxN+5K2EAOZs/Mhfab4SkxOT9OXaI9VZHoQfzyFS/FOimBhaotiFI7kPO5uzDNNVlySzGsfiUZEWKiCU3xJXVCtbmG7Kf55gk+SiE550sjAOmJYCNDxUfiuxjA4ljaMvSaF1jZLPDZr8z1fgP23y1D2fC9VsuOpabQ=
####################
gn0AMO2S2/hBuaZNEbJref7ABWR+6ENGm1JRw0kQhXNBh2dUrz0yiA4G9J8Gx59XgrMyZnQFVmYV0YuPThgb3LHpSlk46HX9GaA/ESpJlBxE4FKViYTERh5idAzZHJf4+07a9eiM0cvCZoCLOyaMO2DsDNtpV/bHxoONzL2xDxHLuv3nZP8mOONSl3mqTT0qHomi2edTfksdCbIpumjLWZBXiJyTT2on9e3QKRvlWrqJzFSwIoSS1LL8NLpVyI0oTvfnl5ZT93fS2XkAb6wJ3A==
####################
jwterm+0ehD06K6u44+kh4LMJ5gjol5aLvhcNO5kr2E3b0SFJAZqDAuBqTGWGUM4a5asY1VdL3xkQl8ASffVeK8m0cpaJncoS+Vdgpa1ZxLYOjfFci5DWK0SIeaTZ8RgS9NjyBVYgvPaF1aqaBaxrssTgOmcsg5lSvWwFqMK9eE=
####################
07if/G/CC1NlTD0G8ml2st4hLs4V2o8RllZC0/nkuiFUo925ApAC0A2Ky1l+X1THdCjMJ1dPNoVi6ZbAMu7B71yUfN9bXxS7kSUNaTQWvtLsqU9dFqTgN0u0QwPwRR58PxxxqLn4Reb5mDOzAvI/sD3VlmXv8qobnCqnHYHUPWYnEg3UCCUC36Lf61G+fON2uEvu21koyuFgAuroFLnLYF9AFHIrQ38mOdQ/3i49lCx47Clbb0XfF2l8o+ccQdAzWKMcrJVchielFLOTsJ9j7A==
####################
fGCKyaJw64JHGuOUjxHF23jQlkvHpYqjsqwy7Tqa2CZRWDkVcO/mBT5OK9eL0P1r+tPLGU/yU0HM1n8JlKdrvfUbDIJirYFqsldm8/itr82oTkiMFXJkvZpRbgUC7xiJU9l33JZTcFj4nxzzrEO/1eD+mi/FeEhUZ0YZozj05oM=
####################
V1qV4DXW4xTbyoGOU4sSNKFlqc2IcAOb7t8o1dJJ1mKp60O3zrIAtRcRX4SSi9iULiBnQzS+7m/Q9y3aI3+OVeHjO/AGcKzxMib1Ozc6/mc8mHnjP+ibB8fWO0ayLHKFsInDzFt5gnGfxmS1TthmT8C0nhBdlp38Jjned6oKduisG+uVc0G9p0QKToFq9m3uJkfZv/lXHD92kGxn6QON2zHuQbkonKeBmnB2TMrdvBlvygZzaVlkQdyyJ1LD1BxdrvMiMXQ0055MDtnAlcrSjg==
####################
PVHb3yWSdsYppVgv+76s6YM4WDhX8P05JGKshUB2FAMMkTxPbKA1BDEFCsDz3RJPSNToU/gJbPxO/kQpv/QctWtyolKi7Wrw9K/VSqDudXSknl56XYqSzgjWdLk/L11VD6kx2E+epyOfV7+b1krsoVEqpPkt4mWGTV6AhPK3+Hc=
####################
Dgfhcb2ditHe76aZO8TfwJKT7Ip+Z4FdatKoFzp0cwIMTYRytWNijVi/+S8mCX0znS5eSzEHp98ccbndvx/DaoRK49wegD8TLh1YOshcbbFtmRvYWTbVTBtyS8zIh6YJ58G89EQqDPC2nsEcagXXZRNuTT4nJzHDaL6q90BCClFIIubJUHCO3ysZ5eWtioc4v2EO3U5JEbUeT74CYx40lOEjynVvYkbCTk0ftgoEyjqFjdeB/8ZXkoEDyb38CCLYESxqTodUBB4ezfz4RllXiw==
####################
RyhtyMgm20BfPKN/yj71XH8SdAdowsAhwQUVY2IuP51s+qrlUmG+d556JKOWBBUkWpE9gfufwxtwLSnDWppklhJxD24WKx4PWsR59klLN8fzEWz7Y/tJ5Fwt5d7WIBd2S0h0nw7uf+9Z/BErogmxvn+QuTw+U7GHfWR6gaY66w8=
####################
nGAR4fAlPCQsBWGaXOdQthzMFit7XwoYvXP7q0qdtraa+BJ94j87qq+aF1LdaEeP5VeYKOWKp8ExG8VasqluS7CvAOc29HfkfqDuUlKji1UfbagGUldEAkaoxK4lmREEQygrLUTCkWRv0ArkdYDDZpI7+D6V9TMN/hr1KqNqkWpzs2CSBZ8cueUpXx/iGn0RjdVLMMeWJcU3eRXklvv+fGkQn/upy34aZ+GIzqp9GbbV8DJzUUP/UKQdpYFzaoNTVvO5DcqRAseTKqn5GK+3KA==
####################
aqZfFzRGqqxyjfPP8+HAE2oRx8c1CA7MVxJoiksRHdRzOXo6zYSS7uFUZJBflMFpUz5ttvSdRpeCtK11e2rsxIB1LnjDQfketOxGm2okOOuTcoLGoEBviTaLEKdzr0uHdIpBspCGeoBljwaZaKURutCsFZrMwzMlgJj4wEKCIsY=
####################
OybOH8u24mQODOtna+wNSibZ3mCKy+DnWpVMV7bjmpwcltFYsT7Kq0X4UQgVLMb5a/pt5Hvs/qnCAQyaDxx8p9vScPrBHKSilxgpsklpU/EIf8Fo6fimoTjESg1eXz5mkLtFI3Ps9kJOcw9sDsixjkKk7+bDxTp40I7Ci37gqmgDAtEHMEXV14Ter4kjD+w5Zpf7vuHBJU2DIqrQN3OI3TkbVx3ydCEPVRVpCtsJL2TohQJmjdkX52B4Dx9UQQORLayktRhwrJ5XfVINwDsxDQ==
####################
efN5V+enj5ou/nJY6f0c6fIKwiiKC75TTXzZCUbZbT8v1bSV5RHWaRkOtlwrJSFc9HfJRhBnq+Ro2+qBGDOf1DkhdglghDkbWQQcVWHN66NAOIHgiJYvun8RHJlap37/0RQnXkdyQ9WZDifsly5Oq4CB7WwYh4jqE8MqTTqChF4=
####################
26eiw92duSf+iivyIfvM6kG0Y+R3zItcqu6zzjXOigwoUIcyaGS43CpHfHe6xIJKixIU7pSg6lXWh7X87i5sw9YSfi12Y6YCTMozGf0nFW9vNkjDNCk89tZGIAH2A9nvnP4asC/Zy7bPAfOdmN0t8RPWq40Ymwax5KtS90xPRvlSKN8fCBUHPTA0NfZAWMzIeuJrpPfFbfPY9UzbUxnwLPkYslZORR8AlExng1wCRVYCvgDbgcaP9Ctq/CG/0i3K+RFHnv24ceLCpJYXG/6l5g==
####################
v/ZEfKy551K9lvDTwadIBsSYvZameR1rz8mOxjCVc1pvl0r85sja31vHGJmhu1FXIqZ518VG9P6kUi7Pb+7uGY9JYTBF9A9RAhKGcJW20PrVQ9YhRg4pySXv0p1zcqyvOYA7a4j2F4i2pBZSP4Udx6CVSL6qwt3gfE2K3nfsze8=
####################
FhfbG5xruk0+z35dwPoNqhv/FkTg2VHIl3AynhNSnTNw+GwEeLVP7KzdxtgaseGJwZlbt343px9NU+M6I8ZiyHunNiCbz+gSQ6NhgdAFiRLWFpJjQyeQLlEvbkIUN2piM7hySWHw4yZtrpSNlMI0OovuXo9mn5NYl5ClnUSo0nf3bpzF10hxInbnjNUd0SR7+Hataq0Xq5u6qkni4xtMsA6Acsy8j3pobHruOZrRwld/6UFSQjboi8cmLsbK8QeJ6znFn02Ocxk7cVuY3S0wdg==
####################
0W6piv8hSpB9D/2GK8oi/YEYCLSXj0HrYxTmNMpBeB/GnW1ZUVx8dgySni5lkQ4IZA7GzaKac/0QbsrwCVsTBNvkAQpj/TIs1L5BFbE5g4BdUe/IxoLvy2iKgCjcZUYTHS+1jNcgzT5INq2nHelsXXeN0pz4GP+6GiK20lBt9Ls=
####################
Yj4BGXM9fA1lHG7CVQw+43vZ7dDOCcvLzetyrmgNSWgqPjprKS4b2oGaG/mt+OM/LR/L0eHFL2VH+hxs+RORnLCdShqoPgo6Z7LlLtpcEIrBvHJ8LbbWN/IQxJZT2FpkLpbr97X+taVwFRQRPDNVSrUj12vCdhh+6JYQd/Vt+PQgAbssKp/C+oh7d2vNTC9NoZC34SyALKgY1ZCa3lQr+vDPo1RJdsv3N2X3dzmeOmsKm6r3lyaoP87jVv3dFA6mpWfAAgflFe+XuwOJvAGy2g==
####################
xeOwSH9K44hO/ofQ0+6VGcOoKrd4Vla4X8FAVKQ4aOKxrFjSfExO1aYIntRCX9s7LTx/oW2uPXOxC+2ar0mCzlbzSvOrPYIZd7eJsXmILq7WXVIkUFi4YCqPNiirdyJrutRzDrucD9lMOrENtYy+8uAWDfGJWyVvVdc0UQWx65M=
####################
Jrc0MQlDLmpeiLyEKb3NKcT3NCK9319roF3SxPpQXheMzchNzNpk53igBJxspf1uAMK2AqlsGDC+4lEAt0/AdqY6nTrkg5efz9lrUSqNh/5+fC9+eGPmbcLUBRYQ7wEavr3EfXEhGRZO4kcDWvQMegZUzTCDdKm0/QI56iSoU8Meflhbb4Ol8Ju1lQ770mbJGukiW4iQom7AGtFo83d/ZXQ3dvJdvyMX402XbxkcxF59aC9AeY2NbbK8w4w/iQHYFxOW3HBSpOIf3aXBpzQg3g==
