####################
KVYOYc5CIZyD/+QA6xHZNVjdWhmtT8n9KVqzXjCzsOzZn1dzUsK4PnZH0IjzmlFqq04eglSfo2PqqQzdxg7/j7Iu+yh6rfKO/fQw2sGUSF5JJXIH33J62JfAdKb5zINtVJGywC8s4Ird/rQR956f1OEMzJVSiGVgsNpNju7ivXo=
####################
NHt/Uj1bwitn8MKrWduhZPJqFhknD3eVLLkXF/Dt+rs+cgfnh41u5bvORfQA28jvLxTfEdxTsQTYsCULj9XTSDLO2CaMOmkBvQV98ZkvOFwDfmQzR/LBdmT6wJY5jZYd8xLbll48OUuqSr5+CzajVtr45VISfJbcp0o/vPPmPSWKc+uKfLdU6cFFpYg5r9NEyIxe/TYSZbIZ75DQ4p2QX9oifB/0Zas+f10wBGRkRiPZssa6cpeBfUOZK1DWhnu7KXqEi80SeDhvSFEm9lTo5w==
####################
x+h477gEU1RTmR5EqMytOFVCVvhMUc828BXr+HaWhfG5DVxPbULRL2lQE5vfo6y8YDh8MAWPflaylTeEGfbC7id1TXs4Qtx/7QW/6wVC+VzWz9+f0xalYp0BIsBWLe/pH+T8Tl30Cc1Be65c2XHlBP0tITChivkGZsMYuJiIj78=
####################
1xHczgATqXR55orTtyJm9w1zSr5m30tmoPSmZ+6v43H7Vz4dkvFHw7rA6WKa19rxBB5+7L3aigafepkY9hz9jmJq9B5NgG2K8xm6vU3DZhKRRp20HG2T+WGWuFB1yA7FpIytOEdWXlnR4VfpDcXXXttwHdTTQ6WLh4sv57IpUm33bcDg+r7udbCVheo/g5U8RKdht80RZkasqRn81etrRG5hodKV0Dyi8KU5Ma+PkwOiQntapw0TxePxyK6IM0Mffu34STb9iaCCpWxOJTwTcQ==
####################
fVW37TIRgtLCTnGsKPAWgfWJdruYROuINB1IokWQraCcwwWnyJH0/cetxWPgPCdF1n/gTzO9WLPhi42bR9ndp4eRtITq84dE3GTn4uJjDHptez3Hy1VEeTaCwwnTx66Jp7MbKY6CHsOi6ZL0brY879vGMhVpX2Q9mSyp/21A/dE=
####################
K/gyEPs8HsEXCQa51pyyackrMhMuS8ajdPwsuchYBFqwOlhafmBQS+w3lj1RAtgABa8EG+LHM2bqTpTMZT97koFgJZ1ddlL3lOpFWNY/wvt0fz8Ma7wTA/1EzcvlidPDV4pHvSPHxnkfD4JbRhfBNQ/pZOHukyY948/9wzgaQ4E9PAImogmm6o23GtnW6rfv5lJa2Bhv7SixVsUqyB4xutkVrhfTgLsHOIYzDTyU4Oye62idyc59fn4Ts/VkPkl9xkU73WuORsGcO41fWQSXFg==
####################
Bm7zl+L8JhDT4qFKipaly1Cnn9BQxCGWBdwJjCyaMJxl3i9/GOp7/5UPCMWE0mjry8qqs0uBPqcniREnl1p5RIdCIym38HFRHH1CcHxWFD4D2oKfQq0J9pDE2ZV0FWN9Z+qZSGzkkpCBOUPwfHpEDQAhHcjH/+hA1G7C1BdUot4=
####################
hemq65VUrtQqdY8Tb3IWkLhBGc7n+LLkFc9c6+qCHHbniHkmgKO6N4UyI3NTMrmAyXFA9h5FyCOvwVpbMR6zUksJYnW/Rska4+WqFxynHctr/TceAtKRcyDt5AHJVWUEcJS4QNeTfhGdc0iVQWPFgT8ZJ1LaqqTgNrl+CAbqwR5bE8q8drQxIMAaN/I20GNiUQFN/8UA0wPVTJT1zbm10t6twIgJwX6txlmPUBVcYKVPIZJQxntBNaKYP+jrt0wl4N0nqAK79NvLg5DrA2DHZw==
####################
XeOPKhxymnSZpeRUEpiw8Wj2P2hOkbzvDkXUICH4dC0m+S4O6blERGjw3/j3AmZamwK9VndywQbvYgDZEOgiOJGD1KKIW0oLYD1ZBOqDweTFXa8UC7ukZBbNRi+j43pjVb0LGUimzt/G5LZvsgdNYAzo3yUSO1Hmjcw2UAF5DBc=
####################
muB/l0u5QREeRYDTTEmtR/F5R3n+B2gqbZMEHJ67M69W6mecVG+vXRv+TxWcwhKJGml2I4w4aA3s6bhq/98roSM64sYCwL8uymXJd8RHnEH6poNGUnwcjR3/+z+DwTRZmf5qaF0oSCwKy76KnvUcqe+jEfjIXubmNolC9GmXueNzD/uEAPuBeX1/OQveDihLVPknqcfz6FAcjRGkDyLYSmvlqvoWGaToqXcMSqY6qGnipGjipXZPN4tqBAOnNRo4OGvQ5weSe+qizDxPfdxO+g==
####################
BKtWFyqQMnXrtYMZQeIcENQqjmxWHOF6OSRLijdv+yvViaC49oI9VWbP2rNrlG/RfXcSB3nxW7oSbnIDRnBc2nNxswfwiT15L2Crwan2mg1Llj1GspZ4R6pRfgmdnSBBFSKIo3EUmaDazNaZFXqBd4FOUEDdJtlN7ec+wP/psZg=
####################
T5rgmxClYuiKr7cND4zr6aZvNI69FcXRfqWWyZcz2h+n4KEKFkW1c+ZUVgGPn4TcFz3L5eT2S/AFcbmywqj2F8W6Vk4N0URFO200GkFLFFjLl8XC1y0fvR/EJWIaZjg9HkmgQxIw2j5FvqTIWOR8CofQFE0LAZQ8+FgHz6IY1FivvDqc1vrHidi1di7GlnBP20+aSW+lnwr1IapbvYRHIb9Pu7mzdlbbAtpAMpOyABvUYAGH7mDY5g6cHb0CnPryHzv2YIIVzWvlvOnf0JV2Iw==
####################
QbEnVo33tZBd6/u1w187HXq+lr+v5xMAokzAgcrLAr2P3GI00mkU2qcq6ePT8Poe1puL6uk2enZXHRhgDxKUDnQcsnmsUru5H+HscaahFCCzgJL+x7B42/A2yjARRHaN05cM0vh/qlSFXyP71PGqy5x+ZTflLPJcrthb6tmwLx4=
####################
iD9z69D7ocllqM7F6ftvB3gioJW5o4jBX8IFBkwj477dOk8Zoh+ABNNxe+7PG4p5CCwDtR7TWt+qXOHFcN0LUE6iu9WUCg8OOp7SocTasMuXctOPGColmw1NMS4padRqQ8i/dGUmIYSDCqrNMognhHikKRVfWEFMYk20nynjscos0wGN3KnAzLgu0W+saCXUntUcOm1RFfo1P9ApfxGLyYyD8sMrovDnB2f53g/rZi78obuP1k6bWyky+ppIvu6tBinusZbMCRKJ9XPZfM1ZJA==
####################
N4Nsbk5yy3UsfctIeC7Ks0Y3as4a426B+UnWVcWZ8Y4ruDidomZZwpMt2O7XOAUyZgCclUHGLcmq69F2lPRp5pc9b9PEcTC8qZfvzo8v4yOXHzOVhkTDAG9VdiYIk6eNn+zVGtq7WDbxFIg3J6N2uVsfDyShMkqNWspE65q2HwM=
####################
8wvee6ScfbxY8n66LikOvxdKjPbM8cSPz/NZH7ae2nST/tC87l76RIhC80q1XncN2kuqVb/EwFwdL5UvaMeffG8FIDby/zDy942/uKECAHTbhFFOjdDhHu/Y/zHogONkgxzU002IAihzsQrENv97Iwh42VtkWI2E6N5hF+c6r7huSoucdvjFSa1ikS1mI8UzzXR1dLpIZaH2IpA/goP3FF7UyayT1STlVXqUY8JIHiLiM722roGjZKNmLUgkeObw9n+Bn4n+qsgJfTEs5832Gg==
####################
t7uuYFcqOPKEN2ibychV0WPKQqrsmxOrJ/jEdhmOcEILTMtRS9Z7Hu3/qqveUt6u3w+n8xRoSSyrZKGClSTRIUdDeeEv5Lj4qUl6gYyjWLwK9gAjq3ZoJxmcM5CRI0VjAH6QI9ODL62hAu7UFA/CTjT/fQ9/ZIcbI4eVF25UzXs=
####################
Hvl9Vcc4qMK+lyuZKyQBKVx5ZcmUDNfOM3955BxYtqS1MRjAPK9MIFjDm4/clhXKz1KaqcCZw9/Jtr9cZCrIBcCqagDN4Z0EwAjrWkCEig27bkAnaDX5obqeF+VL4I+fy9U1UxSEbJou44vWn95EuFLoiqwsPNoEZyVqesSOulAtdOIUJ8WKQbIhNXbvCd4g/YBpJV8BoksGXjy+t1O0R5gkKPTdy0NvTjVh4Fdcao3crxBSIGDIy2bo0rE4btBIKHk0ClyNK7qeWJMLVk+MQA==
####################
PI2Cc2iMDcLDVo40+T0Mk0Kzlmof2X28CqiCwo8D6GUakBwVSdjhSVDgQmlXI9753aqEFxPUUxlnS6nHlKBQIgEQ7pV0ictyLMzpdmCzgOSCzgqqRQqGQT4oKPs1t4ZvmAvCHOs/k6ax1gyV76rdW0FTPLnCQcfHRcjl8tlG5zc=
####################
5myus86tecYqIQlHIGZr52mLQMW3uOBWr84W2IAoUREUD+XCOUG/8pn+rdqddUKsJhPYOel4MDVK0hEPlBLii/AoC9Yvg6CuA0RGtu2b7mTlp9rRj8aFKiE51/z2ZCd7zEnHQnl9yqttB/r2h6Ewc2LuJ3mtXpMXp+yd0ty+EJZsYBLEWKdV4XGHeFJLdfonNG4Iv4zsZaWDts0w5QZtwCjhgj/cqKxcNXgrJhVrOyheQAlR6m4U257g9QljAWWfTg8l1GrHZfH7kbGdXsZMoQ==
####################
qhp/Iiox7CEXzmzs0uF4T34nM6v04xN9lfT4ZPbvOdOGSR+DrZM9SChDeDEt1CUet07wFNRVfRHq0tzmoV44+AWqRMe0zmsL7OP17/W71THQFM0ntMeId9f7+lAqwirHYueGP3SFgHBoauNX94pImxTQSJuzro+1IWjhpYrOTQ0=
####################
PYr3Sn3cuRg9VizsxDuURiS7giKU8gfrDIBRj7Ueaxibt8J+edcDQZEAx6gWsh6vIsTPCZE6cDT2hk73fCXJYD0FpeBxHErPjw6xK6vn5if79mLCZ1N62cjcoZ6pPki3ptl1gpF1gKz4j2i6BfCcumltA6LwXz1oTqtk+g/4fcbpIIn6L0viPoxiixj1v0C3p3xdXeAy81ybQ/eSpES0Q2DspWOzd1Cem2kmB4zameRbKdC8TQPp1pL9ooSyqzOAtJskGDJ7d99t5t30kIqgyA==
####################
Kfi8RQFNd2LKntqlx0JTAwZeiGC3uGrH85iB+sl17RMRF72ZRw9Q2eUBut1ge1XR2fHRv7yrkv2Czw0or6DOFIsR5HfQu+s1tZVftLimY1gTr/nSvjgNNOihrMcEPfUOi7K+ppfD1pWbt9eqbwsIaYGkxQ6MlWbKevmACqqVZwc=
####################
RyaN38PL/Zy1R1v07qM2ZHAkplOlSeJ6bTpj4KmgcIN1/6zxuqEsfd1OfKe+Fnf7HVaMvEs38bsyWaa0k/yx20nDS35p8D8BYiUICVY4C9BGAwS3RNg613DP4f0XfWFtJhT3FhpYMVEwdSw3I94iiAfE7sUBLgJD7JY7d41240/1j0RXZm5PAw/18/OgWUDLZTM82WbJnRDbI1vScChgN5rrqmSTjRmPxlKpaE97PQUvCNF/ADQ6z0uhTvzE4UIo7PMuVW9tQFiMZdRVn0cUtA==
####################
qk7Xz8AunigKWl5zBcEHVwBqFTpsRkZ+qQcz3GFGTty8/M126hdJtHaVFhekSIAXw+XYpEHomiV/efmvXruJyRGBKNYysmXf1VugUUJnf1mmJaxVBH6j/g1oj2MgSSnp2QI4EcnyY82U5ymzaZmgVVnsL0Czz25XOpj3sWGQNxU=
####################
aQWti1/ZDcLVGpACMChRHtyFxaOifqJwx8K9xIkvrViV1Syb9T7+u85YleNKCSsWd+4jglBT8jeTDHGV/gE0q0RgOnJneA2uPhMzcqYDG+47iatJZ/0pbZTQsM0NfOwVia+kYFL8yOaHl8PondCUuxkRPicXoMx0sL4TgDzYS830Vyu8a6FnmKmzXO/stDu6qiSINc6LNqQw1cGvqdt2jKjg0S/XhYGOMo1ycaTfvazTLDLvRbxrzmjDM2QCA3J87tvtmlyeztC5oaYNEOFMPA==
####################
c3VipjazLYFsAoNhDCy4jwE7+EreN4R2eQycSjCgyhLFl/I6xuX/+c+7YPCxK/7ucwiJCm0Gs/JeEVwvswDFVei3GvF/HtQEGdi8OWxCzfZuUF9E7ynarE3JRSJiUkQoPRWF/AMj4oia08nP1SvqWMjb6jy0G2mioXoUtDzvxuI=
####################
rwR6ROrjqWk0wqtfhqa8M5XKHlmUlNAxjzqW8eeuSHhb+2ghN7FhqR+V66bYmxJzpD7QIvXz3K+BQZCSTS+vpHuSychXk8qXLV6HY+iNnPJN2YzRoO6WtB5CHtZmqxQd0kcMHc6WcKwIOBnAZLuhWtKPgSCEGlYKvCmKfsKm3PbhXlC30lvhmyIO1szFY0/g6dyJnIu3n57KeLRJc+Enf+VRfVJtmfjPfOTmNR03xiqOy1DYYbffPEeMgKMBYnttZd50B5T7n0oO3BuSkmJslg==
####################
gBjC/uE6J/H3uCns+fHOvRQ+2mQZ+d5x8Py3zzvGnUF27ZeauxtWtWLsxxwGmTQ7bzmZYBSTi1nyfCL5uYQLaPD468rcXJOezeuunXUj2WdkUkKPNx9AO2VuCEVM3fc0PGQTZ3ydTz+tk4ur1CoPF+HigxuiA/FLoqN8tcLvWAI=
####################
dYmOugLLIxw8XRqVyQukJFfs5v0oUbMiHVJWO5sd+XY47tro6zBDdkEycuMjZAxU5PWX+dSJV77eCiUgqLimQKyl70xH38sHrhQOmyKVbP1uT/PzF3vJyVO2w/89oey9AsEGbXyR7LEwCvumxm5SyeGqAr0HNknmxTwD9ix9pzCeUO4SQ1lXYP2nJ0QHLqroG3IwmR00ql5743vFT4YDaQ6RrK5frG1E4V2sE/QRONDCpjOFc0FjyXDcMUm+1n7r1PBt5VR+tBOw8gRCMZ/uMg==
####################
rOgNVE9tdQEgzAX+FSZLAOd8rnXt/Y5RxtzyG9pFC/21g7MkTn1LCfiv2y+4W2lptuPi2ogIfjP/PbkqDdj7R7r8S9nYu0mtlc3Q4IjapyPWplhgZK+tST05kmteTudrNeM6rRdCu8Y9dzR8tEL1Irl22hVqdFTGLW0IJY/l6bY=
####################
nR2CBiIfWW9Qwy6uXspEETLj2FPFJhZSlQKRj2yfjxfEKV3YOBtMQ1lHdI7T9sqIwQaqEJLfgXKu9ISr/uZumcBFOExdzSgwLO2qpMiNG4SQ5T/st/yQwu11I2WkQeSiwAZCN7yg0Y8mqvejSg5IWWXRNW9PshNAIc9B+PUAyqGrhqkIwKoEsbhyHs2gt0kgiZdbEKeHCk0eR1b+wB6NuNXJ2n6vEGUySDB7/v1V8wLHYzGQlialLGnb/ZOMa/j8GZ2/sEHQtdwD17gm9phpGw==
####################
vV/rIeLPIQQvmSfiC2rgzwIa3nvRc5CEQuTd1t38d+v6gFPaVCTpAEG16X8JcGdJ9KJ24GRAJD1VuqPZ6SfLS10T1FUBX/llTxTUyMN/O1ClacpZP6cq9ONYDgoRJoG9IbJpIIWxTIlK/bKFfZd6aBDUE//5ALHQ+/hpcW+kaJo=
####################
JfxwIKOHd3/RkOLzHq7KKRwheeGSisvE3ry0/DVgtePVhmhN5VdvDq8aR7RRpN2iJ5Z2vIEePuHPVFqnFuFrPPqb7RIhOFwkYH9GFBaPkdg01y9OIkCwF9iJBQFdskmLMEMnJmFhwqQRznL5xGtG/cUMYNhy5hsgnkXoeFcEU87UBykgPSbutsH47AJA1eKPBWABC+olCzXx54fivTp2GN7AJP4po796FrOAZUZO89Z4pNrLGUpVbj2ZtiJiRQiMGcCi8Vc9azNt4ndiC/tCIQ==
####################
kwpxSq8bqFtPjdSuKzpLPIKXFf/F29CAy25YdBj47Mzwaf4uEP0XRn+QfqrHW6/VS2ARVRtfFG7hcEUetNudX9ETnYcVWYqQ4kmbHxCnje8ijm64+vKT/gUgL0YXwgSR3MSpiJeShao7Rhrg1sVjr53wCvB9/eSh1NCKrb5Nzsw=
####################
8GrLX1Gykm1hIwXa3WF7KyWlE6pLZkJzQrH0FGXfegWBsPxyC0chAprDO2EZtdvE8bdy2Jc/nFvwkkWjIN3gRsniqgTTmEoGtSPZIas/aLkDCptq2YkBto8FXmQ19BRzNlFv8c3uHncO+koQTJLJhVwRKvkWHNuTNXocLrcbtLN6M//ilCjg2Yn3lvEw5/gOMji/g6ItiaX8iobobG8jeCUrUb5Bn3978izQCltgxjAnH3dCaPw8EWpPCexmEusPbmF8uaQwrdYffa708q5x8A==
####################
MOXBbrUcV/AcLgaK98yTfjKjCLvgJ5hq96bdHVRoCYkbR2TXE0qKB6zsE/RS3izsUTMo3UpgyzdHQq11U2cKnt39GJTfh3FS1X8Abo43VErqrgOKaj4QUfK02vs3dUNXN4OEizrNyw7y82xF8xTiBm/lw+NwbUUG0pz3nZWEMb4=
####################
iGW/iNiov/fxtLOq81C05ZrWqARbv4tFo5KFNz1kVnMTbgilAR8ZnGTR2BVgSxKbeOHVN5Hnq2jvAl1HXBn4J+zwlE2d674jJkhogSYOr8gnYs75RtFQuLbUcsfIv73i9OnrkVHxVHG4V81jSyILb8GLUUfYPJRO5jjOhB4eCxi4B6mQ7xc6PXc1jlvK3pRkihjwWV100JjhxWqsxr82FkVp80VvIoekgSwfJ+oV4MzubNMnPXBJfD7VFjV3QF0HgGgHxJOLvJ2gvh2zo6KU3A==
####################
YG6qqunVq7Aum41trEpF9YYUB5xCYYFsQVj7dALCynF9dAJBOg+V3MSktYGSegMwpiKjMlXhMHjwtT5Bx1cAluqxqlenpOP/HUZ1t4YFUfeKvh5YY6NOIAPDewmcQkHE7xCDMl80HV/6IEkJ7W0lGNx30adNP1uvos/SN4qICLQ=
####################
g5uVzouOATPL5aqyxz3Qkz2fsd5/8UQAgQi8h75u1/U0DvIRzBjyPn3k+/fXwwX6o5n3oid+VEwuDxCgDA9HN8m7wBHKImDVgN1nscjVdRN6RRK7cbnjzsr23VDw30ckNtKq1mnU8WST3GwhPHqYdegSLZHyOCL5KhU99NmQnAUShOilQcYG8VGhBDLh8sLProL9yMCkEqFD51n+7rJ6qBnRfrIKkzvI1KYW59NV/XR+YDTXImlrKz/fD2e3nl+tazJzHb9grZ3epARLdNazBw==
####################
ux2hJQaA6ZVh3WO2k4qi6md/VmBMI85CfnfaBboC0nddKx6+lWo8nazAQ22gvIG1EIgm1zs2p9X40ZeP9hM4/mpjCnUFuN0zopHFCAnixzDewwA0yP/bkrL+X38jcGyqn0z3aMn2K36tWk8oK0ZgZnm6sBvTHuy+OSEYdIrFWws=
####################
u8NX9r/4A40n3MGErEu0IGfb9BAFVAu8YS2voYkhCYEswnYnsBOXUQM9aNRZ7lWtB+W3g4mpnLNc7egcqLd6Eqy/E2fBfryJ/nCvWYJakWwsHm3YDp/H0s2q/4dP5Zwr6Wq5jSRJYf8YaGgcXW9E3tziKvN5ZDkhZJa/lnHzbQ97jSyBUL1TaoiD5c8YQBUzfKKoCAWeCr2QzcndZiONb3QgM6C1DCF9Wi+ehqqCXNZw/DQSaej0vQc+3CdmjgL/KxtKeH4K0cxyFj/RQmiwyg==
####################
dQa1QR0fuLZuhcjh33gqmj4ILKGIc/5i5jHOn93m7qN49xrX6Iti9yVWdsog/0Qd1TjeFwXnaiPQKFJFtrK9wEPqGu0pDrziw9Pj5xux+ZD4uqYmF2OLdnl4hkMhGGdVzwpRVNC0TwkjgDk+lmUj5oZRCWjHnPQ0GF77LAPyKf4=
####################
Q7QsZvsKCK6Ec3a2C01yebxcwuXTimeZbs7LXzMnOYjMOe/FC72OZfbTxexA4gpyJNtIj/faDRW9lUDXwIdUwL7yX7+WRyxPHvvK7O+w8B6NdgHoeQolgUZwUg0wEBFMVX3k8Pse0KjcFStfRR17WHsdoUCahYWWeTPVbyL44UiSjr9AZZINpSsQeFPIWPX9MavOHMV8UNi/J5BiXpvOYeLXIH/i8NbQO9pCJ3EqdfV5CHbOgjDKrGnZgAUd39fJeegSSmE2MoXzs9/1yVGh/g==
####################
tynZjCWsQdtgQKiEGkV/S7Rfhtt8V94QgbVyStyt6XMzlULWNsDqOr//fUYuHmTq84mONah8G32BG76od1UjM8uoxpyIayawmQIn+PH3v8iIOxFFIiPInIwWVvcjD0eXwLTPjracbbXOPuHSgS+7sazUGRx1yW7ng+bNhkN0lRI=
####################
ZvuwnTwgBWxhJbOnIfS/2oPDeMIImBHYq8/mAC2j4/G0vGLK3oWU4B8M30s9HKSmfvkaoDP3YWbRqXI0zDhZ7Vod6ol1zJ7B0Qzh7KO7sJyzjdytKoZ2QLpdL+QDISxZG01tjWJBRaZMb6mAueHs8y6XALVic9Fcm5tejbsciDjx1tiXj5sk76KKwcF9g5QdTCXrqBreoLnBiXLmzE87i6Wzm4XsGlX7nGKQSYfs8wahOB47zivcnuCy4QZzWzzOPscFXEAMjcBoGOscqDSqHg==
####################
m/RnqYAhbRU9onODngPbwF1eX7WiWsuGtmBg8YVOCKP3a80qWH8ADelENC24LkAN5MUdiNSollREUyFqGk48gNxgUatHkHTBDastgt4JhGcU1QVChSGNRsX09LCpSFSDBBTNS51teUxnn6eaoU6Stb8GxRdcXkVukeUgX0GNYGY=
####################
8rIGnIhHEX5UMUYj4GzHKPOR7vYp+nhrq4OIuEavlNjoOcaknVyOQu3Nt8fLHWE5lSNLLguIhh8uyRvectz3JwaHKN6tRBMSzFIcPmG+xIQ15FHrAJMKP9bmsZj8AT13gls1OdzGoCLYdhBuZY+oRf8rng1KQeGcx6KstaAffyS/3JDcJF/Ud2MTxBJY+fpoA6kzcMpAufnPMCNGoJX5FS50NlYYNLJ3JvD0Kj0xj5lpmsHiLnKww5emzzwxm391Wq5jH5h2jLkXtW42WIl68A==
