####################
dPWG6jbCBaPDu9kSj07qh7N0MS6jE9kdxNNdghWItqA80NZ0MwpW9jAADiEIy1vrgMshLxXp8AwRn2BpE5gwgeHXRHtfEi8sx81ejn70Np0jxpPUa8+1bqAofcmpWClt0wZ9G69zXX88JovPZbfHXbXm3jZncfBq+TDqrq3348c=
####################
NRwUVVIZpenqe7aTxK4sLVYTwn0POJjepGTgYm6uGP16Sz3ba7Bxn6ANtsGjstkDz6CC+EW6QfVkjj/HwwYfS0bfqN7khxE0y6rnTPZVzAep7p4DHOa2LYqj8VH9UrdTHz7B2v6ho9LZa1TFPg7uf85ZmrMlzg0marVgZr5qyFCklPE640TuoiKyvfkIBYDr64CcdOP6A45jNN9Z5wBnxrQh1PoVL+Y5dwzTEjWeNmcewnatEE7lLqa4d5JhIwDuU1sKGxi++GM8p0Zrv5n7ig==
####################
yZqClgRY/u+0ZlECpklWn/2tYuQKO79LSEFSJQEOXJvXoUyWWjwv83+ZIY+W9trKqO7UPEhWj8TFO3yz5XYZlGLFDjmJy/OmwLO2NDGgTMG+bPNep7eSgg/V4LwldUoCWBkW8hreve9WAC9ZII/Zq76vpBVIL6j5YnvX4fkx4y4=
####################
q4/jyAfeI3U7YnbTvg/t+yyCAG5IdJvndLxyRq2ZMbj+aUvymI1QLmxxRvCMeRv1247TKecZMbq5tLPnnYeh6uqJI8CmsrwRYniE9T+yM6EBwO9EzXwYUawPiI//fOB6iOmwjZcbZ9DnuYDXSNjXgJTH8akdvTaH1WvTx9obYrSa7Cm2oQgGFeplpo0cYh5zTR09jrqJ46vw8tHvRKCF0tc90mUw2jMkjCZtvaGsmiQ0et/7DUB4QbIUDiBsUiZw9Wb0oAABI96qwpKFmC6uhw==
####################
A+42a3pyT0IWCHqx5Y7MaLWd5ADbgomYZf0Z+rNYZqyi4ROfC83IG4Ri/SA9Fp9tX+/gzwbapTXMtib/66YrOO3u8MaO78BoSl11Dloe0BPy1457BTbtS+mcK6bblitJ2/YRT2bT646FDN57u0/2OCScvyDc+6Ru0Vi3ulE2cWw=
####################
CTdu8VT6hsbF66pm6dgtCXCAkgUvSL1NL2vbEnhXrK4zBHQs/35gMxJdn23zv4Fx/FzpXgJtkJt3mFcjysKdFR8ZfcIoOl79tr1AtWrBQ2TnfhNTdKE310QUu4GTz+4KZgicYv/BjAQ2dW5McTBh3nsNBXKamhKZfNl23zWGNz4I59Y73JuKzCpyrWVnPgFDW9UbWH3LSkDnGKPnOG7JLcBmTROLnA+Nfz9luPYK4pD1ACBxypoP8ahyihNrVemMZ382d9txx0rZ8IQM56Kvfw==
####################
K3qoZ5keoRurGFy9kG7wUFzPYuvbdO7ixPKzYeNaZbnmTTxtVIV7ujYFut6PwJn4qXk2sqJyCrOgV4x2LNYpssluoZdB60PiVzcZr2VOafpO5PofDubL95Yb/ck38DLlZgMHquiJnKix0LEyy8N7KJA3C80UeU8vmoHneuIvD1Q=
####################
lb79QjE10WAS2AAnSUNYUG1FHq+kHHUujkYh+Hzglhbz1rlzgXsbL2DjPXZbNGw8AkpV6DajIsjETYO96bWktCGaPZaaMc+8ThxTVLk4+a8UEeKhI6P2PBXO9FXmViUlRGVuLw48lcwnJNYaxo+15UozpZBvHbZdPftASzzFi1OdWX5DzRDicQtYvaSdvWdAiI0HEZdwQbv8Y7OtfdiDR21JV2tVQSVUvOMGoOknFK7zHA5ikrX7PeUjLnu7KK+Fz5Ai701uKEd71Ps0F10DBA==
####################
LJKollF6t2gnJtD/ucizimRpB1hLc8DrqrWeDhv0MGzPmhR+MM2GNskfiWzWGxGLdRjdF7/4aKNDq5vdtGw0K22egVZXJ2G548+BiuNmsWZcObgdLtkWuUouERq2PoW5Jvot5QczUpkN5VZjVbUFRhyipegzShwFWhJn9TIJzjs=
####################
HeE/ljAP7fAWalGx5xCS4Da1erldnZJQM6dI3MJpKgVttgmoB9TQEaI5aOhpVLLz9wDH46VRMvss7AAxsk3WybOpnIqP8jHfd5BUwEBvllMvF7BPUlxaDY3YJ4z9vBYtEu6mCg+kzXwsw29sYjduv0xPFgqLAJqs3sZk9PEKL6OBCcvBeg/PGPYGL228uVyVzJkr/nETlcP2Afydz6YEwxuodSsg8IpFMsJ1ALsF61wTWBp2+mUS6jfaWS1WGu5KJwCJwxOVcQefX3uaGCUArw==
####################
O2mqNR79cIdZ+nHcmP+Zgb/nuteZaznJnzoJnBtL+WxtokybXOHHIcZdKzZriVDcdNPIQ23aS3eoahssacdg7rZWovnQlhbGlN+blSYDQczy/L8uXMr1k0iiKdt/rC47gwv1sj8ttyloMOIsmME8eo25+G1KXnLQfvpveh9wTsY=
####################
2fnwH3/6k7iSuAGVHd0eZ9ytQQX8y1d+DnFXIKSKkHiTxIbJiUy4Ah6ZLPlmH8GbMA88+oQWRP1J6E9NKVjDR49kZePmS0qYvdfsVwrDBxBD5CVBFN/iI34ua+gFrLrcYVd9UxdQfIKD29IGRT7wr5IbgXDed19txDk20n/whwfVola0JojyofUpWDCU5ezOEHlQV/sElh3afjpnDal5zebcEHe1Nww9+5imphtP8dLiVs3xrlRewD2/1nFq/6ALkbUur1joylnQ5FBAR9E8Mg==
####################
GUVgnFQ1ULS/v8xjOc4orCYt6b6lQQyzFtqZGVYs/nc30Y/MTdOpUK4gWcvoe0AsaVMpIdL3QeDJf0dzViKTOXQpPL6mFXD7s+iKZw1T1SGJAUkAYXj0rbPX3Gap+ji+YQA15N6D0DOnC0yFlSVw8bjGlsHaAUNw/o9ciHHP4bQ=
####################
neQOZxOdacgwoBAeRYb0K/8bIXUypr7+1ltffdEASRVZkVHfjPfygPyQdzqsYPhWlImYQ+hWjzg4wC3pKsVLCYy4F1sQbSOwlJjJjL+JFivSNbu9Z3piFw0yI/LSDX9FHBIBdsv6C8rWIzxa87OiXbDBI9d839/tS3aLYwVASDEh8EM4y9oyf8zct5iopoJQNpX9otZ6vgJ1/QBkkYk37Ij5NTRGnNY7EkgsHum7cN/FuZCFNMXqPMtcbweR1rNr8ptGmxVza4sJkRh3WxmaVg==
####################
D/M+/a/Fa3/fe9fxUqA2WWhZfj4xD8EOMzh+wVXbiwKxkUmZn6J89IUCCl9M8sya/1Q1eWVtrm5p0MSc7PcnSE8Zrt3OFm/ZUNHfidU9QaZH4nwWjDdKT7Xeiqhv+DBvgNaF7NwlVVdD7izpPVJSoEI79lf9w2Mfkh55WslWg40=
####################
J7VmU5pJ0eGZlqfZ4TirYvXFkGBAE5CRgpssBscXjyZEQT1KVoCrfyCYS3mz41wfPpLYcyJIEI5S9nDCgCCrQ/ktmtCfhQMD5T2Pb8Y63Q7WYqE06srdHGhNDJeIQdNGtxjl/yN25M5uu4uHJ8uG7yWJTEMlBzzLAz9fC4S2r3Pw5iHlH+CpliI4qS6vjEpwrMC4KZEkTACKQC/r3w0LZMS1sVJp//UAqYMyFCa9+eEnSRcIIqSI3FP+yyJyxF1r+kyav9kQm/LrUe1GQ38JrQ==
####################
sPV16dQftZxPK/N+8kHYxSTu8iw2ph5AlpR9yTDwA+2wQ2UHwpG6/Jwvp+HYTbysRvM/sVJ5YKMhj4ngnScU+/u5KacgaKt82suJX6vO/apUEDAh6X+kBJO5fUB3uQXrBemc+mJ116mr6kxNsR7/dmBEF+taleF24lpwBTwjGEE=
####################
35blDX7S5RtZRFn6xfO9tcSuJvYA1VAnKJuximVeaDq+HZbVYEAP9vXlf+749URP8ka8NzW0D/vHxFOg+t7LPr5jnx/HKQI7egd0gOAs6zoi4JAROgAnyzszR5QOLGSko8P7ifHcePS6DLR6RAm1UjspUIpMd6q+IW04kdHHKi9GGJQDQTJrSg7ZNfTF1hEkAiCa5Rp6BLwJI9pKKDWMgFprSj+QQyzEVw45MEMjwZvXDOrf8DWfB0qhC9LA0DUnBHWIw67r2YArgGtgHlr9XA==
####################
BkbliPO7IHleVgKgL9sN69dw32W6jx5d/ltBmD/rm2P5FOs98ogDZxwnuSRwoF/rK7sSq67H7t9BvyBWO/m0Bu7RoRTeFe2T/51pX8f96VJNCgs/49jtcymZUqFLMnJb7QJR4PL8/x4MznPDNAY1F6HdIB7LFeyenYIrsjn7H+k=
####################
eTq8paoA/NBt7BJSxvl4XYz9rkWF0UFVzRZDy17fTdCxZlbXW26+lg3d4O95BamTe1idNyAlJUOfnUSJp6S9MLNee1JQxMIkAHX5wTIGZJoBnyfDO74yArcxDlAC9vNnvxUvYcAa30NFTp7+P41kaMqVXfshKhLlTmJrX/S4vymybyyCJCItsJZKBYpoGetVIVqebuFF1RpCisKzzsP/eYnCWf/0whE1FyFkZEBbS4jRMCJECX3UnUIqNlspTVHNd7dn+8vbaYYIiGnxeLjFPQ==
####################
p36fkPBioR1uT6vQZDky0IKOddBC29zVledRdDIlPDKHL+TUsGvjdZdgpqaclnZ8W2lD7PiNNykmOt/il9eQ++fNy1+jnb10JaIJYE3sw/YYlVt6n21Bau5zCMATbD4zPrvdM9DiDGmsG5rAyyB1NIYszE3hm2ESdNcXRtdpohU=
####################
NGg9pv0XnGeXnRTlDP9KsLYCMVzIGdA4Ks27uRCBedW94rPjJPvhdtAdEdjDxhym2bFd6FWxEi4pKxd69wzZwKAf4Hj3YzflOoY2ICPO1GG3+AuYOQkjXZHyWWTAFytWC+6NvMAiq6+6ho8w3wrEFn82LXtt3iO0T7u/24rGk6+CX0hDNruL9FreYFaBrZKpFnBOoWJHs4xLoHCA7krqnxTLIZI7qVtSXVDGI/24Rhdrp7prYVhKNTqDXgalao7eLvpXBPo6r9kE6MLCowISTA==
####################
inAQ6/WX5NVt8hNWohKZmEORenXkAcwfkXovSem8ecEJmFPXt+VuValSZwUXqnlJS3VxW8BL/EMWaB8pz1GcrUKb3S4621WYtc/L2cfX6rDAKxsWFAgl2T4uhiU/1wyxzALYeznewZl7IvU1ak4sKFpZAmyw/+FD+b/x06O7byA=
####################
UWN7PoFi/oFm2Zy9OJitADElAT3bqp7bovmVT1KVeST/pxImZdjp4+43O9ZxXS7E7GUy112hUG9Akyw6GtnJH7Q1kuIAHjlxvpORgeDWt9PALiPVUueY0MWtZJDyeEUMUK/gEAbd8IBJYM2+iBhyyRRQQNd6lrXkYR356TG05KR18k0plezXILvljFDHWIQ2Rp5a+07Nxw9tL29F0IC7riWYuZBLwdjlnUZI9Nn0IJ4HXman9nuGIKBg8/m5UkhHneY1CpzttAPJ/8qT5xQPNA==
####################
b4R2lC7W49EoPimMs3gJjn6Nm5THOE581nC4zPgq6/DYcCzHk7ZOw6JlSuWpgKEKJslyWoA9VmLNwJq86lLGjWxU1xp1s4r5uSQwTAvqbkj4sgmfViHGGtPjA0NeoMzPwnVW6H+MijwUS4x9bYdzD7Ol169RM4owcYwZZ0E+bjk=
####################
J4vmVp7XrEBpQr+cgIMhRtwTGlEGkwHePNHacVTlFCuHOTWQxTWe0QNMNWHCaR/I9Xx2PC6MnaObuhdpyyQaGcULZbqHTv/XnchFw+Rxn6ydNHijyaZvFaZWMHwvSqdBGcGuvfUMHKBum7iKcmQJcrHfY+uWuFFtfWihds76zmP6DGCMkKYlTCeI7zeGveDBLqa82WllhsesjZzTsb/Z3RmIIyhKFgSVXR4W02DI6ZyC4LOqmgxJVChi+fbUoW27r75IzSYxbuoJymTQLqZCOQ==
####################
SxhBfIhNoPgixSOiFytlXgzXj6q/CQWpVkGbgCjmjr4qd2AQm9B6T2lMMlrqA+3S2x3ZPrOFq+43MTci9ER90xz+inmKcPiwDLheFjx3gzNq91l2A0FwAoh6tVfnMo2tHf/Adv0hMNYLIItoB2pXDGgttFMHMtqkvKsgsTak7OI=
####################
EFpL+nXWvKA0eHPeHBLsMTGK6ZyTtaYM0simPnwL1b2LPlNieQPPNg6QUN+cYCFYHS16RCF8UjSSxh6LIFu0ppYUoseVqe0l/lqxZeoKf3nqApKCu9VlrgN7TDtnmWmkcIpGrGukj4qqcTtuT0B1qD/aFC3QZpRu4azcXA1K9w/lvRvc5BBVZIc2RifIdphi6N/2HUZUc8F8+29xY8SvdvNfHFPsPiAysL99E78ODr/ZtSDlHfYN1QI823ZLpjgLJIK8Y+7CsO12/DQzHgJ4Qw==
####################
pxOrRSNek2EmSGZRNFpl62mfQ2hObTVLeTqfqREsiYJJ7Qx9PGMUCFNuTHSoPbdUGTHTKUeN+WdDvgM3RkMD3UBaLcaqkotqH+gX83yIfOlhlPmj0eCfW6G320u2x/7XbtpP301L3DiNR1UPN3TMU81JKMUJNS5I76iMU/3hAcY=
####################
Ld/QFeTnPUxjPt2VBaRsZcE3Qv9htRbjbZAxX8t/uj9br76HiVjlu0IYTW21zeZHgsq51CH10qEGWjhvsb42D8koanm0V2lk0zYpKRAooIDHqx17XKSqwX8YlkjW8v9k1Xfnic7aGcZgpDZ8+wQNQnHDKMMDcyrHsYDMCPMM+iQTZUSd62HptpbJg3M8iMDabUboMB+6yesVsq7O2lGa5z/3hk/HVrVy1yhnF5hXXCm+mnd1J6hA74CMwiTYM91Wt0zOX0KCLLuZyIneFkmFcw==
####################
vIjrM5mvjM6rpQ0rdtHT9GYlNo+uTnPHCrEA8hw9qWcF9DXZKp4BJtvB1l8BgjVZbG1AC/SNjwl+ROCVe5e4FNGuz9Cil5y4qUJIMyla+nRrIjyNU4Q6jLMWTv7bSgwWnIzL3hLMx1HMKQcYYWtVgWhNSDQzJSVfXRI7JswJ4BE=
####################
Gvd77sfh3JOkoeCOGHy+1uu+qmUZPPgv6AnQy5O+22lGawKPIfhPBWQDxIIk1u6c6bznVV0hXCo9k/LnJ3SAqbBX8ucLVvwSw36siQBfYfAi8mBq3yn/96oXqcoUvKcs3fQvfne/xlyhJRqayUSZ+2hAjiRobmmb3dCIFx2aw4l+JvYkSsKyt4SzXleOyF4/m+lHKVhvqEtOzZ6KPtOQQz+GlnH417lMgOJ5A4sBulllMTk2tVIoVJQJ+OTNuOQ7w1KpXYRD9hSCxLF1lC/teA==
####################
BkBL1eYjVyABd3iV+n8jJmIJAAv0uJ2lAoj3MSzdlhJb8UOJw/iCIRx7DmCOa6kb+t02g2o7Z5giLOdfTcyjbA/DymeYNPk9BusCGeoW/FP/JIWdjqDWLm7MvyjGjz/uxUuYlS02hK2bH1ON494JOdNdz36XhG+vmFCYDj/J2e4=
####################
l5oFf9uLEgyr/UaeelP1c2FoHxHfb+8z4nBf+PHfqoACYTQdp5dzh5qDs3l/PhhVzP+As5AlsMyQODuFGTav0hZkhA5iCAugzsOxXjJ2DWgK5rYBrzMGLYmK/ik5iniiHCZUwX34iM+zorwO/lEwztYHjPzffmAd43s3rLVXgJQzrrtUYj7DKIcZDoa6/DkWnygzb+JkDh4EgSc8SrlWqFAE2Nj5IcJC9TkqCT71tu5UxwwD4HRVSxfVIIkaCkTvDL2EK9W7tqyMO8ZYdnSguQ==
####################
CE9mwrXmFDAWYMmx2e9VCo/Sukx6Dpw0UmnnmIW9Eb8o2aVPdCO9YdOwA7Qh8QL7hcgWSUJDTe3nM61BxQaKlHm/9Xu1iF42JXNdbVPJGDkIp8DGE/x6oPFQsWbPsNiIxeK0fzAja79TeOHoR9nH5V+Zh5bb3IHXELGOlcnoq+E=
####################
vCurI52yc3M9A2sgLUkmU+U75jAE9LKTREAf+rOlcDEUJk45zbe0eu4veWnOyQAxo02nUFLmEjUrAn9Yk/qeIPNYWPe8l4IMMcIc8tYI14L7RDMFiWDs1iScXePPyzpRxksRXww3oUdq9a3ZzMq6bpdBu87ssKo30xKusDoa1hfvmEN0FrJXSappfh2W5tgrz5s78MjDCZV+hLRK98huwY7pYrMcTO12YLkPM3yAniA/QA6XD7Hxg3jRRb0gealJF8Q53MP3vWlqeFJXDnPqIA==
####################
Z4YocOr9/HciaRITj3pntxKYqFFoir/djrNyQCrnLeJmzCE60p4LMuBoljGXtEs1L/diJYSw3JxkVnB7KHS8GKgfDQJ9YPoRNWl14vGvxWFbh4F5Xvabv/cJCOkLzvkG5o9CGIqGvC1VUGKfd7WHSCDRuDm+XQx3HglmigoIaX8=
####################
OfLyN526xr204z9Ms3grTx/E+EmGtxR9vYS17wCR+NTEf5I1rdZaZvYZ8kD9BL1bmNRKGsUPeopeH/eZPe9Hg/oQRClx8fjKCQL14tvHO38ELimOpjj8bK0ihEJmDwmeKdAwXgecqT+s5yp2JXilBuqtpCbZTDwJ2i99CYKtmHrlOSRTZAhqSCL7ehMyI8lNlYVOoQqbocctk9JM63yI5mKyYxzdUtFYiR/yZdEOV323pKLNyCGibz6hGhqjoilns944OApNmy+n+RAPbMnbPw==
####################
jLRVwyI6WUZmW1COtKN/UwU8Rl5DmMt5B6dydKJNJB6JYYv1P9Ljc6lofu9ElaA5MYPUmgHs456lDBE+L0MTurIXuApCtWYV6hrgws5JQUGUFjXIV6vxjyWzDLinamJh3MrCUjvDL1LjdDOBdC+xlNGAwDAcgwySYcSgxxLjR7s=
####################
8J0eciSJQJacFcPDk4R8dzDxV+drrx/CNT/gzFdwDQQSt1cT9+ykYa8RS4jJZZMxSDdAMO182d7LPMCXXiqb6Sjr+thvywvqGIyodz/wqSAB5/eQc8HgJtQFuWLAgPojsy68i5/HadvrnldKLY+ef/zJb8yvn+XEG69tnmpZ2jjsKdXbB0rVH8NavCPK5eMK29qS0dwEXj1/NppSowgykyxWWW/7PCCS4Yd5CA/WUio8AgrZdyQV8CRPCajKvJu2NUrK0p5nt6XORnCkc33clg==
####################
DszzP3WU0Ms7STVTy18O+p4yyGTFDdSuC87k86l2Mz+2j13ZCQcD7YjpAx9nTehFlk4zKq3bymJBGiCUx6yqZVqfXJrgnAwJE/zX7GsLFiapYIpEdRXF3QU4uw9gWXcuO1z3HuXU3lCrKyuTWdcSgW27kYfNMZQnOV5BFjGpbKU=
####################
QYOj9BtMc7iVLMZ8IhuCsQWmHTTrb1JcU3e5fKwmf2oR547wteXlrFW7VX0237jV5MQNtjsNnf61Ba/aHSuC4gmthO0aiF3ntTgkxN53MnNxXJylCDZCAxeJLiYpsPh8/D+92GU6qUlcRzvUplvgu/6KgrarDI7+GKLMmjVVhadfIa1C9qBvJNt5SVYt/SiK4pWXIdJzoCj69UPJ0BPUmQtBj3/7yMT9ZOvLPW4A1ETRPFSQ5RlhlecyqMnj0FWt9Dilw3h/6gspDb/lNrPsAg==
####################
gxg2U6ayh8nor9WVSdg7NlW3bQ8FKIqhGP3VSyzlAOiTyPeyBFxp/vKhDYDbXAWGywlD3zNJHjIcaiaQEgDbKPQmSpDuDrS1HlUqoNdQnX7T3RWHxwxA5qbZEzWL/p3Q26YLAXHjOIjmOb2EnxCm2c5DlVNmE6D2mvpix5v2bpc=
####################
IDUM1lDRO648EP+lYogmxrGiDvTJX+evqafdFpbSTnMtH4V6z6eOWvwfaTBwhYR7QItLKmZKQJx5G9xey1vV2kV6twEptGwNFv6R02Xlozt0MzyGOT4gJ6Y13nSgJbEa0PyPTJlwm+S/NX5a7wmjKmPXEl1yxP+yf9TjnXb0y0DpkQ/TITpcloKLIs7dxdkly532oS6vfKqv8KHLQEaaz+F0rdcOympbAYvugWJbgMLamoxTm7CxZMSPb0MznwmbtU4N9A71x/yHRNZpYvxanA==
####################
vdZieA/JXK1SDJu0E/JI8SCBdKWXlMdQV87bcmx2dkKiCQpxKKRYgFJZanjvFVHN2lkc1iv+U/C1QVDxC0bGM6WadpVHYxhoXN+DxkR1eMeV/WFjtuojau1S95tSxGmUhaG87SHynzjbpwDFpMDEfVD7voEJzspgzr3e8jf2dJg=
####################
q283nV3CyBKTfZ0Phk5PW5uHim9pYsCDE7SZcQY1q9UUFjSI00rc8corf0lEhCwg1piv6vP2haoJeBWHMYtJ9gUoXZRO9z2Opn9CRsvjXhQ6WB6yqvEaSLxlhB7TRAkTVFYtYyjkAwLCfLea8N+qT4hs6EGJxfKTjDOr2gZsKbCkgPUVLSXevdfia8lktUqj3P014ode33beEu1H4JNSPblMNlWuW23vBmAY0eD7HO7GZttAWwq15H3R80GPtjhqFSjG6+34RoHfueDvbnI7dw==
####################
KNVBjBFfwymRgyK+Sk8ZpMCR6t6T4g28YH6yYSz7BiOFpot73hwrshii9qOtB/Eq3nwpSI6vAqYwzCg0SfHI5q1V9sM2RIHwEQWZL3ReP59sihBMU6wwwDy9ULPLgb0l6PYf7zUTQz/HIVUj2InXZvbYeGuTwOG8ru2LscEIUCg=
####################
cVontlEhSxdvBS5dMhSeYEFjPf+a6Tb2YK4CkOkApFHPKrrbh1xbIs7UXSXlRhGWasQgN4UNe0f3tYnpjR1/IhSjh7BHJN3CyO4FqSXZCNaBESYcmN76n1kM5YXq7usg3iW9f4SlaXpJKSpDnpopX7XjfIRetr2Ct5q4Rky/FApEHRj34XuMUWQtoRyZaxV7Qor08bPq1CGNMepozn+nmxjMj4doWE/21JQdtcvvhu6CziaK5eUvTqQ/lJjNgKp61exs1XjODb0V57xD73D+cg==
####################
F96P3YroTHixD7ZYchVu1wGDxMjsE8DrCQv/rHMdT8y90auKOIVjNmU6d5QrYmkUnFEhoceY+bq4IdXLjYu6zou38VY8Y8A5uu1/SkN0R+ujxOKe/hdzatFoF0Y4jetMsHJKmPZt54UmZ1g653jg0LqR2mo8Rqk1tf7bx44WkDA=
####################
3VSEc7ZfRrk1C0mOJ0Dfm37EE63zta5MZ9kd9nnBSbeJbugLaW91iScw7IL/sWTbatjV5KsIVKE4m3LjaRxmEuwOljiUl/4j2q1u1Mq0+pQ5OKAB/RJgtkQzkhwuqsyCB0e9BmsAHAcjhD1SvE+nTrdPOsXdjTRCBDxyXd4PILph+0vDAujbOk27khkqzCH+7uAIwnh6IOPPHMLJ9X0q9eTBqvQ3+Dbq2meuTS6b93rVDuPKXtDzZuwU3DIVz7QMPaTOg9FLY5acEXJgU2Gd8Q==
####################
RZmcjlQyGx3Y7vBpHz/cu798GM1qvMR3dAoTZadg6WJMp1rMIh9NRAQPazGmUQEHlidJ5p9eapjBSHWs/m7S8f+biftPB4LQaEzwhFAAQQaO4bAP/m+BA5BrxVSqBYfTOFAqqP15Iv18E71rj24j9J0bb2C8iHRITg/HkZcUG14=
####################
WCtPuTZ9fNAX2GXEjsITdvmLwgu4qwtPZBFr9kp2T9mRHkgXi45kbSY0SFM70Dbx67ysBvUALFQyKxyZ+gT8L5VL3CGSY/EYiybhiIIWPreV2Y9VGum3i8PUvQa8Y96uiXTy27hueOsTl2kkDO28MBiAwwD4QLwKKXDwTKRTDcqjUhdU2m/CYrn/Df3+6jvZByFetD21oVqgC1h14KwCNJcEkX6oomL06gg4XoTxcHuCzjIGTEojMHXA1mc9ZvgYaA8EC3REixuh6NER7mIgfQ==
####################
UmMlOScGxCrqgMJuu0+ULW/IjBUoZ/FruFILJitFfd9UPb95OjjA9pyRa9Vo6bn9q+8KW6Sz0oC1W3BULnnaU68fi//z/xhlovefsHlrafZ+e3lPVwPVIJ7Okg8Wr17oVdxQiv4mkY7xdl9LbsxQeHDLdpUiZ5SlCF/qNFomTm4=
####################
whtuOhZrjlddyrzdZ+BXPnUERrUJZnBLV6Nn+GGOXvXMstKWy+pbzNuuUiAQYGEW5qKQ7x3yiLfYUg8kUVsl2f6f/dl4IvvIuyqBnyccKwrQfl2nXrn5tTzk3Se7XhcT8QV+T1CIn5KidF/d7FOQn0x96dghZdB2vPQLksXIwcurFF+A9t1mISQExy427wyXtodTWgLdfOYrEZEzu5McHIPwc3hgi/x7iV0dn+ObFnlgM/Ll6YJci2bo366L6+JK49vX9PDeBDaVHmVHkTrzRQ==
####################
ZspRaZxyiLhwxm4Gvpyt349CCXSvL99hATTHZGq4EKKNSFChRmLLfE03jTC9mkiQlnkZbnvhizEVmDDKnp0s3Uk/dVx8oc+gleSXos6MH4xACejvB5uNa5mXjSnCAE9TOkRLPLKwU2U5RMm/mj+EPVcHlT6Wxz5QJaWkmFf5ho4=
####################
lh3E+OyU67YTODCyRZmGuTV0PHKl749ww+Om0rpRiS9fd1OF7WS/jUSM/wdMnkj34RB+yTfQUxmdF6y+CWQvtvWnsks55aKqWb/SgSjx5s/3PW2HW6ZTwSv8GR9lsxHRfbIS41UueQk+/nWfkgIM6IpDYOi5XCLncidBT9eXmMIaLpTAhT+nPXCsM+V57pEfnPCLAn7vHkIgC6NGYEg92uxNt5+Yrjq4RMn1WYKMLMJHwbiPrcnOIrutPN0MMwu6PcZ5eKimnFBQazShSGZMhw==
####################
MEo7ZpP72KBxIMzCCQzEVy5C4PGajryw1POxOI9Iq3vKj2o6+ecNZO8fLHvPAEz0H3ClcBxRaid1HvU+QVtpfp2qA2aX1UjiZ/rgB/ABjhi125+ov6GqCQQt+BlmK+XgJya5O6WHUSG+kNCTOq80QOfqXHD5NWu7F4WgcgiKueA=
####################
XlNPoPsVMrp/79UJGXM/Q/ov0Vo23HvhAeHhR3blKhD4Ehy89LZKwjfUcbH+ElDywG9+j6sqXCV5AObDyqK4MC49YSh0NwTc3jYzihgH0jEbBm7rRUHDaFqfIgeqOkQQ/WxH71G8mBk2n2tGCEX/QmcV3jI4ePUG0cM7IH65k8PanjpUzBB/T5mJLha/0iIGnU19KQoZ1MOF6bLkDWJ6rR1MRqUTZZJsmT+s/fKskoXyE7FE6+hXMBZQkcFt/UMgu4x2ig1HMxybuZOVvicRhA==
####################
Grht8uAn5Qx9A8C5VI22zuqenBPYgNo5/DJ6vp2f/yO9IZ56nrsnM0Ch70vYimxBxDXIwVhSDhhw0KgLgMpF6FwwelTeHN98yP8U5aqTpF2tqRRBqHNWgpQ52Z2AHAWAhhf3cqoO3LgOrd0Ao3aubnozEFyk0sxh1mJUKp4I6jw=
####################
H7k1AEsKEVCfkYI9me697+fepbV0QlCCjZF4YVyfpUrKUzKi4qZ4mOxOQOXmtomUqRhrkZO83UkAXR3McUoMDe3wqmzndHUc2fa0CUqCsLc8ryxUcsVRWqBLL3Bhes14027Eowr4PgqBWCUh8wCVSzglh4t1QZ5zSzQx93mfpPMKaR7emJf/hn5hdIHVHNFFK+fqUkdHCb6Q49SAh7+TpqswFMVBCDUw8aYX9GgsRIgaQ1eIOvjMa99dFkKNkRpcQNffn8rgfiUJmXbpmfcBew==
####################
uXMRZg5BSaYQl0HEmNdN8BbyF/tn1rHuaG7FvFAj1BjJawhex2V32zR63Ro9yPNOwOge/VeVJpUa9dHmTC/CVR9qS+Brs5TAnNT0IAiE9ihr1nKuLaiWslhRPy27Tu0m3Psz97gn2gQmyyunBgiUb275+UBTxWBtN7O7YwvXz7w=
####################
17Kc95dsC6m6CeRs8Rm+5wh8aYoe4hJ4tQ8LopETrzfbtgpyzi0FxU/SgZF8TUfrKIaUKmGimtrXUmrSB2WZzM5yp0Akg4PY3JunjzqhjwHQZiZguvnliPAgszOdXnuDTMeTFogBJTNC3UF75zjY91U5/49+o0wAKq0ryJRMTY1ysbwcEGWkJR5iXwBo5y4pDfPOyPyBneZ3frtvKoPzN4QnoCvDwbCSCuduUwY5SIjsbfzmxIOslZnkXlzRxtrWF6vTGPC3qKg4XSFxQ8y4Vw==
####################
BLqTckxl2WqxFfelOqTBoYpJ36pokQkwPZgVTSEN5waViZKt3M0uicjvjChlsOl1pIQRS5znXzsTOamq4vgNXQtwnNQ6r8a/D3tUii4KyA+OwBO00+WuO+c5ImUQVZvdv4yFZ/uzoCNhECMe44Dz7H8g906dPei1DO7oEOdixME=
####################
kp98r5/7JIe2FPXcbWz5+GabsdeDGpodjinWap/rH4Qh6wOwDtpbpr1R0+Pu2J06Agx40aHjfHg2SUXd6xTtCJIgiuTDQsICM0wUFtPCXxmC+fWok18bAzm1uvavSj6Je0R/tiViIYfSLIvBhNCl/w0Ww90pXtWLYzrzETtUlLdkYXCTiWhNfQY4G7/DvNrqu4labml4L2RLYqzspMIQ78C84BsRJobGwQrerGZ/t0S8QWyYYQRw8Mn9tELIFuwSbkiGPrt6ToPwPLEaD43asg==
####################
jzi7jh5dcAKVHHsy3PUqwcTem75fIlszRwYOVksDdojOKV9VDLjmkXeKN9MNxSD08CmM/EDj0iNk9gIhJxbJU3vN9dGP4MRgnKmzmRHnhPUKiyLbIy/GiBCHMjCg7Rchfuzr8l+vZHXa/QNxfG4dp1KdpJ0j3IpGj4cTFOdO+ho=
####################
T5Rs8L2A+b37nV64I2Gz2dg4050YKm+e+c4oeLTpibJH6AfTQeXk+PvZZgf1jAjCSQ4DITRRYEwa760IdZa3xwgZMhERHfPEYvmi3T1Ma5qwQ33DUi20mLfcx0WAm0JNZwUUYjgN0QKXkLR1rU8P7fHsZBEQatOn90V9wFlK7K0oQBuKVUiiWgtwbR6DHKZppzwiD6xnCmiyZZjz00ilVqayR3jsITXZJQr+8HkDeHfs43Mt5PAY8z//AGGxE6+TveFHDziH+LMr+9ZZxleHbQ==
####################
qrwI5XGkaQQhopfsY4wUm5pE8HN5nXOAVzeMXiaQGL5Qjt/vTlhKvQE79ZP/WYp4I+DnGmphTbgMfllaZI/g0VhzKfOEniHzn60mxUbHqQUl0jVLbSQDzPQ4L5v7ZS7HM4z9xBTBwVdeo/YxB7tMhtyOkcx0jxyqs03Gmt/jwp0=
####################
mMthHdCgr+nkO3kVhViup1Lyt1Xsgm1v3DIvD0WlmtkzUu0vLwJGv0d5n4nl8Kyex/CfheK0u7thoFovAdN3h40hP9YnD5MxDhtWeE6HUOs31EYuLgxjFj2WQaNEmOGYFtGTDoxf7C1Czs9eX7pQ1grgJnASskVBuLAlue4d7VH/nhCPQhs5t0lJzRspoPJ3BKMB6iTnvvALbNcpXz8DPdbCo7FRkNeES4AcCg0vfvosXJVvQEQhKvXqwJCxK3EZsHfZe7B9pY5o4cyncfh0Uw==
####################
aSjPQMwaMn5xOgkJoy09kQ9f6PJt53G3oC7Ben/BvXcRfDik8O+PGl/Q62ljDjkfYarflOT9FVgEHnGenLo3k4gTviU54mM9IVSXkeagYYYjCtaxMKkoIJLCnjpIQv65WoAH+k3KkzX5JxS+JHLp3stCokJeV5hW4uHValM8DsM=
####################
CmwxbHfTwxsAiaUEAHwHQws+WcfWwl6zn8lJ6TcGLmtytJGZQw+bQmSyD7ie17J3jmOgTQh1dBk4uc/uzzeQmukxrHcW8s55Z9ndtDk+vbY9FROXLfHYSG6mp+rMxC9woVPfhKrfF8F7cwOnaF0vAIcKtCa2fztCDpWS7gzsi0yvtFKOH/60G6qDBjl5yvvSWD6yXty/JigJCXAY5V9fR5bo1Q9wtBD8Z9RhOXBCQEC0YBDOg5+Gq7+2bphArU14z13LlQSoEvbYxGGdmo994Q==
####################
kGeG85nW4sLaZcUE5JIqkrQO81kc2YEB1nwVkqcaoyBOfdQQZ7l7fAPwIuy5ryl4gAtC/7q3jq41MPfJTyk0u/xoxmznl8NdfKEX7vroglpAduU/6MDS947adj4FPNMyGG1p8ZMKh/4kqdTieMKM8qmOWTTrvA/LbDL8cBMIqO4=
####################
+ly9+h/Oly0zNNDw6UkCIoE4CTmXu2PaZ5v/EcivauQaUL6D3tew1RuWBfghzAWKbKYR9QndkZ7Ek/Z87MsVGwL1o+/S9vAwZaBqxLgu05ywKxxIbGjvburPy7HhGB/+iyM/Eaa4y5BDZpdzBC9X3C2rh+93toz+J4+s3EdQbRE/82qZrxHTMWVFA7IdgcCOdIfXd9OXhS7CONBAoN2uDcxrbsT2xtIdjfaJ3X+WZ3oWzinD8rHsCFWe5QsubDZqeOxAs+BGobdeChdEIyGmyg==
####################
EqE9dUjb/TG2JioTLbWXxDvcpyRW/sn7FUB6PSaqsqqDSDbWL4ygTk8bYNCELe1StGey31CIcT+81gDJNp8EvZDsp/kniGDYyYm0ArtCIUuPUddm1F5k7dvh8MuFmOmoXb5oclMjt6uk4WrGvfyN6SOYheaadXCsxIDwRBlERmc=
####################
+KPJo5BThrKt6lGLr9yzYZwaiaciEw4HvmGSUeya3M/CEZrxzWu5qcPISN/EygAZgo5QDXKZvJ1XdAN3869bI5mMm5Aoj/pzAVJe75w7S5Wlje7ma/05lPegjI1SRWdKc9KqWCXh1R1lQ/HXIC77B0rF6cYYwkZahivy43oz9sfBVB2P0Qxd2S4vx1dfewXzr0u7BnqM2RJ7Yg6xy+z653bAye1uQ5qxvXw4VvOp2j5oehNMWrwj/keWnOtqeZTvu7IxMJBvTWFjm3PemB9Ueg==
####################
HPWPL0VlJDRz+VTsL6GjOq/D//9OjcpzFdZ03tCZvK51kscnwJUe2lJVXQoUR/3y/tE90ZiJvK9FyXCSfITtOcZEpoZQvDneS36CRc9Lx9vnCkiHlmFM84koKoOzB7cCZEFY4L7WiboJy67s5un8htOZ5q74UMj0ia0BQ6kTOb4=
####################
7Wce1Zr3O4QuDIkF2yb9NS5GRV+fAL/iCv6dXYPIEtLIa9a24UsCyL5VKnBjDAgXxyTwUm/dixWNwtYNFHUUp7UrC/DJmfRfwxWBhUzbwvPn4lPcN3my0nrpShziPiWv9YEq2A7xpXZ2X4KXfVFy4Aq3V9RWYBicBeg0eFwCsZWdpbQjqkyKJYv1b1mXuxVTlxwssL+iz5sW7D5BPN29EHcFlhVKKmXPtE50brSMG8MiaIK/k+w/Q48e1K0Z0MxbimkAD3iR9BKY29+VAn+Trw==
