2019/02/03 17:25:45 [Server] Starting 
2019/02/03 17:25:46 [Initial] Version: 470.1548307665, HttpServerPort: 2324, TcpServerPort: 2323, DeveloperTrace: Single, DebugMode: True, TracePrint: True, ClientTrace: False, EnableStackView: True, SessionTimeOut: 1800, NetworkTimeOut: 30, MirrorPatternMaxVerifyTimes: 3, FormStackMaxCount: 10, RelativeScreen: True, TextFontScaling: True, SysTrace: False
        BasePath: C:\Users\Administrator\Desktop\DevNew\proFineUI\smbApp\bin\Debug\
        DefaultImagePath: C:\Users\Administrator\Desktop\DevNew\proFineUI\smbApp\bin\Debug\Resources\Image
        DefaultAudioPath: C:\Users\Administrator\Desktop\DevNew\proFineUI\smbApp\bin\Debug\Resources\Audio
        DefaultDocumentPath: C:\Users\Administrator\Desktop\DevNew\proFineUI\smbApp\bin\Debug\Resources\Document
        DefaultUploadPath: C:\Users\Administrator\Desktop\DevNew\proFineUI\smbApp\bin\Debug\Resources\Upload
        DefaultMediaPath: C:\Users\Administrator\Desktop\DevNew\proFineUI\smbApp\bin\Debug\Resources\Media
        DefaultWebPath: C:\Users\Administrator\Desktop\DevNew\proFineUI\smbApp\bin\Debug\Resources\Web
 
2019/02/03 17:25:46 [Server] Started 
2019/02/03 17:25:46 [AutoSet] Start 
2019/02/03 17:25:52 [TcpAccept] 192.168.100.103:2323 
2019/02/03 17:25:53 [866654035278602-192.168.100.100] {"deviceOS":"Android","deviceOSVersion":"8.0.0","deviceModel":"MI 6","screenSize":{"width":1080,"height":1920},"density":3.0,"version":"4.7.1","coreVersion":"4.7.0","autoBuild":false,"isCompany":true,"extraInfo":{"package_name":"com.smobiler.app","display_name":"Smobiler"}} 
2019/02/03 17:26:42 [Server] Stoping 
2019/02/03 17:26:42 [866654035278602] Stop-StopServer-True-- 
2019/02/03 17:26:42 [TcpAccept-EX] 无法访问已释放的对象。
对象名:“System.Net.Sockets.Socket”。 
2019/02/03 17:26:43 [Server] Stoped 
2019/02/03 17:26:43 [AutoSet] Stop 
2019/02/03 17:27:46 [Server] Starting 
2019/02/03 17:27:46 [Initial] Version: 470.1548307665, HttpServerPort: 2324, TcpServerPort: 2323, DeveloperTrace: Single, DebugMode: True, TracePrint: True, ClientTrace: False, EnableStackView: True, SessionTimeOut: 1800, NetworkTimeOut: 30, MirrorPatternMaxVerifyTimes: 3, FormStackMaxCount: 10, RelativeScreen: True, TextFontScaling: True, SysTrace: False
        BasePath: C:\Users\Administrator\Desktop\DevNew\proFineUI\smbApp\bin\Debug\
        DefaultImagePath: C:\Users\Administrator\Desktop\DevNew\proFineUI\smbApp\bin\Debug\Resources\Image
        DefaultAudioPath: C:\Users\Administrator\Desktop\DevNew\proFineUI\smbApp\bin\Debug\Resources\Audio
        DefaultDocumentPath: C:\Users\Administrator\Desktop\DevNew\proFineUI\smbApp\bin\Debug\Resources\Document
        DefaultUploadPath: C:\Users\Administrator\Desktop\DevNew\proFineUI\smbApp\bin\Debug\Resources\Upload
        DefaultMediaPath: C:\Users\Administrator\Desktop\DevNew\proFineUI\smbApp\bin\Debug\Resources\Media
        DefaultWebPath: C:\Users\Administrator\Desktop\DevNew\proFineUI\smbApp\bin\Debug\Resources\Web
 
2019/02/03 17:27:46 [Server] Started 
2019/02/03 17:27:46 [AutoSet] Start 
2019/02/03 17:27:48 [TcpAccept] 192.168.100.103:2323 
2019/02/03 17:28:10 [Server] Stoping 
2019/02/03 17:28:10 [866654035278602] Stop-StopServer-True-- 
2019/02/03 17:28:10 [TcpAccept-EX] 无法访问已释放的对象。
对象名:“System.Net.Sockets.Socket”。 
2019/02/03 17:28:11 [Server] Stoped 
2019/02/03 17:28:11 [AutoSet] Stop 
2019/02/03 17:29:31 [Server] Starting 
2019/02/03 17:29:31 [Initial] Version: 470.1548307665, HttpServerPort: 2324, TcpServerPort: 2323, DeveloperTrace: Single, DebugMode: True, TracePrint: True, ClientTrace: False, EnableStackView: True, SessionTimeOut: 1800, NetworkTimeOut: 30, MirrorPatternMaxVerifyTimes: 3, FormStackMaxCount: 10, RelativeScreen: True, TextFontScaling: True, SysTrace: False
        BasePath: C:\Users\Administrator\Desktop\DevNew\proFineUI\smbApp\bin\Debug\
        DefaultImagePath: C:\Users\Administrator\Desktop\DevNew\proFineUI\smbApp\bin\Debug\Resources\Image
        DefaultAudioPath: C:\Users\Administrator\Desktop\DevNew\proFineUI\smbApp\bin\Debug\Resources\Audio
        DefaultDocumentPath: C:\Users\Administrator\Desktop\DevNew\proFineUI\smbApp\bin\Debug\Resources\Document
        DefaultUploadPath: C:\Users\Administrator\Desktop\DevNew\proFineUI\smbApp\bin\Debug\Resources\Upload
        DefaultMediaPath: C:\Users\Administrator\Desktop\DevNew\proFineUI\smbApp\bin\Debug\Resources\Media
        DefaultWebPath: C:\Users\Administrator\Desktop\DevNew\proFineUI\smbApp\bin\Debug\Resources\Web
 
2019/02/03 17:29:31 [Server] Started 
2019/02/03 17:29:31 [AutoSet] Start 
2019/02/03 17:29:33 [TcpAccept] 192.168.100.103:2323 
2019/02/03 17:29:40 [Server] Stoping 
2019/02/03 17:29:40 [866654035278602] Stop-StopServer-True-- 
2019/02/03 17:29:40 [TcpAccept-EX] 无法访问已释放的对象。
对象名:“System.Net.Sockets.Socket”。 
2019/02/03 17:29:41 [Server] Stoped 
2019/02/03 17:29:41 [AutoSet] Stop 
2019/02/03 17:30:00 [Server] Starting 
2019/02/03 17:30:00 [Initial] Version: 470.1548307665, HttpServerPort: 2324, TcpServerPort: 2323, DeveloperTrace: Single, DebugMode: True, TracePrint: True, ClientTrace: False, EnableStackView: True, SessionTimeOut: 1800, NetworkTimeOut: 30, MirrorPatternMaxVerifyTimes: 3, FormStackMaxCount: 10, RelativeScreen: True, TextFontScaling: True, SysTrace: False
        BasePath: C:\Users\Administrator\Desktop\DevNew\proFineUI\smbApp\bin\Debug\
        DefaultImagePath: C:\Users\Administrator\Desktop\DevNew\proFineUI\smbApp\bin\Debug\Resources\Image
        DefaultAudioPath: C:\Users\Administrator\Desktop\DevNew\proFineUI\smbApp\bin\Debug\Resources\Audio
        DefaultDocumentPath: C:\Users\Administrator\Desktop\DevNew\proFineUI\smbApp\bin\Debug\Resources\Document
        DefaultUploadPath: C:\Users\Administrator\Desktop\DevNew\proFineUI\smbApp\bin\Debug\Resources\Upload
        DefaultMediaPath: C:\Users\Administrator\Desktop\DevNew\proFineUI\smbApp\bin\Debug\Resources\Media
        DefaultWebPath: C:\Users\Administrator\Desktop\DevNew\proFineUI\smbApp\bin\Debug\Resources\Web
 
2019/02/03 17:30:00 [Server] Started 
2019/02/03 17:30:00 [AutoSet] Start 
2019/02/03 17:30:01 [TcpAccept] 192.168.100.103:2323 
2019/02/03 17:30:12 [Server] Stoping 
2019/02/03 17:30:12 [866654035278602] Stop-StopServer-True-- 
2019/02/03 17:30:12 [Server] Stoped 
2019/02/03 17:30:12 [AutoSet] Stop 
2019/02/03 17:30:12 [TcpAccept-EX] 无法访问已释放的对象。
对象名:“System.Net.Sockets.Socket”。 
2019/02/03 17:30:34 [Server] Starting 
2019/02/03 17:30:34 [Initial] Version: 470.1548307665, HttpServerPort: 2324, TcpServerPort: 2323, DeveloperTrace: Single, DebugMode: True, TracePrint: True, ClientTrace: False, EnableStackView: True, SessionTimeOut: 1800, NetworkTimeOut: 30, MirrorPatternMaxVerifyTimes: 3, FormStackMaxCount: 10, RelativeScreen: True, TextFontScaling: True, SysTrace: False
        BasePath: C:\Users\Administrator\Desktop\DevNew\proFineUI\smbApp\bin\Debug\
        DefaultImagePath: C:\Users\Administrator\Desktop\DevNew\proFineUI\smbApp\bin\Debug\Resources\Image
        DefaultAudioPath: C:\Users\Administrator\Desktop\DevNew\proFineUI\smbApp\bin\Debug\Resources\Audio
        DefaultDocumentPath: C:\Users\Administrator\Desktop\DevNew\proFineUI\smbApp\bin\Debug\Resources\Document
        DefaultUploadPath: C:\Users\Administrator\Desktop\DevNew\proFineUI\smbApp\bin\Debug\Resources\Upload
        DefaultMediaPath: C:\Users\Administrator\Desktop\DevNew\proFineUI\smbApp\bin\Debug\Resources\Media
        DefaultWebPath: C:\Users\Administrator\Desktop\DevNew\proFineUI\smbApp\bin\Debug\Resources\Web
 
2019/02/03 17:30:34 [Server] Started 
2019/02/03 17:30:34 [AutoSet] Start 
2019/02/03 17:30:35 [TcpAccept] 192.168.100.103:2323 
2019/02/03 17:31:08 [Server] Stoping 
2019/02/03 17:31:08 [866654035278602] Stop-StopServer-True-- 
2019/02/03 17:31:08 [TcpAccept-EX] 无法访问已释放的对象。
对象名:“System.Net.Sockets.Socket”。 
2019/02/03 17:31:09 [Server] Stoped 
2019/02/03 17:31:09 [AutoSet] Stop 
2019/02/03 17:41:56 [Server] Starting 
2019/02/03 17:41:56 [Initial] Version: 470.1548307665, HttpServerPort: 2324, TcpServerPort: 2323, DeveloperTrace: Single, DebugMode: True, TracePrint: True, ClientTrace: False, EnableStackView: True, SessionTimeOut: 1800, NetworkTimeOut: 30, MirrorPatternMaxVerifyTimes: 3, FormStackMaxCount: 10, RelativeScreen: True, TextFontScaling: True, SysTrace: False
        BasePath: C:\Users\Administrator\Desktop\DevNew\proFineUI\smbApp\bin\Debug\
        DefaultImagePath: C:\Users\Administrator\Desktop\DevNew\proFineUI\smbApp\bin\Debug\Resources\Image
        DefaultAudioPath: C:\Users\Administrator\Desktop\DevNew\proFineUI\smbApp\bin\Debug\Resources\Audio
        DefaultDocumentPath: C:\Users\Administrator\Desktop\DevNew\proFineUI\smbApp\bin\Debug\Resources\Document
        DefaultUploadPath: C:\Users\Administrator\Desktop\DevNew\proFineUI\smbApp\bin\Debug\Resources\Upload
        DefaultMediaPath: C:\Users\Administrator\Desktop\DevNew\proFineUI\smbApp\bin\Debug\Resources\Media
        DefaultWebPath: C:\Users\Administrator\Desktop\DevNew\proFineUI\smbApp\bin\Debug\Resources\Web
 
2019/02/03 17:41:56 [Server] Started 
2019/02/03 17:41:56 [AutoSet] Start 
2019/02/03 17:41:59 [TcpAccept] 192.168.100.103:2323 
2019/02/03 17:42:08 [Server] Stoping 
2019/02/03 17:42:08 [866654035278602] Stop-StopServer-True-- 
2019/02/03 17:42:08 [Server] Stoped 
2019/02/03 17:42:08 [TcpAccept-EX] 无法访问已释放的对象。
对象名:“System.Net.Sockets.Socket”。 
2019/02/03 17:42:08 [AutoSet] Stop 
2019/02/03 17:42:35 [Server] Starting 
2019/02/03 17:42:35 [Initial] Version: 470.1548307665, HttpServerPort: 2324, TcpServerPort: 2323, DeveloperTrace: Single, DebugMode: True, TracePrint: True, ClientTrace: False, EnableStackView: True, SessionTimeOut: 1800, NetworkTimeOut: 30, MirrorPatternMaxVerifyTimes: 3, FormStackMaxCount: 10, RelativeScreen: True, TextFontScaling: True, SysTrace: False
        BasePath: C:\Users\Administrator\Desktop\DevNew\proFineUI\smbApp\bin\Debug\
        DefaultImagePath: C:\Users\Administrator\Desktop\DevNew\proFineUI\smbApp\bin\Debug\Resources\Image
        DefaultAudioPath: C:\Users\Administrator\Desktop\DevNew\proFineUI\smbApp\bin\Debug\Resources\Audio
        DefaultDocumentPath: C:\Users\Administrator\Desktop\DevNew\proFineUI\smbApp\bin\Debug\Resources\Document
        DefaultUploadPath: C:\Users\Administrator\Desktop\DevNew\proFineUI\smbApp\bin\Debug\Resources\Upload
        DefaultMediaPath: C:\Users\Administrator\Desktop\DevNew\proFineUI\smbApp\bin\Debug\Resources\Media
        DefaultWebPath: C:\Users\Administrator\Desktop\DevNew\proFineUI\smbApp\bin\Debug\Resources\Web
 
2019/02/03 17:42:36 [Server] Started 
2019/02/03 17:42:36 [AutoSet] Start 
2019/02/03 17:42:38 [TcpAccept] 192.168.100.103:2323 
2019/02/03 17:42:38 [866654035278602-192.168.100.100] {"deviceOS":"Android","deviceOSVersion":"8.0.0","deviceModel":"MI 6","screenSize":{"width":1080,"height":1920},"density":3.0,"version":"4.7.1","coreVersion":"4.7.0","autoBuild":false,"isCompany":true,"extraInfo":{"package_name":"com.smobiler.app","display_name":"Smobiler"}} 
2019/02/03 17:42:57 [Server] Stoping 
2019/02/03 17:42:57 [866654035278602] Stop-StopServer-True-- 
2019/02/03 17:42:57 [TcpAccept-EX] 无法访问已释放的对象。
对象名:“System.Net.Sockets.Socket”。 
2019/02/03 17:42:58 [Server] Stoped 
2019/02/03 17:42:58 [AutoSet] Stop 
2019/02/03 17:45:06 [Server] Starting 
2019/02/03 17:45:06 [Initial] Version: 470.1548307665, HttpServerPort: 2324, TcpServerPort: 2323, DeveloperTrace: Single, DebugMode: True, TracePrint: True, ClientTrace: False, EnableStackView: True, SessionTimeOut: 1800, NetworkTimeOut: 30, MirrorPatternMaxVerifyTimes: 3, FormStackMaxCount: 10, RelativeScreen: True, TextFontScaling: True, SysTrace: False
        BasePath: C:\Users\Administrator\Desktop\DevNew\proFineUI\smbApp\bin\Debug\
        DefaultImagePath: C:\Users\Administrator\Desktop\DevNew\proFineUI\smbApp\bin\Debug\Resources\Image
        DefaultAudioPath: C:\Users\Administrator\Desktop\DevNew\proFineUI\smbApp\bin\Debug\Resources\Audio
        DefaultDocumentPath: C:\Users\Administrator\Desktop\DevNew\proFineUI\smbApp\bin\Debug\Resources\Document
        DefaultUploadPath: C:\Users\Administrator\Desktop\DevNew\proFineUI\smbApp\bin\Debug\Resources\Upload
        DefaultMediaPath: C:\Users\Administrator\Desktop\DevNew\proFineUI\smbApp\bin\Debug\Resources\Media
        DefaultWebPath: C:\Users\Administrator\Desktop\DevNew\proFineUI\smbApp\bin\Debug\Resources\Web
 
2019/02/03 17:45:06 [AutoSet] Start 
2019/02/03 17:45:06 [Server] Started 
2019/02/03 17:45:07 [TcpAccept] 192.168.100.103:2323 
2019/02/03 17:45:23 [Server] Stoping 
2019/02/03 17:45:23 [866654035278602] Stop-StopServer-True-- 
2019/02/03 17:45:23 [TcpAccept-EX] 无法访问已释放的对象。
对象名:“System.Net.Sockets.Socket”。 
2019/02/03 17:45:24 [Server] Stoped 
2019/02/03 17:45:24 [AutoSet] Stop 
2019/02/03 17:46:10 [Server] Starting 
2019/02/03 17:46:10 [Initial] Version: 470.1548307665, HttpServerPort: 2324, TcpServerPort: 2323, DeveloperTrace: Single, DebugMode: True, TracePrint: True, ClientTrace: False, EnableStackView: True, SessionTimeOut: 1800, NetworkTimeOut: 30, MirrorPatternMaxVerifyTimes: 3, FormStackMaxCount: 10, RelativeScreen: True, TextFontScaling: True, SysTrace: False
        BasePath: C:\Users\Administrator\Desktop\DevNew\proFineUI\smbApp\bin\Debug\
        DefaultImagePath: C:\Users\Administrator\Desktop\DevNew\proFineUI\smbApp\bin\Debug\Resources\Image
        DefaultAudioPath: C:\Users\Administrator\Desktop\DevNew\proFineUI\smbApp\bin\Debug\Resources\Audio
        DefaultDocumentPath: C:\Users\Administrator\Desktop\DevNew\proFineUI\smbApp\bin\Debug\Resources\Document
        DefaultUploadPath: C:\Users\Administrator\Desktop\DevNew\proFineUI\smbApp\bin\Debug\Resources\Upload
        DefaultMediaPath: C:\Users\Administrator\Desktop\DevNew\proFineUI\smbApp\bin\Debug\Resources\Media
        DefaultWebPath: C:\Users\Administrator\Desktop\DevNew\proFineUI\smbApp\bin\Debug\Resources\Web
 
2019/02/03 17:46:11 [Server] Started 
2019/02/03 17:46:11 [AutoSet] Start 
2019/02/03 17:46:11 [TcpAccept] 192.168.100.103:2323 
2019/02/03 17:49:22 [Server] Starting 
2019/02/03 17:49:22 [Initial] Version: 470.1548307665, HttpServerPort: 2324, TcpServerPort: 2323, DeveloperTrace: Single, DebugMode: True, TracePrint: True, ClientTrace: False, EnableStackView: True, SessionTimeOut: 1800, NetworkTimeOut: 30, MirrorPatternMaxVerifyTimes: 3, FormStackMaxCount: 10, RelativeScreen: True, TextFontScaling: True, SysTrace: False
        BasePath: C:\Users\Administrator\Desktop\DevNew\proFineUI\smbApp\bin\Debug\
        DefaultImagePath: C:\Users\Administrator\Desktop\DevNew\proFineUI\smbApp\bin\Debug\Resources\Image
        DefaultAudioPath: C:\Users\Administrator\Desktop\DevNew\proFineUI\smbApp\bin\Debug\Resources\Audio
        DefaultDocumentPath: C:\Users\Administrator\Desktop\DevNew\proFineUI\smbApp\bin\Debug\Resources\Document
        DefaultUploadPath: C:\Users\Administrator\Desktop\DevNew\proFineUI\smbApp\bin\Debug\Resources\Upload
        DefaultMediaPath: C:\Users\Administrator\Desktop\DevNew\proFineUI\smbApp\bin\Debug\Resources\Media
        DefaultWebPath: C:\Users\Administrator\Desktop\DevNew\proFineUI\smbApp\bin\Debug\Resources\Web
 
2019/02/03 17:49:22 [Server] Started 
2019/02/03 17:49:22 [AutoSet] Start 
2019/02/03 17:49:23 [TcpAccept] 192.168.100.103:2323 
2019/02/03 17:50:39 [Server] Stoping 
2019/02/03 17:50:39 [866654035278602] Stop-StopServer-True-- 
2019/02/03 17:50:39 [TcpAccept-EX] 无法访问已释放的对象。
对象名:“System.Net.Sockets.Socket”。 
2019/02/03 17:50:40 [Server] Stoped 
2019/02/03 17:50:40 [AutoSet] Stop 
2019/02/03 17:51:32 [Server] Starting 
2019/02/03 17:51:32 [Initial] Version: 470.1548307665, HttpServerPort: 2324, TcpServerPort: 2323, DeveloperTrace: Single, DebugMode: True, TracePrint: True, ClientTrace: False, EnableStackView: True, SessionTimeOut: 1800, NetworkTimeOut: 30, MirrorPatternMaxVerifyTimes: 3, FormStackMaxCount: 10, RelativeScreen: True, TextFontScaling: True, SysTrace: False
        BasePath: C:\Users\Administrator\Desktop\DevNew\proFineUI\smbApp\bin\Debug\
        DefaultImagePath: C:\Users\Administrator\Desktop\DevNew\proFineUI\smbApp\bin\Debug\Resources\Image
        DefaultAudioPath: C:\Users\Administrator\Desktop\DevNew\proFineUI\smbApp\bin\Debug\Resources\Audio
        DefaultDocumentPath: C:\Users\Administrator\Desktop\DevNew\proFineUI\smbApp\bin\Debug\Resources\Document
        DefaultUploadPath: C:\Users\Administrator\Desktop\DevNew\proFineUI\smbApp\bin\Debug\Resources\Upload
        DefaultMediaPath: C:\Users\Administrator\Desktop\DevNew\proFineUI\smbApp\bin\Debug\Resources\Media
        DefaultWebPath: C:\Users\Administrator\Desktop\DevNew\proFineUI\smbApp\bin\Debug\Resources\Web
 
2019/02/03 17:51:32 [AutoSet] Start 
2019/02/03 17:51:32 [Server] Started 
2019/02/03 17:51:34 [TcpAccept] 192.168.100.103:2323 
2019/02/03 17:54:57 [Server] Starting 
2019/02/03 17:54:57 [Initial] Version: 470.1548307665, HttpServerPort: 2324, TcpServerPort: 2323, DeveloperTrace: Single, DebugMode: True, TracePrint: True, ClientTrace: False, EnableStackView: True, SessionTimeOut: 1800, NetworkTimeOut: 30, MirrorPatternMaxVerifyTimes: 3, FormStackMaxCount: 10, RelativeScreen: True, TextFontScaling: True, SysTrace: False
        BasePath: C:\Users\Administrator\Desktop\DevNew\proFineUI\smbApp\bin\Debug\
        DefaultImagePath: C:\Users\Administrator\Desktop\DevNew\proFineUI\smbApp\bin\Debug\Resources\Image
        DefaultAudioPath: C:\Users\Administrator\Desktop\DevNew\proFineUI\smbApp\bin\Debug\Resources\Audio
        DefaultDocumentPath: C:\Users\Administrator\Desktop\DevNew\proFineUI\smbApp\bin\Debug\Resources\Document
        DefaultUploadPath: C:\Users\Administrator\Desktop\DevNew\proFineUI\smbApp\bin\Debug\Resources\Upload
        DefaultMediaPath: C:\Users\Administrator\Desktop\DevNew\proFineUI\smbApp\bin\Debug\Resources\Media
        DefaultWebPath: C:\Users\Administrator\Desktop\DevNew\proFineUI\smbApp\bin\Debug\Resources\Web
 
2019/02/03 17:54:57 [AutoSet] Start 
2019/02/03 17:54:57 [Server] Started 
2019/02/03 17:54:59 [TcpAccept] 192.168.100.103:2323 
2019/02/03 17:55:49 [Server] Stoping 
2019/02/03 17:55:49 [866654035278602] Stop-StopServer-True-- 
2019/02/03 17:55:49 [TcpAccept-EX] 无法访问已释放的对象。
对象名:“System.Net.Sockets.Socket”。 
2019/02/03 17:55:50 [Server] Stoped 
2019/02/03 17:55:50 [AutoSet] Stop 
2019/02/03 17:57:51 [Server] Starting 
2019/02/03 17:57:51 [Initial] Version: 470.1548307665, HttpServerPort: 2324, TcpServerPort: 2323, DeveloperTrace: Single, DebugMode: True, TracePrint: True, ClientTrace: False, EnableStackView: True, SessionTimeOut: 1800, NetworkTimeOut: 30, MirrorPatternMaxVerifyTimes: 3, FormStackMaxCount: 10, RelativeScreen: True, TextFontScaling: True, SysTrace: False
        BasePath: C:\Users\Administrator\Desktop\DevNew\proFineUI\smbApp\bin\Debug\
        DefaultImagePath: C:\Users\Administrator\Desktop\DevNew\proFineUI\smbApp\bin\Debug\Resources\Image
        DefaultAudioPath: C:\Users\Administrator\Desktop\DevNew\proFineUI\smbApp\bin\Debug\Resources\Audio
        DefaultDocumentPath: C:\Users\Administrator\Desktop\DevNew\proFineUI\smbApp\bin\Debug\Resources\Document
        DefaultUploadPath: C:\Users\Administrator\Desktop\DevNew\proFineUI\smbApp\bin\Debug\Resources\Upload
        DefaultMediaPath: C:\Users\Administrator\Desktop\DevNew\proFineUI\smbApp\bin\Debug\Resources\Media
        DefaultWebPath: C:\Users\Administrator\Desktop\DevNew\proFineUI\smbApp\bin\Debug\Resources\Web
 
2019/02/03 17:57:51 [AutoSet] Start 
2019/02/03 17:57:51 [TcpAccept] 192.168.100.103:2323 
2019/02/03 17:58:41 [Server] Stoping 
2019/02/03 17:58:41 [TcpAccept-EX] 无法访问已释放的对象。
对象名:“System.Net.Sockets.Socket”。 
2019/02/03 17:58:41 [866654035278602] Stop-StopServer-True-- 
2019/02/03 17:58:42 [Server] Stoped 
2019/02/03 17:58:42 [AutoSet] Stop 
2019/02/03 17:59:51 [Server] Starting 
2019/02/03 17:59:52 [Initial] Version: 470.1548307665, HttpServerPort: 2324, TcpServerPort: 2323, DeveloperTrace: Single, DebugMode: True, TracePrint: True, ClientTrace: False, EnableStackView: True, SessionTimeOut: 1800, NetworkTimeOut: 30, MirrorPatternMaxVerifyTimes: 3, FormStackMaxCount: 10, RelativeScreen: True, TextFontScaling: True, SysTrace: False
        BasePath: C:\Users\Administrator\Desktop\DevNew\proFineUI\smbApp\bin\Debug\
        DefaultImagePath: C:\Users\Administrator\Desktop\DevNew\proFineUI\smbApp\bin\Debug\Resources\Image
        DefaultAudioPath: C:\Users\Administrator\Desktop\DevNew\proFineUI\smbApp\bin\Debug\Resources\Audio
        DefaultDocumentPath: C:\Users\Administrator\Desktop\DevNew\proFineUI\smbApp\bin\Debug\Resources\Document
        DefaultUploadPath: C:\Users\Administrator\Desktop\DevNew\proFineUI\smbApp\bin\Debug\Resources\Upload
        DefaultMediaPath: C:\Users\Administrator\Desktop\DevNew\proFineUI\smbApp\bin\Debug\Resources\Media
        DefaultWebPath: C:\Users\Administrator\Desktop\DevNew\proFineUI\smbApp\bin\Debug\Resources\Web
 
2019/02/03 17:59:52 [Server] Started 
2019/02/03 17:59:52 [AutoSet] Start 
2019/02/03 17:59:56 [TcpAccept] 192.168.100.103:2323 
2019/02/03 18:00:12 [Server] Stoping 
2019/02/03 18:00:12 [866654035278602] Stop-StopServer-True-- 
2019/02/03 18:00:12 [Server] Stoped 
2019/02/03 18:00:12 [TcpAccept-EX] 无法访问已释放的对象。
对象名:“System.Net.Sockets.Socket”。 
2019/02/03 18:00:12 [AutoSet] Stop 
2019/02/03 18:00:22 [Server] Starting 
2019/02/03 18:00:22 [Initial] Version: 470.1548307665, HttpServerPort: 2324, TcpServerPort: 2323, DeveloperTrace: Single, DebugMode: True, TracePrint: True, ClientTrace: False, EnableStackView: True, SessionTimeOut: 1800, NetworkTimeOut: 30, MirrorPatternMaxVerifyTimes: 3, FormStackMaxCount: 10, RelativeScreen: True, TextFontScaling: True, SysTrace: False
        BasePath: C:\Users\Administrator\Desktop\DevNew\proFineUI\smbApp\bin\Debug\
        DefaultImagePath: C:\Users\Administrator\Desktop\DevNew\proFineUI\smbApp\bin\Debug\Resources\Image
        DefaultAudioPath: C:\Users\Administrator\Desktop\DevNew\proFineUI\smbApp\bin\Debug\Resources\Audio
        DefaultDocumentPath: C:\Users\Administrator\Desktop\DevNew\proFineUI\smbApp\bin\Debug\Resources\Document
        DefaultUploadPath: C:\Users\Administrator\Desktop\DevNew\proFineUI\smbApp\bin\Debug\Resources\Upload
        DefaultMediaPath: C:\Users\Administrator\Desktop\DevNew\proFineUI\smbApp\bin\Debug\Resources\Media
        DefaultWebPath: C:\Users\Administrator\Desktop\DevNew\proFineUI\smbApp\bin\Debug\Resources\Web
 
2019/02/03 18:00:22 [Server] Started 
2019/02/03 18:00:22 [AutoSet] Start 
2019/02/03 18:00:22 [TcpAccept] 192.168.100.103:2323 
2019/02/03 19:24:21 [Server] Starting 
2019/02/03 19:24:21 [Initial] Version: 470.1548307665, HttpServerPort: 2324, TcpServerPort: 2323, DeveloperTrace: Single, DebugMode: True, TracePrint: True, ClientTrace: False, EnableStackView: True, SessionTimeOut: 1800, NetworkTimeOut: 30, MirrorPatternMaxVerifyTimes: 3, FormStackMaxCount: 10, RelativeScreen: True, TextFontScaling: True, SysTrace: False
        BasePath: C:\Users\Administrator\Desktop\DevNew\proFineUI\smbApp\bin\Debug\
        DefaultImagePath: C:\Users\Administrator\Desktop\DevNew\proFineUI\smbApp\bin\Debug\Resources\Image
        DefaultAudioPath: C:\Users\Administrator\Desktop\DevNew\proFineUI\smbApp\bin\Debug\Resources\Audio
        DefaultDocumentPath: C:\Users\Administrator\Desktop\DevNew\proFineUI\smbApp\bin\Debug\Resources\Document
        DefaultUploadPath: C:\Users\Administrator\Desktop\DevNew\proFineUI\smbApp\bin\Debug\Resources\Upload
        DefaultMediaPath: C:\Users\Administrator\Desktop\DevNew\proFineUI\smbApp\bin\Debug\Resources\Media
        DefaultWebPath: C:\Users\Administrator\Desktop\DevNew\proFineUI\smbApp\bin\Debug\Resources\Web
 
2019/02/03 19:24:21 [AutoSet] Start 
2019/02/03 19:24:21 [Server] Started 
2019/02/03 19:24:38 [TcpAccept] 192.168.100.103:2323 
2019/02/03 19:24:39 [866654035278602-192.168.100.100] {"deviceOS":"Android","deviceOSVersion":"8.0.0","deviceModel":"MI 6","screenSize":{"width":1080,"height":1920},"density":3.0,"version":"4.7.1","coreVersion":"4.7.0","autoBuild":false,"isCompany":true,"extraInfo":{"package_name":"com.smobiler.app","display_name":"Smobiler"}} 
2019/02/03 19:27:15 [Server] Starting 
2019/02/03 19:27:15 [Initial] Version: 470.1548307665, HttpServerPort: 2324, TcpServerPort: 2323, DeveloperTrace: Single, DebugMode: True, TracePrint: True, ClientTrace: False, EnableStackView: True, SessionTimeOut: 1800, NetworkTimeOut: 30, MirrorPatternMaxVerifyTimes: 3, FormStackMaxCount: 10, RelativeScreen: True, TextFontScaling: True, SysTrace: False
        BasePath: C:\Users\Administrator\Desktop\DevNew\proFineUI\smbApp\bin\Debug\
        DefaultImagePath: C:\Users\Administrator\Desktop\DevNew\proFineUI\smbApp\bin\Debug\Resources\Image
        DefaultAudioPath: C:\Users\Administrator\Desktop\DevNew\proFineUI\smbApp\bin\Debug\Resources\Audio
        DefaultDocumentPath: C:\Users\Administrator\Desktop\DevNew\proFineUI\smbApp\bin\Debug\Resources\Document
        DefaultUploadPath: C:\Users\Administrator\Desktop\DevNew\proFineUI\smbApp\bin\Debug\Resources\Upload
        DefaultMediaPath: C:\Users\Administrator\Desktop\DevNew\proFineUI\smbApp\bin\Debug\Resources\Media
        DefaultWebPath: C:\Users\Administrator\Desktop\DevNew\proFineUI\smbApp\bin\Debug\Resources\Web
 
2019/02/03 19:27:15 [Server] Started 
2019/02/03 19:27:15 [AutoSet] Start 
2019/02/03 19:27:17 [TcpAccept] 192.168.100.103:2323 
2019/02/03 19:30:22 [Server] Starting 
2019/02/03 19:30:22 [Initial] Version: 470.1548307665, HttpServerPort: 2324, TcpServerPort: 2323, DeveloperTrace: Single, DebugMode: True, TracePrint: True, ClientTrace: False, EnableStackView: True, SessionTimeOut: 1800, NetworkTimeOut: 30, MirrorPatternMaxVerifyTimes: 3, FormStackMaxCount: 10, RelativeScreen: True, TextFontScaling: True, SysTrace: False
        BasePath: C:\Users\Administrator\Desktop\DevNew\proFineUI\smbApp\bin\Debug\
        DefaultImagePath: C:\Users\Administrator\Desktop\DevNew\proFineUI\smbApp\bin\Debug\Resources\Image
        DefaultAudioPath: C:\Users\Administrator\Desktop\DevNew\proFineUI\smbApp\bin\Debug\Resources\Audio
        DefaultDocumentPath: C:\Users\Administrator\Desktop\DevNew\proFineUI\smbApp\bin\Debug\Resources\Document
        DefaultUploadPath: C:\Users\Administrator\Desktop\DevNew\proFineUI\smbApp\bin\Debug\Resources\Upload
        DefaultMediaPath: C:\Users\Administrator\Desktop\DevNew\proFineUI\smbApp\bin\Debug\Resources\Media
        DefaultWebPath: C:\Users\Administrator\Desktop\DevNew\proFineUI\smbApp\bin\Debug\Resources\Web
 
2019/02/03 19:30:22 [Server] Started 
2019/02/03 19:30:26 [TcpAccept] 192.168.100.103:2323 
2019/02/03 19:36:35 [Server] Starting 
2019/02/03 19:36:35 [Initial] Version: 470.1548307665, HttpServerPort: 2324, TcpServerPort: 2323, DeveloperTrace: Single, DebugMode: True, TracePrint: True, ClientTrace: False, EnableStackView: True, SessionTimeOut: 1800, NetworkTimeOut: 30, MirrorPatternMaxVerifyTimes: 3, FormStackMaxCount: 10, RelativeScreen: True, TextFontScaling: True, SysTrace: False
        BasePath: C:\Users\Administrator\Desktop\DevNew\proFineUI\smbApp\bin\Debug\
        DefaultImagePath: C:\Users\Administrator\Desktop\DevNew\proFineUI\smbApp\bin\Debug\Resources\Image
        DefaultAudioPath: C:\Users\Administrator\Desktop\DevNew\proFineUI\smbApp\bin\Debug\Resources\Audio
        DefaultDocumentPath: C:\Users\Administrator\Desktop\DevNew\proFineUI\smbApp\bin\Debug\Resources\Document
        DefaultUploadPath: C:\Users\Administrator\Desktop\DevNew\proFineUI\smbApp\bin\Debug\Resources\Upload
        DefaultMediaPath: C:\Users\Administrator\Desktop\DevNew\proFineUI\smbApp\bin\Debug\Resources\Media
        DefaultWebPath: C:\Users\Administrator\Desktop\DevNew\proFineUI\smbApp\bin\Debug\Resources\Web
 
2019/02/03 19:36:35 [Server] Started 
2019/02/03 19:36:35 [AutoSet] Start 
2019/02/03 19:36:37 [TcpAccept] 192.168.100.103:2323 
2019/02/03 19:37:13 [Server] Stoping 
2019/02/03 19:37:13 [866654035278602] Stop-StopServer-True-- 
2019/02/03 19:37:13 [TcpAccept-EX] 无法访问已释放的对象。
对象名:“System.Net.Sockets.Socket”。 
2019/02/03 19:37:13 [Server] Stoped 
2019/02/03 19:37:13 [AutoSet] Stop 
2019/02/03 19:38:17 [Server] Starting 
2019/02/03 19:38:17 [Initial] Version: 470.1548307665, HttpServerPort: 2324, TcpServerPort: 2323, DeveloperTrace: Single, DebugMode: True, TracePrint: True, ClientTrace: False, EnableStackView: True, SessionTimeOut: 1800, NetworkTimeOut: 30, MirrorPatternMaxVerifyTimes: 3, FormStackMaxCount: 10, RelativeScreen: True, TextFontScaling: True, SysTrace: False
        BasePath: C:\Users\Administrator\Desktop\DevNew\proFineUI\smbApp\bin\Debug\
        DefaultImagePath: C:\Users\Administrator\Desktop\DevNew\proFineUI\smbApp\bin\Debug\Resources\Image
        DefaultAudioPath: C:\Users\Administrator\Desktop\DevNew\proFineUI\smbApp\bin\Debug\Resources\Audio
        DefaultDocumentPath: C:\Users\Administrator\Desktop\DevNew\proFineUI\smbApp\bin\Debug\Resources\Document
        DefaultUploadPath: C:\Users\Administrator\Desktop\DevNew\proFineUI\smbApp\bin\Debug\Resources\Upload
        DefaultMediaPath: C:\Users\Administrator\Desktop\DevNew\proFineUI\smbApp\bin\Debug\Resources\Media
        DefaultWebPath: C:\Users\Administrator\Desktop\DevNew\proFineUI\smbApp\bin\Debug\Resources\Web
 
2019/02/03 19:38:17 [Server] Started 
2019/02/03 19:38:17 [AutoSet] Start 
2019/02/03 19:38:19 [TcpAccept] 192.168.100.103:2323 
2019/02/03 19:39:15 [Server] Stoping 
2019/02/03 19:39:15 [866654035278602] Stop-StopServer-True-- 
2019/02/03 19:39:15 [Server] Stoped 
2019/02/03 19:39:15 [AutoSet] Stop 
2019/02/03 19:39:15 [TcpAccept-EX] 无法访问已释放的对象。
对象名:“System.Net.Sockets.Socket”。 
2019/02/03 19:42:26 [Server] Starting 
2019/02/03 19:42:27 [Initial] Version: 470.1548307665, HttpServerPort: 2324, TcpServerPort: 2323, DeveloperTrace: Single, DebugMode: True, TracePrint: True, ClientTrace: False, EnableStackView: True, SessionTimeOut: 1800, NetworkTimeOut: 30, MirrorPatternMaxVerifyTimes: 3, FormStackMaxCount: 10, RelativeScreen: True, TextFontScaling: True, SysTrace: False
        BasePath: C:\Users\Administrator\Desktop\DevNew\proFineUI\smbApp\bin\Debug\
        DefaultImagePath: C:\Users\Administrator\Desktop\DevNew\proFineUI\smbApp\bin\Debug\Resources\Image
        DefaultAudioPath: C:\Users\Administrator\Desktop\DevNew\proFineUI\smbApp\bin\Debug\Resources\Audio
        DefaultDocumentPath: C:\Users\Administrator\Desktop\DevNew\proFineUI\smbApp\bin\Debug\Resources\Document
        DefaultUploadPath: C:\Users\Administrator\Desktop\DevNew\proFineUI\smbApp\bin\Debug\Resources\Upload
        DefaultMediaPath: C:\Users\Administrator\Desktop\DevNew\proFineUI\smbApp\bin\Debug\Resources\Media
        DefaultWebPath: C:\Users\Administrator\Desktop\DevNew\proFineUI\smbApp\bin\Debug\Resources\Web
 
2019/02/03 19:42:27 [Server] Started 
2019/02/03 19:42:27 [AutoSet] Start 
2019/02/03 19:42:28 [TcpAccept] 192.168.100.103:2323 
2019/02/03 19:44:51 [TcpAccept] 192.168.100.103:2323 
2019/02/03 19:44:51 [866654035278602-192.168.100.100] {"deviceOS":"Android","deviceOSVersion":"8.0.0","deviceModel":"MI 6","screenSize":{"width":1080,"height":1920},"density":3.0,"version":"4.7.1","coreVersion":"4.7.0","autoBuild":false,"isCompany":true,"extraInfo":{"package_name":"com.smobiler.app","display_name":"Smobiler"}} 
2019/02/03 19:47:36 [TcpAccept] 192.168.100.103:2323 
2019/02/03 19:47:36 [866654035278602-192.168.100.100] {"deviceOS":"Android","deviceOSVersion":"8.0.0","deviceModel":"MI 6","screenSize":{"width":1080,"height":1920},"density":3.0,"version":"4.7.1","coreVersion":"4.7.0","autoBuild":false,"isCompany":true,"extraInfo":{"package_name":"com.smobiler.app","display_name":"Smobiler"}} 
2019/02/03 19:49:03 [Server] Stoping 
2019/02/03 19:49:03 [866654035278602] Stop-StopServer-True-- 
2019/02/03 19:49:03 [TcpAccept-EX] 无法访问已释放的对象。
对象名:“System.Net.Sockets.Socket”。 
2019/02/03 19:49:04 [Server] Stoped 
2019/02/03 19:49:04 [AutoSet] Stop 
2019/02/03 20:08:37 [Server] Starting 
2019/02/03 20:08:38 [Initial] Version: 470.1548307665, HttpServerPort: 2324, TcpServerPort: 2323, DeveloperTrace: Single, DebugMode: True, TracePrint: True, ClientTrace: False, EnableStackView: True, SessionTimeOut: 1800, NetworkTimeOut: 30, MirrorPatternMaxVerifyTimes: 3, FormStackMaxCount: 10, RelativeScreen: True, TextFontScaling: True, SysTrace: False
        BasePath: C:\Users\Administrator\Desktop\DevNew\proFineUI\smbApp\bin\Debug\
        DefaultImagePath: C:\Users\Administrator\Desktop\DevNew\proFineUI\smbApp\bin\Debug\Resources\Image
        DefaultAudioPath: C:\Users\Administrator\Desktop\DevNew\proFineUI\smbApp\bin\Debug\Resources\Audio
        DefaultDocumentPath: C:\Users\Administrator\Desktop\DevNew\proFineUI\smbApp\bin\Debug\Resources\Document
        DefaultUploadPath: C:\Users\Administrator\Desktop\DevNew\proFineUI\smbApp\bin\Debug\Resources\Upload
        DefaultMediaPath: C:\Users\Administrator\Desktop\DevNew\proFineUI\smbApp\bin\Debug\Resources\Media
        DefaultWebPath: C:\Users\Administrator\Desktop\DevNew\proFineUI\smbApp\bin\Debug\Resources\Web
 
2019/02/03 20:08:38 [Server] Started 
2019/02/03 20:08:38 [AutoSet] Start 
2019/02/03 20:08:42 [TcpAccept] 192.168.100.103:2323 
2019/02/03 20:08:42 [866654035278602-192.168.100.100] {"deviceOS":"Android","deviceOSVersion":"8.0.0","deviceModel":"MI 6","screenSize":{"width":1080,"height":1920},"density":3.0,"version":"4.7.1","coreVersion":"4.7.0","autoBuild":false,"isCompany":true,"extraInfo":{"package_name":"com.smobiler.app","display_name":"Smobiler"}} 
2019/02/03 20:09:25 [Server] Starting 
2019/02/03 20:09:25 [Initial] Version: 470.1548307665, HttpServerPort: 2324, TcpServerPort: 2323, DeveloperTrace: Single, DebugMode: True, TracePrint: True, ClientTrace: False, EnableStackView: True, SessionTimeOut: 1800, NetworkTimeOut: 30, MirrorPatternMaxVerifyTimes: 3, FormStackMaxCount: 10, RelativeScreen: True, TextFontScaling: True, SysTrace: False
        BasePath: C:\Users\Administrator\Desktop\DevNew\proFineUI\smbApp\bin\Debug\
        DefaultImagePath: C:\Users\Administrator\Desktop\DevNew\proFineUI\smbApp\bin\Debug\Resources\Image
        DefaultAudioPath: C:\Users\Administrator\Desktop\DevNew\proFineUI\smbApp\bin\Debug\Resources\Audio
        DefaultDocumentPath: C:\Users\Administrator\Desktop\DevNew\proFineUI\smbApp\bin\Debug\Resources\Document
        DefaultUploadPath: C:\Users\Administrator\Desktop\DevNew\proFineUI\smbApp\bin\Debug\Resources\Upload
        DefaultMediaPath: C:\Users\Administrator\Desktop\DevNew\proFineUI\smbApp\bin\Debug\Resources\Media
        DefaultWebPath: C:\Users\Administrator\Desktop\DevNew\proFineUI\smbApp\bin\Debug\Resources\Web
 
2019/02/03 20:09:25 [Server] Started 
2019/02/03 20:09:25 [AutoSet] Start 
2019/02/03 20:09:26 [TcpAccept] 192.168.100.103:2323 
2019/02/03 20:09:53 [Server] Stoping 
2019/02/03 20:09:53 [866654035278602] Stop-StopServer-True-- 
2019/02/03 20:09:53 [TcpAccept-EX] 无法访问已释放的对象。
对象名:“System.Net.Sockets.Socket”。 
2019/02/03 20:09:53 [Server] Stoped 
2019/02/03 20:09:53 [AutoSet] Stop 
2019/02/03 20:10:31 [Server] Starting 
2019/02/03 20:10:31 [Initial] Version: 470.1548307665, HttpServerPort: 2324, TcpServerPort: 2323, DeveloperTrace: Single, DebugMode: True, TracePrint: True, ClientTrace: False, EnableStackView: True, SessionTimeOut: 1800, NetworkTimeOut: 30, MirrorPatternMaxVerifyTimes: 3, FormStackMaxCount: 10, RelativeScreen: True, TextFontScaling: True, SysTrace: False
        BasePath: C:\Users\Administrator\Desktop\DevNew\proFineUI\smbApp\bin\Debug\
        DefaultImagePath: C:\Users\Administrator\Desktop\DevNew\proFineUI\smbApp\bin\Debug\Resources\Image
        DefaultAudioPath: C:\Users\Administrator\Desktop\DevNew\proFineUI\smbApp\bin\Debug\Resources\Audio
        DefaultDocumentPath: C:\Users\Administrator\Desktop\DevNew\proFineUI\smbApp\bin\Debug\Resources\Document
        DefaultUploadPath: C:\Users\Administrator\Desktop\DevNew\proFineUI\smbApp\bin\Debug\Resources\Upload
        DefaultMediaPath: C:\Users\Administrator\Desktop\DevNew\proFineUI\smbApp\bin\Debug\Resources\Media
        DefaultWebPath: C:\Users\Administrator\Desktop\DevNew\proFineUI\smbApp\bin\Debug\Resources\Web
 
2019/02/03 20:10:31 [Server] Started 
2019/02/03 20:10:31 [AutoSet] Start 
2019/02/03 20:10:34 [TcpAccept] 192.168.100.103:2323 
2019/02/03 20:11:08 [Server] Stoping 
2019/02/03 20:11:08 [866654035278602] Stop-StopServer-True-- 
2019/02/03 20:11:08 [TcpAccept-EX] 无法访问已释放的对象。
对象名:“System.Net.Sockets.Socket”。 
2019/02/03 20:11:09 [Server] Stoped 
2019/02/03 20:11:09 [AutoSet] Stop 
2019/02/03 20:11:29 [Server] Starting 
2019/02/03 20:11:29 [Initial] Version: 470.1548307665, HttpServerPort: 2324, TcpServerPort: 2323, DeveloperTrace: Single, DebugMode: True, TracePrint: True, ClientTrace: False, EnableStackView: True, SessionTimeOut: 1800, NetworkTimeOut: 30, MirrorPatternMaxVerifyTimes: 3, FormStackMaxCount: 10, RelativeScreen: True, TextFontScaling: True, SysTrace: False
        BasePath: C:\Users\Administrator\Desktop\DevNew\proFineUI\smbApp\bin\Debug\
        DefaultImagePath: C:\Users\Administrator\Desktop\DevNew\proFineUI\smbApp\bin\Debug\Resources\Image
        DefaultAudioPath: C:\Users\Administrator\Desktop\DevNew\proFineUI\smbApp\bin\Debug\Resources\Audio
        DefaultDocumentPath: C:\Users\Administrator\Desktop\DevNew\proFineUI\smbApp\bin\Debug\Resources\Document
        DefaultUploadPath: C:\Users\Administrator\Desktop\DevNew\proFineUI\smbApp\bin\Debug\Resources\Upload
        DefaultMediaPath: C:\Users\Administrator\Desktop\DevNew\proFineUI\smbApp\bin\Debug\Resources\Media
        DefaultWebPath: C:\Users\Administrator\Desktop\DevNew\proFineUI\smbApp\bin\Debug\Resources\Web
 
2019/02/03 20:11:29 [AutoSet] Start 
2019/02/03 20:11:29 [Server] Started 
2019/02/03 20:11:29 [TcpAccept] 192.168.100.103:2323 
2019/02/03 20:13:59 [Server] Starting 
2019/02/03 20:13:59 [Initial] Version: 470.1548307665, HttpServerPort: 2324, TcpServerPort: 2323, DeveloperTrace: Single, DebugMode: True, TracePrint: True, ClientTrace: False, EnableStackView: True, SessionTimeOut: 1800, NetworkTimeOut: 30, MirrorPatternMaxVerifyTimes: 3, FormStackMaxCount: 10, RelativeScreen: True, TextFontScaling: True, SysTrace: False
        BasePath: C:\Users\Administrator\Desktop\DevNew\proFineUI\smbApp\bin\Debug\
        DefaultImagePath: C:\Users\Administrator\Desktop\DevNew\proFineUI\smbApp\bin\Debug\Resources\Image
        DefaultAudioPath: C:\Users\Administrator\Desktop\DevNew\proFineUI\smbApp\bin\Debug\Resources\Audio
        DefaultDocumentPath: C:\Users\Administrator\Desktop\DevNew\proFineUI\smbApp\bin\Debug\Resources\Document
        DefaultUploadPath: C:\Users\Administrator\Desktop\DevNew\proFineUI\smbApp\bin\Debug\Resources\Upload
        DefaultMediaPath: C:\Users\Administrator\Desktop\DevNew\proFineUI\smbApp\bin\Debug\Resources\Media
        DefaultWebPath: C:\Users\Administrator\Desktop\DevNew\proFineUI\smbApp\bin\Debug\Resources\Web
 
2019/02/03 20:14:00 [AutoSet] Start 
2019/02/03 20:14:00 [Server] Started 
2019/02/03 20:14:03 [TcpAccept] 192.168.100.103:2323 
2019/02/03 20:14:20 [Server] Stoping 
2019/02/03 20:14:20 [866654035278602] Stop-StopServer-True-- 
2019/02/03 20:14:20 [Server] Stoped 
2019/02/03 20:14:20 [TcpAccept-EX] 无法访问已释放的对象。
对象名:“System.Net.Sockets.Socket”。 
2019/02/03 20:14:20 [AutoSet] Stop 
2019/02/03 20:17:09 [Server] Starting 
2019/02/03 20:17:09 [Initial] Version: 470.1548307665, HttpServerPort: 2324, TcpServerPort: 2323, DeveloperTrace: Single, DebugMode: True, TracePrint: True, ClientTrace: False, EnableStackView: True, SessionTimeOut: 1800, NetworkTimeOut: 30, MirrorPatternMaxVerifyTimes: 3, FormStackMaxCount: 10, RelativeScreen: True, TextFontScaling: True, SysTrace: False
        BasePath: C:\Users\Administrator\Desktop\DevNew\proFineUI\smbApp\bin\Debug\
        DefaultImagePath: C:\Users\Administrator\Desktop\DevNew\proFineUI\smbApp\bin\Debug\Resources\Image
        DefaultAudioPath: C:\Users\Administrator\Desktop\DevNew\proFineUI\smbApp\bin\Debug\Resources\Audio
        DefaultDocumentPath: C:\Users\Administrator\Desktop\DevNew\proFineUI\smbApp\bin\Debug\Resources\Document
        DefaultUploadPath: C:\Users\Administrator\Desktop\DevNew\proFineUI\smbApp\bin\Debug\Resources\Upload
        DefaultMediaPath: C:\Users\Administrator\Desktop\DevNew\proFineUI\smbApp\bin\Debug\Resources\Media
        DefaultWebPath: C:\Users\Administrator\Desktop\DevNew\proFineUI\smbApp\bin\Debug\Resources\Web
 
2019/02/03 20:17:09 [Server] Started 
2019/02/03 20:17:09 [AutoSet] Start 
2019/02/03 20:17:10 [TcpAccept] 192.168.100.103:2323 
2019/02/03 20:19:54 [Server] Starting 
2019/02/03 20:19:54 [Initial] Version: 470.1548307665, HttpServerPort: 2324, TcpServerPort: 2323, DeveloperTrace: Single, DebugMode: True, TracePrint: True, ClientTrace: False, EnableStackView: True, SessionTimeOut: 1800, NetworkTimeOut: 30, MirrorPatternMaxVerifyTimes: 3, FormStackMaxCount: 10, RelativeScreen: True, TextFontScaling: True, SysTrace: False
        BasePath: C:\Users\Administrator\Desktop\DevNew\proFineUI\smbApp\bin\Debug\
        DefaultImagePath: C:\Users\Administrator\Desktop\DevNew\proFineUI\smbApp\bin\Debug\Resources\Image
        DefaultAudioPath: C:\Users\Administrator\Desktop\DevNew\proFineUI\smbApp\bin\Debug\Resources\Audio
        DefaultDocumentPath: C:\Users\Administrator\Desktop\DevNew\proFineUI\smbApp\bin\Debug\Resources\Document
        DefaultUploadPath: C:\Users\Administrator\Desktop\DevNew\proFineUI\smbApp\bin\Debug\Resources\Upload
        DefaultMediaPath: C:\Users\Administrator\Desktop\DevNew\proFineUI\smbApp\bin\Debug\Resources\Media
        DefaultWebPath: C:\Users\Administrator\Desktop\DevNew\proFineUI\smbApp\bin\Debug\Resources\Web
 
2019/02/03 20:19:54 [Server] Started 
2019/02/03 20:19:54 [AutoSet] Start 
2019/02/03 20:19:55 [TcpAccept] 192.168.100.103:2323 
2019/02/03 20:20:20 [Server] Stoping 
2019/02/03 20:20:20 [866654035278602] Stop-StopServer-True-- 
2019/02/03 20:20:20 [Server] Stoped 
2019/02/03 20:20:20 [AutoSet] Stop 
2019/02/03 20:20:20 [TcpAccept-EX] 无法访问已释放的对象。
对象名:“System.Net.Sockets.Socket”。 
2019/02/03 20:20:35 [Server] Starting 
2019/02/03 20:20:36 [Initial] Version: 470.1548307665, HttpServerPort: 2324, TcpServerPort: 2323, DeveloperTrace: Single, DebugMode: True, TracePrint: True, ClientTrace: False, EnableStackView: True, SessionTimeOut: 1800, NetworkTimeOut: 30, MirrorPatternMaxVerifyTimes: 3, FormStackMaxCount: 10, RelativeScreen: True, TextFontScaling: True, SysTrace: False
        BasePath: C:\Users\Administrator\Desktop\DevNew\proFineUI\smbApp\bin\Debug\
        DefaultImagePath: C:\Users\Administrator\Desktop\DevNew\proFineUI\smbApp\bin\Debug\Resources\Image
        DefaultAudioPath: C:\Users\Administrator\Desktop\DevNew\proFineUI\smbApp\bin\Debug\Resources\Audio
        DefaultDocumentPath: C:\Users\Administrator\Desktop\DevNew\proFineUI\smbApp\bin\Debug\Resources\Document
        DefaultUploadPath: C:\Users\Administrator\Desktop\DevNew\proFineUI\smbApp\bin\Debug\Resources\Upload
        DefaultMediaPath: C:\Users\Administrator\Desktop\DevNew\proFineUI\smbApp\bin\Debug\Resources\Media
        DefaultWebPath: C:\Users\Administrator\Desktop\DevNew\proFineUI\smbApp\bin\Debug\Resources\Web
 
2019/02/03 20:20:36 [Server] Started 
2019/02/03 20:20:36 [AutoSet] Start 
2019/02/03 20:20:56 [Server] Stoping 
2019/02/03 20:20:56 [TcpAccept-EX] 无法访问已释放的对象。
对象名:“System.Net.Sockets.Socket”。 
2019/02/03 20:20:56 [866654035278602] Stop-StopServer-True-- 
2019/02/03 20:20:56 [Server] Stoped 
2019/02/03 20:20:56 [AutoSet] Stop 
2019/02/03 20:21:11 [Server] Starting 
2019/02/03 20:21:12 [Initial] Version: 470.1548307665, HttpServerPort: 2324, TcpServerPort: 2323, DeveloperTrace: Single, DebugMode: True, TracePrint: True, ClientTrace: False, EnableStackView: True, SessionTimeOut: 1800, NetworkTimeOut: 30, MirrorPatternMaxVerifyTimes: 3, FormStackMaxCount: 10, RelativeScreen: True, TextFontScaling: True, SysTrace: False
        BasePath: C:\Users\Administrator\Desktop\DevNew\proFineUI\smbApp\bin\Debug\
        DefaultImagePath: C:\Users\Administrator\Desktop\DevNew\proFineUI\smbApp\bin\Debug\Resources\Image
        DefaultAudioPath: C:\Users\Administrator\Desktop\DevNew\proFineUI\smbApp\bin\Debug\Resources\Audio
        DefaultDocumentPath: C:\Users\Administrator\Desktop\DevNew\proFineUI\smbApp\bin\Debug\Resources\Document
        DefaultUploadPath: C:\Users\Administrator\Desktop\DevNew\proFineUI\smbApp\bin\Debug\Resources\Upload
        DefaultMediaPath: C:\Users\Administrator\Desktop\DevNew\proFineUI\smbApp\bin\Debug\Resources\Media
        DefaultWebPath: C:\Users\Administrator\Desktop\DevNew\proFineUI\smbApp\bin\Debug\Resources\Web
 
2019/02/03 20:21:12 [Server] Started 
2019/02/03 20:21:12 [AutoSet] Start 
2019/02/03 20:21:15 [TcpAccept] 192.168.100.103:2323 
2019/02/03 20:21:51 [Server] Stoping 
2019/02/03 20:21:51 [866654035278602] Stop-StopServer-True-- 
2019/02/03 20:21:51 [Server] Stoped 
2019/02/03 20:21:51 [AutoSet] Stop 
2019/02/03 20:21:51 [TcpAccept-EX] 无法访问已释放的对象。
对象名:“System.Net.Sockets.Socket”。 
2019/02/03 20:25:01 [Server] Starting 
2019/02/03 20:25:01 [Initial] Version: 470.1548307665, HttpServerPort: 2324, TcpServerPort: 2323, DeveloperTrace: Single, DebugMode: True, TracePrint: True, ClientTrace: False, EnableStackView: True, SessionTimeOut: 1800, NetworkTimeOut: 30, MirrorPatternMaxVerifyTimes: 3, FormStackMaxCount: 10, RelativeScreen: True, TextFontScaling: True, SysTrace: False
        BasePath: C:\Users\Administrator\Desktop\DevNew\proFineUI\smbApp\bin\Debug\
        DefaultImagePath: C:\Users\Administrator\Desktop\DevNew\proFineUI\smbApp\bin\Debug\Resources\Image
        DefaultAudioPath: C:\Users\Administrator\Desktop\DevNew\proFineUI\smbApp\bin\Debug\Resources\Audio
        DefaultDocumentPath: C:\Users\Administrator\Desktop\DevNew\proFineUI\smbApp\bin\Debug\Resources\Document
        DefaultUploadPath: C:\Users\Administrator\Desktop\DevNew\proFineUI\smbApp\bin\Debug\Resources\Upload
        DefaultMediaPath: C:\Users\Administrator\Desktop\DevNew\proFineUI\smbApp\bin\Debug\Resources\Media
        DefaultWebPath: C:\Users\Administrator\Desktop\DevNew\proFineUI\smbApp\bin\Debug\Resources\Web
 
2019/02/03 20:25:02 [Server] Started 
2019/02/03 20:25:02 [AutoSet] Start 
2019/02/03 20:25:02 [TcpAccept] 192.168.100.103:2323 
2019/02/03 20:25:19 [Server] Stoping 
2019/02/03 20:25:19 [866654035278602] Stop-StopServer-True-- 
2019/02/03 20:25:19 [Server] Stoped 
2019/02/03 20:25:19 [TcpAccept-EX] 无法访问已释放的对象。
对象名:“System.Net.Sockets.Socket”。 
2019/02/03 20:25:19 [AutoSet] Stop 
2019/02/03 20:25:42 [Server] Starting 
2019/02/03 20:25:42 [Initial] Version: 470.1548307665, HttpServerPort: 2324, TcpServerPort: 2323, DeveloperTrace: Single, DebugMode: True, TracePrint: True, ClientTrace: False, EnableStackView: True, SessionTimeOut: 1800, NetworkTimeOut: 30, MirrorPatternMaxVerifyTimes: 3, FormStackMaxCount: 10, RelativeScreen: True, TextFontScaling: True, SysTrace: False
        BasePath: C:\Users\Administrator\Desktop\DevNew\proFineUI\smbApp\bin\Debug\
        DefaultImagePath: C:\Users\Administrator\Desktop\DevNew\proFineUI\smbApp\bin\Debug\Resources\Image
        DefaultAudioPath: C:\Users\Administrator\Desktop\DevNew\proFineUI\smbApp\bin\Debug\Resources\Audio
        DefaultDocumentPath: C:\Users\Administrator\Desktop\DevNew\proFineUI\smbApp\bin\Debug\Resources\Document
        DefaultUploadPath: C:\Users\Administrator\Desktop\DevNew\proFineUI\smbApp\bin\Debug\Resources\Upload
        DefaultMediaPath: C:\Users\Administrator\Desktop\DevNew\proFineUI\smbApp\bin\Debug\Resources\Media
        DefaultWebPath: C:\Users\Administrator\Desktop\DevNew\proFineUI\smbApp\bin\Debug\Resources\Web
 
2019/02/03 20:25:43 [AutoSet] Start 
2019/02/03 20:25:43 [Server] Started 
2019/02/03 20:25:46 [TcpAccept] 192.168.100.103:2323 
2019/02/03 20:25:56 [Server] Stoping 
2019/02/03 20:25:56 [866654035278602] Stop-StopServer-True-- 
2019/02/03 20:25:56 [Server] Stoped 
2019/02/03 20:25:56 [AutoSet] Stop 
2019/02/03 20:25:56 [TcpAccept-EX] 无法访问已释放的对象。
对象名:“System.Net.Sockets.Socket”。 
2019/02/03 20:26:08 [Server] Starting 
2019/02/03 20:26:08 [Initial] Version: 470.1548307665, HttpServerPort: 2324, TcpServerPort: 2323, DeveloperTrace: Single, DebugMode: True, TracePrint: True, ClientTrace: False, EnableStackView: True, SessionTimeOut: 1800, NetworkTimeOut: 30, MirrorPatternMaxVerifyTimes: 3, FormStackMaxCount: 10, RelativeScreen: True, TextFontScaling: True, SysTrace: False
        BasePath: C:\Users\Administrator\Desktop\DevNew\proFineUI\smbApp\bin\Debug\
        DefaultImagePath: C:\Users\Administrator\Desktop\DevNew\proFineUI\smbApp\bin\Debug\Resources\Image
        DefaultAudioPath: C:\Users\Administrator\Desktop\DevNew\proFineUI\smbApp\bin\Debug\Resources\Audio
        DefaultDocumentPath: C:\Users\Administrator\Desktop\DevNew\proFineUI\smbApp\bin\Debug\Resources\Document
        DefaultUploadPath: C:\Users\Administrator\Desktop\DevNew\proFineUI\smbApp\bin\Debug\Resources\Upload
        DefaultMediaPath: C:\Users\Administrator\Desktop\DevNew\proFineUI\smbApp\bin\Debug\Resources\Media
        DefaultWebPath: C:\Users\Administrator\Desktop\DevNew\proFineUI\smbApp\bin\Debug\Resources\Web
 
2019/02/03 20:26:09 [Server] Started 
2019/02/03 20:26:09 [AutoSet] Start 
2019/02/03 20:26:10 [TcpAccept] 192.168.100.103:2323 
2019/02/03 20:26:37 [Server] Stoping 
2019/02/03 20:26:37 [866654035278602] Stop-StopServer-True-- 
2019/02/03 20:26:37 [Server] Stoped 
2019/02/03 20:26:37 [TcpAccept-EX] 无法访问已释放的对象。
对象名:“System.Net.Sockets.Socket”。 
2019/02/03 20:26:37 [AutoSet] Stop 
2019/02/03 20:27:12 [Server] Starting 
2019/02/03 20:27:12 [Initial] Version: 470.1548307665, HttpServerPort: 2324, TcpServerPort: 2323, DeveloperTrace: Single, DebugMode: True, TracePrint: True, ClientTrace: False, EnableStackView: True, SessionTimeOut: 1800, NetworkTimeOut: 30, MirrorPatternMaxVerifyTimes: 3, FormStackMaxCount: 10, RelativeScreen: True, TextFontScaling: True, SysTrace: False
        BasePath: C:\Users\Administrator\Desktop\DevNew\proFineUI\smbApp\bin\Debug\
        DefaultImagePath: C:\Users\Administrator\Desktop\DevNew\proFineUI\smbApp\bin\Debug\Resources\Image
        DefaultAudioPath: C:\Users\Administrator\Desktop\DevNew\proFineUI\smbApp\bin\Debug\Resources\Audio
        DefaultDocumentPath: C:\Users\Administrator\Desktop\DevNew\proFineUI\smbApp\bin\Debug\Resources\Document
        DefaultUploadPath: C:\Users\Administrator\Desktop\DevNew\proFineUI\smbApp\bin\Debug\Resources\Upload
        DefaultMediaPath: C:\Users\Administrator\Desktop\DevNew\proFineUI\smbApp\bin\Debug\Resources\Media
        DefaultWebPath: C:\Users\Administrator\Desktop\DevNew\proFineUI\smbApp\bin\Debug\Resources\Web
 
2019/02/03 20:27:13 [Server] Started 
2019/02/03 20:27:14 [Server] Stoping 
2019/02/03 20:27:14 [TcpAccept-EX] 无法访问已释放的对象。
对象名:“System.Net.Sockets.Socket”。 
2019/02/03 20:27:14 [Server] Stoped 
2019/02/03 20:27:14 [AutoSet] Stop 
2019/02/03 20:27:29 [Server] Starting 
2019/02/03 20:27:29 [Initial] Version: 470.1548307665, HttpServerPort: 2324, TcpServerPort: 2323, DeveloperTrace: Single, DebugMode: True, TracePrint: True, ClientTrace: False, EnableStackView: True, SessionTimeOut: 1800, NetworkTimeOut: 30, MirrorPatternMaxVerifyTimes: 3, FormStackMaxCount: 10, RelativeScreen: True, TextFontScaling: True, SysTrace: False
        BasePath: C:\Users\Administrator\Desktop\DevNew\proFineUI\smbApp\bin\Debug\
        DefaultImagePath: C:\Users\Administrator\Desktop\DevNew\proFineUI\smbApp\bin\Debug\Resources\Image
        DefaultAudioPath: C:\Users\Administrator\Desktop\DevNew\proFineUI\smbApp\bin\Debug\Resources\Audio
        DefaultDocumentPath: C:\Users\Administrator\Desktop\DevNew\proFineUI\smbApp\bin\Debug\Resources\Document
        DefaultUploadPath: C:\Users\Administrator\Desktop\DevNew\proFineUI\smbApp\bin\Debug\Resources\Upload
        DefaultMediaPath: C:\Users\Administrator\Desktop\DevNew\proFineUI\smbApp\bin\Debug\Resources\Media
        DefaultWebPath: C:\Users\Administrator\Desktop\DevNew\proFineUI\smbApp\bin\Debug\Resources\Web
 
2019/02/03 20:27:29 [Server] Started 
2019/02/03 20:27:29 [AutoSet] Start 
2019/02/03 20:27:30 [TcpAccept] 192.168.100.103:2323 
2019/02/03 20:27:41 [Server] Stoping 
2019/02/03 20:27:41 [866654035278602] Stop-StopServer-True-- 
2019/02/03 20:27:41 [Server] Stoped 
2019/02/03 20:27:41 [TcpAccept-EX] 无法访问已释放的对象。
对象名:“System.Net.Sockets.Socket”。 
2019/02/03 20:27:41 [AutoSet] Stop 
2019/02/03 20:27:51 [Server] Starting 
2019/02/03 20:27:51 [Initial] Version: 470.1548307665, HttpServerPort: 2324, TcpServerPort: 2323, DeveloperTrace: Single, DebugMode: True, TracePrint: True, ClientTrace: False, EnableStackView: True, SessionTimeOut: 1800, NetworkTimeOut: 30, MirrorPatternMaxVerifyTimes: 3, FormStackMaxCount: 10, RelativeScreen: True, TextFontScaling: True, SysTrace: False
        BasePath: C:\Users\Administrator\Desktop\DevNew\proFineUI\smbApp\bin\Debug\
        DefaultImagePath: C:\Users\Administrator\Desktop\DevNew\proFineUI\smbApp\bin\Debug\Resources\Image
        DefaultAudioPath: C:\Users\Administrator\Desktop\DevNew\proFineUI\smbApp\bin\Debug\Resources\Audio
        DefaultDocumentPath: C:\Users\Administrator\Desktop\DevNew\proFineUI\smbApp\bin\Debug\Resources\Document
        DefaultUploadPath: C:\Users\Administrator\Desktop\DevNew\proFineUI\smbApp\bin\Debug\Resources\Upload
        DefaultMediaPath: C:\Users\Administrator\Desktop\DevNew\proFineUI\smbApp\bin\Debug\Resources\Media
        DefaultWebPath: C:\Users\Administrator\Desktop\DevNew\proFineUI\smbApp\bin\Debug\Resources\Web
 
2019/02/03 20:27:51 [Server] Started 
2019/02/03 20:27:51 [AutoSet] Start 
2019/02/03 20:31:14 [Server] Starting 
2019/02/03 20:31:14 [Initial] Version: 470.1548307665, HttpServerPort: 2324, TcpServerPort: 2323, DeveloperTrace: Single, DebugMode: True, TracePrint: True, ClientTrace: False, EnableStackView: True, SessionTimeOut: 1800, NetworkTimeOut: 30, MirrorPatternMaxVerifyTimes: 3, FormStackMaxCount: 10, RelativeScreen: True, TextFontScaling: True, SysTrace: False
        BasePath: C:\Users\Administrator\Desktop\DevNew\proFineUI\smbApp\bin\Debug\
        DefaultImagePath: C:\Users\Administrator\Desktop\DevNew\proFineUI\smbApp\bin\Debug\Resources\Image
        DefaultAudioPath: C:\Users\Administrator\Desktop\DevNew\proFineUI\smbApp\bin\Debug\Resources\Audio
        DefaultDocumentPath: C:\Users\Administrator\Desktop\DevNew\proFineUI\smbApp\bin\Debug\Resources\Document
        DefaultUploadPath: C:\Users\Administrator\Desktop\DevNew\proFineUI\smbApp\bin\Debug\Resources\Upload
        DefaultMediaPath: C:\Users\Administrator\Desktop\DevNew\proFineUI\smbApp\bin\Debug\Resources\Media
        DefaultWebPath: C:\Users\Administrator\Desktop\DevNew\proFineUI\smbApp\bin\Debug\Resources\Web
 
2019/02/03 20:31:14 [Server] Started 
2019/02/03 20:31:14 [AutoSet] Start 
2019/02/03 20:31:15 [TcpAccept] 192.168.100.103:2323 
2019/02/03 20:33:15 [Server] Starting 
2019/02/03 20:33:16 [Initial] Version: 470.1548307665, HttpServerPort: 2324, TcpServerPort: 2323, DeveloperTrace: Single, DebugMode: True, TracePrint: True, ClientTrace: False, EnableStackView: True, SessionTimeOut: 1800, NetworkTimeOut: 30, MirrorPatternMaxVerifyTimes: 3, FormStackMaxCount: 10, RelativeScreen: True, TextFontScaling: True, SysTrace: False
        BasePath: C:\Users\Administrator\Desktop\DevNew\proFineUI\smbApp\bin\Debug\
        DefaultImagePath: C:\Users\Administrator\Desktop\DevNew\proFineUI\smbApp\bin\Debug\Resources\Image
        DefaultAudioPath: C:\Users\Administrator\Desktop\DevNew\proFineUI\smbApp\bin\Debug\Resources\Audio
        DefaultDocumentPath: C:\Users\Administrator\Desktop\DevNew\proFineUI\smbApp\bin\Debug\Resources\Document
        DefaultUploadPath: C:\Users\Administrator\Desktop\DevNew\proFineUI\smbApp\bin\Debug\Resources\Upload
        DefaultMediaPath: C:\Users\Administrator\Desktop\DevNew\proFineUI\smbApp\bin\Debug\Resources\Media
        DefaultWebPath: C:\Users\Administrator\Desktop\DevNew\proFineUI\smbApp\bin\Debug\Resources\Web
 
2019/02/03 20:33:16 [Server] Started 
2019/02/03 20:33:16 [AutoSet] Start 
2019/02/03 20:33:17 [TcpAccept] 192.168.100.103:2323 
2019/02/03 20:33:54 [Server] Starting 
2019/02/03 20:33:54 [Initial] Version: 470.1548307665, HttpServerPort: 2324, TcpServerPort: 2323, DeveloperTrace: Single, DebugMode: True, TracePrint: True, ClientTrace: False, EnableStackView: True, SessionTimeOut: 1800, NetworkTimeOut: 30, MirrorPatternMaxVerifyTimes: 3, FormStackMaxCount: 10, RelativeScreen: True, TextFontScaling: True, SysTrace: False
        BasePath: C:\Users\Administrator\Desktop\DevNew\proFineUI\smbApp\bin\Debug\
        DefaultImagePath: C:\Users\Administrator\Desktop\DevNew\proFineUI\smbApp\bin\Debug\Resources\Image
        DefaultAudioPath: C:\Users\Administrator\Desktop\DevNew\proFineUI\smbApp\bin\Debug\Resources\Audio
        DefaultDocumentPath: C:\Users\Administrator\Desktop\DevNew\proFineUI\smbApp\bin\Debug\Resources\Document
        DefaultUploadPath: C:\Users\Administrator\Desktop\DevNew\proFineUI\smbApp\bin\Debug\Resources\Upload
        DefaultMediaPath: C:\Users\Administrator\Desktop\DevNew\proFineUI\smbApp\bin\Debug\Resources\Media
        DefaultWebPath: C:\Users\Administrator\Desktop\DevNew\proFineUI\smbApp\bin\Debug\Resources\Web
 
2019/02/03 20:33:54 [Server] Started 
2019/02/03 20:33:54 [AutoSet] Start 
2019/02/03 20:33:55 [TcpAccept] 192.168.100.103:2323 
2019/02/03 20:34:34 [Server] Starting 
2019/02/03 20:34:34 [Initial] Version: 470.1548307665, HttpServerPort: 2324, TcpServerPort: 2323, DeveloperTrace: Single, DebugMode: True, TracePrint: True, ClientTrace: False, EnableStackView: True, SessionTimeOut: 1800, NetworkTimeOut: 30, MirrorPatternMaxVerifyTimes: 3, FormStackMaxCount: 10, RelativeScreen: True, TextFontScaling: True, SysTrace: False
        BasePath: C:\Users\Administrator\Desktop\DevNew\proFineUI\smbApp\bin\Debug\
        DefaultImagePath: C:\Users\Administrator\Desktop\DevNew\proFineUI\smbApp\bin\Debug\Resources\Image
        DefaultAudioPath: C:\Users\Administrator\Desktop\DevNew\proFineUI\smbApp\bin\Debug\Resources\Audio
        DefaultDocumentPath: C:\Users\Administrator\Desktop\DevNew\proFineUI\smbApp\bin\Debug\Resources\Document
        DefaultUploadPath: C:\Users\Administrator\Desktop\DevNew\proFineUI\smbApp\bin\Debug\Resources\Upload
        DefaultMediaPath: C:\Users\Administrator\Desktop\DevNew\proFineUI\smbApp\bin\Debug\Resources\Media
        DefaultWebPath: C:\Users\Administrator\Desktop\DevNew\proFineUI\smbApp\bin\Debug\Resources\Web
 
2019/02/03 20:34:35 [Server] Started 
2019/02/03 20:34:35 [AutoSet] Start 
2019/02/03 20:34:39 [TcpAccept] 192.168.100.103:2323 
2019/02/03 20:36:28 [Server] Stoping 
2019/02/03 20:36:28 [866654035278602] Stop-StopServer-True-- 
2019/02/03 20:36:28 [Server] Stoped 
2019/02/03 20:36:28 [AutoSet] Stop 
2019/02/03 20:36:28 [TcpAccept-EX] 无法访问已释放的对象。
对象名:“System.Net.Sockets.Socket”。 
