####################
h2sONOq8OgauTbd1A6mfcs2a+8nicH9pFGNtUwvcxWpgQTE4OLE3mx4dUrEYeuaGlfgWRTjxlHs4+J0vVPcPp1E4kDaShMYZ6WesCTLYTO7kqfJwu33nz9iiojpV8lRps31o7ZNwAgIetfgc9A7SCQixFuMf+bew76RfLXbJDOI=
####################
u+DnfNk7Qe6h56kUn3h4Gk1wpJBCrsEWVsXRWj0S98SPMTH+fZNHQbjq24Nv1hMqy+XRVNCQf6iX/JuKPaskO6J//6ksQssoUsaE5939xkYaBGpm00fvbYMiv0dAtckOlS5q6egilWzxxLYhhCQPyb1UARrYkjcbKM7PdnOmgibYMYpLV4D2NIGrJE2ynn9hvBJZM7S9pXwlHzYl3vUIgCQNcvLscor1Ffhj+SBR4A7TzXJHvoLF7n8GM2sY9pVYqKjOvd9am7bWdEjFV0i4WA==
####################
Ds7aetTCrVe7TvBjwx5TyWZQ2deaaT1nJCFzSEiMJ9x9YBiRjPr/cs4ADftX1sO2krAjHzEF/2+2jbD96SPEXO2ITxXxI0ZLsNHmj90OqmyQWVuvdRcLKL3nQpqrFnOiM07w6R/nMd+JKoIaXu3VuE/iBtLHzbghAci3kGNWpEE=
####################
8U2lortFR1kvYKl5UtSqWZF8VK+uhDKQkLLYQIwCgZ2UCSYAy184Yg3bBW8m1QLDD2wr3Oxehr/T4Xb78VbcP1HSnKOwCdOXb0gAMVpjytq8o3hWHgcKOH1Idj5aYnh1wBAQQfFslCBbD484GgC1MonCr8kKmZOSEbOUv/31IHxaRWmkmG0GZK6Kn/WiBH6eRQqIXRYbNGuBrPhMxZCa5SoHCC1OUgYfkMnyo/V4yzOMufmF5AC5r0oI2YuJVDdsDrd/lq/RhhUBR0Qc0/R6OQ==
####################
LU8k/vLpJQVdYtYsgC7NZEHfZET54a3v2k27X0IwRn/+cp8WlXbeVjO8N/DiUaHQ0SdkSEgv6JUeUoeyKkVQ7NUKpUins2VLFs5hn03KAv6EYiyL2M7psSPjlXP3B7DbSoPk5869ij4wAWlCYtCDjcgISiYeOR5ytGjOUfeQ1Qc=
####################
xIllBAVRUBemR6lfTUUcuLZXAGn/oqoAf9t6zhEco5whBAuMszHxdVYwXc5u0rWUsoQTMgtlmHe04yS1eQ1PztibQ0lL7idRLwTu7L9zTx7eyo1CEy8fiZqIdMGF7dBwh5Q9gsVpE4XXeESCMa3+lwNX5tCodE1hOeKAtkZ69W6F3Uc0nAtHgNHXu6pfjKG91JTNFLq3rQSdLo3A2JgWYuJyr+Pc8M3ERfvEwg3LO4P0kTcJ8nIqaImtStxyVpMTD2QAs2KispE1BN6/EwrjtA==
####################
qr7ygmO4gqB4AZHnpkv4u5NeRRW0EPpBvSK8qkD9UspUcl20jiR0re9vs8IlQuxdihA6Ja37XebAqZhReJ4sTgVv6gwXp87rFCKI/TVzehvGLtbPApc7aNavwZA14FwIEa8xiFAqHbgG6eEcvhwBTK1+KI+h3axjJ5+lQjYPSbY=
####################
oiyEkicIPbdaBtDd6/lSf6kXdbN1y5zg+0Dx2Qg/VOpqdJ0ub7n2Q/CXF/dC8XQS+bDz9ib5tqDyvHJrsBV4Elxfd4DPloDwutkRJw24jTQQJaVYTXynXZMHn3zJHfx3LbGQITuAbg6teknohBECwNAQm88tTuZUebyJv90psukcRjekB9SxmwHz7h8KuEPC0zWgwaUIymZBxMGkH0o85ijX+cJwG7TbYjmZX6Ioli9/RQeTanGOPWUJOMa0C69WBHrk2LV8HxD0FEiUVkRjhg==
####################
kI4ODmth8tLJcpRlosxvm7icgNHGWxELfJUsvkShTvZxZhIM5fRvll8J3c6y8SZuulIKuTWS2S/9bq/f58sFpkByFTKiaBawlKn+QIcdeO7eCgQP4Hj4qmL7G9P8BiSWAelZr6WVFdX2JbCQ3HxNd45OjRTKBagDZm95uVwsKrg=
####################
mKyhGyihlIv5j3eOuokEAu2EJGHIBS670prvHYDi8xnQLCOaBqvD+0EQHUOiOS4ALNt7MPEuRevcoZmo26YExP/uyBhkmlLaBdOOinxBvO7sb7G6FO3fQbdFnWSCJZI5RPWErlhltojeRxro8S4DqrdzZZtBWP6/YsCY43OQQh6NhK8dpatcirt/TIWa4gCXvKPOgr6AkIQ8TJ0yyq2Y8w8raiKf8afBl9uQH0hcKKQVI9hFML/DCb/1ojpaq17RAGi6f90z5HmTz83DUGu4kg==
####################
FAQT7PgFALutQjozeBsawSLSLzvggRK/zRHipAWUtP828RRKXmbgmRZb47roGqXtKU9L49H11LZ6Upe7DqkXup2VaAnorDsjFk8G7zKMDIKsVGbG8OkGXfU3UpJgiQp+A+vVecwkmpMHueF5CpTpQT8ScPNBvFrdaBIQTOxpKFE=
####################
ckHoDW5pF3vYmafgqLIPoUD+cQGZS1bH8EUHgk1gD5hRqdxN0sNn8ip4LSPA83WA28zw93UYa5C3BX7ZOoAXX6wbygBVdVE2E/jbKNu1s7yD/Tg4mPCmolsJzpBQGBIhLaJlD4zm9YmRqmNneeP74YZlXClI02283MrslPv7/3inw7B96APE4p3Uc0HVxprgMI9uPIkj9dL6uPU5rza5GvuiDHtnZ/6dH35qffZM9DZZyTAQKu2thHkHjpczwUjJw/6XNgYygoMUVr0GGdmJfg==
####################
ebVOnF3hLmhkG4Wxzr1ztjV3lEPd0cUHwIZDNsda5gGKo8y7X8IHihJNbpJIAUVcoxlZPZmKIdlYPnYo/YnHnrvlf9p4Y2qxUGX0cv+kcV/RL3VDvexrgElURGr43tegPBUnriv0Ow67yIXztFnwbKFmwaxRwf38FhK9hpD5fRk=
####################
kFZz63Lzw5sU0B+Ylf7+x2OkEcNOlKZ16/Yc1Luo9tMhfDMZOFddjd5j1xUtNg92+FbWc4K4w7Y1m/HtcYeG2OUPBVnkcU1aBYCsjb02gT7VZUNrIoj4S5fYwCYl7fu9YInq24hreOcbDVb2ZrXrFa9DBRWgsOhTBaYUz1YiSNiVIWFLmD6nUkS09upuyX484UPGe8kSH8Ggiq8fCnicSsAhEns686x+FdW/xAUKQ5hErwM+IFaMswXA3E2C3BAx/k/EkAgbPc0IlLeQkjHf8A==
####################
vLjGnwTJSHYiPVZWYLyYfhIEDsdLbKAX2/ySj/4+66RwLxmLhsme9u5hXLQznuRmkEInUKiG99LZUgb7tQ5ldy06p1IVsXsI5i4vlH3JAHlAeQQJknO6CGyMQcGLGShBwPuXcNvBfzDJblvDZ408LuvMUEVXXS3Ys0PZkyLZdCc=
####################
D1Qb6EoEpxH84EpYb+UMb9Zfr24+qpGleCu9WqkAgeU2w/oU8SqdNlEADcBDhbUKVwFiRcwLi7e/u5Lp/jVdgQaBUeDZVDCkDoDODSN0tVMMLcagrdoT1kWpiUQgs0gaS2Vd/wEvSwB8MXqDS2dDh8UHrWFGq2TmroaEoOlUs1bclGcdTSS4Qq1Il2H93QzLw64HE6JZ/EW1ARKeqtbym2ngzq0TCTX83fFh98QJHKw0IUVGEAYaLzFtdDNyHAyZRwNAHxYN9gqLkGITVdIo6Q==
####################
BCVq8v3CkF/Vgp1KtXpndQbHZvfOJ82kuvMUas3qpdsQyMnk8bb4JxNJhxa8vma1aOWBZWcMK3WXY2XLsY0eYnlIchsUQdNpGQVGphmd1pLB4svcCN0nliNejmrgBVcvexDfkHnALbnIA6NALcUikCcFqtivNEGq7sG11srAGLE=
####################
knoZ15z+Iv4MoHEbHLeucEXfNQVPupYSDovGDI9rtmJ6bD8OhBcF4Umy/HL4DlMGkFyNyIcHgonuhuVJyDH8sxdTdlMnZodl1dSrazvuL7IEq4vErDk5tOGPwsQ+HneJ389x/lUemKIsORRxleuNY7L2GkyVpmHMAI0YGUNf59nzz0wKDj+syJQN0FpVN/GLQi6bE6tJUav6MTALGBySFnn348X/Ld+qD12VztjI5aV1HbFtOGjGzMDGdLAJqQQYjYrW4Nn9As7TuFUYSv8iGQ==
####################
n1sPvv04LbhbYsINluTYMaa3ZUd69XbEPLQr1rGfY3HRaKEXiflUrcX9sz5xStIWHI53+NB3GTbKeoPujuxMnTcu2+dyOLwP38L7nJ3e0dywNDeUCAtDay8AzAYG2nYTfuyXNsX27qoqMTr861V21ENiWR69zY7Jp2/Pli/5Dds=
####################
puUXdpbHgxpFaV+z+nCPHQpspFewtHHvDi1q7sBJUpkfgm7yfZ8WOvAO1YLP+sai0VP/ehk8BXZ3J6O0hUIjEqC99oGTgPeDNymyy8cX9n390bhWl4Qy+AY6wIvVFlDNThBjKQrzfzYipWmalLRtKdSeefcPfczaSJY0qAM97XzRJcmCUIw0MFPRaQYaQ/ffhnm9xx9W8/uf4dLkDRgtlaNnerttW4L/TvQjPo1lcJPptue8KsB3Zs5ZQWkIWQNQj72nns18fsmcquSurcDjUw==
####################
0owGaRtxyO8/uNpPFf0kw4xFzWr/jrE5nzP9JVU3yeRUVzKEyGtUMFwbAcJ9/ZvmTHx3YsvMwwheIfZ+csQPx1hKEYGILiM1+dcd+0RYCD1Ds2rkf5fcT2opl0Bh02u9csP9N0Np8tXyMYJDxaU14Zeq1fL4HKGB9dBbUxAw3FU=
####################
kjqhQ7E9MrTiaAUhYN+L3pHGqeXIWyuSrsymxvR6nCnQxG0vewLt/Zj4YM4q/llQkvGJ0Sr9ODVWCf48m/CafF5mMYf+5fe4T7CaDrgnM8iGlm3bVtcX0QNnGMbvsjawfiEu5eIlpPmcx8X1A2ZI8ZANU1gc1piJsSja8SMDDyeheLy4ZTxRpOgW30byE01oCK5JpWEIXbinGsplFkIAhZNCvgbgDRkPvM9z6RUzTDwppgGUAcKzzKd1nclamoPNgTpikYtSjUA0sK5ATEeljA==
####################
NQMVT6VShzMtK0q5EodTFYG4SguiwCr1TEnB+70vCsClLqz0eyQhNMddQIeqLMll3xf2UflMttnuxbQWI90ucGhjoo1XooyG8VrjrFx9xRrkyJOMn/mDfc62bEkMMAVFFvDVze0RWC99GL8mEy0QDTmAjJmh7OM+PYOygpqOdTM=
####################
mN+1Et93NLVm9z/nQ4/9qaBQthXMaaXJti44KR/C60ByTVHLWNUK5C5XwhcraXpHbBehrRWgjsaOAOiWlM+GV2jRTzHIuI8eSl6f5x0eJpnd7guYuZDcYPm+SKIwpuYqVOH+ix/HSJWqmydywR7NDuyRAg9QuMikCy8TL929ocKMBELxijKVJ0ENUWfiSs8x/v0lhpbVB1F7ztHgbrHyzdJBZDBAA66gwScN6BRnQGyhRVtFWhnh6g+xo1JXc5KrKXRKQejjWmhgA1cIWqYDwQ==
####################
fdv2EbOzKGtpsuioqIM1mMuX/Jb0MXEXQVkhCqS0s7etLgydlosH0QRN01TQXBXCMkZh1bAAp2rAM88kW1pfdLQCNgIghmbiagWK9KRIkZhyaV1E4EdfRv8ZrYwEy1dMw5A8vEnT6TAXI1d08R+icxc74A3ZMNu0gSuxggx/ubk=
####################
xXJQAf++Y7ELGgw/FtE0lX6jX6ocT28Vyy+2j1NaLnY7ecoi+0KfJAHn/7RPStgwod1cibkz9wBGkeiOsm129NRHp7qG/kKGNgcExXHuEt2uQsCtqMDlV0ltTdVMtybnbEGPD44FWIdA6Zkv2G+MLyTb6/VS1HtWZRu34Ox6d7RINTlJDPGCz7SYc1H/o6jq5AwitYmwRJnnnHLUjLU8BXbrg3v6Q6+4IDPUgOigdCu+amNYsTCpyOPzodL9boBQSwbs8q4jhFMJY7qC7d4GhA==
####################
mU3VZTWGidbGzcdzva4+HAuZxvnmnShfVsoIy1aZKOGfOwiVgjJY/fUXwh/2apHKijCB6NeuRA21oJN/xEwaMtFZbCA9lxV4kC4eGBKayWPBcnWj2JTFOKGixv1jWMpG+COp2cY7vWfd0f4fUd1BWqf0yXXjGhCGk4Odbxq5hIU=
####################
gbl5uRnRAMGmzClEOOFSRk8v8MXVLIfckIdp2qTFswtixE/s7hgrc5H3F6vu1CGtYMCjfuoMCxejDYClbiCaKp4+xdhXKWbK1ubdBUYn6gL6SkjxMfw3/gsvtQSlLYB/8Y+8uipg8GM+9A8vNSrctPecl4kMR47ymhzq+jINXqwGfEF+wrevMBD0h0EcRgjF2ZqidHRV2F/fxRcteBP0EjQ3vI2NcARykoUe2phtkukuR3KYH6YqQqMMu7Bx1wEIh/zn/pbIT+Z0nTmKyytBVw==
####################
b/dhVUonbSNEU6IXbGZcMt3ItEFru4ey4a2uIccoC7A6Y8DnhN0V59hYEG8n9oizs7dA3Ay2LW3zA/Jsj4Yp74Kbp+THWIIfqUfe9Lw/2YOspHTgd/NSPUi+GK4dNCc551G7yxnqd9yz3UbbfgLw+NLsn9oSwZbi565VIcWhLtk=
####################
woTIz2uLY3iNWrET4rbOhH4rtMVcnJGcwZg4n72CN8d5ovkxSCkaaV0TjANVRUpgGa5x+6Ks0397VxbfQDQPVx1ae7igms5pG9P1KsjvqIsMdjrNlaELLpDG5mIrQFE62VG77VE+H9SJvQw84uJNc2qRvbXW5jKyOydeN5toDufxRN8QTbDYRa9do2CUZmHHsaImVnJGpT39SulCjFAwOP6xES3+phAIr5ARKAuGJZPi6FmfLXAv+iigH7MiqiocLfL6Ao8kNy4KbecQmpaLTQ==
####################
XC/Z3Ht39wzcU7ShWWKXAXe7mArBKq6Fa/fJwdZ8GMmB67RlRcvQFBR+BFuLMLuHqNPrw40oUxUEVB9uSJj1Eyz0QZvjm7V1wuWFe6QZjjkzcgqJi4Rc1USbJF3E/7c809Pzn9R09FO3pK3Ss51yLvXp/LKwrxcdHEdyoVAo13U=
####################
lNNeI7RRjcb73CEtfpzYAW5amVvLkO8iIiPzZwgHfo/psBbVcN6rXaQDlcso5C1pf4gJ17GTh91VUO2KBHuuPA16rAW3LdWNUy7cr5GYeQDYw3MWpZgY+zw24pOtGiMlRiylFMp1bA5DnHrBq5HmVVJQBbFH/AmjyrJHujmyF6xtSYp0pQ3hoqCL46DhPlQ13FBg+M66HprmMLN0u4yu7PaLrp/Tz/U9q5ymuQrRdXitZ3Udo+fu2NaEeiGAdrJQng9/fXnItBaLyD/13mVnNQ==
####################
BYBmTs2FN7z8Vsl25tbWYPZHNR7HuJfSJkmwhG7wxDAoWN2HPrurc7CW9k5Jk2TADQ6E2gxHwpnBCntE0bPO4obeqMnHzOk1+1uA+m+6rpMbu0x9n4gbpDbDLDS3VT9+r6YLYZxim4w4aKSotKNe+R9JuFfZjp47mo74t9DlbuY=
####################
zoW7plmEnPIeOuSnI97/9ZYDK/88kYsza7L1Zacm0i2TigJA4FXAyVdmLURwLCX+4ZEQnaLCaeF2Wc+W3cyNHjCX2B6+PepZ2VvyY6sgm5LAqgX51Ge7caGaNl/LYahhhgK0ii4fyimhmrBcWlXvVzipY2OfJagJjLpJszn2fe9XPjhDrpfPGn28937FbiUUeEYooTPluCA83RfyjOedu+xiB1kchjmrna2CS+j+oqxLIT1WeI587Qf7T9ASyCK2hIKn9+TJN6UFsW3VbnbzGQ==
####################
qkWa8RxKRKo4vl5Ruo2MVCRGz9wSdR80rj+hO9eI5M9alb6SZkyby5nG8l/Hbp7sXXSzbTqW2l+OnJu1LBWjW4haWczx30P2nMN220TZMt0nAj8c9YtQVVTADXLFmJ4WFg65WhUlDBWvzzNAB0/U60ADeR1DDtYhYp/OHRFwYSk=
####################
oGpSo7xEUlgykJbvCRPnNZgxcG1nM6j/gie07MYPnehwjt2+0IVKM9NZ4NCi54+ftAYSujukYmpYH7GDOZqZTt7kjULzSPSLjd5PbJ1t/L6sG/coV1krjUFuhN9Sq6y467hTwpIlNZ2oLXNcMhKQkj3GFY2Ev69/W1pzW3RTIuWThUd2GecxaFpS6OWUjebhxgpKRTkzU35fyA0U+aelDwFkiOeOFcDZSaloNfDdUArWr5UsshDsVqIsXLEVex9r82wMNmUZMGJ16a4cl+TqDg==
####################
o7pzqDWkWn6m6lxxQWTLgVpih9+u71Tw49RQQ0zR7vp8VTVI06hkPL10clmSmon0PJNVd6F3gVINBVmJQdplqFv2KnYCQJP+ZTTM6eki7pkow0W6BJdhho5rmj0o3I1vIZQMAY3mnDI1G54r5Mq+1weSsE9f6W4SU+xchnBa8AU=
####################
NdBp+tGx0RaoC5JIdn2/u+wnflCDGDtXDLN28EwFGtphlbAwcZ6rFG6asJS4TxeNzy3CrWgJNEM/lqycwcDSakj1D5wr1NVwyEhZcpHODL5yZ5x7N/cd9I/nHdOQIwvBsugc/8n1Aq4NeUt4RWkgSpudtCJdyXd1MLH6K/3eVO8BMSwcNuEQu8Ru0vwH8B5C6FiVW4ZILNMw6G6Qb4jzHJca4RmdBzWQO6HyUS6zwBekekSB8z2iupKJQJtuJKC0dYO379tedk8w8mSRHiE2kg==
####################
UsGMcmXWrsnlUh/RzQ9yZEON44mupaEB6qwibAoYGWDogYjrsmSzKaz80NTEUhdJqqZMIB9AT4BZUBCq99UcuJK9jhd7TnaNwRVohBOCMoRkWp90OBauqxkKmcs0Jpf+EC/rZYbB9bJzPkvnhr5SqLFVBfuxOkS28H6zwPescZw=
####################
LMrLQF9IdI2WVoeZddIZglsgjaVNBF/LawC/Hk3UzVsHyR99L6+NZzKcJZExyoXgfTsG68W3zaofPKbwUnuWAoMBpPgmf1eVqQHMCd0lqJZoo28Z8Va1/ui3/Tr9sCv3GsYaiSPxeOPT9WXQoh4ZFaKNhLCqq9vOOWC/Jr6fMJMT+jD/0t62SZbY4Tj2feFKa8ySB4+6pjiJ1ZZdKCyGjuvVxj1maqjRGbzZnFizvLM8EdPq4fVxGXU+7MZV9gh2NsO/C30qGgwqSoPJIVzHWQ==
####################
gBKJmbraLd6vQnvPq/z1Ut422L1jMxLntKKywYZDf8rMy6IVI2dIplMXRMN2r0HTnUVw8FEYMVlZzs4KbJbnRXjIf6HreB+5RZxUQkBmGzZGlPAI5Q0a7fGKPNnF93fmrcyLOBiAsgpkQ4uz+zAF1fIpfhJO+YURdeiRfFWc6Ck=
####################
sJA+vBtsMA+VS37jHqE3GzSM0WBPyT0c17hScMeUTpuDLePSsQG4MKSOShJ16ZMpdKCvIkkwCE7SirQN+1kBICslfNgjABhedVtoSSZK7K/eGk3klonzO0rzzYjC/6FWxiB4IzDf9OdiG221cFiU4w89oTi6kYVEj/x9/XA4IhGMpAAMOIg0TTW6ZKqjze2rkr7rAaPctLssB59VizJ8LK06OgJR7KMlfBw1irU+gGHsV9BkOz7zkNAqyiQ7PbVY+2ZEByZoFEFXjw97B4rpVw==
####################
bR8uzSAgz7Ed4/1NzrwZmR+PsSqmf/VOMAFCXMTCfN6jkXkJa9ShYHstIjYtD+36SybA1hOq69D78kltaFSvKYfMJAuL5b2LS5q+Hb2sH/czVnyWjwPMWunSbdKu/aASQkI/UUcCsyry0HG8yVCHzXxQoojdJmmDhaxvhz/vPl0=
####################
8tpWfeInD0yXsDRM4ZspxJnLSenGnEKPIgp9es3oKuFsZM1kj9s1whbxDt+E0/K30mk+VVUufA05d356xMZ3kXdfv+vNH6DfvJvFGzIOA9viqupLrwOjnpg9T2Ywmqj/Zw9BXHGXRrJTocbjlNs65ekGR7l5O2V+oFsSMaRDqlxBRf19iMyxZ/PWr3pC7Wf6uROedlYbhH4mf3G9jg+Cxp64DJoVrQ0kN+n3kgNvmFu6lYzsSLYhZ72XntWj7u78wy9kjZBFqEmSLW0P/FcnTQ==
####################
sX+aHErJ3vQ8YaTU9MziOvUiHjNckC249aefXhzD0xVJES8Hwl5rECu0kaOALkMb200vojCk4CNZ1KUWk4Rak2fqKPmIaD+IR7qDOQJ6+idS3nPVU4KRs1htH7VBVz9cHSvsJu1DmGGIh4G4lu8RG16pIppf5gjddnXZfSH4uUQ=
####################
pUYSs0ulUb8aLKhVaHIKeys0HUqsL1YSO4qZ14th3w/Dl4O5uEuS1aeVHAPwHle/6xArdbxOsMxPPChODGHe+UWUdGsXMp2jsGKcv5TGeX18pDOvySIJPBDemN7Pw/Ehv2DjtXukcKD+12P1nhxUoTzHQY+GT84eUW3AekCZVdU6scn0UevSKvxRK6sHh5Ko0Qfek9qzOjj3HSKOOOVv4FzOC2InKCL39zc9Fpfhqym/a5gtEKi+yC9ubkgEQAp5VscM7uszj5Q/FK/XmFvEKw==
####################
iElKiKMTufSqBCFyDFg6STmSBBO3J2ucxAuYToVL2U+U3CZbr8HfJjzHnTv6iEBUMovpAxbO3a31Ylyvk2Vz2kDpRviShSGMPDaCXaxpb/Yc7RO9433fWdwsDq+VQqnB9ysLuyVDgDnfRsQ+ou//sgjBA5OzFlC2PK6SMcrCLS8=
####################
QzkDivGJ+nCuuwtuzGlavnLKrCASJyQhSUEE9Kz0C0B1AwghfnjBvjhZJ9WIRArbsAHNx+K5kojGaL2B4URl3oBYftf9uzUGgUEn4KreJAd87ZtvNAVXK3jGnNzpiLNWdn244AyrGuS9yVZc1z6kn6jfncK1W0Kjeyk8TUqNimzF5lI2igbJPd4Z/LRL+g17sovqZQYEuwP43O+X3IpImog5jNX+wpBy5VxUQHJL3RDzESJfzgi6NfHag+jKvDw/C5oKlQZDIWTRbLgZHYKziw==
####################
kC6EI+3YyBPfjLyR3Ep9xk9QWVz2ZGr08CZpCfVokh7KmiUEvYCTE6d4OHrZQYgtiQdVeZ06be3MzUvuQ6B4aLEFi5HCVgYCyTCI5Zb9wXLNceoyk1TPyHLmhFoo+I+5opvNZ8yXrttQlqohmTj8w0qptW2ujWqEq5CXvzLM8jw=
####################
1mmsHEeuE4g0YZRaZ5cQOkWyC0z+ZEcE5m0JG3RpvY7GeEaUZMv7HkSiFKzdUG3047nsG5d2iDMO/yGR8XoJxIyxX0OfNjI+QtwDF4VZItWOcMQOtbgR1CSD+DX+tk9vK7ttuENUFWDzrX/L+WBpIZRfy0e//ev+JqVLlfQhVsXjvewPB0p2NxDp9r6k0QW26pRbgJkD6c1aB8ltEvEfypk7dOUukoBuRvexj/BAaYWkbU64rl+yag2BXXrJvJ1K0M5x4TcrTXGwjAXzcBu7eA==
####################
N6Xi2qlzYu14o+ZWAetN2DFEDJD4iHtPLSMzuOwaWF2WFU4/P/DgEti9BaNI1bbQvyAV4uBfG6NdaNxEHNX6XhODv2VPj8sq3udkOodeeFV0RCmLjav+krLspzeQHory37YQoDZEW0zb+uazDZBK38QnKWfewDn/VsEw3LhsPCw=
####################
ON5sOGA6rlGDuaavjEtNkRCyty63mvjNMTbu6rAfNE25BG/VhcqJdiSPKcjtU4lWvaRn9klwugExr/NfmXZsEDvRJBWHxo6CNOGqNUkfu0HhwFENi5ovXgZgyZ5eRh82jHH3sShBewzS4yleiUHcGsvOPJHSeyyv+UJ/omvgIkn0oLxU9FjmCwdca5mA06I1cc43lcNOMbocfFIT8XQp54HKylW3/hZ4/U7DJ5DJ43VK9Y4XqE4ORj07vMpdF68UDufuFzxp2scprTLlCX4MHA==
####################
LVerYrocnVegRFQrlyW5cFbzaGfL74a2cWeIK8kErBbAzxmSLAa1zKjZSS9obFLPhwDm6nd7E80vfRT7BSAcRxpIrIjbi6fjg0+9lG5oGGYy0/qgZ1s2NuUrAqGMpF4TLPoqsoT+nQP1aYruuAX8iIhoTKKEgHuKNrPZmFbyOH4=
####################
K8176dlis8gR5cPFl4WsXDFDWIei6bZlorP41+dozcFxNBYjBOouEZr4sxiInFoB/skGyPOplwFlU8rqv7ohB+2dA/e8yNglXIt7gyQxxBjDsvT1OW/LTq/YtouKIoofpJ0KAz5QQRJPxJogGkyeHkcnsOvhjlIT1uTmB2VuVSxNMBpnJlofgYJpRbmoTjHcG//lPs9cMraCEkfMzQDETSqyrRv2ueqfjbWWzwlFKyjnwREo2p/MDk9dIU/3fTACa8uizKUb7szH76lvCMH1Bw==
####################
ZjXkDXgcgNEg0gpM+wVUiywYpm9wgN4RgGff6O/22OeVLJzmm9Gkd9IXFQo4LY6XlpejQlo+UbDE9qm3roqtiimXz2IWATjDLeV8vb0PXjMHRDLGyYsSZpwwqeYAeP18uPVOuEY3Bz7BP1+Urx/r6o9DLhK61j7hDVPuPLX5CG8=
####################
fiIrcmW899EkXQZyIS6AHyLNpBLUhDfTEQ8ZNVS7J8otjXLOMWrqMFhdVXiUudPOj3UBaVTyGFVjMq32SkmzYtWLimhng5KtRvgDG4Uck3O5r5T363gO4diH/8+ZpIYsPnOkvNot/aAn4v6/lnRytriLXy9d5L//arr6UDLR84IDBIlTl1IM9It4gk6VhsP9efJI/gLn1f27kkTwe27K3c6IrAcAKmcA0RkwjhRlvWUBFCIVJ6Ry5RU/y+nbmK79Ix2rYKkDPbBoWwmPhQiEZA==
####################
AZmBKUTNEliIAxHEiQBwQCyUDZf0fwNOtDUsYLXFnmUAx6fN+lcwqV85aGz2fTliWwgjUadxSuTGANa70gFGUo/4bj8o0wQm9GI/i9EVgug4zWBvcF/NmHNUqsRgjXEnC8p9KQxeKZJpCguKtllOczinfGrDEgI7GoSolIIvenM=
####################
RRHfRrWKvjLYuTjalrdjVpCqMrbK3VmlOxUsVUxrxXD3ggwPZxPnriGsmZufGfvul2WMIXTpgy8DoaVYsR/zazv+PuuTtaXNADxImbZaP46EjYuW04LR9XgJY5mgoEWW5EennUVIY+tSHyOB7JJN8GKKf2nOMOYgtJV1Aqzu0BCw3aRe/fx82rFlgwOG/BPyqfEeOq2d0qVeYwjaHOjthXBhl8dokefnEhhudhz/4QdaMzJEAeTGRnxi12tV7uMNiDsGXBblDL0cPBtSwpWKmA==
####################
wKR5Yr0DDJK8QIgCtuEU+iAtZzWihg96qHqSztIkZuwfK3dbtoUKVedfuLfS2JcZmGLDOQfJ3vzGbMhZyestOB4tXlEIARkl6IIlHndOafuGFXmNw+h/U2+PfVReYc3UEoxOk0cI/YezWoTvvknbaeoIcd9SfZNAhwo9Coawf3U=
####################
1CeW3KiBgKNwTAr6v73h4/Y+gKhf2c0pHLb51KmXhqu7FoFJOTRBbpxnAlC9j+fdWQQmb6jJg7bB7JQ1Dlw8spiXQTjoDOBRSUwsRqQhr448aDwQkUq799GBvEroMWRO7sins2BVxcl+nirH6sWGVWW7VmmlgAyeaSQ3061590ONCxA/zPaTAfn1h4SDQRHBchqTpxuLEwz9GWbRdR1VRWJMa7UTq8GIZdRYVkDURzVw2cq5s4gLG1X1tNhdu/5/3b4B7SqESlwqcI6pA/5T0w==
####################
xlEjM6hUT89v3xvpOoNJAGEwP1i2B/Wmi2vlvihDQ+5/AafikABVu2wkrPVAR0C/FD/8cNXIAVMpi92TUh7wAEAaJyuBjv84439Zl9ZqLIUGO2ROheWAUYklKRYzdFBpCFsk9k6gQOlbB5cEBh/kn/mCtjM/UAlAC859PgfrKRk=
####################
MdIXpdfWMMBphma6MTXd0Ez8kaCmuyWbcdeKKqyuYb3X/gUm4ddxHLn6b8hZhON+ZQ3m28UcqVxXL+0MNJQNYgIqPd8ZJeHDdYlxLIhxHYt1WkkmL5dxlukE2P31hhmxirp4wa2dtpj8qXKFr+VT8OoV1GtEJt8BnLcMT2ETp22n95SkkRKvU+jgkt6jSaHU1SigmIo4HcFWxrPdmrzU5WsDUcMAq8neP9Vonord2nG9cPWoEeUVWkddGPgonpUZQ2CcCSRsGfZqxX8cKAYBpg==
####################
xoZ1jplWMEd8gDAk+B6BBVV9Wn+8R0zxdrEUFWMyU1QRYLaUYTL4y4bYc7x8CuwHBZSWyIgWduR3k/rLxeMs2oYdIisQnicq16N2KACJz7RY+FU45BFZtmCYx+TLI4xBPirYG01couqGzKKPqxr83qWf3Z7wdTiU/10dsMsKkS4=
####################
if6oKfycZshTut6AYARj5bJpZStH9u9G1YV/f8YFgf25E06LpSjxcM+35LsZPl9gUscpw75Q7YrB17ta8zoNFTviF3ZHMg5o44BobLsXNhy5voj45AZxSf33sc+CJTiTj9n5iTQuhWYoC/WMlE0+RvFunmqkykfdJDIvW3VPSRUdFnWtMJ5WtD2rYYGcT4ZoEOixjnhqgVlOb1uUAcmZIfXgpBo5aHVaMIVTIoSPulxCrfmVuij67EJUrRvvcBMbgLpK6kWefp4eY6QY+FThfg==
####################
GEEvnBca9qdwJ/dLlW+nSJIqRjsZTfbugsqpPL2fvWqqA49GVT+ppM9bHOPRKPGdZsWPqcPpUuE5/cimYSoBq5zC5Zb9epcLQ6fdgjvjvetlr0tb48n6L93Gq47RYjPOTNpCYJyReJkPB7njzRtkMlywwBLscKkTbv7ZBRLZe0Y=
####################
4SHoXvV5G/jP9a6EinfAqG7PgqQEYB1Sv5ypwjUTyayGbbCntZttHon7WC0dGAVwiiCnhiiwdIa1WVsz+1/t/FppwkXaM0ywfjlwmy7vIg15L/0f1G4M2mwO9J9ARAkpIxKKQOCztB/XojeHz2Rmu5sOwCG2pp+3zYy8SrlhtaWfnAfCnFa+uC02gDCY2d9bB2kjvdt35k/Eocy61IGoPZcLLVUsJ6280MMcuq4u5+1F7drCa8gGEXgi85NoObHWvO06nAenDR44HN6Pzgud5g==
####################
r4Gv8ERcnrHTOGclE9Pyx5H9x3KxNsQFFcHHOHLyOfTjoF5aqjGk5V6NgEZSdmKRllzqjVBEmz7uZ5lP1HtLQNUR15Aqk2/1V3Nh+urCtwJIVncgKbMIpm1kNqlQIgjjdukmeESKjVj9xIx2SoT7LaqlM94/0+LJ8ka7FK/g1VY=
####################
ZLznOmF1GNlBUwUfYCXV4iDpNTPSGFS/bT1ldCw7kxGP37hoUKsW8CwYeZ9l8ypJZ/Cla6i+ULHazZVAnUBEHISMPWGTLrOnQ9yUX7tMmmMIUKZba2ml3hjw5l+vfQT0J8Bq6jLNHTjomme1imEiZ9TDmqCvYscwDDwfknIoofYrOT6uIZej5cQJqcbG4NfJj55dAATl2Hd026ldRR8hkWg/m7svnoLguGXoPZmTstiCDjdK0jD1FLuJuaemc/UsGDKcOuEbP7xyCUPYtkCsqA==
####################
rwd7VNIUJxBEWrTagjT7T8MFcUs/aXHnSqPGhBO8WGxBqRt6GmgALnANg6SE7IJ8zTErNv3kDUIayhceLKz/gIBVYMZJs+h/KPbF2Cee015PbghRC4fFGHXe5Ty8jfJTDanqKWA7zNHudx4bQxI9ngdHTtduoIQt3Q1sLHxw0BU=
####################
KFYhfQo8aIxvlyESMS/xhP8n+XW8BsM5mVpSMHHE8mXVmJdKSSvqXh+7pA79MdTlSW67JFgsJBl1V2DeVm0fvSO/BhAUIWG7V0vjrvhoknXLknoIO9iEvT0NTn0wzfwzYx8HGEO4hvnem0jJPi4Gfhk15CB6FrwvTAE7h7UMFF409Ati0n2sQ/tm+rP/6094HHDbOX/UdTVktjnGkz6Hr/pezJA7pSl9tTiRfDR0nkMRFq1ND2A06xFxuSLP288hGKXTOqJMytwToKR2AIfkpg==
####################
o62hn+fIvJxuvNdYSUqkXSnS7uogeipzcEVBYJhu1Xp5oYx0kKiVDl5AuKkeHS0M5VBCSvZhj8eGXcwwZppM0BaZiyx/aXpf++mh3qYVPlWcRnRa3oTn7KMqlIm+FS1OXuAH1QvIBGj+av/f9NPPBH4hx/e11iDg28w3hfcXKDQ=
####################
0q8fJQp7Fr4/qzY+lxfh2bWJgi3y8LrTv295tj8l4HGD5I83lsXGKt09vi7nguRk+yIAm8OFOaO358cFvYOYyre6JQl/KgLbE/fQ6Nr1JH2k6On9As1aPGC6pryCrYWOdsWElr320TjsLJeFqYP3HLJ+osUbUjQT1YwIL10rvxt93MRgSeWFFuZcabcesC0ngA4oF/T1ONg1WQnbZL8eDoe3CuKboQZ05PVPm9GTYSJreQI4dUqhV8ImNmXJjseio/wkkhKz2T50XEzaj7AsoQ==
####################
iVaEckESTt1HQc1ZKF9RkElub1hHusJvonS4RE5fZCyI4E/BM8yM3h2MWSSXGdHalGqTcWt2muJl8cXSkYp4TZLNRyJVigg/RwXrZ60sLDlYFi7ZBgOsvAo6FcAUI6JW8kmZdG78ESIR/LEefMz9083/H/SkKPITpjZNqRxR6HA=
####################
ThyOISmg/1kiQYMaepYjjZE+P1kvmbUKou2VHwiTSQhkpstLJ0CWHuWKV9n8NqR8ZREmTzDmUi+gabI3KkxQtnuvWgx4XxX8yO2EIyOWT3kLzVVPWl+j+wQEefH8RJxgGu6aokOg63fy1lhICosASMYPOVGPGKdIdhaKd9SbkkQkgk9SUaeroKbmyUa7tiwCwNBWu6mogzjNS+BSCBnULLXh7bdTapS1XSvZsIx1lM7C+63Gw/64aYJ43HmDEQTe4pcTkfdfZkP04PGqWcjbZA==
####################
AF6vy3+a9Sy2VkUC6vvQ6lpueSTcTAZF1o6/8wlLgn80vtS0Pm4SWPvK1USQ3XSjir9MWBKPfv75XbONRJtjuu0UzfsKIUSI5FzGVWu4r0ag7VeNmTQyORWJzCaluE4T2gWd8sRYLmsKtzQGf1gjAyEsxdIhBCsZkD2Ml6K3AW4=
####################
pQU3wWjR+sB5LDidiaCr3RukIIF8WvwsNSNfY4HEmz1aaqpnbqPubeWEnivzRs1jvOsCnQvT+5Pn4RtQVm07cEFRK1kUZjSDcEeLkSZUFe5eiHnx7A31wu80Ebx9xfIfIJ2JA2C7LIEyWv2dv+q8gjx7Yg4Rw7vIE3DOBUBWDTUg3cxJs67k+ogP7quIKbeNpM6tRaQCluYXEq62w1OgrzNvMy2bRdLkrDu3ucyUL45ablpV4KoQXuAbwyGaHo12SOlnOIm7eyFX6BX8acL2xw==
####################
Re/WBACuSQZowiwjG/RQCPgIMjeHkeQG9wHdcybG60m29ye1sqr06eVXe5ZhM6lPdkPlMUt/1SigwxJDt3QIanm6gdUl7EtFkxXINRx/4rnsWKSirLJkmb6VWAANa8bJPtuL/qvFlw45cW9FUnvDevvnADhW3HOtZLpvakPOL3w=
####################
ePidCROHxQ1Ma5Cc6n7dTu2q0Z/r1uW2YumFf7+C3nu2JJFLH+PHDn2lUJYnngUAKoLnpMoo0ATItQX2w56hSMKeycSyKdoiLVEeXohEysLHzFqWLkwtqP42viMqfkbq+sHPim6+lPvaoMz2yih0qpSWU+HczVKNmHYXHmlVRAdLy8ODG+54vX9CscOSpquSGNI600hf065M70rLCf5MlCK87HUVE7hIdfGJZ89YvcTmnMnycdczcv4PV/410YFdPvlmTnrZRLqps8Dw/mBN+g==
####################
mOZNqqtu1xeI4YAXdCC1ca9sUq2eg/b4FVl6MCatJofqsNwWPbc6zAPWa+clDOUOa5XoSFu/u24pCr0PNSt5sdyo90TXHjoC4AS7V1EQeZjh6nuDMSliwkqeVsocueSmJpyE4A/3q3Vf2iTF3mjLoWfkN3FkZ1ji9Orasr9b+jA=
####################
NYPr+zbQOIVzVWKAbtIe4MmTieciO4/xxayHpdcxyWgVH5+WMsZpuMtm4v+nFjUPAQZzbrLGZD97Y4cS0tReAST8TbApHue1vGV2dHT2ERIJUWwkS7Ml/7SdntLn9n2MDDCZ3VAVmcMlMsgKKLI76ycaL8H9fgywKnrppzySSHy8K9Zic3rqauWy/0TnzWsS1Y91PzR+SQ/BOYA6cl3quzy4ET/ewCAAlIBbUg8AZk/dkwliiVb/osqZg/eO5YTMcALQnWs9NB+JxCpnWTqKEA==
####################
FsVSGRdqNei5TSvNSKkWQITkQMOn+5yx7La+sXCvFGmhAB5KJelwdSVKRaTgPJti5WVANs+yhY2RWB6fgnA5S64gHuR5dHC8pZBr1hJKzDv7ELA7eFbkEi8NRj1bZhjbFP2eNQp5ocFvMiOGtYgTD/cpwZBfaXbt5vYb9nLb6No=
####################
doXnEedxqsJd6jfny/eYh06Fe7gr0m8+pgeEjSMlNLev+U0ilNTPMekWx3nGHS/zhX9fXbeTPZ+oNUNq+xup/57MjGkYOEbz3w+mIUTt9YxMW6I88OM3/co1f+ZgAeKspteLjbJUQEH1wIbohlCgWyaPcQ0WbsUvsFIqt1ZyAfSh45ViWC/tpiaZA2KonZvPKyOMNL+E9e73lufN8OXUyCFixhikEm6vEfmjp0JszhtRNUTC6aLjKX/32YSUH61TOQw10HhfA0rRr6GTp/JdFQ==
####################
t06IZx+tDWEROjbKB7A7DnCnVeA5oNnUBRoPuuMIf8NPdTZvHF9L9Uz9XS8Dl2PsZKw633jTpmsmRjIUc7R0a/snGfyIu8ORPZIjSKiK35BvSh5Q3iyh0sGI+rYPEEc3VCad12tAKR3cFyu1UymWFYpq2+SooP5DOflznXLvLcw=
####################
dRPmZYSUAKuwC4t+RmfCLtUeEA10sbNIZeAxuXu2gxpAMLlPDw8gZDVlIDPjVuSv/SkmLLSrd+GfJL4aymcbQts8FP8I/9ltraqlUmdsXz2aCUk4OOPF1QKkAfC9x0bYE/DOZfSTJltPOYs1jFqoN2ooU0hmcoSVyvGjtkBWAwajO/I+J4Mud0jV1anveGNFAuWxAsCQSkcrB9IO6hSHzdbWE2ZF64vL50j0V0JTbw3tc1Qcq/rGT6b7ZcLa8q7jzlEQZLVQLWSQAChFyuSOoA==
####################
IiKp0ArKIW89Nh4ZVrbww+RQR4U4Ex7KGBAU+eNKTCPBK0FGfoNEnsEzOWtRxpTHvzyfmGBNvYsysXSUC4W1xtfrE/DskzLa7LH799G8E3E++7vBCimABVQJ5tWmMGH95Tyb+6ZgKWwyGMkB0HgdyKKT8T7QNBElCH6+mOGZHGw=
####################
mA5NIzbrsBLrYPLIkgeCrGmvNtYSj6n7N7Lx9rUxs4FCKENGk1H9H5wpL6zDW27+eOqWqDJCVMwPgZGXBW89wzltYaQnz+I2+5fIuoNgwbiyS+qBvEGXVRjVTdlRmRay9ja/9drqCw/ZyuBi+nh1PlB8/u1s4lINd0CkDxQB6lT5NtjftoCGs6i+yXkTdeteoqBpyMvxFcRU4oPQKDqmfOcK70kyqv7doFrxuP2LrWH/xQGHKThM/29i0JIB2ABWxxPLC+JtSK3h3+2761CG6Q==
