####################
f9TR+tlWquVc3DgXSlqLKt4dx/un4aPcaz+4cksLwxOh8VeBCWN4haw9uMCTZ33IvsWR2sDnA+5mJUUSLwhlLrUjc7tf4Y4JwgJnTR/POl5n/Zpjp18/Fsf1iahguJTsUSzTmB9WgVw7BpU54Yl71V0eJ8LnarpDMyNNd3iIv0k=
####################
9cVrnFSuFd7pZEFNxzL3dHnzS7hBOQ683VhT9WVnDbxfLO8//KSnvY/JZVfXZ1mCwLwqD1TOpgVuF9ooDuojTpcWZ9qt6kNJ3r6qUUAJ56EgH0eDzIZZBQS11wgMb+5FPU7o2hUwn9AdMeQsGAtC5HNWxBPBGuXws7aTIUBJOq+vFqrY4sV4p7L2hl7azy+RCby206h9seDxfokehgr3INsNvr6ep53xmPxubxrVrRO/5VojT3NRUMUWhGbyajiPcP0uw6KQVrVaXlRS/LSh6g==
####################
Tr3aXhB8YDolDPMzMSV66qAWwZmG5h3WfpeSCj4Uf2We0JJr9Ett6muW65Xw4E2blDkWpBxhFpO1HjS4bEV2wikDgUHRIZ9DOxEhZXTCV9kz3Bp0wxq9AkrFmY1ZDtb3YkuRg4CCixR91X47CpEv8E/AEOHQbnRGy0tv9aa7OZo=
####################
ISeAjuLbOSp4LUmDcHF70yNi7UsrNWJqX9TQht7Mt9efoavjjbLGvcISRWpwKC331s7/VA/aNcz2axMsQLVcc+lby2eG9bGsD9DwvYSEV2yqK7LCqUMscKjtRn4pqUYzaFyVLd1lETsGG5Zx0hQpzvBjdr671hBJZdS342ylJqYhETyNArPmCKd0iktUwdUyt9CNQIz+txU5wGpj48kdr3OOKupr0Bw20N0Eco6T9ifAJEc7KcgQWjILxT4yA5cpyWg8lZdh1CwHrvgRwYd8eA==
####################
aXyciN7dkG++z5xsar93ihA9z5zZtIvSzpjktk5wlaRhg0otuSzHC4sn6MfpUjO+Upw3HgLxUwHB5V/ZZKPHLp+sM6sGSmFlt1UUgqeiAhhuuxM1XXbYNgwCD9v6Fl9G1bvG7Y2NC0ymgpop7AY2wimWPGvmZnKpwApuiBRf/3k=
####################
SOur6pXcymHn5yHcKpOHDi9TYSG4I27XPQWA1taL9dTKciy7GqhDUOrQw3s+qpDLO9lEN0w09Hlx5o7KuyQfceXvHdbtFzYPsQiy2SUGFNOAg4QxL/lv46r3DrhtLxcQ/hYngFhPrR2SByqlBWzk2uaOu9VndsK35M/IMjJrj+F32YLyZACQEtmiSnv74vSnxeVyoep+u8gP1e/u47p0z5XoPVsSmIrhBDqzjLQ8AyX75wcFxEpvNKAfe4khoeZNC7tyowKno12B0hgE+OYEPg==
####################
hkcms6afbHiljC2cFdOMVWaNIdxgxrjGEZGlbYoE2N3XozBoeKo65r1juhha74zQeBwNJnJZUhXx2ki9oMHmW3LPhEs1b+UPUAPEpU5umCv6t20XSLhCfkOEPIVD+JEr7I/BFylE9qsr4MsmQWdgnjiWDCMjv3zpube2E7u88UU=
####################
kWEFx2dJE8S56ulAoZH2JQBYd6LCn85vDIboUira2x74jYukwtnboTIL29ok/IpiemrQ8OjeZxRHXcPTX1JhGsDMagIIY6x6W6Jg1MTzc1OILNgXNJnAxvB3RxsnLWuMByWKmLYI56tOw90MtYquCDbwOf69FLAVUaTPM+TAluv1ekOXS6cqmjcYSYD57S80afwqaGupTW0SFwoaSohYBW22Q6/xofCExTECIoFiFWcRS1NxAZqhsPaMYgkqi0Ges0vPF+mLyPlQk+ECctmTHg==
####################
qOWO/64qyX6sedfXChhzgMbIKZCjMgaeESSqlU6ojE1ekj40zwmjXOSjeeic3HzwHD/lS98vB1/0QColpnQ23cMylsQiiFpOkzd4CL383EMRiU9sQZIE1lydrYmO3MXYhKb65mNuK7HWkT4MxoZk4m79d6hQ0gsKZI39Uv3do9g=
####################
6xUQOSNAfYxbUfwWjo0NB4zrUv9yIIKTRUb1rAwUDinqI6jtHPmLdesaIPhgDfYZEYhjd1kpO40C3jj5wzWPak92HTnb71MeXNz2GGjsqscoo7BqKOJmR0kjUNOO2GOscV6O0iXpyKku2Qve9Ef/nhQbf4SdaAJyryI/fjHZ0yfkT+BhwoPfbMbBVzB60Hm7sck9iZQ5ypzbJC0L+hnFOf6Pg+Cafmo+34E/45VuJHCIro4ZWWhv9O/PbY5qKJRN9QI+AJ8TycW7k8112vRsiQ==
####################
j/6cLiF8OjOQMtIsJGSzgGTlmwzboM0qi8qsrTzxqt2I+yLRqGsUYVIkoFCOxedoVPeGwNGZ6OdPp045J18+K9Af9PvmSnG6UG4SrZb1MO5ATaaio/mgEoY2ruCTx74ehnf1fG4mAJYfTrriVzFHRg1cwXvSPhAuKhFZPlW/V54=
####################
QBV9uMeeHvsYosTVf86t3Er2ujLm0kjvhr0clKM8X5xXSrOKT4hgWXWxJML1BAZfi7qjqXrWdyOCnF3wYGNYbck+wmcKrkuRU50r6KLraWCyTbYakD+uemfde3xjfh6T33fv7N3fWJ1rQWCRE1MF/9cqUp7qzwBoaVqBO2s1CzcTj+Q6L3tq9d/zxUezZGhCxXJi1hedVHneCcHGIbpgdp5EMSbdpOSGnH2LNdwX0UjYvATaojB0wcMIx5iEnmNaiO11FEaM4cTGmfQXNZs0TQ==
