####################
FOQV+ncjhV2rD1J1/lbatEiEQxrhfMQAFB9o7OTA5TdMuZY150yZdvhU9UvasnDnHc7sphV8pkj8zNDOE83mvojLn1uUSXBnNFOfT1xTjADADp5xWw+Anxe5SGHOF/P4WC1nQQlQA7fOMcN2fRvw+oJmxvW0eLb8mDnNpbUviGM=
####################
2GWMqVBtGR2TK/I7LY4xxcgMTkyZJReBn0ikismfjYOfjF7tR7Xa+1oTCH3Dzt2+Aq0pHE9Anp67nsDR2uBh51zfFGqidNGv3vsuE30s0/tgr89aUzBRTH8/e58XYxfS1Tpck8fdt3S94f2hQBYEjN3rb06zcD9Rdi62bpuoTx38tBNoScAH1SHPnthSpZu11tKuU6U1MazrBwzxONsDg6g6msvxrmooosJCD7KuSritetVd609J6r1R1cld4JWW42VBzsaiLH3G3XzpcPg4lg==
####################
dp+7pgDJ5Yu88fdbbiiVEG9fUhVyJTUHxRX8R/Gtcv0ovOpzTmX4lF/gP7ikr9ZVRDMHbUMneYei1DuvLR38inxdtzfBoHwtDAtrD6VjHAzNsLfv2yGfh20pOJB5TH8h1GpqOLmduRu0t+std3SOZ1tAafJTfoDsRiEVA9slJMA=
####################
GsNoHHLWGvUx9k+8lCbgyT5O/C+TquENOrQe/nkYOqfFS+XrI+xcdYPfIc9A7lf0paUcdmcnmEX0hD7xn3bv7DFVJIQvTcwoAX58pJTmmK3vb4/w86tTwSnzkAPb7azpRgkGVR+OpiMP9MPBIzkIqelxezog25aVu0Lj16jYil4UCVF1Q6wuv3Ab4pjsDkKv/KAwOSLyCT10NovqjQ9bRTCJwf5CZ+Ar+y0KJnv4sMeXgLLMXl6LEONOJHpBSdVGwUBS/4kFB4FOn2H+6Qk0cQ==
####################
v6o+ROa5k0b3yIgqZvnR1+CU6JzQqwkMtwcf+cFE2h0zI+EOZ0cT4yIG1ohA6cWxTAIuHfovvmcn3lx02Ed4mi36MxLp6Jfg16p9rYA4bJA7gi62b1qqlXIIpxuWI1/o+jJQkWuUpQFk3Z8fk/dRWueYdYvvRlilHKpeJ9bbq24=
####################
dJ3tTpjaOji79ZRwyWDmY8TYmloC8p3rXjSMntNOi6u6LRJVwgEpN+rv3HfHzrJ/cCqWjWYlSyRzVz17AdbeJuulUKf4jwhqZMOOqhmyavQFSq8fFif17sYCHHiwvZ/G2qOvSIrCBNc6CxEY91tHbdUteuQRR/QIL2lmo5IvhHQ/8+ueoV/XyFNuosQTpyQLQGBS44elSyj2C+2suOt+NIk7EVx2SQh20A9aezQE22g8x/vFt9pZe+YDkCH412mVFh70sOReYYC4+ca72bHKpw==
####################
TZxsbs7ayItXXrTj90Qfg9FDJslMB5/8sooeKs0rSfkvOg467JWLL1rMzsjDELkMn5fbZECZrLVe7nlUgNKc3/vkmTKCYEP8iHQ0aNfWCOdqZvgwEyz4IoV5yXClB89+fFnFQzLg7V0o8HBfa5ROhTAOyIzlJWM7wDXUeS30tx8=
####################
BUssdQFPtwR9r6r04VArClo3zYFv8v6LuAUL5bWgPPXwvsGHsnkyTGwupBwc4caBJLaULaXUyRFxPuovhI0f9rFc0VjsfzK9QoPwTbOOmGj0RYjdsCjtiI09NbaMrPe9NeQef9lSpCyFwV+BuqYbeUIST03O806j2ygsyRX8IFszPb/Gggv08FczhXdMHAIBt1jeB9OQYUIJYX4ODB+ZDfXy4KKdf1ZZBcpZNYd9IifS/qcLJIbdLeDVysZm/DUea/lu8c8A0nBVscEp7e7U3g==
####################
C3GqMgL1mNacb9qLJ/g16m9YLBBGS1eQ3lZuQUoTgVHhhqKAaBB3BtFnuGFS4Ovb7qcm8JR2vBmxc0bGcut6VSXg2P8wrhYzF4wX7PnV3pz9KV7O6vkAbf9DrJpt7QC6w+6ZeTdBHREEqAVerVvlAMUv8uDhVKSvSLU67nDCfAQ=
####################
HkLsPnbUtKPbxFiyZd8Y+1ham1t4xfFeY+C8vCE8JROoouai2qQX8TItDwF2A+vw2QrK5gIEfrro1Vu0zwJCFoJJHn1LtMv/IG5xd08A8mVvSv/MpnNnwh7jx1ZrTLmMKuBczyQuavx14qQ1dyZO23BPwgyDUJZLXMjXGenFgVNy4Ez/f4DkEdJI0/uSSnnnbRXpA+CdQzEUhABKfOwKDR/FjfDvMGqmyVEqo0DwyFIEzTyQK/7kh+kQZCqDbllxWFx2aOPvoL47ZKpyjTblmg==
####################
O0Ew3uuSOOw2hILBgkOwy033CoOvzU8CasxP6mGPCyFFuBfIa3ilJ9sK9BhGL0jzRifN3LD1FG+4hHx1RJ5Pp1l+qgMInKnVrcYPVDmBkOgq4D3HU5+zFlA0Ke/UPhdrt5jocFAf6Ek9nwz4vwCMAbblWBcknXIYxBEKjh+qN7k=
####################
TZOF4Zfe7rKezCcRgou7Mek4AMI0phtpUciERkwBHD/bC6IbxvBAXgr4TQbLrfAOIcm51JI/brsmSs1wjToawINb46n762X2UxF1USeUhsF7aBLncpHQFwqV6uItayJ+I0fkfA1jo/2FbRyCYFbqBbYmyRRyIUfyjmdw1kfwb1dqB1bphg6jWZKy4iv6Cm4fQ6SagUGWl2M3EjaXzlEXLcroZ+2/Hb+XGYQEMtu0Yfl4pQM9ItPwY5R+3en3NF4n/XYDdGOPprcPdCIT+cyfbw==
####################
fleGIznJtsXoVHyfdnQi8xw6C6J6q79J3zJmpoVu1LF5+BFZ/5Zo+OIxAn7me1YiOP3NTgaH/D+Zkd56Jk/+95pnMotCzanV/e8EpoYKTR9SsMkzJHbr6OszQspurHfHBDbl3m0dgu/81ggtO/eLXwBS/WQxOG32SQzKRy36Clg=
####################
eSdLo3RolSOeCad1iAr6o3Iv/bM4tpIQgfYw5eNL+gYTlSsFzOLDYAelvrjZqPGqGPwvvG/G6wH807s7ZTsVzDddVg2H4NDL/HVW4yfNCv4Su++vpSlm/z++s2yUDcotd8i+P/YiE34bvIWtJcVfBNRrovZFJ2ssnBa2w9ztIx0X505vnw736J0q8WEd23rHL18RePTn+vlaDgPMOFeMw0htGE67Hpn1lBVG2C9a7uVGfiqqVmVkn0LCUYK8R+FXj2fTiG5vPYqJBo/KdPx5Ag==
####################
zcXW3sqz794z2HPOgFpDqr5CWsGMpRmqaq/xqYWsoCb+291whJHK5GPH7fBQEXKC5/nY9RnVOxwkZ4rEF1t+WLOfsdHzhHz8CH7BWPB9ph7h8vyLe7f08EbMENZAuw2ZBjligTA37hBT4JjGxr0t5gLM/rUO4wBqV/MYxVKnsl4=
####################
y8X7HbZ1vYOpfFy7KWgSP5HEsopURXIOI1ozhWk9iYvwowU5WzowWVv7xSgOWrRhy7+/ibP5OauW9wxf3bdn8vY0B1Yj/cVrb0LqGx3lnh611aJkqBbv2VPasO57YXAkDxUngiaa5ucEkNZrBxt2eDUoWj9QQQtXV8WciexQfldskblA5q3koyGC5o6eNN495HD59EsGtaVmerAcaumTP1ky6+dIx2BqIPLJQpyANu3UZB2GfNr3V0kSV1pT7aXTCAm8Jiodn1JVQbaxV8uBCw==
####################
LNaFgqftoRKwGDeleWMewmamjp4yD+cS9YwM0LmxmrJv4ywcQXNRsGSg+HLhAejLmx6MY5K9cuA8kB4Bj2m+AmpVl7Jm3mEu61/LVDhWm0lCPelXfD0ZSESKYtsM+qpJHCpGqVbh8EA7hGL1RHl9VhKrWBT99Q8TsLdLH0KHook=
####################
3sev5EfjayL6KnD/swSPT1O9og0m/c7XCs3HZ+FPNwf59X6QWpM2e4tV58poKanpVZ04qPiV3AumqbdGpjgeJCFRvezaz5qOCZqbcfuuB7AkR5Zlw108OXn2FbfIRWeMxmBFu4M+A4m899hS7UqULdjEnBY3Moxl9yEEyx/LBPqelZ5fIxxIzctfi66t0ymvsJf3ijQr3z8nBcfF+ioi/vOOtyQHKeSIos/LMOTLmsAZcCR73QPgtyZZX3+AqF5v7j/6bA71VDukbEjtFPPqsA==
####################
e+CvHGwuCYpYbp7NJdngvKzA9ZreLujoPRgWGbNQ9lu9yztFTgABlR95pW8SzFD1M4Rb0FMhf0MjIPbOWIIIvkNeFBd6ZoLJlAShIlZQK0tMluSgWDOUllNDrW3Y7vyc2wh42+avmhQKlN/cfkoWp3Sj3jXOaJ9PnUlXyvkfgUk=
####################
KlPwZeLxKhb8loFoq3wp0BBfUnHMrQkzFYmk+lD27edftyxhSCfw4p5cSRVIvFco0qZShkgw8rMl/gblif1TqBeJzHfaZtwitj01psF2Qqs011w8uPsecZKbop9q73LXaFmnycwLJ7XOxA1PubWpsEhXNk9Q6eNF1i93MneQK+1wec8cstB79LJGlS3vOp6itOSUWxc9EBVWA5jiV2Du6f9qJ23vshgtWBxb0YfM/ttCakgcV0h3rr8x1dW63XbNqaKtc+92lika2KgYdu+Qgw==
####################
G15Sbw4rQ/IYbZGJI4i0dbMYdmwJevVRK0/sELhHlifj1A19QlI/0lsCocTabX7WaAzIqmbsHQRrdWu5jXLqXvpH0uQq5K3ZHkvAnFSsE5TQww5J6i2bzqp4nK+HsezBanI/crHaQBkNKzmpPgxwl3xaE0H0dz1oiYCDtdvl/2U=
####################
my61EeUcRTq6CVPhKA+PXQOWJy3FwylCS0bgf/lBNau7qQBOfil0oikCwp6uSj8b1jUAac4JO/e0zuZaUoaR+L/puZZlURsF1xf4eW4wVd+V8kQESKCXkmBkOhQR1k3vukSK49zeTN1UqzsJ7MNFRb+pkV5X8R7V/vlMN1RqXb1g8cf7RSs9w8OK3TwyiFq42GMj3eqntD1hWcuypvW4vRQ80aLySw2XUqzPLgcoVOhfTxwW+o0SWUL0iJtyNpVzoLDPunIRl5UsS6lKdpiSbg==
####################
0GsED1hoGDkFXkkVV4i2DbZQazM//z6jSYZ21rQ+FWoEAS4hSf5/tjmRGPa8M1R0r866BknB1RJ3dD9ZZkZt/Vtx0ZkoQ9QTqMlKh0qGfCm8s1tsIrs77Jjpeogxs2fNu8UAxEeX+/WZC4FCNavvqjMxYnaH/lGpOsYywBcNRfs=
####################
XceedUibX+qW2FLEXPmID6Orf4AYrqwTS0Lc3Kl6yuwOUlT3GLCfvICxBndPQdrPtsLJ/J80t8FXjV2fSmbPHz84awCUoEmFiNJPl/zgCKRDvuL5IgNtLYWC637/7x1HluJMIi0h0oOfxH6oG6MjjlVttkq/4qb+5poPkVJhtPBUXL1kDSQdCxM+jw8Mf+SRLn7YDUHAZQr0T9s5hqg/UQ3FDpmFgShUZEZBI3GvAzlF17UuiIK7c6Rpj5OZ4o/HqKuFII773f3PlkcPj+7CxQ==
####################
iaZBivRooif6Bf/6Pp06cidDrBD6oQm3FU4EK8qUxfNSwxm+wMTKA/3XC+UCYK8whSb8B4K38+xx+nSzM5TyHaCZnDkJR/N48ghu/3bs1h4HkO5S1DD6GjrO2IzyDo9F8Ewnf2Dm4OaAA4WA+mtFrVYpgYbz+gZANExXrmwRbIw=
####################
lyMNbSnLTce2LdbttaRvHRHol3yl8GTNlPX6lPuhYvV1Utx33bB5SQsniHv6fEJNtHPaRgg0toc+lvMZZcMc1McF4gSjIhS/u5qY/7R1a6+EKnvrxbxetiLaOHKiqQP10yt8zJ2fgklBQuxqK8wZtYkAObO8gG1g7fctV8JSkQ7fUNsluYfmCZXlZLVK+0otRGGYFuKrSkJKqU+JGyNsOA/xEGulWz1ZcpUGDWvMKlcLbGunYa1n3EYi8M6X9BQlCyAcUfJxA7v+CLByXzI8XQ==
####################
gfdqOpN/l9mdFhgOU0Qrl+UlMgoD4bI4ke4BpjE+YTOvUwSE6yhXqxwSWQ6q3J98KWgHOGyQQ01Ol3ZCzzQbq7sW+bKiNtkvecbuBhvLUDUypsXKK3PtgzOUzOhtquEpQbnvJ/JdPLTx8Dvh6nG+wbMVv2W0ZfHtsiQdy18C6uk=
####################
46oFRiY4xUUZfN7ULofz2NYYml7p54EfOE4+VOUTah8AHTI0j5q2SPcjVx6k/yjiOzO4IJZh/xxltvawwhCOYwh+7MG6gmoVF1le8+FVllHBD9W+81/wHAUcoDzSCGVoz3CxNd8QnDzax3WRn0xsw5ihCcoHWd8Is0FsJR80t15clAA4NR/mvf/yUpFcRKh2ZJeC2op71oQGIv24JVUDdmpUXTI4F6+KzqiDM795EQSF7284uL9JdVfbyMMcQVMPb5BTnuEJ7tocxka4yUlVww==
####################
AdnXgpZcvS9UhXNhWZ1YDu6+QJPjzX0liN8tmbdQ5TmhtOOSDHcJOo93rczYHPGubBiFRwqDyGBCOkEtR/uX/WtuYCDlZ8OhrM85PdqhA8w+sFKWCwvkLjU1sG0JLU0tCNUsMSBwso66/3MTM2vhBMnbDRYy8HHXRAUSK+9TUek=
####################
UUShWhAaOUoLVArNbJEn/d8dHkdbmiT7wcilqbiaHI0MVNkUAQuXfSQhCPs5XTKOXIgP+OupXothAjHtACqMnmkp2OLoHNXK20dzpxamxcEsOWPtZPphgM+v0EiOXn4VSmsKaOkO4UZ7f6TUjAlBAMj3QivkEifLnIp8Wxan3aQqikm0ZdjpTkpGGfoSHam/8U5GabIQAsdDMAR23jtoPrEjXvmAEOacxq35du1OdbgsPBNZRbFTwCEqV6lzZQx9YNv7DWUo+Ks10oVB+/OESA==
####################
qgEJyd0seJ/K7opQzrCYnbrprLulCdkeLJA61vAC/eRuNMAqoDU4NWrOC8aFL4Kmo589LRsNcrNF8nF5aSL7VOEP2OYwCvfu6XxMoz4XczKWA90r5Mtgbcln+SXQwmpT5gfDUlr45o22thPBfiDA1KYqrCsHsYOez+GTH0ft0+o=
####################
7S8aOzUa7ABIMUaXh0I6mCTfkKtcKunH56WVPRoTOZ0BwMtBCW/Dqr2a/wv9DYj0lYspTwFXF9JZrc6Ghmd4aWamTqd/IdHg1G40/Qri0yPoImaZOx8QXRH81LfUsjGUOd2X6fpoy8pbNPr7hKqNc12NM1I75WvwHIdZw3/PXChNYfNcomGvgX4aTxe73ieEde+hVqdpCnQADFFZnfRJGC9Pd+oA32fzzd+Z30N78I4DAOzkUCHcuBVVpA4ffcjFrDZqlLSi3SPJq+rm/eFu2g==
####################
Wxc11WfybjwQQAgCJgx6OhzGK3LSE1zxVgWagVrMFypomcWLW2F4DSZPpKiu80gWC5mmCoLouDKxuPfF65sW6QzpmbyFFcS+N263el/zBidkTvxoEhZVfRs1IW3Xl+wsRF4Ul2s0IV9eONCEUG3l6pQ5SrFhrsUMrv8EGD4AVEY=
####################
qUw85ObepptgOrOG8f7muAFBKIXT10aPUJitGul4WMuFInKGPGMuC2bXzcmvYMKP/QxXV51Ew7F+FT919pqV5n6WS2+JBxIv2rKhAH+fiHCw14jEhNMtTEhJrNis5r7yy6QDYPU0qdpinGNSRCsZtQ6PQJwDV1vb+n4eIYfHwufjSGdS9KfLapAXPCxD4+4IEqwtNWus4JbL9s9q7FUnAKNkIRaQkPmxzjTdqEg8qpOBVhAVNzZIrnwPYJ8ojJX0RL1NRsA4FMSQMxJVqoVP8g==
####################
FuBb3GXwPsMNrZpnhuRi8SH4zF3+o4bUuhwecvJgWJ8/4H3GlTQptDCaKamjylv0Fr4NMZwnSXm0/s62fxdVZhKdFS9cYTJ+VFd91I0tvI43HWNLv6m/BnYLXCVfmTajDAksgMG1m3b6kCu0WdGnDPTgmDV2jOiFcqaszfIIZM8=
####################
bjgv/7FjyZWg8JU7CkIixcUuMt2O5hFYKgN0ZAOoSrcT8mIe9eEc13LXKwz39TCpiSZ2ThR+nrBnIUb4ljCZr1jG420TRhT5Jw2pVp5rJMx5hBXyu/Iw+n6Fgb9NcW5PmbR//3ETVAAu1KCXpKRlkEcSbyhZhXjcwDiqPcqwNo/X+G0WX+XafPMtHy/8Jh+TRrUPnLmRx++rFjWTzqujlI3VGV6eUB+G4VJnBgd9M8h9RWBdStbq2HiAF7dR7jlYtYbHMQ4TEIPpiKT8oh8j6Q==
####################
ygwwiOcwi8Sceguyt8LkiiLEQtJksTwKfa1q2+4u8Pir59Rr8kfRcvunv1v2FhQk9uOwBTEeFioJTw0/MXEaUJ94LNsurhKfAGT06Reyzk5TsnsgBqHeBLOlU62B/vTSVgA4MVFUMz6Cd8Mzin93H22RCEz5AyTkZCCNLl+1glI=
####################
/WHdWn7fjsrvVfPCI1Tl2nT+1exPnhXNaDv5Awhb/Grrj+kn6lzbA61/XWMyjLOqj0KvIcTwf+fkK0V3+Svp4TOiHFJr+A2bwJr6Hd4rdqndfbO9gwMJICbS/MiAnNPGpC6CF3tpPfpRv76poprIsMLYdJqCJjMg216QCoyZfNthmP/CaEX6y8vPxZcYoZSdN+ERruDgenKEVnF4IsXoFEY/S8T1NKFqgOP/XCk4RQyhbhdAHtpeG4ETkP4IMDS/w2ThGAnWAnFg8TKqMZcAhQ==
####################
ipOXPi/qDgRL0FTvoOcJvPBePP/nMV5bfRXcmqPBEzuqESumFa7Cn9YizOUqk7OwzSlSSRErwAQIMG7lWdtbmcrouGCN6VoyfptCtUCDlxogrmiR0Vi+uC/i1pqLpmEtdukP7/dpLK+pJrZ7Xc4vF8ldB8i1J5Q3+1J5BmQDLps=
####################
pR0fjC9UJjnLtegT3nFuHFaDBeOPcHfIukVk3iWU97rEbwan4QYEsjqV7v83U9GgZVCDTAEcBgawxjYTjD5kbnKUhBAaiFQwLbqumFFWZFvchtCvhbATwTJPkgRnPAg2P+T23DIEfF7+6uKv6PO+p9aausII4gdqyDCppwbd5X7wmVrVnT3nQhPiQVh+8RuNyFBEYZptwjIjzOCciX9AgOm94nIY7IUQO3mcSdXL8pRXcHGjqKXrVFDOQP0g/faWsi2EwQ/Ju/BfVAdoxNdr8w==
####################
yNsnJ5pBlfWFFw8mNIdHN5a8hwD7Ue6w6/xVBJMZNfWNK27nVW1/ueM3a1BfqnEHYIgb/5sY1JHnOr6hyNG1rxsNn69NFPnDaMlthtfkMkS9ihDe59aeKnETMnIxQ+VmBGRHp8t1VA9+mieSkrGQ+iffxoDHWRzN2dj5Bh/3wik=
####################
PTCoVaD1a4tiguStwGxOr9DQ9qlXg39BSpPtpoNoVRtknICzJT6mFzRXsxcBNASebuv/HqJgDPUweYqj7Uq1otf8yOkmqu74F0pzT8poBnNTEMkgkuZRFimX99kdL1wbOi5yxlZ+JBhw08MwBFLJ1qR4SM2aBnLpiziD+cpKpXPCB436Im8aRFi5r8CLVGiTxFs1eDl5N0zPl1h7QBRDtiVE3npYiKdIKT4RjKffCySz5rY4Ycpy0C9QyNAKfl6LfFLNAIEO5XctactWz1vfEw==
####################
vES82dEUDwdKlsIM3PsPPVJe5w/k4/HM0Z2ppmizDD6+fHGhSar9tYMSCPDOMlWxKyWtDglb9p9ttgUWvxtmfVITYVZeoO3HWUidLMqfT25vTkUyH5HB7SGlrH7SnBRtuDlXfI11omsSaXDydfeC43UsQyVJ2LBbWwDS1gJILXg=
####################
U6UyiYWiW2TqoTnuUX/iI6JfawxAnSfJtLdFiuEr+fpq7bQK7OygEQta+Ay/hU+N4E+VbKgEie+t16IZH1/hezjMnPVvdgyon9NthaXVLn3Y3bfRwOU+b1lt+X3iNTMKa/tMx4ssl+7jXVs2ZO8PeJhi9hEFfp2Cm8SaW7conSKRA1Op8U+L5fTtzJFN3XRnUf+4sT40+7UNuEgsZ36eeWtvt82lklGEvJAkU5Aa0K4PVWpozM18dhAPSHNt8Z61xeAojYiRgnLn0sQCjuY8kQ==
####################
QypW2Be8P9wbqu1BLTFEljwcyhIbZr6gs6HeVNYXb8TnqRXuUEARdeEHrSWJpvCwIiHBIcpuU48tk7NL9dYvfo0y5SHtA4c59yF15PAYTqCil1ZTLByKy561Fkja15P5n4i/b8c6G2/EJzu4Yc1MvkxdvRzw3TEZ/v9uC2ICoC0=
####################
gJ1UgT0eRBi7BFuW3eNbH4N9FxPD1K12t53dw9XJkiA8RoEnc1Lk189oydJkxZeBV3UGLZG73/XqqbcQga61biLDGxHY86FCoP5ri0EBS1ADMorbWMtaCI7DGePcRMGrroyKJFef8gjZeKX+vImALEOJDlYdwtnRxyNm90+TejykInynl8UCTmkzRCAfTVvhUhHimrCdUPFqgutJM0NEZF15WtA9ig5lGhEuPxjnpoHbl7sOSu0jyBwjRSXn/jcaZH3HFaHrwOIck9B+hwtXGQ==
####################
vDWRoAGCQaAyBHM/j/TXsPRZpsL7CiEGJLTX6dHpIgNZjLWmDhyMlHHC7zfkwL4LAXtud6ypEGdRYtIX45GTf0xjIey++3eb+uGbExnZojRELcr8lsCqD3iucsQHZ+jSDxHvR6Rtu3OTAeB7Xbsx/7KMib8wXPVYSeGDn1SqwYU=
####################
b2iXh13MVuCje67BC96u79U4B4Lk7N1gBkb/8YOLgBp+xO8PKfiSRuXBy6ZhXfGYKEL12/UU6ooumr1zAtxbz6pThr2Y7U8FUgrUPBrApcIzFyU+QEQCZuMFqkwDwxk3Z91BIB5aJorTgmwOkrHNf3VSV1znEWslG+KDK2VVKXkC8fTG6XYjYFKvM0xOIdBM0spRm/CvgF5RxmjKufBfNEIzjdtlSBwkU+YlOXhOxwnuCjUv+sZ//NLWrcenzsRbZeIhTqeadhljiZIyeK8pfA==
####################
GThObIwGX1VFAX13w5g+6W17uic1FQNFxFYXF3zyzj/GFnQribOiXbPMsefeWMqbYYEWIAmCslN9sgvrdrsFvBn1NhoOcr8s9pmss4cJbyHqZCmUjB5VS6VoE9EFC+2hvdX5k4/pm1eTiYYVzmKn2cF7+9SB2NSJHRHr9DTnUJM=
####################
Hqg0gGwTcsKM8X6V/mHZmtSRtNIUNGe4WYBkucElhU4MlATPQBSZ0dDWg8vdEJETdyYlf4juCC+srMSWUZip/RbtKcN85rVnQh0T1omQNmopiicUCmpH9/PbkZ1j9KqqicgDm0ryhP6sLRkvJdL5XswjOBdO/uuwL9SG5ShJa6WTm8nGvYRWm21AdkItSvIp1wUScNw3pWHmHymAhAQ41hkcuc/UNqydQb7wDRs0eoWYuRMEfTH3IGeGJqnITYtLYjUGieHdtvVrsWQB7IfQIQ==
####################
h8zq4A6t9z+1NT/o6KsGa4ju6f/e/O67mcZ/UFsPiKAOhxuxfa/BaArGFsm37KKJ3J2pEKf4vDHdr5rtfprE1hdmzxDnQOmrs1KG2Jyp4k4Hb7XfGe1WJir2EeK3b1A8sPSww5+co48plGXmUWV6NPQ9T0QKsM7M8VpSdt33b/s=
####################
w1XmzYPSFSVpCSJ3/zSZkQcbjb2+iOcqiZaFIjG1ipKkqc9rHDxS5Cv+ARI3VilUHllZ+fdj4aX3MpT8b0cfLpRvhIY8hvTenFlaLOA5jNFH/NEGWMXX8TDrnIWZH/0bWCCYfXOFl463CETkRLk7esz+ed9vMy+vvCxi8dyNxqF6ATBjiLXZ98Kp8iIeDq1rLgiMIwAT6vB128vdDwxtLZv9JXzpL+qmp0auB27HSLe3rT9gnG56lwsAZPrhTylTQ6kCkEl6dVu9tv34sHMrPQ==
####################
CZlQPMz7C7heBiciMml0nn0jqP284kt4Czv7pXqGaolMlgud3rfzGH5SJnM+hXnkA3GnpedxzkgoA1XksYb1utQZUJ4mtCOHNQQzMrbP+1B2y26e6DnqIb3TMM4OIMvc5MzWjgGF1DBho+sMehsJcGk5mZSTpsfd1DSYah3Poek=
####################
yFN+dpUJt5BqOlqO7jGsmJF6uhJfBoWub1NdpPL0Zt/ogL3wvGdplUkVp5IEAHjDU7vFDPjjtcFhBINjvjlA8JvdWBZ2w+Y5HkWyQ5E89KsrSSn9TgQCEhUwNQQlQZka1eAF7FLNDRO1sHHqEh8lOFTAuH6yokqvL2wmvQK/ZjLBkpINd9tbSCGYP0rj49MooHV4OsRTYMg+NMJ85W5+hVXxcEYJrTk74nspPFu53Pd/4O7P2R0jnG3oYxxbvGlYKjSK+7aN1wrVfcdHGUeYTA==
####################
f+w6j+ljzvRSCQQTiqJ45WJO7fkWWj6G4qOd3JQQhwOHJDw2/u2Vu4ZPQpsiczmIHvmqIaIxpxsCkYC0QG/M6h9TQKsN5J84V115JwWsxKqNzdwniT4R92QxqDlfNCvMVlbabzBLM/FrwGF5dhvGcvdEhvSY79v7oCFuIAgkh0Y=
####################
SmpzWgbrIuiuVIoodj16KJVdBjVcOQph98rUB6ffVmSzJUqgL/r6gFYXX7HQ5oMZIlhMBxuCjDATNCWZIegwuL8tWGbTbCrXRih+TFCejP+A7GKfT7yzEzDqrU5nbF8n2n/+0XoL6oIDvcJIiE4oVZUmIx77ZJ1+grdnqd9rgzwqBBandDIS5KBnO2IBTgBkRuTFBr2XZdi8m5E1IbvFd7aYBazPaM/Jc1REY6qQHTTPoG87dBNut51xHUBtSVGNKC1/4GOQDVRXqin7SGEy0w==
####################
EV0GmRJSxBxk8hGM1kwUrc3CVlNVoIzdk3WYZUuYNWN0jWsZRQT7IQEaAUreg7Tert0sNXS8cwKq1EWU+WX60+FMTH8MH2q37lxTL4yHxxlZwzimpTnp86K0xWcNCvscDTbti4jzeMHDxdUbLNBEHu5goGWGNKMMVRrGybfT9IU=
####################
5wLnl0P22xjW9Ift2E/rWVzjUwcPidDHI15UP7Nu1OSQ3IfvFyD16naTQEiuQgygGrhGJLpZ4HvdkELun+h8s94t7t3ot0O+WeLWBvom1/5JQ3w59R5T1FdV3JkUB1x/is6jIb+++tjatuI/ULuq74rpUsJG7CyoQsEjQMySfZh+sxPvY2w6F0vUUDnSQ+7ZydlyEp4ZnjWypsnntIrClDHRKjKzBSYsLDW4A3pEKydbd2ULI0/EVu6scx4Z4+4eyEX46rI05+TvCrFddSTRRw==
####################
rG5eF4mJCkhB3sXfhGcA5ODky+BFnJXM0Vk4FvlY6MIl2nhNO+6r63ssMXD7ANxq5+4F3DtcHHRnSsbRidCvGK1gHT7uc4G/v66l1G2wwnYWMMfa6mhjp1wnzoOh3EPHP2gKYMQ3pNpftU64wknufDSb7bY33NuJ5xa7vQH6LQI=
####################
NbMQ5xcYZiZnDtL+SL/o5/9T3I/700LHfPOEe68xIt82EPPLQrJnyVDLXtVOkeO2EcAw+5zt13hflR255WnENZwgIedHX7oj1yuJ08QsiyCqJ0TjUncD0aLVd3+DaK7IIHAjpyWtOUulwNtPZktj/NtWD7GmvhStmEIoKMz7+eWXH1YBH6pJpJu1OwYDR4rWNb+gEzMvJGfV742lQ2W0XRh3oW1t6Bv9/xKO5WqV/KaFMwfx2enfZ3ltaxf9IzJQxhV7RbRIZP34pJoQShHXYw==
####################
lLnhfyf1GMJtrrrRdigh2qZOhriA/0mumPNtIJYLJPOePZz00JPjF0Lb+UlwdJ4oPRPYO3BcqYbERvAulpPMu3sG32RMxw7iaT8hOadiG8ZiOaV1+37EsjEAslUr5tsd+8fG3mH1j9/kFMY9M8B1OuvCwBhIxMEdxwqrftrAijA=
####################
f27OtZnYUuB0G0QArWJxj4tF6c/xBGJIYxGHguzEos9Dh/f0UpuKbvg1/GerkTYAzcV+xDgAdKn3bXbpq7p5DFSIMlvRBjSllCjvsH4hBeTwQZPCNHJCDZwecLVvfwtQs28abeVMt59osA8W6rDOinMFdrMnuJRV3/Z6YplsyhHoYNUmwJihh/XQrgaH2jPyHIksrTfJfHYydr9dd1AWW1XuEoFJZ8FUnR1wG6bfjnqxs4pnsJ8aFXpPbz//0vttltjQ09WJ5YfqrahpgJOPtQ==
####################
xzQkXrTMJF5GtpP7RkwlRs5pBJS8Zv2jSTat2HLtTVS/COVPWSRbBRx+v9UBGHcwm1wdSO+J1hmveKFdV+sYPs1B1+3fEgrL/kOdn24e0i28SF+M1mpEajKn+hh/vCZPhKQYyc0qAzh25Z9K0JER3ZcNGAmu4VxeqohP/fmjY1c=
####################
v7J+7CD2Z/KQovDqYidI87TxAzfXkZE/ITwxysXnAemGAGK3LdSZbDhsEd2VNfxEW+4PpolVbsAzKWeU+r2Of8fu5yxhUKzCD1/+dc0kWsw5Qy1VmeCVdAlIbuemPi1Dy6Vah3XQHElMYGqxffHRIpeOtaI+PCo1DOiY6D0YkmqUwr4u2blW4+vzP3GhWy97kADs1cN8mOgJIpeBAxak3WYrfseXD8i07S4yZ9eJ+fzSVhwaViHL1yVXa1Wz/MEBTaKGMB1vh9/iE5Njo7ZKKA==
####################
RWL25wyOWSuMX14u/f4ZyrKinC/K+QLzyRLUqpWFoCKO+bWCjkutTqXKHrdx9KbqdlJ01SLM7knUPvNMAPWVMDZLzw9KxYVQAVGyu7DKExQUtMY0ZWBGU6lSbtf7Jf8kn8J4CchO9W2IP200OCjgCHH7jCKAaT0XSW0OE9R93y0=
####################
IdSrmkZYk+waiRBFcTEi/cET9ZIthhFQlnt0dNrmUmCORhC3zBnQBSYPnoKLS8QZwlJCudcTRm7JBz25co+34d2Gl6ximctdLku77tL6eBeu+EVH0r7I1i6A8c6zOOggU01MPWHANsZgnTre8mnNqHd3Q3Mw1w6YPJxZWyWCKIkOUcNCD8wJ9cLcBuFBO/pbsMtQ0HIFTzK4ny+4rqFGjkKn9hIl9Rk8yaWo8c686LfeEK+GZJxN4o4ox05leoJzkXQT50Sodat/Qm8YquLWOg==
